
*** Imported 619 new test cases from: ./raw_data/AFL++_series/group_1/outputs_group1_1/flvmeta/flvmeta_FuzzGen/output/default/queue

[+] AFL test case: id:000000,time:0,execs:0,orig:flv-9_3.flv (0 / 619), cycle: 0
    Non-zero exit status '3' for CMD: /d/p/cov/flvmeta  ./raw_data/AFL++_series/group_1/outputs_group1_1/flvmeta/flvmeta_FuzzGen/output/default/queue/id:000000,time:0,execs:0,orig:flv-9_3.flv 
/d/p/cov/flvmeta: unexpected end of file
[+] AFL test case: id:000001,time:0,execs:0,orig:flv-9_2.flv (1 / 619), cycle: 0
[+] AFL test case: id:000002,time:0,execs:0,orig:flv-9_1.flv (2 / 619), cycle: 0
[+] AFL test case: id:000003,time:0,execs:0,orig:flv-8_1.flv (3 / 619), cycle: 0
[+] AFL test case: id:000004,time:0,execs:0,orig:flv-7_5.flv (4 / 619), cycle: 0
[+] AFL test case: id:000005,time:0,execs:0,orig:flv-7_4.flv (5 / 619), cycle: 0
[+] AFL test case: id:000006,time:0,execs:0,orig:flv-7_3.flv (6 / 619), cycle: 0
[+] AFL test case: id:000007,time:0,execs:0,orig:flv-7_2.flv (7 / 619), cycle: 0
[+] AFL test case: id:000008,time:0,execs:0,orig:flv-7_1.flv (8 / 619), cycle: 0
[+] AFL test case: id:000009,time:0,execs:0,orig:flv-6_1.flv (9 / 619), cycle: 0
[+] AFL test case: id:000010,time:0,execs:0,orig:flv-5_5.flv (10 / 619), cycle: 0
[+] AFL test case: id:000011,time:0,execs:0,orig:flv-5_4.flv (11 / 619), cycle: 0
[+] AFL test case: id:000012,time:0,execs:0,orig:flv-5_3.flv (12 / 619), cycle: 0
[+] AFL test case: id:000013,time:0,execs:0,orig:flv-5_2.flv (13 / 619), cycle: 0
[+] AFL test case: id:000014,time:0,execs:0,orig:flv-5_1.flv (14 / 619), cycle: 0
[+] AFL test case: id:000015,time:0,execs:0,orig:flv-4_1.flv (15 / 619), cycle: 0
[+] AFL test case: id:000016,time:0,execs:0,orig:flv-3_1.flv (16 / 619), cycle: 0
[+] AFL test case: id:000017,time:0,execs:0,orig:flv-30_6.flv (17 / 619), cycle: 0
[+] AFL test case: id:000018,time:0,execs:0,orig:flv-30_5.flv (18 / 619), cycle: 0
[+] AFL test case: id:000019,time:0,execs:0,orig:flv-30_4.flv (19 / 619), cycle: 0
[+] AFL test case: id:000020,time:0,execs:0,orig:flv-30_3.flv (20 / 619), cycle: 0
[+] AFL test case: id:000021,time:0,execs:0,orig:flv-30_2.flv (21 / 619), cycle: 0
[+] AFL test case: id:000022,time:0,execs:0,orig:flv-30_1.flv (22 / 619), cycle: 0
[+] AFL test case: id:000023,time:0,execs:0,orig:flv-2_1.flv (23 / 619), cycle: 0
[+] AFL test case: id:000024,time:0,execs:0,orig:flv-29_1.flv (24 / 619), cycle: 0
[+] AFL test case: id:000025,time:0,execs:0,orig:flv-28_6.flv (25 / 619), cycle: 0
[+] AFL test case: id:000026,time:0,execs:0,orig:flv-28_5.flv (26 / 619), cycle: 0
[+] AFL test case: id:000027,time:0,execs:0,orig:flv-28_4.flv (27 / 619), cycle: 0
[+] AFL test case: id:000028,time:0,execs:0,orig:flv-28_3.flv (28 / 619), cycle: 0
[+] AFL test case: id:000029,time:0,execs:0,orig:flv-28_2.flv (29 / 619), cycle: 0
[+] AFL test case: id:000030,time:0,execs:0,orig:flv-28_1.flv (30 / 619), cycle: 0
[+] AFL test case: id:000031,time:0,execs:0,orig:flv-27_1.flv (31 / 619), cycle: 0
[+] AFL test case: id:000032,time:0,execs:0,orig:flv-26_1.flv (32 / 619), cycle: 0
[+] AFL test case: id:000033,time:0,execs:0,orig:flv-25_6.flv (33 / 619), cycle: 0
[+] AFL test case: id:000034,time:0,execs:0,orig:flv-25_5.flv (34 / 619), cycle: 0
[+] AFL test case: id:000035,time:0,execs:0,orig:flv-25_4.flv (35 / 619), cycle: 0
[+] AFL test case: id:000036,time:0,execs:0,orig:flv-25_3.flv (36 / 619), cycle: 0
[+] AFL test case: id:000037,time:0,execs:0,orig:flv-25_2.flv (37 / 619), cycle: 0
[+] AFL test case: id:000038,time:0,execs:0,orig:flv-25_1.flv (38 / 619), cycle: 0
[+] AFL test case: id:000039,time:0,execs:0,orig:flv-24_1.flv (39 / 619), cycle: 0
[+] AFL test case: id:000040,time:0,execs:0,orig:flv-23_1.flv (40 / 619), cycle: 0
[+] AFL test case: id:000041,time:0,execs:0,orig:flv-22_6.flv (41 / 619), cycle: 0
[+] AFL test case: id:000042,time:0,execs:0,orig:flv-22_5.flv (42 / 619), cycle: 0
[+] AFL test case: id:000043,time:0,execs:0,orig:flv-22_4.flv (43 / 619), cycle: 0
[+] AFL test case: id:000044,time:0,execs:0,orig:flv-22_3.flv (44 / 619), cycle: 0
[+] AFL test case: id:000045,time:0,execs:0,orig:flv-22_2.flv (45 / 619), cycle: 0
[+] AFL test case: id:000046,time:0,execs:0,orig:flv-22_1.flv (46 / 619), cycle: 0
[+] AFL test case: id:000047,time:0,execs:0,orig:flv-21_1.flv (47 / 619), cycle: 0
[+] AFL test case: id:000048,time:0,execs:0,orig:flv-20_1.flv (48 / 619), cycle: 0
[+] AFL test case: id:000049,time:0,execs:0,orig:flv-1_3.flv (49 / 619), cycle: 0
[+] AFL test case: id:000050,time:0,execs:0,orig:flv-1_2.flv (50 / 619), cycle: 0
[+] AFL test case: id:000051,time:0,execs:0,orig:flv-1_1.flv (51 / 619), cycle: 0
[+] AFL test case: id:000052,time:0,execs:0,orig:flv-19_1.flv (52 / 619), cycle: 0
[+] AFL test case: id:000053,time:0,execs:0,orig:flv-18_3.flv (53 / 619), cycle: 0
[+] AFL test case: id:000054,time:0,execs:0,orig:flv-18_2.flv (54 / 619), cycle: 0
[+] AFL test case: id:000055,time:0,execs:0,orig:flv-18_1.flv (55 / 619), cycle: 0
[+] AFL test case: id:000056,time:0,execs:0,orig:flv-17_1.flv (56 / 619), cycle: 0
[+] AFL test case: id:000057,time:0,execs:0,orig:flv-16_1.flv (57 / 619), cycle: 0
[+] AFL test case: id:000058,time:0,execs:0,orig:flv-15_1.flv (58 / 619), cycle: 0
[+] AFL test case: id:000059,time:0,execs:0,orig:flv-14_6.flv (59 / 619), cycle: 0
[+] AFL test case: id:000060,time:0,execs:0,orig:flv-14_5.flv (60 / 619), cycle: 0
[+] AFL test case: id:000061,time:0,execs:0,orig:flv-14_4.flv (61 / 619), cycle: 0
[+] AFL test case: id:000062,time:0,execs:0,orig:flv-14_3.flv (62 / 619), cycle: 0
[+] AFL test case: id:000063,time:0,execs:0,orig:flv-14_2.flv (63 / 619), cycle: 0
[+] AFL test case: id:000064,time:0,execs:0,orig:flv-14_1.flv (64 / 619), cycle: 0
[+] AFL test case: id:000065,time:0,execs:0,orig:flv-13_1.flv (65 / 619), cycle: 0
[+] AFL test case: id:000066,time:0,execs:0,orig:flv-12_1.flv (66 / 619), cycle: 0
[+] AFL test case: id:000067,time:0,execs:0,orig:flv-11_1.flv (67 / 619), cycle: 0
[+] AFL test case: id:000068,time:0,execs:0,orig:flv-10_1.flv (68 / 619), cycle: 0
[+] AFL test case: id:000069,time:0,execs:0,orig:99.flv (69 / 619), cycle: 0
[+] AFL test case: id:000070,time:0,execs:0,orig:98.flv (70 / 619), cycle: 0
[+] AFL test case: id:000071,time:0,execs:0,orig:97.flv (71 / 619), cycle: 0
[+] AFL test case: id:000072,time:0,execs:0,orig:96.flv (72 / 619), cycle: 0
[+] AFL test case: id:000073,time:0,execs:0,orig:95.flv (73 / 619), cycle: 0
[+] AFL test case: id:000074,time:0,execs:0,orig:94.flv (74 / 619), cycle: 0
[+] AFL test case: id:000075,time:0,execs:0,orig:93.flv (75 / 619), cycle: 0
[+] AFL test case: id:000076,time:0,execs:0,orig:92.flv (76 / 619), cycle: 0
[+] AFL test case: id:000077,time:0,execs:0,orig:91.flv (77 / 619), cycle: 0
[+] AFL test case: id:000078,time:0,execs:0,orig:90.flv (78 / 619), cycle: 0
[+] AFL test case: id:000079,time:0,execs:0,orig:9.flv (79 / 619), cycle: 0
[+] AFL test case: id:000080,time:0,execs:0,orig:89.flv (80 / 619), cycle: 0
[+] AFL test case: id:000081,time:0,execs:0,orig:88.flv (81 / 619), cycle: 0
[+] AFL test case: id:000082,time:0,execs:0,orig:87.flv (82 / 619), cycle: 0
[+] AFL test case: id:000083,time:0,execs:0,orig:86.flv (83 / 619), cycle: 0
[+] AFL test case: id:000084,time:0,execs:0,orig:85.flv (84 / 619), cycle: 0
[+] AFL test case: id:000085,time:0,execs:0,orig:84.flv (85 / 619), cycle: 0
[+] AFL test case: id:000086,time:0,execs:0,orig:83.flv (86 / 619), cycle: 0
[+] AFL test case: id:000087,time:0,execs:0,orig:82.flv (87 / 619), cycle: 0
[+] AFL test case: id:000088,time:0,execs:0,orig:81.flv (88 / 619), cycle: 0
[+] AFL test case: id:000089,time:0,execs:0,orig:80.flv (89 / 619), cycle: 0
[+] AFL test case: id:000090,time:0,execs:0,orig:8.flv (90 / 619), cycle: 0
[+] AFL test case: id:000091,time:0,execs:0,orig:79.flv (91 / 619), cycle: 0
[+] AFL test case: id:000092,time:0,execs:0,orig:78.flv (92 / 619), cycle: 0
[+] AFL test case: id:000093,time:0,execs:0,orig:77.flv (93 / 619), cycle: 0
[+] AFL test case: id:000094,time:0,execs:0,orig:76.flv (94 / 619), cycle: 0
[+] AFL test case: id:000095,time:0,execs:0,orig:75.flv (95 / 619), cycle: 0
[+] AFL test case: id:000096,time:0,execs:0,orig:74.flv (96 / 619), cycle: 0
[+] AFL test case: id:000097,time:0,execs:0,orig:73.flv (97 / 619), cycle: 0
[+] AFL test case: id:000098,time:0,execs:0,orig:72.flv (98 / 619), cycle: 0
[+] AFL test case: id:000099,time:0,execs:0,orig:71.flv (99 / 619), cycle: 0
[+] AFL test case: id:000100,time:0,execs:0,orig:70.flv (100 / 619), cycle: 0
[+] AFL test case: id:000101,time:0,execs:0,orig:7.flv (101 / 619), cycle: 0
[+] AFL test case: id:000102,time:0,execs:0,orig:69.flv (102 / 619), cycle: 0
[+] AFL test case: id:000103,time:0,execs:0,orig:68.flv (103 / 619), cycle: 0
[+] AFL test case: id:000104,time:0,execs:0,orig:67.flv (104 / 619), cycle: 0
[+] AFL test case: id:000105,time:0,execs:0,orig:66.flv (105 / 619), cycle: 0
[+] AFL test case: id:000106,time:0,execs:0,orig:65.flv (106 / 619), cycle: 0
[+] AFL test case: id:000107,time:0,execs:0,orig:64.flv (107 / 619), cycle: 0
[+] AFL test case: id:000108,time:0,execs:0,orig:63.flv (108 / 619), cycle: 0
[+] AFL test case: id:000109,time:0,execs:0,orig:62.flv (109 / 619), cycle: 0
[+] AFL test case: id:000110,time:0,execs:0,orig:61.flv (110 / 619), cycle: 0
[+] AFL test case: id:000111,time:0,execs:0,orig:60.flv (111 / 619), cycle: 0
[+] AFL test case: id:000112,time:0,execs:0,orig:6.flv (112 / 619), cycle: 0
[+] AFL test case: id:000113,time:0,execs:0,orig:59.flv (113 / 619), cycle: 0
[+] AFL test case: id:000114,time:0,execs:0,orig:58.flv (114 / 619), cycle: 0
[+] AFL test case: id:000115,time:0,execs:0,orig:57.flv (115 / 619), cycle: 0
[+] AFL test case: id:000116,time:0,execs:0,orig:56.flv (116 / 619), cycle: 0
[+] AFL test case: id:000117,time:0,execs:0,orig:55.flv (117 / 619), cycle: 0
[+] AFL test case: id:000118,time:0,execs:0,orig:54.flv (118 / 619), cycle: 0
[+] AFL test case: id:000119,time:0,execs:0,orig:53.flv (119 / 619), cycle: 0
[+] AFL test case: id:000120,time:0,execs:0,orig:52.flv (120 / 619), cycle: 0
[+] AFL test case: id:000121,time:0,execs:0,orig:51.flv (121 / 619), cycle: 0
[+] AFL test case: id:000122,time:0,execs:0,orig:50.flv (122 / 619), cycle: 0
[+] AFL test case: id:000123,time:0,execs:0,orig:5.flv (123 / 619), cycle: 0
[+] AFL test case: id:000124,time:0,execs:0,orig:49.flv (124 / 619), cycle: 0
[+] AFL test case: id:000125,time:0,execs:0,orig:48.flv (125 / 619), cycle: 0
[+] AFL test case: id:000126,time:0,execs:0,orig:47.flv (126 / 619), cycle: 0
[+] AFL test case: id:000127,time:0,execs:0,orig:46.flv (127 / 619), cycle: 0
[+] AFL test case: id:000128,time:0,execs:0,orig:45.flv (128 / 619), cycle: 0
[+] AFL test case: id:000129,time:0,execs:0,orig:44.flv (129 / 619), cycle: 0
[+] AFL test case: id:000130,time:0,execs:0,orig:43.flv (130 / 619), cycle: 0
[+] AFL test case: id:000131,time:0,execs:0,orig:42.flv (131 / 619), cycle: 0
[+] AFL test case: id:000132,time:0,execs:0,orig:41.flv (132 / 619), cycle: 0
[+] AFL test case: id:000133,time:0,execs:0,orig:40.flv (133 / 619), cycle: 0
[+] AFL test case: id:000134,time:0,execs:0,orig:4.flv (134 / 619), cycle: 0
[+] AFL test case: id:000135,time:0,execs:0,orig:39.flv (135 / 619), cycle: 0
[+] AFL test case: id:000136,time:0,execs:0,orig:38.flv (136 / 619), cycle: 0
[+] AFL test case: id:000137,time:0,execs:0,orig:37.flv (137 / 619), cycle: 0
[+] AFL test case: id:000138,time:0,execs:0,orig:36.flv (138 / 619), cycle: 0
[+] AFL test case: id:000139,time:0,execs:0,orig:35.flv (139 / 619), cycle: 0
[+] AFL test case: id:000140,time:0,execs:0,orig:34.flv (140 / 619), cycle: 0
[+] AFL test case: id:000141,time:0,execs:0,orig:33.flv (141 / 619), cycle: 0
[+] AFL test case: id:000142,time:0,execs:0,orig:32.flv (142 / 619), cycle: 0
[+] AFL test case: id:000143,time:0,execs:0,orig:31.flv (143 / 619), cycle: 0
[+] AFL test case: id:000144,time:0,execs:0,orig:30.flv (144 / 619), cycle: 0
[+] AFL test case: id:000145,time:0,execs:0,orig:3.flv (145 / 619), cycle: 0
[+] AFL test case: id:000146,time:0,execs:0,orig:29.flv (146 / 619), cycle: 0
[+] AFL test case: id:000147,time:0,execs:0,orig:28.flv (147 / 619), cycle: 0
[+] AFL test case: id:000148,time:0,execs:0,orig:27.flv (148 / 619), cycle: 0
[+] AFL test case: id:000149,time:0,execs:0,orig:26.flv (149 / 619), cycle: 0
[+] AFL test case: id:000150,time:0,execs:0,orig:25.flv (150 / 619), cycle: 0
[+] AFL test case: id:000151,time:0,execs:0,orig:24.flv (151 / 619), cycle: 0
[+] AFL test case: id:000152,time:0,execs:0,orig:23.flv (152 / 619), cycle: 0
[+] AFL test case: id:000153,time:0,execs:0,orig:22.flv (153 / 619), cycle: 0
[+] AFL test case: id:000154,time:0,execs:0,orig:21.flv (154 / 619), cycle: 0
[+] AFL test case: id:000155,time:0,execs:0,orig:20.flv (155 / 619), cycle: 0
[+] AFL test case: id:000156,time:0,execs:0,orig:2.flv (156 / 619), cycle: 0
[+] AFL test case: id:000157,time:0,execs:0,orig:19.flv (157 / 619), cycle: 0
[+] AFL test case: id:000158,time:0,execs:0,orig:18.flv (158 / 619), cycle: 0
[+] AFL test case: id:000159,time:0,execs:0,orig:17.flv (159 / 619), cycle: 0
[+] AFL test case: id:000160,time:0,execs:0,orig:16.flv (160 / 619), cycle: 0
[+] AFL test case: id:000161,time:0,execs:0,orig:15.flv (161 / 619), cycle: 0
[+] AFL test case: id:000162,time:0,execs:0,orig:14.flv (162 / 619), cycle: 0
[+] AFL test case: id:000163,time:0,execs:0,orig:13.flv (163 / 619), cycle: 0
[+] AFL test case: id:000164,time:0,execs:0,orig:12.flv (164 / 619), cycle: 0
[+] AFL test case: id:000165,time:0,execs:0,orig:11.flv (165 / 619), cycle: 0
[+] AFL test case: id:000166,time:0,execs:0,orig:100.flv (166 / 619), cycle: 0
[+] AFL test case: id:000167,time:0,execs:0,orig:10.flv (167 / 619), cycle: 0
[+] AFL test case: id:000168,time:0,execs:0,orig:1.flv (168 / 619), cycle: 0
[+] AFL test case: id:000169,src:000016,time:4,execs:1368,op:colorization,pos:0,+cov (169 / 619), cycle: 0
[+] AFL test case: id:000170,src:000016,time:7,execs:1379,op:colorization,pos:0,+cov (170 / 619), cycle: 0
[+] AFL test case: id:000171,src:000016,time:67,execs:1391,op:havoc,rep:4,+cov (171 / 619), cycle: 0
[+] AFL test case: id:000172,src:000016,time:71,execs:1405,op:havoc,rep:16,+cov (172 / 619), cycle: 0
[+] AFL test case: id:000173,src:000016,time:85,execs:1460,op:havoc,rep:2,+cov (173 / 619), cycle: 0
[+] AFL test case: id:000174,src:000016,time:90,execs:1480,op:havoc,rep:16,+cov (174 / 619), cycle: 0
[+] AFL test case: id:000175,src:000016,time:97,execs:1511,op:havoc,rep:16,+cov (175 / 619), cycle: 0
[+] AFL test case: id:000176,src:000016,time:105,execs:1540,op:havoc,rep:4,+cov (176 / 619), cycle: 0
[+] AFL test case: id:000177,src:000016,time:126,execs:1631,op:havoc,rep:4,+cov (177 / 619), cycle: 0
[+] AFL test case: id:000178,src:000016,time:507,execs:3208,op:havoc,rep:8,+cov (178 / 619), cycle: 0
[+] AFL test case: id:000179,src:000016,time:846,execs:4619,op:havoc,rep:16 (179 / 619), cycle: 0
[+] AFL test case: id:000180,src:000016,time:2587,execs:11563,op:havoc,rep:4,+cov (180 / 619), cycle: 0
[+] AFL test case: id:000181,src:000016+000096,time:8704,execs:34268,op:splice,rep:4,+cov (181 / 619), cycle: 0
[+] AFL test case: id:000182,src:000171+000154,time:8959,execs:35188,op:splice,rep:2 (182 / 619), cycle: 0
[+] AFL test case: id:000183,src:000049+000133,time:9048,execs:35490,op:splice,rep:4,+cov (183 / 619), cycle: 0
[+] AFL test case: id:000184,src:000049+000133,time:9054,execs:35514,op:splice,rep:16 (184 / 619), cycle: 0
[+] AFL test case: id:000185,src:000049+000133,time:9065,execs:35550,op:splice,rep:8,+cov (185 / 619), cycle: 0
[+] AFL test case: id:000186,src:000049+000133,time:9071,execs:35572,op:splice,rep:16 (186 / 619), cycle: 0
[+] AFL test case: id:000187,src:000049+000133,time:9075,execs:35583,op:splice,rep:8 (187 / 619), cycle: 0
[+] AFL test case: id:000188,src:000049+000133,time:9085,execs:35621,op:splice,rep:16,+cov (188 / 619), cycle: 0
[+] AFL test case: id:000189,src:000049+000133,time:9095,execs:35654,op:splice,rep:8 (189 / 619), cycle: 0
[+] AFL test case: id:000190,src:000049+000133,time:9115,execs:35727,op:splice,rep:4 (190 / 619), cycle: 0
[+] AFL test case: id:000191,src:000049+000133,time:9131,execs:35780,op:splice,rep:2,+cov (191 / 619), cycle: 0
[+] AFL test case: id:000192,src:000049+000133,time:9154,execs:35860,op:splice,rep:16 (192 / 619), cycle: 0
[+] AFL test case: id:000193,src:000049+000133,time:9189,execs:35986,op:splice,rep:16 (193 / 619), cycle: 0
[+] AFL test case: id:000194,src:000049+000133,time:9195,execs:36005,op:splice,rep:16 (194 / 619), cycle: 0
[+] AFL test case: id:000195,src:000049+000133,time:9200,execs:36025,op:splice,rep:16,+cov (195 / 619), cycle: 0
[+] AFL test case: id:000196,src:000049+000133,time:9208,execs:36050,op:splice,rep:16,+cov (196 / 619), cycle: 0
[+] AFL test case: id:000197,src:000049+000133,time:9215,execs:36074,op:splice,rep:2,+cov (197 / 619), cycle: 0
[+] AFL test case: id:000198,src:000049+000133,time:9243,execs:36170,op:splice,rep:16 (198 / 619), cycle: 0
[+] AFL test case: id:000199,src:000049+000133,time:9280,execs:36301,op:splice,rep:8 (199 / 619), cycle: 0
[+] AFL test case: id:000200,src:000049+000133,time:9290,execs:36338,op:splice,rep:4 (200 / 619), cycle: 0
[+] AFL test case: id:000201,src:000049+000133,time:9328,execs:36473,op:splice,rep:8 (201 / 619), cycle: 0
[+] AFL test case: id:000202,src:000049+000133,time:9377,execs:36648,op:splice,rep:8,+cov (202 / 619), cycle: 0
[+] AFL test case: id:000203,src:000049+000133,time:9644,execs:37587,op:splice,rep:8,+cov (203 / 619), cycle: 0
[+] AFL test case: id:000204,src:000049+000133,time:9755,execs:37977,op:splice,rep:8,+cov (204 / 619), cycle: 0
[+] AFL test case: id:000205,src:000049+000133,time:10277,execs:39672,op:splice,rep:16,+cov (205 / 619), cycle: 0
[+] AFL test case: id:000206,src:000049+000133,time:10380,execs:39938,op:splice,rep:8,+cov (206 / 619), cycle: 0
[+] AFL test case: id:000207,src:000049+000133,time:10604,execs:40572,op:splice,rep:16 (207 / 619), cycle: 0
[+] AFL test case: id:000208,src:000049+000133,time:10638,execs:40677,op:splice,rep:16,+cov (208 / 619), cycle: 0
[+] AFL test case: id:000209,src:000049+000133,time:10646,execs:40702,op:splice,rep:16,+cov (209 / 619), cycle: 0
[+] AFL test case: id:000210,src:000049+000133,time:10964,execs:41649,op:splice,rep:16,+cov (210 / 619), cycle: 0
[+] AFL test case: id:000211,src:000210,time:11118,execs:42191,op:colorization,rep:16 (211 / 619), cycle: 0
[+] AFL test case: id:000212,src:000210,time:11164,execs:42358,op:colorization,rep:16 (212 / 619), cycle: 0
[+] AFL test case: id:000213,src:000210,time:11181,execs:42415,op:colorization,rep:16,+cov (213 / 619), cycle: 0
[+] AFL test case: id:000214,src:000210,time:11229,execs:42535,op:its,rep:16,+cov (214 / 619), cycle: 0
[+] AFL test case: id:000215,src:000210,time:11285,execs:42702,op:havoc,rep:16,+cov (215 / 619), cycle: 0
[+] AFL test case: id:000216,src:000210,time:11292,execs:42722,op:havoc,rep:4,+cov (216 / 619), cycle: 0
[+] AFL test case: id:000217,src:000210,time:11315,execs:42787,op:havoc,rep:8,+cov (217 / 619), cycle: 0
[+] AFL test case: id:000218,src:000210,time:11378,execs:43014,op:havoc,rep:8 (218 / 619), cycle: 0
[+] AFL test case: id:000219,src:000210,time:11383,execs:43031,op:havoc,rep:4,+cov (219 / 619), cycle: 0
[+] AFL test case: id:000220,src:000210,time:11390,execs:43056,op:havoc,rep:4 (220 / 619), cycle: 0
[+] AFL test case: id:000221,src:000210,time:11399,execs:43089,op:havoc,rep:8 (221 / 619), cycle: 0
[+] AFL test case: id:000222,src:000210,time:11517,execs:43537,op:havoc,rep:16 (222 / 619), cycle: 0
[+] AFL test case: id:000223,src:000210,time:11608,execs:43881,op:havoc,rep:8,+cov (223 / 619), cycle: 0
[+] AFL test case: id:000224,src:000210,time:11711,execs:44258,op:havoc,rep:16,+cov (224 / 619), cycle: 0
[+] AFL test case: id:000225,src:000210,time:11799,execs:44588,op:havoc,rep:4,+cov (225 / 619), cycle: 0
[+] AFL test case: id:000226,src:000210,time:11932,execs:45049,op:havoc,rep:8,+cov (226 / 619), cycle: 0
[+] AFL test case: id:000227,src:000210,time:12009,execs:45330,op:havoc,rep:8,+cov (227 / 619), cycle: 0
[+] AFL test case: id:000228,src:000210,time:12081,execs:45584,op:havoc,rep:2,+cov (228 / 619), cycle: 0
[+] AFL test case: id:000229,src:000210,time:12170,execs:45907,op:havoc,rep:4,+cov (229 / 619), cycle: 0
[+] AFL test case: id:000230,src:000210,time:12174,execs:45922,op:havoc,rep:4 (230 / 619), cycle: 0
[+] AFL test case: id:000231,src:000210,time:12194,execs:45992,op:havoc,rep:16 (231 / 619), cycle: 0
[+] AFL test case: id:000232,src:000210,time:12272,execs:46270,op:havoc,rep:8,+cov (232 / 619), cycle: 0
[+] AFL test case: id:000233,src:000210,time:12328,execs:46469,op:havoc,rep:8 (233 / 619), cycle: 0
[+] AFL test case: id:000234,src:000210,time:12342,execs:46520,op:havoc,rep:4 (234 / 619), cycle: 0
[+] AFL test case: id:000235,src:000210,time:12865,execs:48380,op:havoc,rep:8,+cov (235 / 619), cycle: 0
[+] AFL test case: id:000236,src:000210,time:13138,execs:49284,op:havoc,rep:16,+cov (236 / 619), cycle: 0
[+] AFL test case: id:000237,src:000210,time:13323,execs:49987,op:havoc,rep:2 (237 / 619), cycle: 0
[+] AFL test case: id:000238,src:000210,time:13662,execs:51266,op:havoc,rep:4 (238 / 619), cycle: 0
[+] AFL test case: id:000239,src:000210,time:13715,execs:51465,op:havoc,rep:16 (239 / 619), cycle: 0
[+] AFL test case: id:000240,src:000210,time:14544,execs:54386,op:havoc,rep:16,+cov (240 / 619), cycle: 0
[+] AFL test case: id:000241,src:000210,time:14606,execs:54617,op:havoc,rep:2 (241 / 619), cycle: 0
[+] AFL test case: id:000242,src:000210,time:14894,execs:55615,op:havoc,rep:8,+cov (242 / 619), cycle: 0
[+] AFL test case: id:000243,src:000210,time:15244,execs:56650,op:havoc,rep:2 (243 / 619), cycle: 0
[+] AFL test case: id:000244,src:000210,time:15386,execs:57049,op:havoc,rep:8 (244 / 619), cycle: 0
[+] AFL test case: id:000245,src:000210,time:16330,execs:60504,op:havoc,rep:16,+cov (245 / 619), cycle: 0
[+] AFL test case: id:000246,src:000210,time:17032,execs:63215,op:havoc,rep:2 (246 / 619), cycle: 0
[+] AFL test case: id:000247,src:000236,time:18794,execs:69707,op:havoc,rep:8,+cov (247 / 619), cycle: 0
[+] AFL test case: id:000248,src:000224,time:20322,execs:75210,op:havoc,rep:16 (248 / 619), cycle: 0
[+] AFL test case: id:000249,src:000224,time:20335,execs:75262,op:havoc,rep:16 (249 / 619), cycle: 0
[+] AFL test case: id:000250,src:000224,time:20461,execs:75743,op:havoc,rep:16 (250 / 619), cycle: 0
[+] AFL test case: id:000251,src:000224+000197,time:20954,execs:77546,op:splice,rep:4 (251 / 619), cycle: 0
[+] AFL test case: id:000252,src:000215+000233,time:21157,execs:78285,op:splice,rep:4,+cov (252 / 619), cycle: 0
[+] AFL test case: id:000253,src:000225+000233,time:21636,execs:79965,op:splice,rep:8 (253 / 619), cycle: 0
[+] AFL test case: id:000254,src:000181,time:22025,execs:81319,op:colorization,rep:16,+cov (254 / 619), cycle: 0
[+] AFL test case: id:000255,src:000181+000206,time:22150,execs:81633,op:splice,rep:4 (255 / 619), cycle: 0
[+] AFL test case: id:000256,src:000251,time:22244,execs:81932,op:colorization,rep:16 (256 / 619), cycle: 0
[+] AFL test case: id:000257,src:000251,time:22250,execs:81947,op:colorization,rep:16 (257 / 619), cycle: 0
[+] AFL test case: id:000258,src:000251,time:22407,execs:82478,op:havoc,rep:4,+cov (258 / 619), cycle: 0
[+] AFL test case: id:000259,src:000251,time:22436,execs:82595,op:havoc,rep:2 (259 / 619), cycle: 0
[+] AFL test case: id:000260,src:000251,time:22524,execs:82855,op:havoc,rep:2 (260 / 619), cycle: 0
[+] AFL test case: id:000261,src:000251,time:22957,execs:84251,op:havoc,rep:2,+cov (261 / 619), cycle: 0
[+] AFL test case: id:000262,src:000251,time:23432,execs:85741,op:havoc,rep:2,+cov (262 / 619), cycle: 0
[+] AFL test case: id:000263,src:000251,time:24154,execs:87972,op:havoc,rep:4 (263 / 619), cycle: 0
[+] AFL test case: id:000264,src:000251,time:24388,execs:88903,op:havoc,rep:4 (264 / 619), cycle: 0
[+] AFL test case: id:000265,src:000251,time:24644,execs:89953,op:havoc,rep:4,+cov (265 / 619), cycle: 0
[+] AFL test case: id:000266,src:000251,time:25782,execs:94598,op:havoc,rep:2 (266 / 619), cycle: 0
[+] AFL test case: id:000267,src:000251,time:27244,execs:99955,op:havoc,rep:8 (267 / 619), cycle: 0
[+] AFL test case: id:000268,src:000251,time:28441,execs:104443,op:havoc,rep:4 (268 / 619), cycle: 0
[+] AFL test case: id:000269,src:000251,time:29409,execs:108259,op:havoc,rep:8 (269 / 619), cycle: 0
[+] AFL test case: id:000270,src:000251+000158,time:31318,execs:115727,op:splice,rep:16 (270 / 619), cycle: 0
[+] AFL test case: id:000271,src:000213,time:31586,execs:116614,op:colorization,rep:2 (271 / 619), cycle: 0
[+] AFL test case: id:000272,src:000213+000084,time:31896,execs:117553,op:splice,rep:16 (272 / 619), cycle: 0
[+] AFL test case: id:000273,src:000262,time:33308,execs:122722,op:havoc,rep:8 (273 / 619), cycle: 0
[+] AFL test case: id:000274,src:000262,time:33431,execs:123245,op:havoc,rep:2 (274 / 619), cycle: 0
[+] AFL test case: id:000275,src:000261,time:34341,execs:126751,op:havoc,rep:16 (275 / 619), cycle: 0
[+] AFL test case: id:000276,src:000261+000085,time:34761,execs:128296,op:splice,rep:16 (276 / 619), cycle: 0
[+] AFL test case: id:000277,src:000203,time:35146,execs:129673,op:havoc,rep:2 (277 / 619), cycle: 0
[+] AFL test case: id:000278,src:000265,time:35434,execs:130692,op:colorization,rep:4,+cov (278 / 619), cycle: 0
[+] AFL test case: id:000279,src:000252,time:35963,execs:132591,op:havoc,rep:2 (279 / 619), cycle: 0
[+] AFL test case: id:000280,src:000252,time:36003,execs:132749,op:havoc,rep:4 (280 / 619), cycle: 0
[+] AFL test case: id:000281,src:000252,time:36307,execs:133937,op:havoc,rep:2 (281 / 619), cycle: 0
[+] AFL test case: id:000282,src:000252,time:36539,execs:134792,op:havoc,rep:4 (282 / 619), cycle: 0
[+] AFL test case: id:000283,src:000252,time:36985,execs:136528,op:havoc,rep:8 (283 / 619), cycle: 0
[+] AFL test case: id:000284,src:000252,time:37409,execs:138240,op:havoc,rep:2,+cov (284 / 619), cycle: 0
[+] AFL test case: id:000285,src:000252,time:38216,execs:141391,op:havoc,rep:4,+cov (285 / 619), cycle: 0
[+] AFL test case: id:000286,src:000252,time:38398,execs:142114,op:havoc,rep:2 (286 / 619), cycle: 0
[+] AFL test case: id:000287,src:000252,time:38594,execs:142892,op:havoc,rep:8,+cov (287 / 619), cycle: 0
[+] AFL test case: id:000288,src:000252,time:39067,execs:144787,op:havoc,rep:2,+cov (288 / 619), cycle: 0
[+] AFL test case: id:000289,src:000252,time:42260,execs:157398,op:havoc,rep:4 (289 / 619), cycle: 0
[+] AFL test case: id:000290,src:000252+000138,time:44542,execs:166209,op:splice,rep:16 (290 / 619), cycle: 0
[+] AFL test case: id:000291,src:000281+000157,time:45293,execs:168993,op:splice,rep:16 (291 / 619), cycle: 0
[+] AFL test case: id:000292,src:000285,time:47066,execs:175334,op:its,rep:2 (292 / 619), cycle: 0
[+] AFL test case: id:000293,src:000285+000132,time:47278,execs:176111,op:splice,rep:16 (293 / 619), cycle: 0
[+] AFL test case: id:000294,src:000202,time:49191,execs:183257,op:colorization,rep:2,+cov (294 / 619), cycle: 0
[+] AFL test case: id:000295,src:000271,time:49458,execs:184267,op:colorization,rep:2 (295 / 619), cycle: 0
[+] AFL test case: id:000296,src:000271,time:49612,execs:184799,op:havoc,rep:4 (296 / 619), cycle: 0
[+] AFL test case: id:000297,src:000296,time:51205,execs:190785,op:colorization,rep:2 (297 / 619), cycle: 0
[+] AFL test case: id:000298,src:000278+000069,time:52194,execs:193980,op:splice,rep:8 (298 / 619), cycle: 0
[+] AFL test case: id:000299,src:000235+000149,time:62051,execs:229732,op:splice,rep:8 (299 / 619), cycle: 0
[+] AFL test case: id:000300,src:000261,time:73020,execs:271657,op:havoc,rep:8 (300 / 619), cycle: 0
[+] AFL test case: id:000301,src:000261,time:73609,execs:274113,op:havoc,rep:8,+cov (301 / 619), cycle: 0
[+] AFL test case: id:000302,src:000261,time:73816,execs:274975,op:havoc,rep:4,+cov (302 / 619), cycle: 0
[+] AFL test case: id:000303,src:000261,time:74014,execs:275797,op:havoc,rep:2 (303 / 619), cycle: 0
[+] AFL test case: id:000304,src:000261,time:74955,execs:279672,op:havoc,rep:2 (304 / 619), cycle: 0
[+] AFL test case: id:000305,src:000301,time:79624,execs:296147,op:havoc,rep:2 (305 / 619), cycle: 0
[+] AFL test case: id:000306,src:000228,time:83266,execs:310697,op:havoc,rep:16,+cov (306 / 619), cycle: 0
[+] AFL test case: id:000307,src:000278+000304,time:86818,execs:324650,op:splice,rep:8 (307 / 619), cycle: 0
[+] AFL test case: id:000308,src:000278+000186,time:87033,execs:325506,op:splice,rep:2 (308 / 619), cycle: 0
[+] AFL test case: id:000309,src:000307,time:87588,execs:327623,op:colorization,rep:2 (309 / 619), cycle: 0
[+] AFL test case: id:000310,src:000307,time:87594,execs:327647,op:colorization,rep:2 (310 / 619), cycle: 0
[+] AFL test case: id:000311,src:000307,time:87599,execs:327666,op:colorization,rep:2 (311 / 619), cycle: 0
[+] AFL test case: id:000312,src:000288+000096,time:91787,execs:343268,op:splice,rep:2 (312 / 619), cycle: 0
[+] AFL test case: id:000313,src:000281+000184,time:101747,execs:380625,op:splice,rep:8 (313 / 619), cycle: 0
[+] AFL test case: id:000314,src:000281+000087,time:101982,execs:381522,op:splice,rep:16 (314 / 619), cycle: 0
[+] AFL test case: id:000315,src:000254+000068,time:108265,execs:405596,op:splice,rep:4 (315 / 619), cycle: 0
[+] AFL test case: id:000316,src:000239,time:111597,execs:417888,op:havoc,rep:4 (316 / 619), cycle: 0
[+] AFL test case: id:000317,src:000277+000163,time:117632,execs:440750,op:splice,rep:16 (317 / 619), cycle: 0
[+] AFL test case: id:000318,src:000181+000246,time:117796,execs:441391,op:splice,rep:8 (318 / 619), cycle: 0
[+] AFL test case: id:000319,src:000307,time:120624,execs:451224,op:havoc,rep:4 (319 / 619), cycle: 0
[+] AFL test case: id:000320,src:000202+000067,time:121767,execs:455790,op:splice,rep:2 (320 / 619), cycle: 0
[+] AFL test case: id:000321,src:000228,time:131298,execs:490726,op:havoc,rep:8 (321 / 619), cycle: 0
[+] AFL test case: id:000322,src:000321,time:131718,execs:492289,op:colorization,rep:16,+cov (322 / 619), cycle: 0
[+] AFL test case: id:000323,src:000321,time:131815,execs:492619,op:havoc,rep:4,+cov (323 / 619), cycle: 0
[+] AFL test case: id:000324,src:000321,time:132026,execs:493462,op:havoc,rep:4 (324 / 619), cycle: 0
[+] AFL test case: id:000325,src:000274+000263,time:138550,execs:514870,op:splice,rep:4 (325 / 619), cycle: 0
[+] AFL test case: id:000326,src:000321+000138,time:139709,execs:519325,op:splice,rep:16 (326 / 619), cycle: 0
[+] AFL test case: id:000327,src:000302+000060,time:141521,execs:525987,op:splice,rep:2,+cov (327 / 619), cycle: 0
[+] AFL test case: id:000328,src:000321,time:145768,execs:541476,op:havoc,rep:8 (328 / 619), cycle: 0
[+] AFL test case: id:000329,src:000274+000283,time:150412,execs:559426,op:splice,rep:8 (329 / 619), cycle: 0
[+] AFL test case: id:000330,src:000323+000111,time:153384,execs:570595,op:splice,rep:16 (330 / 619), cycle: 0
[+] AFL test case: id:000331,src:000306+000048,time:163775,execs:610242,op:splice,rep:2 (331 / 619), cycle: 0
[+] AFL test case: id:000332,src:000265,time:172173,execs:641459,op:havoc,rep:4 (332 / 619), cycle: 0
[+] AFL test case: id:000333,src:000332,time:173109,execs:645063,op:havoc,rep:4 (333 / 619), cycle: 0
[+] AFL test case: id:000334,src:000332,time:173425,execs:646303,op:havoc,rep:4 (334 / 619), cycle: 0
[+] AFL test case: id:000335,src:000332,time:174144,execs:648993,op:havoc,rep:8 (335 / 619), cycle: 0
[+] AFL test case: id:000336,src:000285,time:180493,execs:673289,op:havoc,rep:4 (336 / 619), cycle: 0
[+] AFL test case: id:000337,src:000285,time:180715,execs:674039,op:havoc,rep:8 (337 / 619), cycle: 0
[+] AFL test case: id:000338,src:000285,time:180785,execs:674275,op:havoc,rep:2 (338 / 619), cycle: 0
[+] AFL test case: id:000339,src:000302+000321,time:185034,execs:688840,op:splice,rep:8 (339 / 619), cycle: 0
[+] AFL test case: id:000340,src:000239,time:186420,execs:694380,op:havoc,rep:4 (340 / 619), cycle: 0
[+] AFL test case: id:000341,src:000340,time:186749,execs:695611,op:havoc,rep:4 (341 / 619), cycle: 0
[+] AFL test case: id:000342,src:000340,time:186888,execs:696174,op:havoc,rep:4 (342 / 619), cycle: 0
[+] AFL test case: id:000343,src:000328,time:197695,execs:734235,op:havoc,rep:2 (343 / 619), cycle: 0
[+] AFL test case: id:000344,src:000285+000220,time:208389,execs:773296,op:splice,rep:16 (344 / 619), cycle: 0
[+] AFL test case: id:000345,src:000278+000266,time:216168,execs:802206,op:splice,rep:4 (345 / 619), cycle: 0
[+] AFL test case: id:000346,src:000277,time:242487,execs:899643,op:havoc,rep:16,+cov (346 / 619), cycle: 0
[+] AFL test case: id:000347,src:000299,time:242854,execs:901015,op:havoc,rep:16 (347 / 619), cycle: 0
[+] AFL test case: id:000348,src:000299+000024,time:243520,execs:903528,op:splice,rep:16 (348 / 619), cycle: 0
[+] AFL test case: id:000349,src:000214,time:244515,execs:907216,op:havoc,rep:2 (349 / 619), cycle: 0
[+] AFL test case: id:000350,src:000262+000303,time:264582,execs:981579,op:splice,rep:16 (350 / 619), cycle: 0
[+] AFL test case: id:000351,src:000281+000066,time:278821,execs:1034699,op:splice,rep:2 (351 / 619), cycle: 0
[+] AFL test case: id:000352,src:000346+000300,time:309247,execs:1146778,op:splice,rep:4 (352 / 619), cycle: 0
[+] AFL test case: id:000353,src:000302+000259,time:380453,execs:1411356,op:splice,rep:16 (353 / 619), cycle: 0
[+] AFL test case: id:000354,src:000307,time:391223,execs:1453446,op:havoc,rep:4 (354 / 619), cycle: 0
[+] AFL test case: id:000355,src:000327,time:392154,execs:1457128,op:havoc,rep:4 (355 / 619), cycle: 0
[+] AFL test case: id:000356,src:000323,time:421501,execs:1569673,op:havoc,rep:2 (356 / 619), cycle: 0
[+] AFL test case: id:000357,src:000236+000091,time:424610,execs:1581693,op:splice,rep:16 (357 / 619), cycle: 0
[+] AFL test case: id:000358,src:000322+000353,time:434374,execs:1619120,op:splice,rep:2 (358 / 619), cycle: 0
[+] AFL test case: id:000359,src:000281+000200,time:506791,execs:1890258,op:splice,rep:8 (359 / 619), cycle: 0
[+] AFL test case: id:000360,src:000281+000348,time:538014,execs:2007446,op:splice,rep:4 (360 / 619), cycle: 0
[+] AFL test case: id:000361,src:000346,time:553609,execs:2057518,op:havoc,rep:4 (361 / 619), cycle: 0
[+] AFL test case: id:000362,src:000284+000304,time:570197,execs:2106545,op:splice,rep:8 (362 / 619), cycle: 0
[+] AFL test case: id:000363,src:000214+000035,time:600309,execs:2195879,op:splice,rep:16 (363 / 619), cycle: 0
[+] AFL test case: id:000364,src:000273,time:600550,execs:2196578,op:havoc,rep:4 (364 / 619), cycle: 0
[+] AFL test case: id:000365,src:000284,time:601289,execs:2198756,op:havoc,rep:16 (365 / 619), cycle: 0
[+] AFL test case: id:000366,src:000284,time:601502,execs:2199380,op:havoc,rep:8 (366 / 619), cycle: 0
[+] AFL test case: id:000367,src:000284,time:601819,execs:2200329,op:havoc,rep:16 (367 / 619), cycle: 0
[+] AFL test case: id:000368,src:000284,time:602137,execs:2201286,op:havoc,rep:8 (368 / 619), cycle: 0
[+] AFL test case: id:000369,src:000284,time:603160,execs:2204358,op:havoc,rep:16 (369 / 619), cycle: 0
[+] AFL test case: id:000370,src:000284,time:606539,execs:2214493,op:havoc,rep:16 (370 / 619), cycle: 0
[+] AFL test case: id:000371,src:000278,time:610973,execs:2227509,op:havoc,rep:2 (371 / 619), cycle: 0
[+] AFL test case: id:000372,src:000278+000301,time:611655,execs:2229501,op:splice,rep:2 (372 / 619), cycle: 0
[+] AFL test case: id:000373,src:000302+000363,time:612185,execs:2231059,op:splice,rep:16 (373 / 619), cycle: 0
[+] AFL test case: id:000374,src:000285,time:613267,execs:2234201,op:havoc,rep:2 (374 / 619), cycle: 0
[+] AFL test case: id:000375,src:000285+000369,time:613913,execs:2236099,op:splice,rep:16 (375 / 619), cycle: 0
[+] AFL test case: id:000376,src:000284+000103,time:623645,execs:2264590,op:splice,rep:16 (376 / 619), cycle: 0
[+] AFL test case: id:000377,src:000288+000365,time:626633,execs:2273297,op:splice,rep:2 (377 / 619), cycle: 0
[+] AFL test case: id:000378,src:000288+000365,time:626652,execs:2273306,op:splice,rep:16 (378 / 619), cycle: 0
[+] AFL test case: id:000379,src:000302,time:641676,execs:2314812,op:havoc,rep:4 (379 / 619), cycle: 0
[+] AFL test case: id:000380,src:000346,time:644280,execs:2322424,op:havoc,rep:8,+cov (380 / 619), cycle: 0
[+] AFL test case: id:000381,src:000307,time:645510,execs:2326091,op:havoc,rep:4 (381 / 619), cycle: 0
[+] AFL test case: id:000382,src:000380,time:646501,execs:2328974,op:colorization,rep:2 (382 / 619), cycle: 0
[+] AFL test case: id:000383,src:000228,time:654615,execs:2352507,op:havoc,rep:4 (383 / 619), cycle: 0
[+] AFL test case: id:000384,src:000228+000088,time:658474,execs:2363728,op:splice,rep:8 (384 / 619), cycle: 0
[+] AFL test case: id:000385,src:000247+000383,time:674492,execs:2410200,op:splice,rep:16 (385 / 619), cycle: 0
[+] AFL test case: id:000386,src:000322,time:677965,execs:2420408,op:havoc,rep:2 (386 / 619), cycle: 0
[+] AFL test case: id:000387,src:000302,time:679945,execs:2426127,op:havoc,rep:8 (387 / 619), cycle: 0
[+] AFL test case: id:000388,src:000346,time:693928,execs:2467236,op:havoc,rep:2 (388 / 619), cycle: 0
[+] AFL test case: id:000389,src:000346+000331,time:694595,execs:2469245,op:splice,rep:16 (389 / 619), cycle: 0
[+] AFL test case: id:000390,src:000296,time:707600,execs:2507436,op:havoc,rep:4 (390 / 619), cycle: 0
[+] AFL test case: id:000391,src:000323+000390,time:721218,execs:2550924,op:splice,rep:16 (391 / 619), cycle: 0
[+] AFL test case: id:000392,src:000323+000390,time:721263,execs:2551080,op:splice,rep:8 (392 / 619), cycle: 0
[+] AFL test case: id:000393,src:000323+000384,time:721354,execs:2551420,op:splice,rep:4 (393 / 619), cycle: 0
[+] AFL test case: id:000394,src:000323+000384,time:721359,execs:2551434,op:splice,rep:16 (394 / 619), cycle: 0
[+] AFL test case: id:000395,src:000323+000384,time:721365,execs:2551448,op:splice,rep:16 (395 / 619), cycle: 0
[+] AFL test case: id:000396,src:000323+000384,time:721373,execs:2551470,op:splice,rep:8 (396 / 619), cycle: 0
[+] AFL test case: id:000397,src:000323+000384,time:721393,execs:2551532,op:splice,rep:2 (397 / 619), cycle: 0
[+] AFL test case: id:000398,src:000323+000384,time:721514,execs:2551823,op:splice,rep:8 (398 / 619), cycle: 0
[+] AFL test case: id:000399,src:000323+000384,time:721529,execs:2551866,op:splice,rep:4 (399 / 619), cycle: 0
[+] AFL test case: id:000400,src:000323+000384,time:721557,execs:2551947,op:splice,rep:16 (400 / 619), cycle: 0
[+] AFL test case: id:000401,src:000323+000384,time:721611,execs:2552104,op:splice,rep:8 (401 / 619), cycle: 0
[+] AFL test case: id:000402,src:000323+000384,time:721747,execs:2552500,op:splice,rep:8 (402 / 619), cycle: 0
[+] AFL test case: id:000403,src:000188+000390,time:761490,execs:2706051,op:splice,rep:8 (403 / 619), cycle: 0
[+] AFL test case: id:000404,src:000380,time:769637,execs:2737334,op:havoc,rep:4 (404 / 619), cycle: 0
[+] AFL test case: id:000405,src:000404,time:770517,execs:2740740,op:havoc,rep:8 (405 / 619), cycle: 0
[+] AFL test case: id:000406,src:000328+000240,time:816295,execs:2918315,op:splice,rep:2 (406 / 619), cycle: 0
[+] AFL test case: id:000407,src:000281,time:819540,execs:2930564,op:havoc,rep:2 (407 / 619), cycle: 0
[+] AFL test case: id:000408,src:000228+000158,time:825332,execs:2952930,op:splice,rep:8 (408 / 619), cycle: 0
[+] AFL test case: id:000409,src:000273,time:831607,execs:2977387,op:havoc,rep:2 (409 / 619), cycle: 0
[+] AFL test case: id:000410,src:000228+000277,time:847611,execs:3040001,op:splice,rep:16 (410 / 619), cycle: 0
[+] AFL test case: id:000411,src:000294+000341,time:862843,execs:3097764,op:splice,rep:4 (411 / 619), cycle: 0
[+] AFL test case: id:000412,src:000390,time:878999,execs:3159511,op:havoc,rep:8 (412 / 619), cycle: 0
[+] AFL test case: id:000413,src:000322+000383,time:903182,execs:3252422,op:splice,rep:4 (413 / 619), cycle: 0
[+] AFL test case: id:000414,src:000281+000408,time:910966,execs:3282019,op:splice,rep:16 (414 / 619), cycle: 0
[+] AFL test case: id:000415,src:000346,time:927252,execs:3345573,op:havoc,rep:8 (415 / 619), cycle: 0
[+] AFL test case: id:000416,src:000332,time:938695,execs:3389754,op:havoc,rep:8 (416 / 619), cycle: 0
[+] AFL test case: id:000417,src:000288,time:953060,execs:3445587,op:havoc,rep:8 (417 / 619), cycle: 0
[+] AFL test case: id:000418,src:000323+000410,time:954078,execs:3449475,op:splice,rep:16 (418 / 619), cycle: 0
[+] AFL test case: id:000419,src:000288+000414,time:964890,execs:3490880,op:splice,rep:4 (419 / 619), cycle: 0
[+] AFL test case: id:000420,src:000328+000417,time:976780,execs:3537250,op:splice,rep:16 (420 / 619), cycle: 0
[+] AFL test case: id:000421,src:000328+000417,time:976811,execs:3537360,op:splice,rep:16 (421 / 619), cycle: 0
[+] AFL test case: id:000422,src:000322+000317,time:990824,execs:3592045,op:splice,rep:16 (422 / 619), cycle: 0
[+] AFL test case: id:000423,src:000278,time:996415,execs:3614138,op:havoc,rep:2 (423 / 619), cycle: 0
[+] AFL test case: id:000424,src:000281,time:1006978,execs:3655304,op:havoc,rep:2 (424 / 619), cycle: 0
[+] AFL test case: id:000425,src:000284+000412,time:1007730,execs:3658280,op:splice,rep:8 (425 / 619), cycle: 0
[+] AFL test case: id:000426,src:000323+000339,time:1044833,execs:3802630,op:splice,rep:16 (426 / 619), cycle: 0
[+] AFL test case: id:000427,src:000277+000153,time:1062609,execs:3872402,op:splice,rep:16 (427 / 619), cycle: 0
[+] AFL test case: id:000428,src:000328+000427,time:1070792,execs:3904951,op:splice,rep:16 (428 / 619), cycle: 0
[+] AFL test case: id:000429,src:000274+000419,time:1083605,execs:3954938,op:splice,rep:2 (429 / 619), cycle: 0
[+] AFL test case: id:000430,src:000332,time:1097175,execs:4007740,op:havoc,rep:8 (430 / 619), cycle: 0
[+] AFL test case: id:000431,src:000332,time:1097312,execs:4008262,op:havoc,rep:8 (431 / 619), cycle: 0
[+] AFL test case: id:000432,src:000296+000428,time:1128039,execs:4121671,op:splice,rep:16 (432 / 619), cycle: 0
[+] AFL test case: id:000433,src:000288+000426,time:1140474,execs:4169782,op:splice,rep:2 (433 / 619), cycle: 0
[+] AFL test case: id:000434,src:000288+000426,time:1140485,execs:4169822,op:splice,rep:16 (434 / 619), cycle: 0
[+] AFL test case: id:000435,src:000389,time:1141504,execs:4173708,op:havoc,rep:8 (435 / 619), cycle: 0
[+] AFL test case: id:000436,src:000389,time:1141508,execs:4173721,op:havoc,rep:8 (436 / 619), cycle: 0
[+] AFL test case: id:000437,src:000353,time:1148333,execs:4200211,op:havoc,rep:4 (437 / 619), cycle: 0
[+] AFL test case: id:000438,src:000228+000125,time:1152661,execs:4215742,op:splice,rep:8 (438 / 619), cycle: 0
[+] AFL test case: id:000439,src:000402,time:1337527,execs:4939417,op:havoc,rep:8 (439 / 619), cycle: 0
[+] AFL test case: id:000440,src:000274+000422,time:1443234,execs:5343519,op:splice,rep:2 (440 / 619), cycle: 0
[+] AFL test case: id:000441,src:000410,time:1499622,execs:5550793,op:havoc,rep:16 (441 / 619), cycle: 0
[+] AFL test case: id:000442,src:000174+000441,time:1511433,execs:5596275,op:splice,rep:2 (442 / 619), cycle: 0
[+] AFL test case: id:000443,src:000322+000410,time:1525463,execs:5650857,op:splice,rep:8 (443 / 619), cycle: 0
[+] AFL test case: id:000444,src:000284+000443,time:1545577,execs:5729353,op:splice,rep:16 (444 / 619), cycle: 0
[+] AFL test case: id:000445,src:000361,time:1572498,execs:5833961,op:havoc,rep:2 (445 / 619), cycle: 0
[+] AFL test case: id:000446,src:000302+000415,time:1580295,execs:5860609,op:splice,rep:16 (446 / 619), cycle: 0
[+] AFL test case: id:000447,src:000404,time:1625321,execs:6027373,op:havoc,rep:2 (447 / 619), cycle: 0
[+] AFL test case: id:000448,src:000328+000412,time:1634127,execs:6061911,op:splice,rep:16 (448 / 619), cycle: 0
[+] AFL test case: id:000449,src:000404,time:1641265,execs:6089486,op:havoc,rep:4 (449 / 619), cycle: 0
[+] AFL test case: id:000450,src:000236,time:1659142,execs:6156921,op:havoc,rep:4 (450 / 619), cycle: 0
[+] AFL test case: id:000451,src:000432,time:1680262,execs:6235644,op:havoc,rep:8 (451 / 619), cycle: 0
[+] AFL test case: id:000452,src:000432+000417,time:1680701,execs:6237096,op:splice,rep:16 (452 / 619), cycle: 0
[+] AFL test case: id:000453,src:000449,time:1683659,execs:6247396,op:havoc,rep:4 (453 / 619), cycle: 0
[+] AFL test case: id:000454,src:000284+000452,time:1729417,execs:6411189,op:splice,rep:4 (454 / 619), cycle: 0
[+] AFL test case: id:000455,src:000284+000452,time:1729421,execs:6411201,op:splice,rep:8 (455 / 619), cycle: 0
[+] AFL test case: id:000456,src:000284+000452,time:1729445,execs:6411276,op:splice,rep:16 (456 / 619), cycle: 0
[+] AFL test case: id:000457,src:000284+000452,time:1729497,execs:6411434,op:splice,rep:16 (457 / 619), cycle: 0
[+] AFL test case: id:000458,src:000236+000422,time:1749094,execs:6485617,op:splice,rep:8 (458 / 619), cycle: 0
[+] AFL test case: id:000459,src:000284+000318,time:1796438,execs:6663517,op:splice,rep:2 (459 / 619), cycle: 0
[+] AFL test case: id:000460,src:000449,time:1805038,execs:6695759,op:havoc,rep:8 (460 / 619), cycle: 0
[+] AFL test case: id:000461,src:000362,time:1838335,execs:6822754,op:havoc,rep:4 (461 / 619), cycle: 0
[+] AFL test case: id:000462,src:000281+000114,time:1854476,execs:6885089,op:splice,rep:16 (462 / 619), cycle: 0
[+] AFL test case: id:000463,src:000413+000394,time:1901655,execs:7062131,op:splice,rep:4 (463 / 619), cycle: 0
[+] AFL test case: id:000464,src:000295+000199,time:1990347,execs:7395712,op:splice,rep:16 (464 / 619), cycle: 0
[+] AFL test case: id:000465,src:000284+000456,time:2069254,execs:7679945,op:splice,rep:8 (465 / 619), cycle: 0
[+] AFL test case: id:000466,src:000310+000461,time:2311485,execs:8603478,op:splice,rep:4 (466 / 619), cycle: 0
[+] AFL test case: id:000467,src:000284+000444,time:2433362,execs:9071951,op:splice,rep:16 (467 / 619), cycle: 0
[+] AFL test case: id:000468,src:000449+000022,time:2466441,execs:9198926,op:splice,rep:8 (468 / 619), cycle: 0
[+] AFL test case: id:000469,src:000323+000467,time:2490332,execs:9290090,op:splice,rep:16 (469 / 619), cycle: 0
[+] AFL test case: id:000470,src:000323+000451,time:2624163,execs:9800141,op:splice,rep:2 (470 / 619), cycle: 0
[+] AFL test case: id:000471,src:000284+000438,time:2642887,execs:9871652,op:splice,rep:16 (471 / 619), cycle: 0
[+] AFL test case: id:000472,src:000284+000465,time:2646314,execs:9884699,op:splice,rep:16 (472 / 619), cycle: 0
[+] AFL test case: id:000473,src:000323+000282,time:2765817,execs:10338818,op:splice,rep:2 (473 / 619), cycle: 0
[+] AFL test case: id:000474,time:0,execs:11479218,orig:flv-31_1.flv (474 / 619), cycle: 0
[+] AFL test case: id:000475,src:000473,time:3084206,execs:11525700,op:havoc,rep:4 (475 / 619), cycle: 0
[+] AFL test case: id:000476,src:000449,time:3106046,execs:11608353,op:havoc,rep:2 (476 / 619), cycle: 0
[+] AFL test case: id:000477,src:000274+000253,time:3107020,execs:11612067,op:splice,rep:32 (477 / 619), cycle: 0
[+] AFL test case: id:000478,src:000265+000161,time:3152361,execs:11783437,op:splice,rep:32 (478 / 619), cycle: 0
[+] AFL test case: id:000479,src:000284+000472,time:3244287,execs:12131797,op:splice,rep:32 (479 / 619), cycle: 0
[+] AFL test case: id:000480,src:000352,time:3311692,execs:12387014,op:havoc,rep:2 (480 / 619), cycle: 0
[+] AFL test case: id:000481,src:000254+000047,time:3422948,execs:12805423,op:splice,rep:2 (481 / 619), cycle: 0
[+] AFL test case: id:000482,src:000284+000479,time:3652360,execs:13674473,op:splice,rep:32 (482 / 619), cycle: 0
[+] AFL test case: id:000483,src:000468,time:3947236,execs:14796640,op:havoc,rep:2 (483 / 619), cycle: 0
[+] AFL test case: id:000484,src:000461,time:3996947,execs:14986810,op:havoc,rep:4 (484 / 619), cycle: 0
[+] AFL test case: id:000485,src:000284+000482,time:4052408,execs:15197736,op:splice,rep:8 (485 / 619), cycle: 0
[+] AFL test case: id:000486,time:0,execs:16567368,orig:flv-32_1.flv (486 / 619), cycle: 0
[+] AFL test case: id:000487,src:000199+000157,time:4621647,execs:17334067,op:splice,rep:8 (487 / 619), cycle: 0
[+] AFL test case: id:000488,src:000466,time:4637573,execs:17394476,op:havoc,rep:2 (488 / 619), cycle: 0
[+] AFL test case: id:000489,src:000281,time:4646192,execs:17426778,op:havoc,rep:4 (489 / 619), cycle: 0
[+] AFL test case: id:000490,src:000173+000488,time:5022741,execs:18850274,op:splice,rep:4 (490 / 619), cycle: 0
[+] AFL test case: id:000491,src:000283,time:5119222,execs:19216625,op:havoc,rep:4 (491 / 619), cycle: 0
[+] AFL test case: id:000492,src:000285+000467,time:5215389,execs:19581207,op:splice,rep:64 (492 / 619), cycle: 0
[+] AFL test case: id:000493,src:000284+000469,time:5309475,execs:19935990,op:splice,rep:32 (493 / 619), cycle: 0
[+] AFL test case: id:000494,src:000228+000492,time:5435279,execs:20354897,op:splice,rep:16 (494 / 619), cycle: 0
[+] AFL test case: id:000495,src:000302,time:5737447,execs:21491294,op:havoc,rep:2 (495 / 619), cycle: 0
[+] AFL test case: id:000496,src:000470,time:6025049,execs:22575617,op:havoc,rep:64 (496 / 619), cycle: 0
[+] AFL test case: id:000497,time:0,execs:24177724,orig:flv-33_1.txt (497 / 619), cycle: 0
[+] AFL test case: id:000498,src:000295,time:6601562,execs:24715021,op:havoc,rep:2 (498 / 619), cycle: 0
[+] AFL test case: id:000499,src:000455,time:6927056,execs:25948470,op:colorization,rep:16 (499 / 619), cycle: 0
[+] AFL test case: id:000500,src:000322+000499,time:6938195,execs:25990553,op:splice,rep:16 (500 / 619), cycle: 0
[+] AFL test case: id:000501,src:000322+000499,time:6938240,execs:25990705,op:splice,rep:4 (501 / 619), cycle: 0
[+] AFL test case: id:000502,src:000281+000501,time:6978731,execs:26145800,op:splice,rep:64 (502 / 619), cycle: 0
[+] AFL test case: id:000503,src:000281+000501,time:6978748,execs:26145855,op:splice,rep:16 (503 / 619), cycle: 0
[+] AFL test case: id:000504,src:000281+000501,time:6978775,execs:26145945,op:splice,rep:64 (504 / 619), cycle: 0
[+] AFL test case: id:000505,src:000504,time:7110045,execs:26642710,op:havoc,rep:8 (505 / 619), cycle: 0
[+] AFL test case: id:000506,src:000422+000318,time:7355571,execs:27566948,op:splice,rep:4 (506 / 619), cycle: 0
[+] AFL test case: id:000507,time:0,execs:29217720,orig:flv-34_1.flv (507 / 619), cycle: 0
[+] AFL test case: id:000508,time:0,execs:31281412,orig:flv-35_1.flv (508 / 619), cycle: 0
[+] AFL test case: id:000509,time:0,execs:31281420,orig:flv-35_3.flv (509 / 619), cycle: 0
[+] AFL test case: id:000510,time:0,execs:31281428,orig:flv-35_2.flv (510 / 619), cycle: 0
[+] AFL test case: id:000511,src:000288+000504,time:8660660,execs:32264428,op:splice,rep:32 (511 / 619), cycle: 0
[+] AFL test case: id:000512,time:0,execs:36995753,orig:flv-37_3.flv (512 / 619), cycle: 0
[+] AFL test case: id:000513,time:0,execs:36995761,orig:flv-37_1.flv (513 / 619), cycle: 0
[+] AFL test case: id:000514,time:0,execs:36995769,orig:flv-37_2.flv (514 / 619), cycle: 0
[+] AFL test case: id:000515,time:0,execs:39741834,orig:flv-38_1.flv (515 / 619), cycle: 0
[+] AFL test case: id:000516,src:000407,time:10696655,execs:39855702,op:havoc,rep:2 (516 / 619), cycle: 0
[+] AFL test case: id:000517,src:000333+000284,time:10805135,execs:40266116,op:splice,rep:32 (517 / 619), cycle: 0
[+] AFL test case: id:000518,src:000401,time:11075098,execs:41288553,op:havoc,rep:64 (518 / 619), cycle: 0
[+] AFL test case: id:000519,src:000315+000055,time:11118586,execs:41453215,op:splice,rep:4 (519 / 619), cycle: 0
[+] AFL test case: id:000520,src:000288+000518,time:11152140,execs:41579362,op:splice,rep:16 (520 / 619), cycle: 0
[+] AFL test case: id:000521,src:000459,time:11152222,execs:41579599,op:havoc,rep:2 (521 / 619), cycle: 0
[+] AFL test case: id:000522,src:000453,time:11394866,execs:42502677,op:havoc,rep:2 (522 / 619), cycle: 0
[+] AFL test case: id:000523,src:000449,time:11735189,execs:43790385,op:havoc,rep:16 (523 / 619), cycle: 0
[+] AFL test case: id:000524,src:000388,time:12118988,execs:45244131,op:havoc,rep:32 (524 / 619), cycle: 0
[+] AFL test case: id:000525,src:000388+000451,time:12119547,execs:45246238,op:splice,rep:16 (525 / 619), cycle: 0
[+] AFL test case: id:000526,src:000523+000096,time:12269998,execs:45816172,op:splice,rep:64 (526 / 619), cycle: 0
[+] AFL test case: id:000527,src:000498,time:12936861,execs:48213104,op:its,rep:32 (527 / 619), cycle: 0
[+] AFL test case: id:000528,src:000441,time:13350479,execs:49749717,op:colorization,rep:64 (528 / 619), cycle: 0
[+] AFL test case: id:000529,time:0,execs:52354681,orig:flv-39_1.flv (529 / 619), cycle: 0
[+] AFL test case: id:000530,time:0,execs:52354689,orig:flv-39_2.flv (530 / 619), cycle: 0
[+] AFL test case: id:000531,time:0,execs:52354697,orig:flv-39_3.flv (531 / 619), cycle: 0
[+] AFL test case: id:000532,time:0,execs:55513459,orig:flv-40_1.flv (532 / 619), cycle: 0
[+] AFL test case: id:000533,src:000285+000528,time:15097417,execs:55935488,op:splice,rep:32 (533 / 619), cycle: 0
[+] AFL test case: id:000534,src:000252+000533,time:15313360,execs:56755408,op:splice,rep:32 (534 / 619), cycle: 0
[+] AFL test case: id:000535,src:000481,time:16196035,execs:59998882,op:havoc,rep:4 (535 / 619), cycle: 0
[+] AFL test case: id:000536,time:0,execs:63284345,orig:flv-41_1.flv (536 / 619), cycle: 0
[+] AFL test case: id:000537,time:0,execs:63284353,orig:flv-41_2.flv (537 / 619), cycle: 0
[+] AFL test case: id:000538,time:0,execs:63284361,orig:flv-41_3.flv (538 / 619), cycle: 0
[+] AFL test case: id:000539,time:0,execs:66540600,orig:flv-42_1.flv (539 / 619), cycle: 0
[+] AFL test case: id:000540,src:000535+000295,time:18114419,execs:66699093,op:splice,rep:16 (540 / 619), cycle: 0
[+] AFL test case: id:000541,src:000488,time:19686367,execs:72514704,op:havoc,rep:4 (541 / 619), cycle: 0
[+] AFL test case: id:000542,src:000541,time:19971211,execs:73596601,op:havoc,rep:2 (542 / 619), cycle: 0
[+] AFL test case: id:000543,time:0,execs:77627609,orig:flv-44_5.flv (543 / 619), cycle: 0
[+] AFL test case: id:000544,time:0,execs:77627617,orig:flv-44_4.flv (544 / 619), cycle: 0
[+] AFL test case: id:000545,time:0,execs:77627625,orig:flv-44_2.flv (545 / 619), cycle: 0
[+] AFL test case: id:000546,time:0,execs:77627633,orig:flv-44_1.flv (546 / 619), cycle: 0
[+] AFL test case: id:000547,time:0,execs:77627641,orig:flv-44_3.flv (547 / 619), cycle: 0
[+] AFL test case: id:000548,time:0,execs:81854328,orig:flv-45_1.flv (548 / 619), cycle: 0
[+] AFL test case: id:000549,src:000328+000441,time:23108511,execs:85220303,op:splice,rep:32 (549 / 619), cycle: 0
[+] AFL test case: id:000550,src:000522,time:23466962,execs:86587499,op:havoc,rep:8 (550 / 619), cycle: 0
[+] AFL test case: id:000551,src:000540,time:24193035,execs:89288894,op:havoc,rep:2 (551 / 619), cycle: 0
[+] AFL test case: id:000552,src:000322+000511,time:24366581,execs:89955834,op:splice,rep:64 (552 / 619), cycle: 0
[+] AFL test case: id:000553,src:000276,time:25392152,execs:93724506,op:havoc,rep:2 (553 / 619), cycle: 0
[+] AFL test case: id:000554,src:000553,time:25393133,execs:93728129,op:colorization,rep:64 (554 / 619), cycle: 0
[+] AFL test case: id:000555,src:000553,time:25393137,execs:93728146,op:colorization,rep:64 (555 / 619), cycle: 0
[+] AFL test case: id:000556,src:000516,time:26335984,execs:97286182,op:havoc,rep:64 (556 / 619), cycle: 0
[+] AFL test case: id:000557,src:000214+000403,time:26903688,execs:99369656,op:splice,rep:64 (557 / 619), cycle: 0
[+] AFL test case: id:000558,time:0,execs:103848135,orig:flv-46_1.flv (558 / 619), cycle: 0
[+] AFL test case: id:000559,src:000449,time:29453853,execs:108575342,op:havoc,rep:4 (559 / 619), cycle: 0
[+] AFL test case: id:000560,src:000556,time:29536529,execs:108886355,op:havoc,rep:8 (560 / 619), cycle: 0
[+] AFL test case: id:000561,src:000556,time:29537573,execs:108890264,op:havoc,rep:8 (561 / 619), cycle: 0
[+] AFL test case: id:000562,src:000551,time:29650640,execs:109300608,op:havoc,rep:2 (562 / 619), cycle: 0
[+] AFL test case: id:000563,src:000521,time:29888631,execs:110195001,op:havoc,rep:2 (563 / 619), cycle: 0
[+] AFL test case: id:000564,src:000563,time:30158215,execs:111186491,op:havoc,rep:2 (564 / 619), cycle: 0
[+] AFL test case: id:000565,src:000557+000562,time:30360790,execs:111940964,op:splice,rep:8 (565 / 619), cycle: 0
[+] AFL test case: id:000566,src:000561,time:31093494,execs:114686699,op:colorization,rep:8 (566 / 619), cycle: 0
[+] AFL test case: id:000567,src:000559,time:32110963,execs:118467671,op:havoc,rep:2 (567 / 619), cycle: 0
[+] AFL test case: id:000568,src:000298+000048,time:32517886,execs:120002105,op:splice,rep:16 (568 / 619), cycle: 0
[+] AFL test case: id:000569,src:000552,time:32641268,execs:120469005,op:havoc,rep:4 (569 / 619), cycle: 0
[+] AFL test case: id:000570,src:000195+000058,time:32662399,execs:120548576,op:splice,rep:2 (570 / 619), cycle: 0
[+] AFL test case: id:000571,src:000565,time:33108015,execs:122242344,op:colorization,rep:2 (571 / 619), cycle: 0
[+] AFL test case: id:000572,src:000565,time:33851714,execs:125069855,op:havoc,rep:2 (572 / 619), cycle: 0
[+] AFL test case: id:000573,src:000274,time:33943927,execs:125422612,op:havoc,rep:4 (573 / 619), cycle: 0
[+] AFL test case: id:000574,src:000572+000426,time:34686184,execs:128254495,op:splice,rep:64 (574 / 619), cycle: 0
[+] AFL test case: id:000575,src:000214+000464,time:35255829,execs:130428887,op:splice,rep:64 (575 / 619), cycle: 0
[+] AFL test case: id:000576,src:000553,time:35903114,execs:132865072,op:havoc,rep:8 (576 / 619), cycle: 0
[+] AFL test case: id:000577,time:0,execs:137755401,orig:flv-48_1.flv (577 / 619), cycle: 0
[+] AFL test case: id:000578,time:0,execs:137755409,orig:flv-48_2.flv (578 / 619), cycle: 0
[+] AFL test case: id:000579,time:0,execs:137755417,orig:flv-48_3.flv (579 / 619), cycle: 0
[+] AFL test case: id:000580,time:0,execs:142969186,orig:flv-49_1.flv (580 / 619), cycle: 0
[+] AFL test case: id:000581,src:000506,time:39362381,execs:145815278,op:havoc,rep:2 (581 / 619), cycle: 0
[+] AFL test case: id:000582,time:0,execs:151260497,orig:flv-50_1.flv (582 / 619), cycle: 0
[+] AFL test case: id:000583,time:0,execs:156988528,orig:flv-51_1.flv (583 / 619), cycle: 0
[+] AFL test case: id:000584,src:000565+000261,time:42474962,execs:157602296,op:splice,rep:4 (584 / 619), cycle: 0
[+] AFL test case: id:000585,src:000576,time:43395582,execs:161109186,op:havoc,rep:4 (585 / 619), cycle: 0
[+] AFL test case: id:000586,src:000574+000149,time:44084854,execs:163727334,op:splice,rep:8 (586 / 619), cycle: 0
[+] AFL test case: id:000587,time:0,execs:169675247,orig:flv-52_1.flv (587 / 619), cycle: 0
[+] AFL test case: id:000588,time:0,execs:175822777,orig:flv-53_1.flv (588 / 619), cycle: 0
[+] AFL test case: id:000589,src:000584,time:47437882,execs:176429313,op:havoc,rep:2 (589 / 619), cycle: 0
[+] AFL test case: id:000590,src:000561+000492,time:48457945,execs:180328474,op:splice,rep:16 (590 / 619), cycle: 0
[+] AFL test case: id:000591,src:000585,time:48884074,execs:181968229,op:colorization,rep:2 (591 / 619), cycle: 0
[+] AFL test case: id:000592,src:000567,time:49899361,execs:185856632,op:havoc,rep:4 (592 / 619), cycle: 0
[+] AFL test case: id:000593,src:000590,time:50271406,execs:187285404,op:colorization,rep:8 (593 / 619), cycle: 0
[+] AFL test case: id:000594,src:000590,time:50271519,execs:187285761,op:colorization,rep:8 (594 / 619), cycle: 0
[+] AFL test case: id:000595,time:0,execs:193708884,orig:flv-54_1.flv (595 / 619), cycle: 0
[+] AFL test case: id:000596,time:0,execs:200366736,orig:flv-55_1.flv (596 / 619), cycle: 0
[+] AFL test case: id:000597,time:0,execs:207243062,orig:flv-56_3.flv (597 / 619), cycle: 0
[+] AFL test case: id:000598,time:0,execs:207243070,orig:flv-56_2.flv (598 / 619), cycle: 0
[+] AFL test case: id:000599,time:0,execs:207243078,orig:flv-56_1.flv (599 / 619), cycle: 0
[+] AFL test case: id:000600,time:0,execs:207243086,orig:flv-56_5.flv (600 / 619), cycle: 0
[+] AFL test case: id:000601,time:0,execs:207243094,orig:flv-56_4.flv (601 / 619), cycle: 0
[+] AFL test case: id:000602,time:0,execs:214334958,orig:flv-57_1.flv (602 / 619), cycle: 0
[+] AFL test case: id:000603,time:0,execs:221646942,orig:flv-58_1.flv (603 / 619), cycle: 0
[+] AFL test case: id:000604,time:0,execs:229201066,orig:flv-59_1.flv (604 / 619), cycle: 0
[+] AFL test case: id:000605,time:0,execs:236956482,orig:flv-60_1.flv (605 / 619), cycle: 0
[+] AFL test case: id:000606,time:0,execs:244949792,orig:flv-61_1.flv (606 / 619), cycle: 0
[+] AFL test case: id:000607,time:0,execs:252978738,orig:flv-62_1.flv (607 / 619), cycle: 0
[+] AFL test case: id:000608,src:000592,time:69342683,execs:259186953,op:havoc,rep:2 (608 / 619), cycle: 0
[+] AFL test case: id:000609,src:000608,time:71306059,execs:266575031,op:colorization,rep:64 (609 / 619), cycle: 0
[+] AFL test case: id:000610,time:0,execs:274860675,orig:flv-63_1.flv (610 / 619), cycle: 0
[+] AFL test case: id:000611,src:000214+000350,time:75264838,execs:281219659,op:splice,rep:8 (611 / 619), cycle: 0
[+] AFL test case: id:000612,src:000581,time:75892424,execs:283547613,op:havoc,rep:2 (612 / 619), cycle: 0
[+] AFL test case: id:000613,src:000174+000611,time:75958461,execs:283789424,op:splice,rep:8 (613 / 619), cycle: 0
[+] AFL test case: id:000614,time:0,execs:291847260,orig:flv-64_1.flv (614 / 619), cycle: 0
[+] AFL test case: id:000615,src:000573,time:79249800,execs:295508754,op:havoc,rep:4 (615 / 619), cycle: 0
[+] AFL test case: id:000616,src:000611,time:79991609,execs:298286106,op:havoc,rep:2 (616 / 619), cycle: 0
[+] AFL test case: id:000617,src:000608,time:80447375,execs:299997373,op:havoc,rep:2 (617 / 619), cycle: 0
[+] AFL test case: id:000618,src:000617,time:84101742,execs:313801859,op:havoc,rep:2 (618 / 619), cycle: 0
    lines......: 8.9% (623 of 6997 lines)
    functions..: 14.6% (59 of 403 functions)

    Coverage diff id:0... id:618...
diff id:0... -> id:618...
New src file: /unibench/flvmeta-1.2.1/src/flvmeta.c
  New 'function' coverage: main()
  New 'function' coverage: parse_command_line()
  New 'line' coverage: 144
  New 'line' coverage: 147
  New 'line' coverage: 149
  New 'line' coverage: 174
  New 'line' coverage: 305
  New 'line' coverage: 318
  New 'line' coverage: 321
  New 'line' coverage: 322
  New 'line' coverage: 331
  New 'line' coverage: 336
  New 'line' coverage: 339
  New 'line' coverage: 340
  New 'line' coverage: 344
  New 'line' coverage: 345
  New 'line' coverage: 348
  New 'line' coverage: 351
  New 'line' coverage: 356
  New 'line' coverage: 357
  New 'line' coverage: 358
  New 'line' coverage: 359
  New 'line' coverage: 360
  New 'line' coverage: 361
  New 'line' coverage: 362
  New 'line' coverage: 363
  New 'line' coverage: 364
  New 'line' coverage: 365
  New 'line' coverage: 366
  New 'line' coverage: 367
  New 'line' coverage: 368
  New 'line' coverage: 369
  New 'line' coverage: 370
  New 'line' coverage: 371
  New 'line' coverage: 375
  New 'line' coverage: 378
  New 'line' coverage: 382
  New 'line' coverage: 384
  New 'line' coverage: 385
  New 'line' coverage: 394
  New 'line' coverage: 396
  New 'line' coverage: 397
  New 'line' coverage: 406
New src file: /unibench/flvmeta-1.2.1/src/flv.c
  New 'function' coverage: flv_close()
  New 'function' coverage: flv_open()
  New 'function' coverage: flv_parse()
  New 'function' coverage: flv_read_audio_tag()
  New 'function' coverage: flv_read_header()
  New 'function' coverage: flv_read_metadata()
  New 'function' coverage: flv_read_prev_tag_size()
  New 'function' coverage: flv_read_tag()
  New 'function' coverage: flv_read_video_tag()
  New 'line' coverage: 103
  New 'line' coverage: 104
  New 'line' coverage: 105
  New 'line' coverage: 106
  New 'line' coverage: 111
  New 'line' coverage: 117
  New 'line' coverage: 123
  New 'line' coverage: 124
  New 'line' coverage: 125
  New 'line' coverage: 128
  New 'line' coverage: 129
  New 'line' coverage: 131
  New 'line' coverage: 132
  New 'line' coverage: 133
  New 'line' coverage: 134
  New 'line' coverage: 135
  New 'line' coverage: 136
  New 'line' coverage: 139
  New 'line' coverage: 140
  New 'line' coverage: 141
  New 'line' coverage: 142
  New 'line' coverage: 143
  New 'line' coverage: 151
  New 'line' coverage: 152
  New 'line' coverage: 153
  New 'line' coverage: 154
  New 'line' coverage: 155
  New 'line' coverage: 159
  New 'line' coverage: 160
  New 'line' coverage: 163
  New 'line' coverage: 164
  New 'line' coverage: 167
  New 'line' coverage: 168
  New 'line' coverage: 175
  New 'line' coverage: 176
  New 'line' coverage: 177
  New 'line' coverage: 182
  New 'line' coverage: 185
  New 'line' coverage: 186
  New 'line' coverage: 187
  New 'line' coverage: 188
  New 'line' coverage: 189
  New 'line' coverage: 193
  New 'line' coverage: 194
  New 'line' coverage: 197
  New 'line' coverage: 198
  New 'line' coverage: 201
  New 'line' coverage: 202
  New 'line' coverage: 209
  New 'line' coverage: 210
  New 'line' coverage: 211
  New 'line' coverage: 216
  New 'line' coverage: 219
  New 'line' coverage: 224
  New 'line' coverage: 225
  New 'line' coverage: 226
  New 'line' coverage: 227
  New 'line' coverage: 231
  New 'line' coverage: 232
  New 'line' coverage: 236
  New 'line' coverage: 237
  New 'line' coverage: 238
  New 'line' coverage: 239
  New 'line' coverage: 240
  New 'line' coverage: 242
  New 'line' coverage: 243
  New 'line' coverage: 247
  New 'line' coverage: 248
  New 'line' coverage: 249
  New 'line' coverage: 252
  New 'line' coverage: 253
  New 'line' coverage: 255
  New 'line' coverage: 256
  New 'line' coverage: 257
  New 'line' coverage: 260
  New 'line' coverage: 264
  New 'line' coverage: 265
  New 'line' coverage: 266
  New 'line' coverage: 267
  New 'line' coverage: 268
  New 'line' coverage: 270
  New 'line' coverage: 271
  New 'line' coverage: 274
  New 'line' coverage: 275
  New 'line' coverage: 276
  New 'line' coverage: 279
  New 'line' coverage: 280
  New 'line' coverage: 283
  New 'line' coverage: 284
  New 'line' coverage: 285
  New 'line' coverage: 286
  New 'line' coverage: 290
  New 'line' coverage: 32
  New 'line' coverage: 33
  New 'line' coverage: 334
  New 'line' coverage: 335
  New 'line' coverage: 336
  New 'line' coverage: 337
  New 'line' coverage: 339
  New 'line' coverage: 34
  New 'line' coverage: 341
  New 'line' coverage: 37
  New 'line' coverage: 38
  New 'line' coverage: 42
  New 'line' coverage: 427
  New 'line' coverage: 43
  New 'line' coverage: 436
  New 'line' coverage: 44
  New 'line' coverage: 440
  New 'line' coverage: 441
  New 'line' coverage: 445
  New 'line' coverage: 446
  New 'line' coverage: 447
  New 'line' coverage: 448
  New 'line' coverage: 45
  New 'line' coverage: 451
  New 'line' coverage: 459
  New 'line' coverage: 46
  New 'line' coverage: 460
  New 'line' coverage: 468
  New 'line' coverage: 469
  New 'line' coverage: 470
  New 'line' coverage: 471
  New 'line' coverage: 472
  New 'line' coverage: 474
  New 'line' coverage: 482
  New 'line' coverage: 483
  New 'line' coverage: 484
  New 'line' coverage: 485
  New 'line' coverage: 486
  New 'line' coverage: 488
  New 'line' coverage: 49
  New 'line' coverage: 496
  New 'line' coverage: 497
  New 'line' coverage: 498
  New 'line' coverage: 499
  New 'line' coverage: 50
  New 'line' coverage: 500
  New 'line' coverage: 501
  New 'line' coverage: 502
  New 'line' coverage: 503
  New 'line' coverage: 505
  New 'line' coverage: 506
  New 'line' coverage: 507
  New 'line' coverage: 508
  New 'line' coverage: 509
  New 'line' coverage: 51
  New 'line' coverage: 510
  New 'line' coverage: 511
  New 'line' coverage: 514
  New 'line' coverage: 515
  New 'line' coverage: 518
  New 'line' coverage: 52
  New 'line' coverage: 526
  New 'line' coverage: 527
  New 'line' coverage: 528
  New 'line' coverage: 529
  New 'line' coverage: 53
  New 'line' coverage: 531
  New 'line' coverage: 540
  New 'line' coverage: 548
  New 'line' coverage: 549
  New 'line' coverage: 57
  New 'line' coverage: 58
  New 'line' coverage: 59
  New 'line' coverage: 60
  New 'line' coverage: 61
  New 'line' coverage: 64
  New 'line' coverage: 65
  New 'line' coverage: 66
  New 'line' coverage: 67
  New 'line' coverage: 70
  New 'line' coverage: 71
  New 'line' coverage: 74
  New 'line' coverage: 76
  New 'line' coverage: 77
  New 'line' coverage: 78
  New 'line' coverage: 79
  New 'line' coverage: 83
  New 'line' coverage: 84
  New 'line' coverage: 85
  New 'line' coverage: 88
  New 'line' coverage: 89
  New 'line' coverage: 90
  New 'line' coverage: 93
  New 'line' coverage: 94
  New 'line' coverage: 95
New src file: /unibench/flvmeta-1.2.1/src/types.c
  New 'function' coverage: swap_number64()
  New 'line' coverage: 32
  New 'line' coverage: 34
  New 'line' coverage: 35
  New 'line' coverage: 36
  New 'line' coverage: 37
  New 'line' coverage: 38
  New 'line' coverage: 39
  New 'line' coverage: 40
  New 'line' coverage: 41
  New 'line' coverage: 42
  New 'line' coverage: 43
New src file: /unibench/flvmeta-1.2.1/src/dump_xml.c
  New 'function' coverage: dump_xml_amf_data()
  New 'function' coverage: dump_xml_setup_metadata_dump()
  New 'function' coverage: has_xml_markers()
  New 'function' coverage: xml_amf_data_dump()
  New 'function' coverage: xml_on_metadata_tag_only()
  New 'line' coverage: 100
  New 'line' coverage: 102
  New 'line' coverage: 106
  New 'line' coverage: 108
  New 'line' coverage: 110
  New 'line' coverage: 111
  New 'line' coverage: 113
  New 'line' coverage: 114
  New 'line' coverage: 116
  New 'line' coverage: 117
  New 'line' coverage: 118
  New 'line' coverage: 119
  New 'line' coverage: 120
  New 'line' coverage: 121
  New 'line' coverage: 122
  New 'line' coverage: 123
  New 'line' coverage: 125
  New 'line' coverage: 129
  New 'line' coverage: 131
  New 'line' coverage: 133
  New 'line' coverage: 134
  New 'line' coverage: 135
  New 'line' coverage: 136
  New 'line' coverage: 137
  New 'line' coverage: 138
  New 'line' coverage: 140
  New 'line' coverage: 144
  New 'line' coverage: 146
  New 'line' coverage: 148
  New 'line' coverage: 149
  New 'line' coverage: 150
  New 'line' coverage: 151
  New 'line' coverage: 152
  New 'line' coverage: 153
  New 'line' coverage: 159
  New 'line' coverage: 267
  New 'line' coverage: 268
  New 'line' coverage: 270
  New 'line' coverage: 271
  New 'line' coverage: 272
  New 'line' coverage: 273
  New 'line' coverage: 281
  New 'line' coverage: 285
  New 'line' coverage: 286
  New 'line' coverage: 287
  New 'line' coverage: 289
  New 'line' coverage: 29
  New 'line' coverage: 303
  New 'line' coverage: 304
  New 'line' coverage: 305
  New 'line' coverage: 306
  New 'line' coverage: 31
  New 'line' coverage: 32
  New 'line' coverage: 33
  New 'line' coverage: 36
  New 'line' coverage: 40
  New 'line' coverage: 41
  New 'line' coverage: 51
  New 'line' coverage: 55
  New 'line' coverage: 56
  New 'line' coverage: 59
  New 'line' coverage: 63
  New 'line' coverage: 65
  New 'line' coverage: 67
  New 'line' coverage: 68
  New 'line' coverage: 70
  New 'line' coverage: 71
  New 'line' coverage: 73
  New 'line' coverage: 74
  New 'line' coverage: 76
  New 'line' coverage: 77
  New 'line' coverage: 78
  New 'line' coverage: 81
  New 'line' coverage: 82
  New 'line' coverage: 83
  New 'line' coverage: 85
  New 'line' coverage: 89
  New 'line' coverage: 91
  New 'line' coverage: 93
  New 'line' coverage: 94
  New 'line' coverage: 95
  New 'line' coverage: 96
  New 'line' coverage: 97
  New 'line' coverage: 98
  New 'line' coverage: 99
New src file: /unibench/flvmeta-1.2.1/src/amf.c
  New 'function' coverage: amf_array_first()
  New 'function' coverage: amf_array_get()
  New 'function' coverage: amf_array_new()
  New 'function' coverage: amf_array_next()
  New 'function' coverage: amf_array_push()
  New 'function' coverage: amf_array_read()
  New 'function' coverage: amf_array_size()
  New 'function' coverage: amf_associative_array_new()
  New 'function' coverage: amf_associative_array_read()
  New 'function' coverage: amf_boolean_new()
  New 'function' coverage: amf_boolean_read()
  New 'function' coverage: amf_data_error()
  New 'function' coverage: amf_data_file_read()
  New 'function' coverage: amf_data_free()
  New 'function' coverage: amf_data_get_error_code()
  New 'function' coverage: amf_data_new()
  New 'function' coverage: amf_data_read()
  New 'function' coverage: amf_data_size()
  New 'function' coverage: amf_date_new()
  New 'function' coverage: amf_date_read()
  New 'function' coverage: amf_date_to_time_t()
  New 'function' coverage: amf_list_clear()
  New 'function' coverage: amf_list_first()
  New 'function' coverage: amf_list_init()
  New 'function' coverage: amf_list_push()
  New 'function' coverage: amf_number_new()
  New 'function' coverage: amf_number_read()
  New 'function' coverage: amf_object_add()
  New 'function' coverage: amf_object_first()
  New 'function' coverage: amf_object_get_data()
  New 'function' coverage: amf_object_get_name()
  New 'function' coverage: amf_object_new()
  New 'function' coverage: amf_object_next()
  New 'function' coverage: amf_object_read()
  New 'function' coverage: amf_object_size()
  New 'function' coverage: amf_str()
  New 'function' coverage: amf_string_get_bytes()
  New 'function' coverage: amf_string_get_size()
  New 'function' coverage: amf_string_new()
  New 'function' coverage: amf_string_read()
  New 'function' coverage: file_read()
  New 'line' coverage: 1022
  New 'line' coverage: 1023
  New 'line' coverage: 1036
  New 'line' coverage: 1037
  New 'line' coverage: 1038
  New 'line' coverage: 1039
  New 'line' coverage: 1040
  New 'line' coverage: 1056
  New 'line' coverage: 1057
  New 'line' coverage: 1060
  New 'line' coverage: 1061
  New 'line' coverage: 1062
  New 'line' coverage: 1063
  New 'line' coverage: 1064
  New 'line' coverage: 1071
  New 'line' coverage: 1072
  New 'line' coverage: 1073
  New 'line' coverage: 1074
  New 'line' coverage: 1076
  New 'line' coverage: 1080
  New 'line' coverage: 1081
  New 'line' coverage: 1082
  New 'line' coverage: 1083
  New 'line' coverage: 1085
  New 'line' coverage: 1088
  New 'line' coverage: 1089
  New 'line' coverage: 1092
  New 'line' coverage: 1093
  New 'line' coverage: 1100
  New 'line' coverage: 1101
  New 'line' coverage: 1108
  New 'line' coverage: 1109
  New 'line' coverage: 1116
  New 'line' coverage: 1117
  New 'line' coverage: 1137
  New 'line' coverage: 1138
  New 'line' coverage: 1139
  New 'line' coverage: 1140
  New 'line' coverage: 1141
  New 'line' coverage: 1143
  New 'line' coverage: 1154
  New 'line' coverage: 1155
  New 'line' coverage: 138
  New 'line' coverage: 139
  New 'line' coverage: 146
  New 'line' coverage: 148
  New 'line' coverage: 149
  New 'line' coverage: 150
  New 'line' coverage: 151
  New 'line' coverage: 152
  New 'line' coverage: 153
  New 'line' coverage: 155
  New 'line' coverage: 156
  New 'line' coverage: 206
  New 'line' coverage: 207
  New 'line' coverage: 208
  New 'line' coverage: 209
  New 'line' coverage: 210
  New 'line' coverage: 212
  New 'line' coverage: 232
  New 'line' coverage: 233
  New 'line' coverage: 242
  New 'line' coverage: 243
  New 'line' coverage: 252
  New 'line' coverage: 254
  New 'line' coverage: 255
  New 'line' coverage: 258
  New 'line' coverage: 263
  New 'line' coverage: 265
  New 'line' coverage: 266
  New 'line' coverage: 269
  New 'line' coverage: 27
  New 'line' coverage: 274
  New 'line' coverage: 278
  New 'line' coverage: 279
  New 'line' coverage: 28
  New 'line' coverage: 282
  New 'line' coverage: 283
  New 'line' coverage: 284
  New 'line' coverage: 287
  New 'line' coverage: 288
  New 'line' coverage: 29
  New 'line' coverage: 292
  New 'line' coverage: 293
  New 'line' coverage: 294
  New 'line' coverage: 295
  New 'line' coverage: 298
  New 'line' coverage: 299
  New 'line' coverage: 30
  New 'line' coverage: 304
  New 'line' coverage: 31
  New 'line' coverage: 310
  New 'line' coverage: 311
  New 'line' coverage: 316
  New 'line' coverage: 317
  New 'line' coverage: 318
  New 'line' coverage: 320
  New 'line' coverage: 321
  New 'line' coverage: 322
  New 'line' coverage: 325
  New 'line' coverage: 326
  New 'line' coverage: 327
  New 'line' coverage: 329
  New 'line' coverage: 33
  New 'line' coverage: 330
  New 'line' coverage: 331
  New 'line' coverage: 333
  New 'line' coverage: 334
  New 'line' coverage: 335
  New 'line' coverage: 336
  New 'line' coverage: 337
  New 'line' coverage: 340
  New 'line' coverage: 347
  New 'line' coverage: 349
  New 'line' coverage: 35
  New 'line' coverage: 351
  New 'line' coverage: 355
  New 'line' coverage: 36
  New 'line' coverage: 362
  New 'line' coverage: 363
  New 'line' coverage: 368
  New 'line' coverage: 369
  New 'line' coverage: 37
  New 'line' coverage: 370
  New 'line' coverage: 374
  New 'line' coverage: 375
  New 'line' coverage: 376
  New 'line' coverage: 378
  New 'line' coverage: 379
  New 'line' coverage: 38
  New 'line' coverage: 380
  New 'line' coverage: 383
  New 'line' coverage: 384
  New 'line' coverage: 386
  New 'line' coverage: 388
  New 'line' coverage: 389
  New 'line' coverage: 39
  New 'line' coverage: 390
  New 'line' coverage: 392
  New 'line' coverage: 393
  New 'line' coverage: 394
  New 'line' coverage: 395
  New 'line' coverage: 396
  New 'line' coverage: 399
  New 'line' coverage: 40
  New 'line' coverage: 406
  New 'line' coverage: 408
  New 'line' coverage: 41
  New 'line' coverage: 410
  New 'line' coverage: 414
  New 'line' coverage: 42
  New 'line' coverage: 421
  New 'line' coverage: 422
  New 'line' coverage: 426
  New 'line' coverage: 427
  New 'line' coverage: 428
  New 'line' coverage: 43
  New 'line' coverage: 431
  New 'line' coverage: 433
  New 'line' coverage: 434
  New 'line' coverage: 435
  New 'line' coverage: 436
  New 'line' coverage: 437
  New 'line' coverage: 438
  New 'line' coverage: 439
  New 'line' coverage: 442
  New 'line' coverage: 449
  New 'line' coverage: 453
  New 'line' coverage: 456
  New 'line' coverage: 457
  New 'line' coverage: 458
  New 'line' coverage: 46
  New 'line' coverage: 461
  New 'line' coverage: 466
  New 'line' coverage: 468
  New 'line' coverage: 469
  New 'line' coverage: 47
  New 'line' coverage: 472
  New 'line' coverage: 474
  New 'line' coverage: 476
  New 'line' coverage: 478
  New 'line' coverage: 48
  New 'line' coverage: 480
  New 'line' coverage: 482
  New 'line' coverage: 484
  New 'line' coverage: 487
  New 'line' coverage: 489
  New 'line' coverage: 491
  New 'line' coverage: 495
  New 'line' coverage: 497
  New 'line' coverage: 499
  New 'line' coverage: 50
  New 'line' coverage: 504
  New 'line' coverage: 505
  New 'line' coverage: 507
  New 'line' coverage: 508
  New 'line' coverage: 509
  New 'line' coverage: 51
  New 'line' coverage: 511
  New 'line' coverage: 512
  New 'line' coverage: 514
  New 'line' coverage: 515
  New 'line' coverage: 517
  New 'line' coverage: 518
  New 'line' coverage: 520
  New 'line' coverage: 521
  New 'line' coverage: 522
  New 'line' coverage: 523
  New 'line' coverage: 524
  New 'line' coverage: 526
  New 'line' coverage: 527
  New 'line' coverage: 530
  New 'line' coverage: 533
  New 'line' coverage: 534
  New 'line' coverage: 535
  New 'line' coverage: 536
  New 'line' coverage: 537
  New 'line' coverage: 538
  New 'line' coverage: 540
  New 'line' coverage: 541
  New 'line' coverage: 543
  New 'line' coverage: 544
  New 'line' coverage: 545
  New 'line' coverage: 546
  New 'line' coverage: 547
  New 'line' coverage: 549
  New 'line' coverage: 551
  New 'line' coverage: 552
  New 'line' coverage: 562
  New 'line' coverage: 717
  New 'line' coverage: 718
  New 'line' coverage: 759
  New 'line' coverage: 760
  New 'line' coverage: 761
  New 'line' coverage: 762
  New 'line' coverage: 763
  New 'line' coverage: 765
  New 'line' coverage: 766
  New 'line' coverage: 767
  New 'line' coverage: 768
  New 'line' coverage: 769
  New 'line' coverage: 773
  New 'line' coverage: 774
  New 'line' coverage: 780
  New 'line' coverage: 782
  New 'line' coverage: 861
  New 'line' coverage: 862
  New 'line' coverage: 863
  New 'line' coverage: 864
  New 'line' coverage: 866
  New 'line' coverage: 870
  New 'line' coverage: 871
  New 'line' coverage: 872
  New 'line' coverage: 873
  New 'line' coverage: 875
  New 'line' coverage: 889
  New 'line' coverage: 890
  New 'line' coverage: 891
  New 'line' coverage: 892
  New 'line' coverage: 894
  New 'line' coverage: 908
  New 'line' coverage: 909
  New 'line' coverage: 910
  New 'line' coverage: 911
  New 'line' coverage: 912
  New 'line' coverage: 915
  New 'line' coverage: 917
  New 'line' coverage: 918
  New 'line' coverage: 919
  New 'line' coverage: 920
  New 'line' coverage: 928
  New 'line' coverage: 931
  New 'line' coverage: 932
  New 'line' coverage: 935
  New 'line' coverage: 936
  New 'line' coverage: 939
  New 'line' coverage: 940
  New 'line' coverage: 944
  New 'line' coverage: 945
  New 'line' coverage: 946
  New 'line' coverage: 947
  New 'line' coverage: 949
  New 'line' coverage: 952
  New 'line' coverage: 953
  New 'line' coverage: 956
  New 'line' coverage: 957
  New 'line' coverage: 958
  New 'line' coverage: 959
  New 'line' coverage: 960
New src file: /unibench/flvmeta-1.2.1/src/dump.c
  New 'function' coverage: dump_metadata()
  New 'line' coverage: 139
  New 'line' coverage: 142
  New 'line' coverage: 143
  New 'line' coverage: 145
  New 'line' coverage: 153
  New 'line' coverage: 154
  New 'line' coverage: 160
  New 'line' coverage: 161
  New 'line' coverage: 162
  New 'line' coverage: 165

[+] Processed 619 / 619 test cases.

[+] Final zero coverage report: ./raw_data/AFL++_series/group_1/outputs_group1_1/flvmeta/flvmeta_FuzzGen/output/default/cov/zero-cov
[+] Final positive coverage report: ./raw_data/AFL++_series/group_1/outputs_group1_1/flvmeta/flvmeta_FuzzGen/output/default/cov/pos-cov
    lines......: 8.9% (623 of 6997 lines)
    functions..: 14.6% (59 of 403 functions)
[+] Final lcov web report: ./raw_data/AFL++_series/group_1/outputs_group1_1/flvmeta/flvmeta_FuzzGen/output/default/cov/web/index.html
