
*** Imported 247 new test cases from: ./raw_data/formatfuzzer/group_2/outputs_group1_1/gdk-pixbuf-pixdata/gdk-pixbuf-pixdata_formatfuzz_3/ffgen/queue

[+] AFL test case: id:000000,time:0,orig:1005 (0 / 247), cycle: 0
[+] AFL test case: id:000001,time:0,orig:1_partyanimsm2.gif (1 / 247), cycle: 0
[+] AFL test case: id:000002,time:0,orig:4095-codes.gif (2 / 247), cycle: 0
[+] AFL test case: id:000003,time:0,orig:468 (3 / 247), cycle: 0
[+] AFL test case: id:000004,time:0,orig:799 (4 / 247), cycle: 0
[+] AFL test case: id:000005,time:0,orig:810 (5 / 247), cycle: 0
[+] AFL test case: id:000006,time:0,orig:813 (6 / 247), cycle: 0
[+] AFL test case: id:000007,time:0,orig:817 (7 / 247), cycle: 0
[+] AFL test case: id:000008,time:0,orig:901 (8 / 247), cycle: 0
[+] AFL test case: id:000009,time:0,orig:bug775232.pnm (9 / 247), cycle: 0
[+] AFL test case: id:000010,time:0,orig:bug778584.gif (10 / 247), cycle: 0
[+] AFL test case: id:000011,time:0,orig:bug785447.ico (11 / 247), cycle: 0
[+] AFL test case: id:000012,time:0,orig:circular-table.gif (12 / 247), cycle: 0
[+] AFL test case: id:000013,time:0,orig:double-clears.gif (13 / 247), cycle: 0
[+] AFL test case: id:000014,time:0,orig:dpi.png (14 / 247), cycle: 0
[+] AFL test case: id:000015,time:0,orig:icc-profile.png (15 / 247), cycle: 0
[+] AFL test case: id:000016,time:0,orig:image-overlap-bg.gif (16 / 247), cycle: 0
[+] AFL test case: id:000017,time:0,orig:invalid.3.ico (17 / 247), cycle: 0
[+] AFL test case: id:000018,time:0,orig:invalid.4.gif (18 / 247), cycle: 0
[+] AFL test case: id:000019,time:0,orig:many-clears.gif (19 / 247), cycle: 0
[+] AFL test case: id:000020,time:0,orig:no-global-color-table.gif (20 / 247), cycle: 0
[+] AFL test case: id:000021,time:0,orig:test-animation.ani (21 / 247), cycle: 0
[+] AFL test case: id:000022,time:0,orig:test-image-rle.pixdata (22 / 247), cycle: 0
[+] AFL test case: id:000023,time:0,orig:test-image.pixdata (23 / 247), cycle: 0
[+] AFL test case: id:000024,time:0,orig:valid.1.gif (24 / 247), cycle: 0
[+] AFL test case: id:000025,time:0,orig:valid.2.tga (25 / 247), cycle: 0
[+] AFL test case: id:000026,src:000001,time:80,op:havoc,rep:8 (26 / 247), cycle: 0
[+] AFL test case: id:000027,src:000001,time:105,op:havoc,rep:16,+cov (27 / 247), cycle: 0
[+] AFL test case: id:000028,src:000001,time:112,op:havoc,rep:32 (28 / 247), cycle: 0
[+] AFL test case: id:000029,src:000001,time:153,op:havoc,rep:4 (29 / 247), cycle: 0
[+] AFL test case: id:000030,src:000001,time:185,op:havoc,rep:16 (30 / 247), cycle: 0
[+] AFL test case: id:000031,src:000001,time:195,op:havoc,rep:8 (31 / 247), cycle: 0
[+] AFL test case: id:000032,src:000001,time:225,op:havoc,rep:4 (32 / 247), cycle: 0
[+] AFL test case: id:000033,src:000001,time:281,op:havoc,rep:4,+cov (33 / 247), cycle: 0
[+] AFL test case: id:000034,src:000001,time:299,op:havoc,rep:32 (34 / 247), cycle: 0
[+] AFL test case: id:000035,src:000001,time:364,op:havoc,rep:8 (35 / 247), cycle: 0
[+] AFL test case: id:000036,src:000001,time:383,op:havoc,rep:4 (36 / 247), cycle: 0
[+] AFL test case: id:000037,src:000001,time:392,op:havoc,rep:8 (37 / 247), cycle: 0
[+] AFL test case: id:000038,src:000001,time:415,op:havoc,rep:16,+cov (38 / 247), cycle: 0
[+] AFL test case: id:000039,src:000001,time:463,op:havoc,rep:4 (39 / 247), cycle: 0
[+] AFL test case: id:000040,src:000001,time:492,op:havoc,rep:2 (40 / 247), cycle: 0
[+] AFL test case: id:000041,src:000001,time:593,op:havoc,rep:2 (41 / 247), cycle: 0
[+] AFL test case: id:000042,src:000001,time:629,op:havoc,rep:4 (42 / 247), cycle: 0
[+] AFL test case: id:000043,src:000001,time:725,op:havoc,rep:128,+cov (43 / 247), cycle: 0
[+] AFL test case: id:000044,src:000001,time:757,op:havoc,rep:8 (44 / 247), cycle: 0
[+] AFL test case: id:000045,src:000001,time:1047,op:havoc,rep:16 (45 / 247), cycle: 0
[+] AFL test case: id:000046,src:000001,time:1142,op:havoc,rep:8 (46 / 247), cycle: 0
[+] AFL test case: id:000047,src:000001,time:1331,op:havoc,rep:32 (47 / 247), cycle: 0
[+] AFL test case: id:000048,src:000001,time:1340,op:havoc,rep:64 (48 / 247), cycle: 0
[+] AFL test case: id:000049,src:000001,time:1379,op:havoc,rep:4 (49 / 247), cycle: 0
[+] AFL test case: id:000050,src:000001,time:1460+000014,op:splice,rep:8 (50 / 247), cycle: 0
[+] AFL test case: id:000051,src:000001,time:1466+000014,op:splice,rep:64,+cov (51 / 247), cycle: 0
[+] AFL test case: id:000052,src:000001,time:1503+000014,op:splice,rep:32 (52 / 247), cycle: 0
[+] AFL test case: id:000053,src:000001,time:1514+000014,op:splice,rep:128 (53 / 247), cycle: 0
[+] AFL test case: id:000054,src:000001,time:1521+000014,op:splice,rep:128 (54 / 247), cycle: 0
[+] AFL test case: id:000055,src:000001,time:1533+000014,op:splice,rep:2 (55 / 247), cycle: 0
[+] AFL test case: id:000056,src:000001,time:1545+000014,op:splice,rep:16 (56 / 247), cycle: 0
[+] AFL test case: id:000057,src:000001,time:1556+000014,op:splice,rep:4 (57 / 247), cycle: 0
[+] AFL test case: id:000058,src:000001,time:1582+000014,op:splice,rep:64 (58 / 247), cycle: 0
[+] AFL test case: id:000059,src:000001,time:1591+000014,op:splice,rep:64 (59 / 247), cycle: 0
[+] AFL test case: id:000060,src:000001,time:1598+000014,op:splice,rep:128 (60 / 247), cycle: 0
[+] AFL test case: id:000061,src:000001,time:1644+000014,op:splice,rep:64 (61 / 247), cycle: 0
[+] AFL test case: id:000062,src:000001,time:1664+000014,op:splice,rep:32,+cov (62 / 247), cycle: 0
[+] AFL test case: id:000063,src:000001,time:1682+000014,op:splice,rep:128 (63 / 247), cycle: 0
[+] AFL test case: id:000064,src:000001,time:1702+000014,op:splice,rep:128 (64 / 247), cycle: 0
[+] AFL test case: id:000065,src:000001,time:1726+000014,op:splice,rep:64 (65 / 247), cycle: 0
[+] AFL test case: id:000066,src:000001,time:1846+000014,op:splice,rep:128 (66 / 247), cycle: 0
[+] AFL test case: id:000067,src:000001,time:1879+000014,op:splice,rep:2 (67 / 247), cycle: 0
[+] AFL test case: id:000068,src:000001,time:1945+000014,op:splice,rep:64 (68 / 247), cycle: 0
[+] AFL test case: id:000069,src:000001,time:2101+000032,op:splice,rep:64 (69 / 247), cycle: 0
[+] AFL test case: id:000070,src:000003,time:2163+000015,op:splice,rep:32 (70 / 247), cycle: 0
[+] AFL test case: id:000071,src:000003,time:2168+000015,op:splice,rep:128 (71 / 247), cycle: 0
[+] AFL test case: id:000072,src:000003,time:2178+000015,op:splice,rep:32 (72 / 247), cycle: 0
[+] AFL test case: id:000073,src:000003,time:2189+000015,op:splice,rep:32,+cov (73 / 247), cycle: 0
[+] AFL test case: id:000074,src:000003,time:2195+000015,op:splice,rep:64,+cov (74 / 247), cycle: 0
[+] AFL test case: id:000075,src:000003,time:2203+000015,op:splice,rep:64 (75 / 247), cycle: 0
[+] AFL test case: id:000076,src:000003,time:2228+000015,op:splice,rep:8 (76 / 247), cycle: 0
[+] AFL test case: id:000077,src:000003,time:2242+000015,op:splice,rep:64 (77 / 247), cycle: 0
[+] AFL test case: id:000078,src:000003,time:2252+000015,op:splice,rep:64 (78 / 247), cycle: 0
[+] AFL test case: id:000079,src:000003,time:2288+000015,op:splice,rep:64 (79 / 247), cycle: 0
[+] AFL test case: id:000080,src:000003,time:2293+000015,op:splice,rep:64 (80 / 247), cycle: 0
[+] AFL test case: id:000081,src:000003,time:2304+000015,op:splice,rep:128 (81 / 247), cycle: 0
[+] AFL test case: id:000082,src:000003,time:2318+000015,op:splice,rep:16,+cov (82 / 247), cycle: 0
[+] AFL test case: id:000083,src:000003,time:2338+000015,op:splice,rep:64 (83 / 247), cycle: 0
[+] AFL test case: id:000084,src:000003,time:2351+000015,op:splice,rep:32,+cov (84 / 247), cycle: 0
[+] AFL test case: id:000085,src:000003,time:2385+000015,op:splice,rep:64 (85 / 247), cycle: 0
[+] AFL test case: id:000086,src:000003,time:2391+000015,op:splice,rep:4 (86 / 247), cycle: 0
[+] AFL test case: id:000087,src:000003,time:2415+000015,op:splice,rep:64 (87 / 247), cycle: 0
[+] AFL test case: id:000088,src:000003,time:2422+000015,op:splice,rep:16 (88 / 247), cycle: 0
[+] AFL test case: id:000089,src:000003,time:2440+000015,op:splice,rep:4 (89 / 247), cycle: 0
[+] AFL test case: id:000090,src:000003,time:2456+000015,op:splice,rep:128 (90 / 247), cycle: 0
[+] AFL test case: id:000091,src:000003,time:2462+000015,op:splice,rep:8 (91 / 247), cycle: 0
[+] AFL test case: id:000092,src:000003,time:2471+000015,op:splice,rep:8 (92 / 247), cycle: 0
[+] AFL test case: id:000093,src:000003,time:2546+000015,op:splice,rep:64 (93 / 247), cycle: 0
[+] AFL test case: id:000094,src:000003,time:2582+000015,op:splice,rep:16 (94 / 247), cycle: 0
[+] AFL test case: id:000095,src:000003,time:2669+000015,op:splice,rep:64 (95 / 247), cycle: 0
[+] AFL test case: id:000096,src:000003,time:2687+000015,op:splice,rep:16 (96 / 247), cycle: 0
[+] AFL test case: id:000097,src:000003,time:2842+000015,op:splice,rep:32,+cov (97 / 247), cycle: 0
[+] AFL test case: id:000098,src:000003,time:2920+000015,op:splice,rep:128 (98 / 247), cycle: 0
[+] AFL test case: id:000099,src:000003,time:2960+000015,op:splice,rep:32 (99 / 247), cycle: 0
[+] AFL test case: id:000100,src:000003,time:3105+000015,op:splice,rep:16 (100 / 247), cycle: 0
[+] AFL test case: id:000101,src:000028,time:3466,op:havoc,rep:4 (101 / 247), cycle: 0
[+] AFL test case: id:000102,src:000028,time:3626+000083,op:splice,rep:128 (102 / 247), cycle: 0
[+] AFL test case: id:000103,src:000043,time:4186,op:havoc,rep:16 (103 / 247), cycle: 0
[+] AFL test case: id:000104,src:000043,time:4204,op:havoc,rep:8 (104 / 247), cycle: 0
[+] AFL test case: id:000105,src:000043,time:4227,op:havoc,rep:16,+cov (105 / 247), cycle: 0
[+] AFL test case: id:000106,src:000043,time:4310,op:havoc,rep:16 (106 / 247), cycle: 0
[+] AFL test case: id:000107,src:000043,time:4343,op:havoc,rep:32 (107 / 247), cycle: 0
[+] AFL test case: id:000108,src:000043,time:4402,op:havoc,rep:16 (108 / 247), cycle: 0
[+] AFL test case: id:000109,src:000043,time:4425,op:havoc,rep:128 (109 / 247), cycle: 0
[+] AFL test case: id:000110,src:000043,time:4530,op:havoc,rep:128 (110 / 247), cycle: 0
[+] AFL test case: id:000111,src:000043,time:5685+000070,op:splice,rep:8 (111 / 247), cycle: 0
[+] AFL test case: id:000112,src:000043,time:5731+000097,op:splice,rep:64 (112 / 247), cycle: 0
[+] AFL test case: id:000113,src:000043,time:5752+000097,op:splice,rep:128,+cov (113 / 247), cycle: 0
[+] AFL test case: id:000114,src:000084,time:6888+000092,op:splice,rep:64 (114 / 247), cycle: 0
[+] AFL test case: id:000115,src:000091,time:7126+000077,op:splice,rep:64,+cov (115 / 247), cycle: 0
[+] AFL test case: id:000116,src:000091,time:7195+000093,op:splice,rep:64 (116 / 247), cycle: 0
[+] AFL test case: id:000117,src:000091,time:7209+000093,op:splice,rep:32 (117 / 247), cycle: 0
[+] AFL test case: id:000118,src:000101,time:7388+000094,op:splice,rep:128 (118 / 247), cycle: 0
[+] AFL test case: id:000119,src:000101,time:7412+000094,op:splice,rep:64,+cov (119 / 247), cycle: 0
[+] AFL test case: id:000120,src:000101,time:7443+000094,op:splice,rep:8 (120 / 247), cycle: 0
[+] AFL test case: id:000121,src:000101,time:7579+000115,op:splice,rep:32,+cov (121 / 247), cycle: 0
[+] AFL test case: id:000122,src:000103,time:8078+000006,op:splice,rep:64 (122 / 247), cycle: 0
[+] AFL test case: id:000123,src:000103,time:8087+000006,op:splice,rep:64 (123 / 247), cycle: 0
[+] AFL test case: id:000124,src:000103,time:8101+000006,op:splice,rep:128 (124 / 247), cycle: 0
[+] AFL test case: id:000125,src:000103,time:8282+000079,op:splice,rep:64,+cov (125 / 247), cycle: 0
[+] AFL test case: id:000126,src:000113,time:9049+000117,op:splice,rep:16,+cov (126 / 247), cycle: 0
[+] AFL test case: id:000127,src:000119,time:9560+000056,op:splice,rep:32,+cov (127 / 247), cycle: 0
[+] AFL test case: id:000128,src:000119,time:9583+000056,op:splice,rep:128 (128 / 247), cycle: 0
[+] AFL test case: id:000129,src:000119,time:9618+000056,op:splice,rep:32 (129 / 247), cycle: 0
[+] AFL test case: id:000130,src:000119,time:9625+000056,op:splice,rep:16 (130 / 247), cycle: 0
[+] AFL test case: id:000131,src:000119,time:9637+000056,op:splice,rep:64 (131 / 247), cycle: 0
[+] AFL test case: id:000132,src:000119,time:9650+000056,op:splice,rep:128 (132 / 247), cycle: 0
[+] AFL test case: id:000133,src:000119,time:9665+000056,op:splice,rep:32 (133 / 247), cycle: 0
[+] AFL test case: id:000134,src:000119,time:9720+000056,op:splice,rep:128 (134 / 247), cycle: 0
[+] AFL test case: id:000135,src:000119,time:9746+000056,op:splice,rep:64 (135 / 247), cycle: 0
[+] AFL test case: id:000136,src:000119,time:9781+000056,op:splice,rep:128,+cov (136 / 247), cycle: 0
[+] AFL test case: id:000137,src:000131,time:11170,op:havoc,rep:4 (137 / 247), cycle: 0
[+] AFL test case: id:000138,src:000131,time:11184,op:havoc,rep:8 (138 / 247), cycle: 0
[+] AFL test case: id:000139,src:000131,time:11371,op:havoc,rep:2 (139 / 247), cycle: 0
[+] AFL test case: id:000140,src:000131,time:11546,op:havoc,rep:32 (140 / 247), cycle: 0
[+] AFL test case: id:000141,src:000131,time:12180,op:havoc,rep:2,+cov (141 / 247), cycle: 0
[+] AFL test case: id:000142,src:000136,time:12983+000044,op:splice,rep:128 (142 / 247), cycle: 0
[+] AFL test case: id:000143,src:000136,time:13091+000097,op:splice,rep:32 (143 / 247), cycle: 0
[+] AFL test case: id:000144,src:000141,time:13439+000088,op:splice,rep:8,+cov (144 / 247), cycle: 0
[+] AFL test case: id:000145,src:000144,time:13879+000112,op:splice,rep:32,+cov (145 / 247), cycle: 0
[+] AFL test case: id:000146,src:000144,time:13927+000079,op:splice,rep:128 (146 / 247), cycle: 0
[+] AFL test case: id:000147,src:000145,time:14233+000081,op:splice,rep:32 (147 / 247), cycle: 0
[+] AFL test case: id:000148,src:000145,time:14316+000092,op:splice,rep:128 (148 / 247), cycle: 0
[+] AFL test case: id:000149,src:000145,time:14333+000092,op:splice,rep:4 (149 / 247), cycle: 0
[+] AFL test case: id:000150,src:000145,time:14366+000092,op:splice,rep:128 (150 / 247), cycle: 0
[+] AFL test case: id:000151,src:000145,time:14373+000092,op:splice,rep:4 (151 / 247), cycle: 0
[+] AFL test case: id:000152,src:000085,time:16099+000125,op:splice,rep:128 (152 / 247), cycle: 0
[+] AFL test case: id:000153,src:000126,time:21100,op:havoc,rep:8,+cov (153 / 247), cycle: 0
[+] AFL test case: id:000154,src:000153,time:22262+000006,op:splice,rep:128 (154 / 247), cycle: 0
[+] AFL test case: id:000155,src:000154,time:22865+000126,op:splice,rep:64 (155 / 247), cycle: 0
[+] AFL test case: id:000156,src:000154,time:22952+000156,op:splice,rep:16 (156 / 247), cycle: 0
[+] AFL test case: id:000157,src:000154,time:23138+000074,op:splice,rep:8 (157 / 247), cycle: 0
[+] AFL test case: id:000158,src:000157,time:23796,op:havoc,rep:2 (158 / 247), cycle: 0
[+] AFL test case: id:000159,src:000157,time:23815,op:havoc,rep:4 (159 / 247), cycle: 0
[+] AFL test case: id:000160,src:000157,time:24546,op:havoc,rep:16 (160 / 247), cycle: 0
[+] AFL test case: id:000161,src:000157,time:24675,op:havoc,rep:4 (161 / 247), cycle: 0
[+] AFL test case: id:000162,src:000157,time:26154+000089,op:splice,rep:8 (162 / 247), cycle: 0
[+] AFL test case: id:000163,src:000158,time:26705,op:havoc,rep:4 (163 / 247), cycle: 0
[+] AFL test case: id:000164,src:000158,time:26976,op:havoc,rep:4 (164 / 247), cycle: 0
[+] AFL test case: id:000165,src:000158,time:27299,op:havoc,rep:2 (165 / 247), cycle: 0
[+] AFL test case: id:000166,src:000158,time:27710,op:havoc,rep:128 (166 / 247), cycle: 0
[+] AFL test case: id:000167,src:000153,time:33537,op:havoc,rep:128,+cov (167 / 247), cycle: 0
[+] AFL test case: id:000168,src:000167,time:34377+000115,op:splice,rep:128 (168 / 247), cycle: 0
[+] AFL test case: id:000169,src:000008,time:36390+000095,op:splice,rep:128,+cov (169 / 247), cycle: 0
[+] AFL test case: id:000170,src:000008,time:36405+000162,op:splice,rep:128 (170 / 247), cycle: 0
[+] AFL test case: id:000171,src:000070,time:42056+000123,op:splice,rep:32 (171 / 247), cycle: 0
[+] AFL test case: id:000172,src:000093,time:43480,op:havoc,rep:128 (172 / 247), cycle: 0
[+] AFL test case: id:000173,src:000139,time:43719,op:havoc,rep:8 (173 / 247), cycle: 0
[+] AFL test case: id:000174,src:000139,time:43864+000007,op:splice,rep:16 (174 / 247), cycle: 0
[+] AFL test case: id:000175,src:000173,time:44555,op:havoc,rep:2 (175 / 247), cycle: 0
[+] AFL test case: id:000176,src:000137,time:55900,op:havoc,rep:8 (176 / 247), cycle: 0
[+] AFL test case: id:000177,src:000163,time:60614,op:havoc,rep:4,+cov (177 / 247), cycle: 0
[+] AFL test case: id:000178,src:000163,time:61752+000087,op:splice,rep:8 (178 / 247), cycle: 0
[+] AFL test case: id:000179,src:000163,time:61808+000087,op:splice,rep:128,+cov (179 / 247), cycle: 0
[+] AFL test case: id:000180,src:000177,time:64266+000072,op:splice,rep:2 (180 / 247), cycle: 0
[+] AFL test case: id:000181,src:000177,time:64562+000021,op:splice,rep:2 (181 / 247), cycle: 0
[+] AFL test case: id:000182,src:000177,time:64623+000021,op:splice,rep:64 (182 / 247), cycle: 0
[+] AFL test case: id:000183,src:000177,time:65160+000021,op:splice,rep:128 (183 / 247), cycle: 0
[+] AFL test case: id:000184,src:000147,time:81360,op:havoc,rep:64 (184 / 247), cycle: 0
[+] AFL test case: id:000185,src:000159,time:83682,op:havoc,rep:4 (185 / 247), cycle: 0
[+] AFL test case: id:000186,src:000159,time:84425+000113,op:splice,rep:8 (186 / 247), cycle: 0
[+] AFL test case: id:000187,src:000162,time:85355,op:havoc,rep:2 (187 / 247), cycle: 0
[+] AFL test case: id:000188,src:000162,time:85504,op:havoc,rep:2 (188 / 247), cycle: 0
[+] AFL test case: id:000189,src:000162,time:86043,op:havoc,rep:4 (189 / 247), cycle: 0
[+] AFL test case: id:000190,src:000165,time:88177+000054,op:splice,rep:16 (190 / 247), cycle: 0
[+] AFL test case: id:000191,src:000178,time:91582,op:havoc,rep:16 (191 / 247), cycle: 0
[+] AFL test case: id:000192,src:000178,time:91849,op:havoc,rep:64 (192 / 247), cycle: 0
[+] AFL test case: id:000193,src:000178,time:92913,op:havoc,rep:16 (193 / 247), cycle: 0
[+] AFL test case: id:000194,src:000180,time:96731+000099,op:splice,rep:16 (194 / 247), cycle: 0
[+] AFL test case: id:000195,src:000192,time:99642,op:havoc,rep:2 (195 / 247), cycle: 0
[+] AFL test case: id:000196,src:000179,time:122004+000187,op:splice,rep:64 (196 / 247), cycle: 0
[+] AFL test case: id:000197,src:000188,time:125296+000087,op:splice,rep:32 (197 / 247), cycle: 0
[+] AFL test case: id:000198,src:000191,time:128033,op:havoc,rep:4 (198 / 247), cycle: 0
[+] AFL test case: id:000199,src:000191,time:128867,op:havoc,rep:8 (199 / 247), cycle: 0
[+] AFL test case: id:000200,src:000196,time:133099+000123,op:splice,rep:16 (200 / 247), cycle: 0
[+] AFL test case: id:000201,src:000196,time:133175+000123,op:splice,rep:32 (201 / 247), cycle: 0
[+] AFL test case: id:000202,src:000122,time:145523+000021,op:splice,rep:128 (202 / 247), cycle: 0
[+] AFL test case: id:000203,src:000176,time:153749+000103,op:splice,rep:64 (203 / 247), cycle: 0
[+] AFL test case: id:000204,src:000197,time:159688+000021,op:splice,rep:32 (204 / 247), cycle: 0
[+] AFL test case: id:000205,src:000199,time:162182,op:havoc,rep:2 (205 / 247), cycle: 0
[+] AFL test case: id:000206,src:000161,time:179424+000005,op:splice,rep:32 (206 / 247), cycle: 0
[+] AFL test case: id:000207,src:000203,time:188563,op:havoc,rep:2 (207 / 247), cycle: 0
[+] AFL test case: id:000208,src:000203,time:188720,op:havoc,rep:4 (208 / 247), cycle: 0
[+] AFL test case: id:000209,src:000206,time:191002,op:havoc,rep:4 (209 / 247), cycle: 0
[+] AFL test case: id:000210,src:000206,time:192106+000115,op:splice,rep:2 (210 / 247), cycle: 0
[+] AFL test case: id:000211,src:000207,time:194245+000194,op:splice,rep:32 (211 / 247), cycle: 0
[+] AFL test case: id:000212,src:000204,time:244995+000175,op:splice,rep:128 (212 / 247), cycle: 0
[+] AFL test case: id:000213,src:000204,time:245048+000175,op:splice,rep:2 (213 / 247), cycle: 0
[+] AFL test case: id:000214,src:000203,time:291965+000023,op:splice,rep:32 (214 / 247), cycle: 0
[+] AFL test case: id:000215,src:000180,time:313045,op:havoc,rep:4 (215 / 247), cycle: 0
[+] AFL test case: id:000216,src:000158,time:331871+000172,op:splice,rep:16 (216 / 247), cycle: 0
[+] AFL test case: id:000217,src:000212,time:354694,op:havoc,rep:4 (217 / 247), cycle: 0
[+] AFL test case: id:000218,src:000214,time:372383,op:havoc,rep:8 (218 / 247), cycle: 0
[+] AFL test case: id:000219,src:000218,time:374013,op:havoc,rep:4 (219 / 247), cycle: 0
[+] AFL test case: id:000220,src:000218,time:374129,op:havoc,rep:2 (220 / 247), cycle: 0
[+] AFL test case: id:000221,src:000218,time:374238,op:havoc,rep:2 (221 / 247), cycle: 0
[+] AFL test case: id:000222,src:000065,time:467918+000072,op:splice,rep:16,+cov (222 / 247), cycle: 0
[+] AFL test case: id:000223,src:000222,time:469004,op:havoc,rep:16,+cov (223 / 247), cycle: 0
[+] AFL test case: id:000224,src:000200,time:530332+000202,op:splice,rep:2 (224 / 247), cycle: 0
[+] AFL test case: id:000225,src:000216,time:592498+000023,op:splice,rep:4 (225 / 247), cycle: 0
[+] AFL test case: id:000226,src:000088,time:600185,op:havoc,rep:128 (226 / 247), cycle: 0
[+] AFL test case: id:000227,src:000155,time:605689+000078,op:splice,rep:128 (227 / 247), cycle: 0
[+] AFL test case: id:000228,src:000160,time:605855,op:havoc,rep:128 (228 / 247), cycle: 0
[+] AFL test case: id:000229,src:000215,time:611120+000211,op:splice,rep:128 (229 / 247), cycle: 0
[+] AFL test case: id:000230,src:000217,time:612535+000023,op:splice,rep:64 (230 / 247), cycle: 0
[+] AFL test case: id:000231,src:000217,time:612956+000227,op:splice,rep:64 (231 / 247), cycle: 0
[+] AFL test case: id:000232,src:000217,time:613025+000227,op:splice,rep:128 (232 / 247), cycle: 0
[+] AFL test case: id:000233,src:000225,time:619489,op:havoc,rep:64 (233 / 247), cycle: 0
[+] AFL test case: id:000234,src:000229,time:623645,op:havoc,rep:8 (234 / 247), cycle: 0
[+] AFL test case: id:000235,src:000229,time:652607,op:havoc,rep:8 (235 / 247), cycle: 0
[+] AFL test case: id:000236,src:000230,time:681060,op:havoc,rep:4 (236 / 247), cycle: 0
[+] AFL test case: id:000237,src:000194,time:698031,op:havoc,rep:64,+cov (237 / 247), cycle: 0
[+] AFL test case: id:000238,src:000200,time:870303+000214,op:splice,rep:32 (238 / 247), cycle: 0
[+] AFL test case: id:000239,src:000227,time:903295,op:havoc,rep:8,+cov (239 / 247), cycle: 0
[+] AFL test case: id:000240,src:000239,time:986928+000234,op:splice,rep:128 (240 / 247), cycle: 0
[+] AFL test case: id:000241,src:000215,time:2399384,op:havoc,rep:4 (241 / 247), cycle: 0
[+] AFL test case: id:000242,src:000236,time:2765544+000001,op:splice,rep:2 (242 / 247), cycle: 0
[+] AFL test case: id:000243,src:000223,time:3096395+000221,op:splice,rep:4,+cov (243 / 247), cycle: 0
[+] AFL test case: id:000244,src:000242,time:3396688+000100,op:splice,rep:4 (244 / 247), cycle: 0
[+] AFL test case: id:000245,src:000181,time:12043314+000237,op:splice,rep:16 (245 / 247), cycle: 0
[+] AFL test case: id:000246,src:000138,time:15307374+000050,op:splice,rep:64,+cov (246 / 247), cycle: 0
    lines......: 24.1% (2323 of 9621 lines)
    functions..: 31.6% (197 of 624 functions)

    Coverage diff id:0... id:246...
diff id:0... -> id:246...
New src file: /unibench/gdk-pixbuf-2.31.1/gdk-pixbuf/gdk-pixbuf-scale.c
  New 'function' coverage: gdk_pixbuf_scale()
  New 'line' coverage: 129
  New 'line' coverage: 144
  New 'line' coverage: 145
  New 'line' coverage: 146
  New 'line' coverage: 147
  New 'line' coverage: 149
  New 'line' coverage: 150
  New 'line' coverage: 153
  New 'line' coverage: 154
  New 'line' coverage: 156
  New 'line' coverage: 157
  New 'line' coverage: 158
New src file: /unibench/gdk-pixbuf-2.31.1/gdk-pixbuf/gdk-pixbuf-io.c
  New 'function' coverage: _gdk_pixbuf_generic_image_load()
  New 'function' coverage: _gdk_pixbuf_get_module()
  New 'function' coverage: _gdk_pixbuf_get_module_for_file()
  New 'function' coverage: _gdk_pixbuf_get_named_module()
  New 'function' coverage: _gdk_pixbuf_load_module()
  New 'function' coverage: format_check.isra.0()
  New 'function' coverage: gdk_pixbuf_get_module_file()
  New 'function' coverage: gdk_pixbuf_io_init()
  New 'function' coverage: gdk_pixbuf_load_module_unlocked()
  New 'function' coverage: gdk_pixbuf_new_from_file()
  New 'function' coverage: generic_load_incrementally()
  New 'function' coverage: get_file_formats()
  New 'function' coverage: prepared_notify()
  New 'line' coverage: 1000
  New 'line' coverage: 1001
  New 'line' coverage: 1002
  New 'line' coverage: 1004
  New 'line' coverage: 1009
  New 'line' coverage: 1010
  New 'line' coverage: 1017
  New 'line' coverage: 1021
  New 'line' coverage: 1023
  New 'line' coverage: 1025
  New 'line' coverage: 1026
  New 'line' coverage: 1027
  New 'line' coverage: 1028
  New 'line' coverage: 1041
  New 'line' coverage: 1059
  New 'line' coverage: 1066
  New 'line' coverage: 1067
  New 'line' coverage: 1069
  New 'line' coverage: 1070
  New 'line' coverage: 1084
  New 'line' coverage: 1085
  New 'line' coverage: 1086
  New 'line' coverage: 1087
  New 'line' coverage: 1090
  New 'line' coverage: 1095
  New 'line' coverage: 1096
  New 'line' coverage: 1097
  New 'line' coverage: 1099
  New 'line' coverage: 1108
  New 'line' coverage: 1109
  New 'line' coverage: 1110
  New 'line' coverage: 1115
  New 'line' coverage: 1116
  New 'line' coverage: 1118
  New 'line' coverage: 1122
  New 'line' coverage: 1123
  New 'line' coverage: 1124
  New 'line' coverage: 1127
  New 'line' coverage: 1128
  New 'line' coverage: 124
  New 'line' coverage: 133
  New 'line' coverage: 134
  New 'line' coverage: 144
  New 'line' coverage: 145
  New 'line' coverage: 146
  New 'line' coverage: 147
  New 'line' coverage: 148
  New 'line' coverage: 165
  New 'line' coverage: 166
  New 'line' coverage: 168
  New 'line' coverage: 182
  New 'line' coverage: 184
  New 'line' coverage: 185
  New 'line' coverage: 186
  New 'line' coverage: 187
  New 'line' coverage: 189
  New 'line' coverage: 351
  New 'line' coverage: 353
  New 'line' coverage: 355
  New 'line' coverage: 356
  New 'line' coverage: 358
  New 'line' coverage: 369
  New 'line' coverage: 375
  New 'line' coverage: 376
  New 'line' coverage: 377
  New 'line' coverage: 378
  New 'line' coverage: 380
  New 'line' coverage: 382
  New 'line' coverage: 389
  New 'line' coverage: 400
  New 'line' coverage: 403
  New 'line' coverage: 406
  New 'line' coverage: 409
  New 'line' coverage: 412
  New 'line' coverage: 415
  New 'line' coverage: 418
  New 'line' coverage: 421
  New 'line' coverage: 424
  New 'line' coverage: 427
  New 'line' coverage: 430
  New 'line' coverage: 433
  New 'line' coverage: 436
  New 'line' coverage: 439
  New 'line' coverage: 442
  New 'line' coverage: 445
  New 'line' coverage: 451
  New 'line' coverage: 473
  New 'line' coverage: 474
  New 'line' coverage: 476
  New 'line' coverage: 483
  New 'line' coverage: 484
  New 'line' coverage: 485
  New 'line' coverage: 667
  New 'line' coverage: 670
  New 'line' coverage: 671
  New 'line' coverage: 673
  New 'line' coverage: 683
  New 'line' coverage: 686
  New 'line' coverage: 689
  New 'line' coverage: 692
  New 'line' coverage: 695
  New 'line' coverage: 698
  New 'line' coverage: 701
  New 'line' coverage: 704
  New 'line' coverage: 707
  New 'line' coverage: 710
  New 'line' coverage: 713
  New 'line' coverage: 716
  New 'line' coverage: 719
  New 'line' coverage: 722
  New 'line' coverage: 725
  New 'line' coverage: 728
  New 'line' coverage: 734
  New 'line' coverage: 751
  New 'line' coverage: 752
  New 'line' coverage: 753
  New 'line' coverage: 754
  New 'line' coverage: 755
  New 'line' coverage: 756
  New 'line' coverage: 806
  New 'line' coverage: 810
  New 'line' coverage: 815
  New 'line' coverage: 816
  New 'line' coverage: 817
  New 'line' coverage: 820
  New 'line' coverage: 822
  New 'line' coverage: 823
  New 'line' coverage: 825
  New 'line' coverage: 831
  New 'line' coverage: 836
  New 'line' coverage: 837
  New 'line' coverage: 839
  New 'line' coverage: 842
  New 'line' coverage: 856
  New 'line' coverage: 862
  New 'line' coverage: 863
  New 'line' coverage: 871
  New 'line' coverage: 872
  New 'line' coverage: 873
  New 'line' coverage: 874
  New 'line' coverage: 877
  New 'line' coverage: 878
  New 'line' coverage: 879
  New 'line' coverage: 881
  New 'line' coverage: 884
  New 'line' coverage: 885
  New 'line' coverage: 886
  New 'line' coverage: 887
  New 'line' coverage: 888
  New 'line' coverage: 889
  New 'line' coverage: 890
  New 'line' coverage: 892
  New 'line' coverage: 895
  New 'line' coverage: 899
  New 'line' coverage: 900
  New 'line' coverage: 905
  New 'line' coverage: 925
  New 'line' coverage: 928
  New 'line' coverage: 930
  New 'line' coverage: 931
  New 'line' coverage: 936
  New 'line' coverage: 950
  New 'line' coverage: 955
  New 'line' coverage: 956
  New 'line' coverage: 968
  New 'line' coverage: 972
  New 'line' coverage: 976
  New 'line' coverage: 977
  New 'line' coverage: 978
  New 'line' coverage: 979
  New 'line' coverage: 982
  New 'line' coverage: 984
  New 'line' coverage: 987
  New 'line' coverage: 989
  New 'line' coverage: 992
  New 'line' coverage: 996
  New 'line' coverage: 997
  New 'line' coverage: 998
  New 'line' coverage: 999
New src file: /unibench/gdk-pixbuf-2.31.1/gdk-pixbuf/gdk-pixbuf-data.c
  New 'function' coverage: gdk_pixbuf_new_from_data()
  New 'line' coverage: 56
  New 'line' coverage: 64
  New 'line' coverage: 65
  New 'line' coverage: 66
  New 'line' coverage: 67
  New 'line' coverage: 68
  New 'line' coverage: 70
  New 'line' coverage: 81
  New 'line' coverage: 82
  New 'line' coverage: 84
New src file: /unibench/gdk-pixbuf-2.31.1/gdk-pixbuf/gdk-pixbuf-enum-types.c
  New 'function' coverage: gdk_colorspace_get_type()
  New 'line' coverage: 24
  New 'line' coverage: 28
  New 'line' coverage: 33
  New 'line' coverage: 35
New src file: /unibench/gdk-pixbuf-2.31.1/gdk-pixbuf/gdk-pixdata.c
  New 'function' coverage: gdk_pixbuf_from_pixdata()
  New 'function' coverage: gdk_pixdata_deserialize()
  New 'function' coverage: gdk_pixdata_from_pixbuf()
  New 'function' coverage: gdk_pixdata_serialize()
  New 'function' coverage: pixdata_get_length()
  New 'line' coverage: 107
  New 'line' coverage: 115
  New 'line' coverage: 116
  New 'line' coverage: 118
  New 'line' coverage: 119
  New 'line' coverage: 120
  New 'line' coverage: 121
  New 'line' coverage: 122
  New 'line' coverage: 124
  New 'line' coverage: 125
  New 'line' coverage: 127
  New 'line' coverage: 129
  New 'line' coverage: 132
  New 'line' coverage: 134
  New 'line' coverage: 135
  New 'line' coverage: 138
  New 'line' coverage: 139
  New 'line' coverage: 140
  New 'line' coverage: 141
  New 'line' coverage: 142
  New 'line' coverage: 143
  New 'line' coverage: 146
  New 'line' coverage: 147
  New 'line' coverage: 148
  New 'line' coverage: 150
  New 'line' coverage: 151
  New 'line' coverage: 175
  New 'line' coverage: 176
  New 'line' coverage: 199
  New 'line' coverage: 206
  New 'line' coverage: 207
  New 'line' coverage: 209
  New 'line' coverage: 213
  New 'line' coverage: 214
  New 'line' coverage: 215
  New 'line' coverage: 217
  New 'line' coverage: 218
  New 'line' coverage: 219
  New 'line' coverage: 220
  New 'line' coverage: 221
  New 'line' coverage: 224
  New 'line' coverage: 225
  New 'line' coverage: 226
  New 'line' coverage: 227
  New 'line' coverage: 228
  New 'line' coverage: 229
  New 'line' coverage: 230
  New 'line' coverage: 231
  New 'line' coverage: 235
  New 'line' coverage: 237
  New 'line' coverage: 239
  New 'line' coverage: 327
  New 'line' coverage: 331
  New 'line' coverage: 335
  New 'line' coverage: 336
  New 'line' coverage: 337
  New 'line' coverage: 338
  New 'line' coverage: 340
  New 'line' coverage: 342
  New 'line' coverage: 343
  New 'line' coverage: 344
  New 'line' coverage: 345
  New 'line' coverage: 347
  New 'line' coverage: 384
  New 'line' coverage: 385
  New 'line' coverage: 388
  New 'line' coverage: 389
  New 'line' coverage: 390
  New 'line' coverage: 391
  New 'line' coverage: 392
  New 'line' coverage: 393
  New 'line' coverage: 394
  New 'line' coverage: 395
  New 'line' coverage: 396
  New 'line' coverage: 398
  New 'line' coverage: 40
  New 'line' coverage: 415
  New 'line' coverage: 420
  New 'line' coverage: 422
  New 'line' coverage: 423
  New 'line' coverage: 424
  New 'line' coverage: 425
  New 'line' coverage: 426
  New 'line' coverage: 428
  New 'line' coverage: 429
  New 'line' coverage: 431
  New 'line' coverage: 433
  New 'line' coverage: 434
  New 'line' coverage: 435
  New 'line' coverage: 436
  New 'line' coverage: 437
  New 'line' coverage: 439
  New 'line' coverage: 44
  New 'line' coverage: 440
  New 'line' coverage: 452
  New 'line' coverage: 454
  New 'line' coverage: 455
  New 'line' coverage: 456
  New 'line' coverage: 457
  New 'line' coverage: 459
  New 'line' coverage: 46
  New 'line' coverage: 461
  New 'line' coverage: 463
  New 'line' coverage: 465
  New 'line' coverage: 466
  New 'line' coverage: 467
  New 'line' coverage: 469
  New 'line' coverage: 479
  New 'line' coverage: 480
  New 'line' coverage: 482
  New 'line' coverage: 483
  New 'line' coverage: 487
  New 'line' coverage: 488
  New 'line' coverage: 489
  New 'line' coverage: 491
  New 'line' coverage: 492
  New 'line' coverage: 493
  New 'line' coverage: 496
  New 'line' coverage: 50
  New 'line' coverage: 505
  New 'line' coverage: 506
  New 'line' coverage: 510
  New 'line' coverage: 511
  New 'line' coverage: 512
  New 'line' coverage: 55
  New 'line' coverage: 56
New src file: /unibench/gdk-pixbuf-2.31.1/gdk-pixbuf/io-xpm.c
  New 'function' coverage: _gdk_pixbuf__xpm_fill_info()
  New 'function' coverage: _gdk_pixbuf__xpm_fill_vtable()
  New 'line' coverage: 789
  New 'line' coverage: 791
  New 'line' coverage: 792
  New 'line' coverage: 793
  New 'line' coverage: 794
  New 'line' coverage: 795
  New 'line' coverage: 796
  New 'line' coverage: 798
  New 'line' coverage: 813
  New 'line' coverage: 814
  New 'line' coverage: 815
  New 'line' coverage: 816
  New 'line' coverage: 817
  New 'line' coverage: 818
  New 'line' coverage: 819
  New 'line' coverage: 820
New src file: /unibench/gdk-pixbuf-2.31.1/gdk-pixbuf/io-gif.c
  New 'function' coverage: _gdk_pixbuf__gif_fill_info()
  New 'function' coverage: _gdk_pixbuf__gif_fill_vtable()
  New 'function' coverage: gdk_pixbuf__gif_image_begin_load()
  New 'function' coverage: gdk_pixbuf__gif_image_load()
  New 'function' coverage: gdk_pixbuf__gif_image_load_increment()
  New 'function' coverage: gdk_pixbuf__gif_image_stop_load()
  New 'function' coverage: get_data_block()
  New 'function' coverage: gif_fill_in_lines()
  New 'function' coverage: gif_fill_in_pixels()
  New 'function' coverage: gif_get_colormap()
  New 'function' coverage: gif_get_colormap2()
  New 'function' coverage: gif_get_extension()
  New 'function' coverage: gif_get_frame_info()
  New 'function' coverage: gif_get_lzw()
  New 'function' coverage: gif_get_next_step()
  New 'function' coverage: gif_init()
  New 'function' coverage: gif_lzw_clear_code()
  New 'function' coverage: gif_lzw_fill_buffer()
  New 'function' coverage: gif_main_loop()
  New 'function' coverage: gif_prepare_lzw()
  New 'function' coverage: gif_read()
  New 'function' coverage: lzw_read_byte()
  New 'function' coverage: maybe_update()
  New 'function' coverage: new_context()
  New 'line' coverage: 1000
  New 'line' coverage: 1002
  New 'line' coverage: 1003
  New 'line' coverage: 1005
  New 'line' coverage: 1007
  New 'line' coverage: 1008
  New 'line' coverage: 1009
  New 'line' coverage: 1010
  New 'line' coverage: 1013
  New 'line' coverage: 1014
  New 'line' coverage: 1016
  New 'line' coverage: 1017
  New 'line' coverage: 1019
  New 'line' coverage: 1020
  New 'line' coverage: 1023
  New 'line' coverage: 1024
  New 'line' coverage: 1025
  New 'line' coverage: 1027
  New 'line' coverage: 1028
  New 'line' coverage: 1030
  New 'line' coverage: 1031
  New 'line' coverage: 1033
  New 'line' coverage: 1034
  New 'line' coverage: 1040
  New 'line' coverage: 1042
  New 'line' coverage: 1043
  New 'line' coverage: 1044
  New 'line' coverage: 1045
  New 'line' coverage: 1050
  New 'line' coverage: 1052
  New 'line' coverage: 1058
  New 'line' coverage: 1060
  New 'line' coverage: 1064
  New 'line' coverage: 1065
  New 'line' coverage: 1067
  New 'line' coverage: 1068
  New 'line' coverage: 1075
  New 'line' coverage: 1076
  New 'line' coverage: 1078
  New 'line' coverage: 1079
  New 'line' coverage: 1080
  New 'line' coverage: 1096
  New 'line' coverage: 1100
  New 'line' coverage: 1101
  New 'line' coverage: 1103
  New 'line' coverage: 1104
  New 'line' coverage: 1113
  New 'line' coverage: 1114
  New 'line' coverage: 1117
  New 'line' coverage: 1121
  New 'line' coverage: 1126
  New 'line' coverage: 1127
  New 'line' coverage: 1131
  New 'line' coverage: 1134
  New 'line' coverage: 1135
  New 'line' coverage: 1136
  New 'line' coverage: 1137
  New 'line' coverage: 1138
  New 'line' coverage: 1139
  New 'line' coverage: 1140
  New 'line' coverage: 1141
  New 'line' coverage: 1142
  New 'line' coverage: 1143
  New 'line' coverage: 1145
  New 'line' coverage: 1148
  New 'line' coverage: 1149
  New 'line' coverage: 1150
  New 'line' coverage: 1152
  New 'line' coverage: 1153
  New 'line' coverage: 1155
  New 'line' coverage: 1156
  New 'line' coverage: 1158
  New 'line' coverage: 1163
  New 'line' coverage: 1168
  New 'line' coverage: 1175
  New 'line' coverage: 1184
  New 'line' coverage: 1185
  New 'line' coverage: 1187
  New 'line' coverage: 1189
  New 'line' coverage: 1194
  New 'line' coverage: 1198
  New 'line' coverage: 1203
  New 'line' coverage: 1204
  New 'line' coverage: 1211
  New 'line' coverage: 1212
  New 'line' coverage: 1213
  New 'line' coverage: 1214
  New 'line' coverage: 1215
  New 'line' coverage: 1220
  New 'line' coverage: 1221
  New 'line' coverage: 1222
  New 'line' coverage: 1224
  New 'line' coverage: 1225
  New 'line' coverage: 1227
  New 'line' coverage: 1230
  New 'line' coverage: 1231
  New 'line' coverage: 1233
  New 'line' coverage: 1235
  New 'line' coverage: 1244
  New 'line' coverage: 1245
  New 'line' coverage: 1247
  New 'line' coverage: 1261
  New 'line' coverage: 1265
  New 'line' coverage: 1269
  New 'line' coverage: 1274
  New 'line' coverage: 1275
  New 'line' coverage: 1276
  New 'line' coverage: 1277
  New 'line' coverage: 1279
  New 'line' coverage: 1280
  New 'line' coverage: 1287
  New 'line' coverage: 1295
  New 'line' coverage: 1306
  New 'line' coverage: 1307
  New 'line' coverage: 1308
  New 'line' coverage: 1309
  New 'line' coverage: 1312
  New 'line' coverage: 1323
  New 'line' coverage: 1324
  New 'line' coverage: 1329
  New 'line' coverage: 1333
  New 'line' coverage: 1336
  New 'line' coverage: 1340
  New 'line' coverage: 1341
  New 'line' coverage: 1344
  New 'line' coverage: 1346
  New 'line' coverage: 1347
  New 'line' coverage: 1351
  New 'line' coverage: 1353
  New 'line' coverage: 1356
  New 'line' coverage: 1357
  New 'line' coverage: 1358
  New 'line' coverage: 1365
  New 'line' coverage: 1367
  New 'line' coverage: 1370
  New 'line' coverage: 1373
  New 'line' coverage: 1374
  New 'line' coverage: 1378
  New 'line' coverage: 1379
  New 'line' coverage: 1380
  New 'line' coverage: 1385
  New 'line' coverage: 1386
  New 'line' coverage: 1390
  New 'line' coverage: 1391
  New 'line' coverage: 1395
  New 'line' coverage: 1396
  New 'line' coverage: 1397
  New 'line' coverage: 1402
  New 'line' coverage: 1403
  New 'line' coverage: 1404
  New 'line' coverage: 1409
  New 'line' coverage: 1410
  New 'line' coverage: 1414
  New 'line' coverage: 1415
  New 'line' coverage: 1419
  New 'line' coverage: 1420
  New 'line' coverage: 1424
  New 'line' coverage: 1425
  New 'line' coverage: 1434
  New 'line' coverage: 1436
  New 'line' coverage: 1440
  New 'line' coverage: 1444
  New 'line' coverage: 1445
  New 'line' coverage: 1448
  New 'line' coverage: 1450
  New 'line' coverage: 1451
  New 'line' coverage: 1452
  New 'line' coverage: 1453
  New 'line' coverage: 1454
  New 'line' coverage: 1455
  New 'line' coverage: 1456
  New 'line' coverage: 1457
  New 'line' coverage: 1458
  New 'line' coverage: 1459
  New 'line' coverage: 1460
  New 'line' coverage: 1461
  New 'line' coverage: 1462
  New 'line' coverage: 1463
  New 'line' coverage: 1464
  New 'line' coverage: 1465
  New 'line' coverage: 1466
  New 'line' coverage: 1468
  New 'line' coverage: 1472
  New 'line' coverage: 1478
  New 'line' coverage: 1480
  New 'line' coverage: 1482
  New 'line' coverage: 1490
  New 'line' coverage: 1491
  New 'line' coverage: 1492
  New 'line' coverage: 1494
  New 'line' coverage: 1495
  New 'line' coverage: 1496
  New 'line' coverage: 1497
  New 'line' coverage: 1502
  New 'line' coverage: 1507
  New 'line' coverage: 1509
  New 'line' coverage: 1510
  New 'line' coverage: 1513
  New 'line' coverage: 1515
  New 'line' coverage: 1516
  New 'line' coverage: 1518
  New 'line' coverage: 1522
  New 'line' coverage: 1533
  New 'line' coverage: 1535
  New 'line' coverage: 1543
  New 'line' coverage: 1544
  New 'line' coverage: 1545
  New 'line' coverage: 1546
  New 'line' coverage: 1547
  New 'line' coverage: 1549
  New 'line' coverage: 1553
  New 'line' coverage: 1555
  New 'line' coverage: 1556
  New 'line' coverage: 1558
  New 'line' coverage: 1567
  New 'line' coverage: 1569
  New 'line' coverage: 1570
  New 'line' coverage: 1572
  New 'line' coverage: 1576
  New 'line' coverage: 1581
  New 'line' coverage: 1583
  New 'line' coverage: 1585
  New 'line' coverage: 1589
  New 'line' coverage: 1590
  New 'line' coverage: 1591
  New 'line' coverage: 1610
  New 'line' coverage: 1612
  New 'line' coverage: 1617
  New 'line' coverage: 1634
  New 'line' coverage: 1635
  New 'line' coverage: 1692
  New 'line' coverage: 1694
  New 'line' coverage: 1695
  New 'line' coverage: 1696
  New 'line' coverage: 1697
  New 'line' coverage: 1698
  New 'line' coverage: 1699
  New 'line' coverage: 1701
  New 'line' coverage: 1716
  New 'line' coverage: 1717
  New 'line' coverage: 1718
  New 'line' coverage: 1719
  New 'line' coverage: 1720
  New 'line' coverage: 1721
  New 'line' coverage: 1722
  New 'line' coverage: 1723
  New 'line' coverage: 202
  New 'line' coverage: 208
  New 'line' coverage: 213
  New 'line' coverage: 215
  New 'line' coverage: 237
  New 'line' coverage: 241
  New 'line' coverage: 242
  New 'line' coverage: 243
  New 'line' coverage: 252
  New 'line' coverage: 263
  New 'line' coverage: 264
  New 'line' coverage: 270
  New 'line' coverage: 271
  New 'line' coverage: 275
  New 'line' coverage: 279
  New 'line' coverage: 280
  New 'line' coverage: 284
  New 'line' coverage: 285
  New 'line' coverage: 286
  New 'line' coverage: 288
  New 'line' coverage: 289
  New 'line' coverage: 290
  New 'line' coverage: 291
  New 'line' coverage: 294
  New 'line' coverage: 302
  New 'line' coverage: 306
  New 'line' coverage: 307
  New 'line' coverage: 311
  New 'line' coverage: 312
  New 'line' coverage: 313
  New 'line' coverage: 315
  New 'line' coverage: 333
  New 'line' coverage: 338
  New 'line' coverage: 339
  New 'line' coverage: 344
  New 'line' coverage: 345
  New 'line' coverage: 346
  New 'line' coverage: 347
  New 'line' coverage: 350
  New 'line' coverage: 354
  New 'line' coverage: 360
  New 'line' coverage: 361
  New 'line' coverage: 362
  New 'line' coverage: 363
  New 'line' coverage: 364
  New 'line' coverage: 368
  New 'line' coverage: 371
  New 'line' coverage: 373
  New 'line' coverage: 374
  New 'line' coverage: 377
  New 'line' coverage: 382
  New 'line' coverage: 384
  New 'line' coverage: 385
  New 'line' coverage: 388
  New 'line' coverage: 392
  New 'line' coverage: 393
  New 'line' coverage: 394
  New 'line' coverage: 396
  New 'line' coverage: 397
  New 'line' coverage: 404
  New 'line' coverage: 405
  New 'line' coverage: 406
  New 'line' coverage: 443
  New 'line' coverage: 444
  New 'line' coverage: 446
  New 'line' coverage: 447
  New 'line' coverage: 479
  New 'line' coverage: 480
  New 'line' coverage: 481
  New 'line' coverage: 485
  New 'line' coverage: 489
  New 'line' coverage: 509
  New 'line' coverage: 510
  New 'line' coverage: 512
  New 'line' coverage: 514
  New 'line' coverage: 517
  New 'line' coverage: 520
  New 'line' coverage: 521
  New 'line' coverage: 522
  New 'line' coverage: 524
  New 'line' coverage: 525
  New 'line' coverage: 534
  New 'line' coverage: 535
  New 'line' coverage: 540
  New 'line' coverage: 541
  New 'line' coverage: 543
  New 'line' coverage: 552
  New 'line' coverage: 553
  New 'line' coverage: 557
  New 'line' coverage: 561
  New 'line' coverage: 562
  New 'line' coverage: 565
  New 'line' coverage: 566
  New 'line' coverage: 567
  New 'line' coverage: 568
  New 'line' coverage: 583
  New 'line' coverage: 590
  New 'line' coverage: 591
  New 'line' coverage: 592
  New 'line' coverage: 593
  New 'line' coverage: 596
  New 'line' coverage: 597
  New 'line' coverage: 599
  New 'line' coverage: 600
  New 'line' coverage: 609
  New 'line' coverage: 610
  New 'line' coverage: 611
  New 'line' coverage: 614
  New 'line' coverage: 615
  New 'line' coverage: 616
  New 'line' coverage: 617
  New 'line' coverage: 618
  New 'line' coverage: 620
  New 'line' coverage: 621
  New 'line' coverage: 622
  New 'line' coverage: 623
  New 'line' coverage: 624
  New 'line' coverage: 625
  New 'line' coverage: 627
  New 'line' coverage: 628
  New 'line' coverage: 629
  New 'line' coverage: 634
  New 'line' coverage: 653
  New 'line' coverage: 655
  New 'line' coverage: 656
  New 'line' coverage: 657
  New 'line' coverage: 658
  New 'line' coverage: 661
  New 'line' coverage: 662
  New 'line' coverage: 669
  New 'line' coverage: 670
  New 'line' coverage: 672
  New 'line' coverage: 682
  New 'line' coverage: 683
  New 'line' coverage: 685
  New 'line' coverage: 686
  New 'line' coverage: 687
  New 'line' coverage: 688
  New 'line' coverage: 689
  New 'line' coverage: 691
  New 'line' coverage: 692
  New 'line' coverage: 696
  New 'line' coverage: 698
  New 'line' coverage: 699
  New 'line' coverage: 700
  New 'line' coverage: 709
  New 'line' coverage: 710
  New 'line' coverage: 711
  New 'line' coverage: 712
  New 'line' coverage: 716
  New 'line' coverage: 718
  New 'line' coverage: 721
  New 'line' coverage: 724
  New 'line' coverage: 726
  New 'line' coverage: 727
  New 'line' coverage: 728
  New 'line' coverage: 729
  New 'line' coverage: 730
  New 'line' coverage: 731
  New 'line' coverage: 738
  New 'line' coverage: 743
  New 'line' coverage: 745
  New 'line' coverage: 747
  New 'line' coverage: 748
  New 'line' coverage: 749
  New 'line' coverage: 751
  New 'line' coverage: 752
  New 'line' coverage: 753
  New 'line' coverage: 759
  New 'line' coverage: 760
  New 'line' coverage: 761
  New 'line' coverage: 762
  New 'line' coverage: 765
  New 'line' coverage: 766
  New 'line' coverage: 767
  New 'line' coverage: 768
  New 'line' coverage: 773
  New 'line' coverage: 785
  New 'line' coverage: 786
  New 'line' coverage: 787
  New 'line' coverage: 788
  New 'line' coverage: 789
  New 'line' coverage: 790
  New 'line' coverage: 792
  New 'line' coverage: 797
  New 'line' coverage: 798
  New 'line' coverage: 799
  New 'line' coverage: 800
  New 'line' coverage: 807
  New 'line' coverage: 813
  New 'line' coverage: 817
  New 'line' coverage: 820
  New 'line' coverage: 828
  New 'line' coverage: 829
  New 'line' coverage: 831
  New 'line' coverage: 832
  New 'line' coverage: 834
  New 'line' coverage: 853
  New 'line' coverage: 854
  New 'line' coverage: 859
  New 'line' coverage: 868
  New 'line' coverage: 869
  New 'line' coverage: 870
  New 'line' coverage: 873
  New 'line' coverage: 878
  New 'line' coverage: 879
  New 'line' coverage: 884
  New 'line' coverage: 885
  New 'line' coverage: 887
  New 'line' coverage: 888
  New 'line' coverage: 890
  New 'line' coverage: 893
  New 'line' coverage: 894
  New 'line' coverage: 902
  New 'line' coverage: 903
  New 'line' coverage: 906
  New 'line' coverage: 908
  New 'line' coverage: 909
  New 'line' coverage: 912
  New 'line' coverage: 913
  New 'line' coverage: 915
  New 'line' coverage: 918
  New 'line' coverage: 919
  New 'line' coverage: 920
  New 'line' coverage: 974
  New 'line' coverage: 976
  New 'line' coverage: 977
  New 'line' coverage: 978
  New 'line' coverage: 983
  New 'line' coverage: 984
  New 'line' coverage: 986
  New 'line' coverage: 988
  New 'line' coverage: 989
  New 'line' coverage: 992
  New 'line' coverage: 994
  New 'line' coverage: 996
  New 'line' coverage: 997
  New 'line' coverage: 998
  New 'line' coverage: 999
New src file: /unibench/gdk-pixbuf-2.31.1/gdk-pixbuf/io-jpeg.c
  New 'function' coverage: _gdk_pixbuf__jpeg_fill_info()
  New 'function' coverage: _gdk_pixbuf__jpeg_fill_vtable()
  New 'line' coverage: 1449
  New 'line' coverage: 1451
  New 'line' coverage: 1452
  New 'line' coverage: 1453
  New 'line' coverage: 1454
  New 'line' coverage: 1455
  New 'line' coverage: 1456
  New 'line' coverage: 1457
  New 'line' coverage: 1459
  New 'line' coverage: 1476
  New 'line' coverage: 1477
  New 'line' coverage: 1478
  New 'line' coverage: 1479
  New 'line' coverage: 1480
  New 'line' coverage: 1481
  New 'line' coverage: 1482
  New 'line' coverage: 1483
New src file: /unibench/gdk-pixbuf-2.31.1/gdk-pixbuf/io-ani.c
  New 'function' coverage: _gdk_pixbuf__ani_fill_info()
  New 'function' coverage: _gdk_pixbuf__ani_fill_vtable()
  New 'function' coverage: ani_load_chunk()
  New 'function' coverage: context_free()
  New 'function' coverage: gdk_pixbuf__ani_image_begin_load()
  New 'function' coverage: gdk_pixbuf__ani_image_load_increment()
  New 'function' coverage: gdk_pixbuf__ani_image_stop_load()
  New 'function' coverage: prepared_callback()
  New 'function' coverage: read_int32()
  New 'function' coverage: read_int8()
  New 'function' coverage: updated_callback()
  New 'line' coverage: 100
  New 'line' coverage: 101
  New 'line' coverage: 102
  New 'line' coverage: 106
  New 'line' coverage: 110
  New 'line' coverage: 111
  New 'line' coverage: 115
  New 'line' coverage: 117
  New 'line' coverage: 120
  New 'line' coverage: 125
  New 'line' coverage: 126
  New 'line' coverage: 127
  New 'line' coverage: 128
  New 'line' coverage: 129
  New 'line' coverage: 131
  New 'line' coverage: 135
  New 'line' coverage: 138
  New 'line' coverage: 144
  New 'line' coverage: 145
  New 'line' coverage: 148
  New 'line' coverage: 149
  New 'line' coverage: 151
  New 'line' coverage: 152
  New 'line' coverage: 154
  New 'line' coverage: 157
  New 'line' coverage: 160
  New 'line' coverage: 161
  New 'line' coverage: 163
  New 'line' coverage: 165
  New 'line' coverage: 166
  New 'line' coverage: 167
  New 'line' coverage: 175
  New 'line' coverage: 176
  New 'line' coverage: 177
  New 'line' coverage: 178
  New 'line' coverage: 181
  New 'line' coverage: 185
  New 'line' coverage: 189
  New 'line' coverage: 191
  New 'line' coverage: 193
  New 'line' coverage: 197
  New 'line' coverage: 200
  New 'line' coverage: 204
  New 'line' coverage: 205
  New 'line' coverage: 207
  New 'line' coverage: 208
  New 'line' coverage: 210
  New 'line' coverage: 215
  New 'line' coverage: 217
  New 'line' coverage: 220
  New 'line' coverage: 221
  New 'line' coverage: 222
  New 'line' coverage: 224
  New 'line' coverage: 225
  New 'line' coverage: 229
  New 'line' coverage: 231
  New 'line' coverage: 235
  New 'line' coverage: 237
  New 'line' coverage: 249
  New 'line' coverage: 250
  New 'line' coverage: 255
  New 'line' coverage: 257
  New 'line' coverage: 261
  New 'line' coverage: 262
  New 'line' coverage: 263
  New 'line' coverage: 264
  New 'line' coverage: 268
  New 'line' coverage: 269
  New 'line' coverage: 277
  New 'line' coverage: 282
  New 'line' coverage: 289
  New 'line' coverage: 290
  New 'line' coverage: 291
  New 'line' coverage: 293
  New 'line' coverage: 296
  New 'line' coverage: 299
  New 'line' coverage: 301
  New 'line' coverage: 302
  New 'line' coverage: 303
  New 'line' coverage: 304
  New 'line' coverage: 305
  New 'line' coverage: 306
  New 'line' coverage: 307
  New 'line' coverage: 308
  New 'line' coverage: 309
  New 'line' coverage: 330
  New 'line' coverage: 331
  New 'line' coverage: 332
  New 'line' coverage: 333
  New 'line' coverage: 334
  New 'line' coverage: 34
  New 'line' coverage: 344
  New 'line' coverage: 345
  New 'line' coverage: 354
  New 'line' coverage: 355
  New 'line' coverage: 357
  New 'line' coverage: 358
  New 'line' coverage: 359
  New 'line' coverage: 361
  New 'line' coverage: 362
  New 'line' coverage: 363
  New 'line' coverage: 365
  New 'line' coverage: 366
  New 'line' coverage: 367
  New 'line' coverage: 376
  New 'line' coverage: 379
  New 'line' coverage: 380
  New 'line' coverage: 506
  New 'line' coverage: 507
  New 'line' coverage: 511
  New 'line' coverage: 515
  New 'line' coverage: 517
  New 'line' coverage: 518
  New 'line' coverage: 519
  New 'line' coverage: 520
  New 'line' coverage: 521
  New 'line' coverage: 522
  New 'line' coverage: 524
  New 'line' coverage: 528
  New 'line' coverage: 529
  New 'line' coverage: 537
  New 'line' coverage: 540
  New 'line' coverage: 541
  New 'line' coverage: 543
  New 'line' coverage: 547
  New 'line' coverage: 550
  New 'line' coverage: 551
  New 'line' coverage: 552
  New 'line' coverage: 554
  New 'line' coverage: 555
  New 'line' coverage: 566
  New 'line' coverage: 568
  New 'line' coverage: 570
  New 'line' coverage: 571
  New 'line' coverage: 582
  New 'line' coverage: 590
  New 'line' coverage: 592
  New 'line' coverage: 593
  New 'line' coverage: 594
  New 'line' coverage: 596
  New 'line' coverage: 598
  New 'line' coverage: 599
  New 'line' coverage: 600
  New 'line' coverage: 610
  New 'line' coverage: 611
  New 'line' coverage: 613
  New 'line' coverage: 617
  New 'line' coverage: 620
  New 'line' coverage: 623
  New 'line' coverage: 624
  New 'line' coverage: 625
  New 'line' coverage: 629
  New 'line' coverage: 634
  New 'line' coverage: 636
  New 'line' coverage: 645
  New 'line' coverage: 647
  New 'line' coverage: 648
  New 'line' coverage: 649
  New 'line' coverage: 650
  New 'line' coverage: 652
  New 'line' coverage: 667
  New 'line' coverage: 668
  New 'line' coverage: 669
  New 'line' coverage: 670
  New 'line' coverage: 671
  New 'line' coverage: 672
  New 'line' coverage: 673
  New 'line' coverage: 674
  New 'line' coverage: 94
  New 'line' coverage: 98
  New 'line' coverage: 99
New src file: /unibench/gdk-pixbuf-2.31.1/gdk-pixbuf/io-icns.c
  New 'function' coverage: _gdk_pixbuf__icns_fill_info()
  New 'function' coverage: _gdk_pixbuf__icns_fill_vtable()
  New 'line' coverage: 375
  New 'line' coverage: 377
  New 'line' coverage: 378
  New 'line' coverage: 380
  New 'line' coverage: 395
  New 'line' coverage: 396
  New 'line' coverage: 397
  New 'line' coverage: 398
  New 'line' coverage: 399
  New 'line' coverage: 400
  New 'line' coverage: 401
  New 'line' coverage: 402
  New 'line' coverage: 403
New src file: /unibench/gdk-pixbuf-2.31.1/gdk-pixbuf/io-ani-animation.c
  New 'function' coverage: gdk_pixbuf_ani_anim_class_init()
  New 'function' coverage: gdk_pixbuf_ani_anim_class_intern_init()
  New 'function' coverage: gdk_pixbuf_ani_anim_finalize()
  New 'function' coverage: gdk_pixbuf_ani_anim_get_type()
  New 'function' coverage: gdk_pixbuf_ani_anim_init()
  New 'line' coverage: 40
  New 'line' coverage: 43
  New 'line' coverage: 45
  New 'line' coverage: 48
  New 'line' coverage: 50
  New 'line' coverage: 51
  New 'line' coverage: 53
  New 'line' coverage: 55
  New 'line' coverage: 56
  New 'line' coverage: 57
  New 'line' coverage: 58
  New 'line' coverage: 59
  New 'line' coverage: 62
  New 'line' coverage: 64
  New 'line' coverage: 67
  New 'line' coverage: 68
  New 'line' coverage: 69
  New 'line' coverage: 71
  New 'line' coverage: 72
  New 'line' coverage: 73
  New 'line' coverage: 75
  New 'line' coverage: 76
New src file: /unibench/gdk-pixbuf-2.31.1/gdk-pixbuf/gdk-pixbuf-marshal.c
  New 'function' coverage: _gdk_pixbuf_marshal_VOID__INT_INT_INT_INT()
  New 'line' coverage: 107
  New 'line' coverage: 110
  New 'line' coverage: 112
  New 'line' coverage: 119
  New 'line' coverage: 120
  New 'line' coverage: 122
  New 'line' coverage: 124
  New 'line' coverage: 93
New src file: /unibench/gdk-pixbuf-2.31.1/gdk-pixbuf/pixops/pixops.c
  New 'function' coverage: _pixops_scale()
  New 'function' coverage: _pixops_scale_real()
  New 'function' coverage: pixops_scale_nearest.isra.0()
  New 'line' coverage: 2157
  New 'line' coverage: 2182
  New 'line' coverage: 2183
  New 'line' coverage: 2184
  New 'line' coverage: 2186
  New 'line' coverage: 2189
  New 'line' coverage: 2191
  New 'line' coverage: 2196
  New 'line' coverage: 2225
  New 'line' coverage: 2263
  New 'line' coverage: 2264
  New 'line' coverage: 2265
  New 'line' coverage: 2266
  New 'line' coverage: 2267
  New 'line' coverage: 2269
  New 'line' coverage: 2274
  New 'line' coverage: 250
  New 'line' coverage: 269
  New 'line' coverage: 270
  New 'line' coverage: 301
  New 'line' coverage: 305
  New 'line' coverage: 306
  New 'line' coverage: 307
  New 'line' coverage: 308
  New 'line' coverage: 310
  New 'line' coverage: 312
  New 'line' coverage: 323
  New 'line' coverage: 325
  New 'line' coverage: 332
  New 'line' coverage: 336
New src file: /unibench/gdk-pixbuf-2.31.1/gdk-pixbuf/io-wbmp.c
  New 'function' coverage: _gdk_pixbuf__wbmp_fill_info()
  New 'function' coverage: _gdk_pixbuf__wbmp_fill_vtable()
  New 'line' coverage: 345
  New 'line' coverage: 347
  New 'line' coverage: 348
  New 'line' coverage: 349
  New 'line' coverage: 350
  New 'line' coverage: 352
  New 'line' coverage: 370
  New 'line' coverage: 371
  New 'line' coverage: 372
  New 'line' coverage: 373
  New 'line' coverage: 374
  New 'line' coverage: 375
  New 'line' coverage: 376
  New 'line' coverage: 377
New src file: /unibench/gdk-pixbuf-2.31.1/gdk-pixbuf/io-bmp.c
  New 'function' coverage: _gdk_pixbuf__bmp_fill_info()
  New 'function' coverage: _gdk_pixbuf__bmp_fill_vtable()
  New 'line' coverage: 1392
  New 'line' coverage: 1394
  New 'line' coverage: 1395
  New 'line' coverage: 1396
  New 'line' coverage: 1397
  New 'line' coverage: 1398
  New 'line' coverage: 1399
  New 'line' coverage: 1401
  New 'line' coverage: 1418
  New 'line' coverage: 1419
  New 'line' coverage: 1420
  New 'line' coverage: 1421
  New 'line' coverage: 1422
  New 'line' coverage: 1423
  New 'line' coverage: 1424
  New 'line' coverage: 1425
New src file: /unibench/gdk-pixbuf-2.31.1/gdk-pixbuf/gdk-pixbuf-loader.c
  New 'function' coverage: gdk_pixbuf_loader_class_init()
  New 'function' coverage: gdk_pixbuf_loader_class_intern_init()
  New 'function' coverage: gdk_pixbuf_loader_close()
  New 'function' coverage: gdk_pixbuf_loader_eat_header_write()
  New 'function' coverage: gdk_pixbuf_loader_finalize()
  New 'function' coverage: gdk_pixbuf_loader_get_pixbuf()
  New 'function' coverage: gdk_pixbuf_loader_get_type()
  New 'function' coverage: gdk_pixbuf_loader_init()
  New 'function' coverage: gdk_pixbuf_loader_load_module()
  New 'function' coverage: gdk_pixbuf_loader_new()
  New 'function' coverage: gdk_pixbuf_loader_new_with_type()
  New 'function' coverage: gdk_pixbuf_loader_prepare()
  New 'function' coverage: gdk_pixbuf_loader_size_func()
  New 'function' coverage: gdk_pixbuf_loader_update()
  New 'function' coverage: gdk_pixbuf_loader_write()
  New 'line' coverage: 116
  New 'line' coverage: 120
  New 'line' coverage: 124
  New 'line' coverage: 126
  New 'line' coverage: 140
  New 'line' coverage: 141
  New 'line' coverage: 160
  New 'line' coverage: 161
  New 'line' coverage: 183
  New 'line' coverage: 184
  New 'line' coverage: 205
  New 'line' coverage: 206
  New 'line' coverage: 213
  New 'line' coverage: 216
  New 'line' coverage: 220
  New 'line' coverage: 221
  New 'line' coverage: 222
  New 'line' coverage: 224
  New 'line' coverage: 225
  New 'line' coverage: 228
  New 'line' coverage: 231
  New 'line' coverage: 233
  New 'line' coverage: 234
  New 'line' coverage: 236
  New 'line' coverage: 239
  New 'line' coverage: 240
  New 'line' coverage: 242
  New 'line' coverage: 244
  New 'line' coverage: 246
  New 'line' coverage: 247
  New 'line' coverage: 285
  New 'line' coverage: 287
  New 'line' coverage: 290
  New 'line' coverage: 292
  New 'line' coverage: 293
  New 'line' coverage: 296
  New 'line' coverage: 297
  New 'line' coverage: 299
  New 'line' coverage: 300
  New 'line' coverage: 301
  New 'line' coverage: 304
  New 'line' coverage: 308
  New 'line' coverage: 310
  New 'line' coverage: 312
  New 'line' coverage: 314
  New 'line' coverage: 317
  New 'line' coverage: 325
  New 'line' coverage: 326
  New 'line' coverage: 327
  New 'line' coverage: 330
  New 'line' coverage: 331
  New 'line' coverage: 333
  New 'line' coverage: 335
  New 'line' coverage: 343
  New 'line' coverage: 345
  New 'line' coverage: 346
  New 'line' coverage: 350
  New 'line' coverage: 357
  New 'line' coverage: 359
  New 'line' coverage: 360
  New 'line' coverage: 365
  New 'line' coverage: 366
  New 'line' coverage: 367
  New 'line' coverage: 391
  New 'line' coverage: 395
  New 'line' coverage: 397
  New 'line' coverage: 399
  New 'line' coverage: 404
  New 'line' coverage: 405
  New 'line' coverage: 406
  New 'line' coverage: 410
  New 'line' coverage: 413
  New 'line' coverage: 416
  New 'line' coverage: 419
  New 'line' coverage: 420
  New 'line' coverage: 421
  New 'line' coverage: 432
  New 'line' coverage: 438
  New 'line' coverage: 444
  New 'line' coverage: 445
  New 'line' coverage: 446
  New 'line' coverage: 452
  New 'line' coverage: 458
  New 'line' coverage: 460
  New 'line' coverage: 461
  New 'line' coverage: 463
  New 'line' coverage: 465
  New 'line' coverage: 492
  New 'line' coverage: 499
  New 'line' coverage: 501
  New 'line' coverage: 502
  New 'line' coverage: 504
  New 'line' coverage: 507
  New 'line' coverage: 509
  New 'line' coverage: 513
  New 'line' coverage: 514
  New 'line' coverage: 517
  New 'line' coverage: 518
  New 'line' coverage: 521
  New 'line' coverage: 523
  New 'line' coverage: 581
  New 'line' coverage: 583
  New 'line' coverage: 607
  New 'line' coverage: 612
  New 'line' coverage: 614
  New 'line' coverage: 616
  New 'line' coverage: 617
  New 'line' coverage: 618
  New 'line' coverage: 729
  New 'line' coverage: 733
  New 'line' coverage: 735
  New 'line' coverage: 737
  New 'line' coverage: 738
  New 'line' coverage: 790
  New 'line' coverage: 794
  New 'line' coverage: 796
  New 'line' coverage: 797
  New 'line' coverage: 799
  New 'line' coverage: 801
  New 'line' coverage: 807
  New 'line' coverage: 809
  New 'line' coverage: 810
  New 'line' coverage: 811
  New 'line' coverage: 818
  New 'line' coverage: 820
  New 'line' coverage: 821
  New 'line' coverage: 837
  New 'line' coverage: 839
  New 'line' coverage: 848
  New 'line' coverage: 850
New src file: /unibench/gdk-pixbuf-2.31.1/gdk-pixbuf/io-tiff.c
  New 'function' coverage: _gdk_pixbuf__tiff_fill_info()
  New 'function' coverage: _gdk_pixbuf__tiff_fill_vtable()
  New 'function' coverage: free_buffer()
  New 'function' coverage: gdk_pixbuf__tiff_image_load()
  New 'function' coverage: tiff_image_parse()
  New 'function' coverage: tiff_warning_handler()
  New 'line' coverage: 106
  New 'line' coverage: 114
  New 'line' coverage: 122
  New 'line' coverage: 131
  New 'line' coverage: 132
  New 'line' coverage: 140
  New 'line' coverage: 154
  New 'line' coverage: 156
  New 'line' coverage: 164
  New 'line' coverage: 167
  New 'line' coverage: 190
  New 'line' coverage: 192
  New 'line' coverage: 202
  New 'line' coverage: 203
  New 'line' coverage: 206
  New 'line' coverage: 212
  New 'line' coverage: 213
  New 'line' coverage: 215
  New 'line' coverage: 216
  New 'line' coverage: 220
  New 'line' coverage: 221
  New 'line' coverage: 227
  New 'line' coverage: 230
  New 'line' coverage: 256
  New 'line' coverage: 267
  New 'line' coverage: 273
  New 'line' coverage: 277
  New 'line' coverage: 284
  New 'line' coverage: 285
  New 'line' coverage: 287
  New 'line' coverage: 288
  New 'line' coverage: 292
  New 'line' coverage: 295
  New 'line' coverage: 297
  New 'line' coverage: 299
  New 'line' coverage: 61
  New 'line' coverage: 66
  New 'line' coverage: 71
  New 'line' coverage: 72
  New 'line' coverage: 756
  New 'line' coverage: 758
  New 'line' coverage: 759
  New 'line' coverage: 760
  New 'line' coverage: 761
  New 'line' coverage: 762
  New 'line' coverage: 763
  New 'line' coverage: 764
  New 'line' coverage: 766
  New 'line' coverage: 77
  New 'line' coverage: 784
  New 'line' coverage: 785
  New 'line' coverage: 786
  New 'line' coverage: 787
  New 'line' coverage: 788
  New 'line' coverage: 789
  New 'line' coverage: 79
  New 'line' coverage: 790
  New 'line' coverage: 791
  New 'line' coverage: 80
  New 'line' coverage: 83
  New 'line' coverage: 85
  New 'line' coverage: 88
  New 'line' coverage: 89
  New 'line' coverage: 98
New src file: /unibench/gdk-pixbuf-2.31.1/gdk-pixbuf/io-pcx.c
  New 'function' coverage: _gdk_pixbuf__pcx_fill_info()
  New 'function' coverage: _gdk_pixbuf__pcx_fill_vtable()
  New 'line' coverage: 725
  New 'line' coverage: 727
  New 'line' coverage: 728
  New 'line' coverage: 729
  New 'line' coverage: 730
  New 'line' coverage: 732
  New 'line' coverage: 751
  New 'line' coverage: 752
  New 'line' coverage: 753
  New 'line' coverage: 754
  New 'line' coverage: 755
  New 'line' coverage: 756
  New 'line' coverage: 757
  New 'line' coverage: 758
New src file: /unibench/gdk-pixbuf-2.31.1/gdk-pixbuf/gdk-pixbuf.c
  New 'function' coverage: free_buffer()
  New 'function' coverage: gdk_pixbuf_class_init()
  New 'function' coverage: gdk_pixbuf_class_intern_init()
  New 'function' coverage: gdk_pixbuf_error_quark()
  New 'function' coverage: gdk_pixbuf_finalize()
  New 'function' coverage: gdk_pixbuf_get_has_alpha()
  New 'function' coverage: gdk_pixbuf_get_height()
  New 'function' coverage: gdk_pixbuf_get_pixels()
  New 'function' coverage: gdk_pixbuf_get_pixels_with_length()
  New 'function' coverage: gdk_pixbuf_get_rowstride()
  New 'function' coverage: gdk_pixbuf_get_type()
  New 'function' coverage: gdk_pixbuf_get_width()
  New 'function' coverage: gdk_pixbuf_icon_iface_init()
  New 'function' coverage: gdk_pixbuf_init()
  New 'function' coverage: gdk_pixbuf_loadable_icon_iface_init()
  New 'function' coverage: gdk_pixbuf_new()
  New 'function' coverage: gdk_pixbuf_read_pixels()
  New 'function' coverage: gdk_pixbuf_set_option()
  New 'function' coverage: gdk_pixbuf_set_property()
  New 'line' coverage: 1000
  New 'line' coverage: 1001
  New 'line' coverage: 1003
  New 'line' coverage: 1004
  New 'line' coverage: 1006
  New 'line' coverage: 1007
  New 'line' coverage: 1009
  New 'line' coverage: 1010
  New 'line' coverage: 1012
  New 'line' coverage: 1013
  New 'line' coverage: 1015
  New 'line' coverage: 1016
  New 'line' coverage: 1021
  New 'line' coverage: 130
  New 'line' coverage: 135
  New 'line' coverage: 137
  New 'line' coverage: 140
  New 'line' coverage: 142
  New 'line' coverage: 144
  New 'line' coverage: 145
  New 'line' coverage: 146
  New 'line' coverage: 156
  New 'line' coverage: 166
  New 'line' coverage: 175
  New 'line' coverage: 189
  New 'line' coverage: 199
  New 'line' coverage: 209
  New 'line' coverage: 226
  New 'line' coverage: 236
  New 'line' coverage: 251
  New 'line' coverage: 258
  New 'line' coverage: 261
  New 'line' coverage: 263
  New 'line' coverage: 265
  New 'line' coverage: 266
  New 'line' coverage: 268
  New 'line' coverage: 270
  New 'line' coverage: 271
  New 'line' coverage: 389
  New 'line' coverage: 391
  New 'line' coverage: 398
  New 'line' coverage: 399
  New 'line' coverage: 400
  New 'line' coverage: 403
  New 'line' coverage: 405
  New 'line' coverage: 406
  New 'line' coverage: 407
  New 'line' coverage: 408
  New 'line' coverage: 412
  New 'line' coverage: 414
  New 'line' coverage: 415
  New 'line' coverage: 433
  New 'line' coverage: 443
  New 'line' coverage: 444
  New 'line' coverage: 445
  New 'line' coverage: 446
  New 'line' coverage: 448
  New 'line' coverage: 449
  New 'line' coverage: 450
  New 'line' coverage: 454
  New 'line' coverage: 456
  New 'line' coverage: 457
  New 'line' coverage: 460
  New 'line' coverage: 607
  New 'line' coverage: 609
  New 'line' coverage: 611
  New 'line' coverage: 644
  New 'line' coverage: 646
  New 'line' coverage: 668
  New 'line' coverage: 671
  New 'line' coverage: 673
  New 'line' coverage: 680
  New 'line' coverage: 683
  New 'line' coverage: 698
  New 'line' coverage: 700
  New 'line' coverage: 702
  New 'line' coverage: 707
  New 'line' coverage: 744
  New 'line' coverage: 746
  New 'line' coverage: 748
  New 'line' coverage: 760
  New 'line' coverage: 762
  New 'line' coverage: 764
  New 'line' coverage: 777
  New 'line' coverage: 779
  New 'line' coverage: 781
  New 'line' coverage: 814
  New 'line' coverage: 816
  New 'line' coverage: 942
  New 'line' coverage: 948
  New 'line' coverage: 950
  New 'line' coverage: 951
  New 'line' coverage: 952
  New 'line' coverage: 954
  New 'line' coverage: 956
  New 'line' coverage: 958
  New 'line' coverage: 959
  New 'line' coverage: 960
  New 'line' coverage: 964
  New 'line' coverage: 965
  New 'line' coverage: 967
  New 'line' coverage: 970
  New 'line' coverage: 971
  New 'line' coverage: 972
  New 'line' coverage: 974
  New 'line' coverage: 977
  New 'line' coverage: 981
  New 'line' coverage: 986
  New 'line' coverage: 988
  New 'line' coverage: 991
  New 'line' coverage: 992
  New 'line' coverage: 994
  New 'line' coverage: 995
  New 'line' coverage: 997
  New 'line' coverage: 998
New src file: /unibench/gdk-pixbuf-2.31.1/gdk-pixbuf/io-pnm.c
  New 'function' coverage: _gdk_pixbuf__pnm_fill_info()
  New 'function' coverage: _gdk_pixbuf__pnm_fill_vtable()
  New 'function' coverage: gdk_pixbuf__pnm_image_load()
  New 'function' coverage: pnm_read_ascii_mono_scanline()
  New 'function' coverage: pnm_read_header()
  New 'function' coverage: pnm_read_next_value()
  New 'function' coverage: pnm_read_scanline()
  New 'function' coverage: pnm_skip_whitespace.isra.0()
  New 'line' coverage: 1041
  New 'line' coverage: 1043
  New 'line' coverage: 1044
  New 'line' coverage: 1045
  New 'line' coverage: 1046
  New 'line' coverage: 1047
  New 'line' coverage: 1049
  New 'line' coverage: 1075
  New 'line' coverage: 1076
  New 'line' coverage: 1077
  New 'line' coverage: 1078
  New 'line' coverage: 1079
  New 'line' coverage: 1080
  New 'line' coverage: 1081
  New 'line' coverage: 1082
  New 'line' coverage: 172
  New 'line' coverage: 177
  New 'line' coverage: 178
  New 'line' coverage: 180
  New 'line' coverage: 181
  New 'line' coverage: 183
  New 'line' coverage: 184
  New 'line' coverage: 186
  New 'line' coverage: 189
  New 'line' coverage: 194
  New 'line' coverage: 195
  New 'line' coverage: 196
  New 'line' coverage: 209
  New 'line' coverage: 217
  New 'line' coverage: 218
  New 'line' coverage: 219
  New 'line' coverage: 221
  New 'line' coverage: 222
  New 'line' coverage: 225
  New 'line' coverage: 228
  New 'line' coverage: 229
  New 'line' coverage: 232
  New 'line' coverage: 233
  New 'line' coverage: 234
  New 'line' coverage: 237
  New 'line' coverage: 241
  New 'line' coverage: 242
  New 'line' coverage: 249
  New 'line' coverage: 251
  New 'line' coverage: 252
  New 'line' coverage: 254
  New 'line' coverage: 259
  New 'line' coverage: 264
  New 'line' coverage: 266
  New 'line' coverage: 268
  New 'line' coverage: 271
  New 'line' coverage: 274
  New 'line' coverage: 282
  New 'line' coverage: 283
  New 'line' coverage: 285
  New 'line' coverage: 287
  New 'line' coverage: 288
  New 'line' coverage: 290
  New 'line' coverage: 291
  New 'line' coverage: 312
  New 'line' coverage: 315
  New 'line' coverage: 316
  New 'line' coverage: 319
  New 'line' coverage: 321
  New 'line' coverage: 323
  New 'line' coverage: 326
  New 'line' coverage: 329
  New 'line' coverage: 337
  New 'line' coverage: 340
  New 'line' coverage: 342
  New 'line' coverage: 344
  New 'line' coverage: 347
  New 'line' coverage: 350
  New 'line' coverage: 358
  New 'line' coverage: 361
  New 'line' coverage: 366
  New 'line' coverage: 367
  New 'line' coverage: 370
  New 'line' coverage: 373
  New 'line' coverage: 381
  New 'line' coverage: 524
  New 'line' coverage: 532
  New 'line' coverage: 537
  New 'line' coverage: 539
  New 'line' coverage: 541
  New 'line' coverage: 544
  New 'line' coverage: 545
  New 'line' coverage: 548
  New 'line' coverage: 549
  New 'line' coverage: 559
  New 'line' coverage: 560
  New 'line' coverage: 561
  New 'line' coverage: 563
  New 'line' coverage: 565
  New 'line' coverage: 566
  New 'line' coverage: 567
  New 'line' coverage: 572
  New 'line' coverage: 619
  New 'line' coverage: 623
  New 'line' coverage: 627
  New 'line' coverage: 637
  New 'line' coverage: 638
  New 'line' coverage: 660
  New 'line' coverage: 668
  New 'line' coverage: 669
  New 'line' coverage: 670
  New 'line' coverage: 671
  New 'line' coverage: 672
  New 'line' coverage: 673
  New 'line' coverage: 674
  New 'line' coverage: 675
  New 'line' coverage: 676
  New 'line' coverage: 677
  New 'line' coverage: 678
  New 'line' coverage: 679
  New 'line' coverage: 680
  New 'line' coverage: 681
  New 'line' coverage: 682
  New 'line' coverage: 684
  New 'line' coverage: 690
  New 'line' coverage: 692
  New 'line' coverage: 695
  New 'line' coverage: 698
  New 'line' coverage: 709
  New 'line' coverage: 710
  New 'line' coverage: 713
  New 'line' coverage: 714
  New 'line' coverage: 715
  New 'line' coverage: 717
  New 'line' coverage: 720
  New 'line' coverage: 724
  New 'line' coverage: 725
  New 'line' coverage: 744
  New 'line' coverage: 746
  New 'line' coverage: 748
  New 'line' coverage: 752
  New 'line' coverage: 753
  New 'line' coverage: 754
  New 'line' coverage: 756
  New 'line' coverage: 757
  New 'line' coverage: 759
  New 'line' coverage: 761
  New 'line' coverage: 765
  New 'line' coverage: 768
  New 'line' coverage: 769
  New 'line' coverage: 773
  New 'line' coverage: 774
  New 'line' coverage: 776
  New 'line' coverage: 778
  New 'line' coverage: 786
  New 'line' coverage: 792
New src file: /unibench/gdk-pixbuf-2.31.1/gdk-pixbuf/io-tga.c
  New 'function' coverage: _gdk_pixbuf__tga_fill_info()
  New 'function' coverage: _gdk_pixbuf__tga_fill_vtable()
  New 'function' coverage: fill_in_context()
  New 'function' coverage: free_buffer()
  New 'function' coverage: gdk_pixbuf__tga_begin_load()
  New 'function' coverage: gdk_pixbuf__tga_load_increment()
  New 'function' coverage: gdk_pixbuf__tga_stop_load()
  New 'function' coverage: get_contiguous_pixbuf()
  New 'function' coverage: io_buffer_append()
  New 'function' coverage: io_buffer_free()
  New 'function' coverage: io_buffer_free_segment()
  New 'function' coverage: io_buffer_new()
  New 'function' coverage: parse_data_for_row()
  New 'function' coverage: parse_data_for_row_truecolor()
  New 'function' coverage: try_preload()
  New 'line' coverage: 1000
  New 'line' coverage: 1001
  New 'line' coverage: 1002
  New 'line' coverage: 1003
  New 'line' coverage: 1004
  New 'line' coverage: 1005
  New 'line' coverage: 144
  New 'line' coverage: 147
  New 'line' coverage: 148
  New 'line' coverage: 154
  New 'line' coverage: 155
  New 'line' coverage: 156
  New 'line' coverage: 159
  New 'line' coverage: 163
  New 'line' coverage: 165
  New 'line' coverage: 166
  New 'line' coverage: 167
  New 'line' coverage: 174
  New 'line' coverage: 175
  New 'line' coverage: 192
  New 'line' coverage: 196
  New 'line' coverage: 197
  New 'line' coverage: 198
  New 'line' coverage: 199
  New 'line' coverage: 200
  New 'line' coverage: 201
  New 'line' coverage: 206
  New 'line' coverage: 207
  New 'line' coverage: 208
  New 'line' coverage: 217
  New 'line' coverage: 218
  New 'line' coverage: 219
  New 'line' coverage: 220
  New 'line' coverage: 225
  New 'line' coverage: 227
  New 'line' coverage: 228
  New 'line' coverage: 229
  New 'line' coverage: 232
  New 'line' coverage: 234
  New 'line' coverage: 235
  New 'line' coverage: 237
  New 'line' coverage: 244
  New 'line' coverage: 247
  New 'line' coverage: 249
  New 'line' coverage: 251
  New 'line' coverage: 254
  New 'line' coverage: 256
  New 'line' coverage: 259
  New 'line' coverage: 302
  New 'line' coverage: 307
  New 'line' coverage: 309
  New 'line' coverage: 310
  New 'line' coverage: 312
  New 'line' coverage: 314
  New 'line' coverage: 318
  New 'line' coverage: 319
  New 'line' coverage: 320
  New 'line' coverage: 322
  New 'line' coverage: 323
  New 'line' coverage: 325
  New 'line' coverage: 335
  New 'line' coverage: 337
  New 'line' coverage: 343
  New 'line' coverage: 344
  New 'line' coverage: 345
  New 'line' coverage: 349
  New 'line' coverage: 351
  New 'line' coverage: 353
  New 'line' coverage: 354
  New 'line' coverage: 356
  New 'line' coverage: 357
  New 'line' coverage: 379
  New 'line' coverage: 380
  New 'line' coverage: 381
  New 'line' coverage: 382
  New 'line' coverage: 383
  New 'line' coverage: 384
  New 'line' coverage: 388
  New 'line' coverage: 390
  New 'line' coverage: 391
  New 'line' coverage: 392
  New 'line' coverage: 408
  New 'line' coverage: 412
  New 'line' coverage: 414
  New 'line' coverage: 415
  New 'line' coverage: 419
  New 'line' coverage: 421
  New 'line' coverage: 422
  New 'line' coverage: 425
  New 'line' coverage: 426
  New 'line' coverage: 427
  New 'line' coverage: 429
  New 'line' coverage: 430
  New 'line' coverage: 432
  New 'line' coverage: 433
  New 'line' coverage: 724
  New 'line' coverage: 726
  New 'line' coverage: 727
  New 'line' coverage: 728
  New 'line' coverage: 729
  New 'line' coverage: 735
  New 'line' coverage: 736
  New 'line' coverage: 759
  New 'line' coverage: 761
  New 'line' coverage: 762
  New 'line' coverage: 768
  New 'line' coverage: 774
  New 'line' coverage: 786
  New 'line' coverage: 810
  New 'line' coverage: 816
  New 'line' coverage: 817
  New 'line' coverage: 818
  New 'line' coverage: 819
  New 'line' coverage: 821
  New 'line' coverage: 826
  New 'line' coverage: 834
  New 'line' coverage: 835
  New 'line' coverage: 836
  New 'line' coverage: 837
  New 'line' coverage: 843
  New 'line' coverage: 850
  New 'line' coverage: 851
  New 'line' coverage: 858
  New 'line' coverage: 859
  New 'line' coverage: 860
  New 'line' coverage: 862
  New 'line' coverage: 863
  New 'line' coverage: 865
  New 'line' coverage: 866
  New 'line' coverage: 867
  New 'line' coverage: 868
  New 'line' coverage: 870
  New 'line' coverage: 871
  New 'line' coverage: 876
  New 'line' coverage: 877
  New 'line' coverage: 878
  New 'line' coverage: 880
  New 'line' coverage: 881
  New 'line' coverage: 882
  New 'line' coverage: 883
  New 'line' coverage: 885
  New 'line' coverage: 888
  New 'line' coverage: 893
  New 'line' coverage: 894
  New 'line' coverage: 896
  New 'line' coverage: 899
  New 'line' coverage: 900
  New 'line' coverage: 901
  New 'line' coverage: 903
  New 'line' coverage: 904
  New 'line' coverage: 906
  New 'line' coverage: 908
  New 'line' coverage: 912
  New 'line' coverage: 916
  New 'line' coverage: 917
  New 'line' coverage: 918
  New 'line' coverage: 920
  New 'line' coverage: 922
  New 'line' coverage: 924
  New 'line' coverage: 931
  New 'line' coverage: 933
  New 'line' coverage: 934
  New 'line' coverage: 936
  New 'line' coverage: 937
  New 'line' coverage: 946
  New 'line' coverage: 947
  New 'line' coverage: 951
  New 'line' coverage: 952
  New 'line' coverage: 953
  New 'line' coverage: 954
  New 'line' coverage: 955
  New 'line' coverage: 959
  New 'line' coverage: 960
  New 'line' coverage: 961
  New 'line' coverage: 970
  New 'line' coverage: 972
  New 'line' coverage: 973
  New 'line' coverage: 974
  New 'line' coverage: 975
  New 'line' coverage: 977
  New 'line' coverage: 998
  New 'line' coverage: 999
New src file: /unibench/gdk-pixbuf-2.31.1/gdk-pixbuf/io-ico.c
  New 'function' coverage: DecodeHeader()
  New 'function' coverage: OneLine()
  New 'function' coverage: OneLine32()
  New 'function' coverage: OneLineTransp()
  New 'function' coverage: _gdk_pixbuf__ico_fill_info()
  New 'function' coverage: _gdk_pixbuf__ico_fill_vtable()
  New 'function' coverage: compare_direntry_scores()
  New 'function' coverage: context_free()
  New 'function' coverage: gdk_pixbuf__ico_image_begin_load()
  New 'function' coverage: gdk_pixbuf__ico_image_load_increment()
  New 'function' coverage: gdk_pixbuf__ico_image_stop_load()
  New 'line' coverage: 1240
  New 'line' coverage: 1242
  New 'line' coverage: 1243
  New 'line' coverage: 1244
  New 'line' coverage: 1245
  New 'line' coverage: 1246
  New 'line' coverage: 1248
  New 'line' coverage: 1267
  New 'line' coverage: 1268
  New 'line' coverage: 1269
  New 'line' coverage: 1270
  New 'line' coverage: 1271
  New 'line' coverage: 1272
  New 'line' coverage: 1273
  New 'line' coverage: 1274
  New 'line' coverage: 180
  New 'line' coverage: 182
  New 'line' coverage: 183
  New 'line' coverage: 184
  New 'line' coverage: 185
  New 'line' coverage: 186
  New 'line' coverage: 187
  New 'line' coverage: 189
  New 'line' coverage: 190
  New 'line' coverage: 193
  New 'line' coverage: 196
  New 'line' coverage: 197
  New 'line' coverage: 200
  New 'line' coverage: 203
  New 'line' coverage: 212
  New 'line' coverage: 222
  New 'line' coverage: 231
  New 'line' coverage: 233
  New 'line' coverage: 236
  New 'line' coverage: 245
  New 'line' coverage: 247
  New 'line' coverage: 249
  New 'line' coverage: 261
  New 'line' coverage: 266
  New 'line' coverage: 267
  New 'line' coverage: 268
  New 'line' coverage: 269
  New 'line' coverage: 270
  New 'line' coverage: 271
  New 'line' coverage: 272
  New 'line' coverage: 273
  New 'line' coverage: 274
  New 'line' coverage: 275
  New 'line' coverage: 276
  New 'line' coverage: 277
  New 'line' coverage: 281
  New 'line' coverage: 282
  New 'line' coverage: 283
  New 'line' coverage: 285
  New 'line' coverage: 294
  New 'line' coverage: 296
  New 'line' coverage: 304
  New 'line' coverage: 305
  New 'line' coverage: 306
  New 'line' coverage: 313
  New 'line' coverage: 314
  New 'line' coverage: 316
  New 'line' coverage: 319
  New 'line' coverage: 322
  New 'line' coverage: 323
  New 'line' coverage: 332
  New 'line' coverage: 341
  New 'line' coverage: 342
  New 'line' coverage: 343
  New 'line' coverage: 350
  New 'line' coverage: 351
  New 'line' coverage: 352
  New 'line' coverage: 359
  New 'line' coverage: 360
  New 'line' coverage: 362
  New 'line' coverage: 369
  New 'line' coverage: 371
  New 'line' coverage: 372
  New 'line' coverage: 378
  New 'line' coverage: 379
  New 'line' coverage: 380
  New 'line' coverage: 382
  New 'line' coverage: 384
  New 'line' coverage: 387
  New 'line' coverage: 389
  New 'line' coverage: 397
  New 'line' coverage: 409
  New 'line' coverage: 413
  New 'line' coverage: 417
  New 'line' coverage: 420
  New 'line' coverage: 421
  New 'line' coverage: 423
  New 'line' coverage: 424
  New 'line' coverage: 446
  New 'line' coverage: 450
  New 'line' coverage: 451
  New 'line' coverage: 452
  New 'line' coverage: 461
  New 'line' coverage: 464
  New 'line' coverage: 466
  New 'line' coverage: 467
  New 'line' coverage: 468
  New 'line' coverage: 470
  New 'line' coverage: 471
  New 'line' coverage: 478
  New 'line' coverage: 479
  New 'line' coverage: 482
  New 'line' coverage: 489
  New 'line' coverage: 491
  New 'line' coverage: 492
  New 'line' coverage: 493
  New 'line' coverage: 494
  New 'line' coverage: 497
  New 'line' coverage: 499
  New 'line' coverage: 514
  New 'line' coverage: 522
  New 'line' coverage: 523
  New 'line' coverage: 524
  New 'line' coverage: 525
  New 'line' coverage: 526
  New 'line' coverage: 528
  New 'line' coverage: 529
  New 'line' coverage: 530
  New 'line' coverage: 539
  New 'line' coverage: 540
  New 'line' coverage: 542
  New 'line' coverage: 543
  New 'line' coverage: 544
  New 'line' coverage: 545
  New 'line' coverage: 547
  New 'line' coverage: 549
  New 'line' coverage: 552
  New 'line' coverage: 555
  New 'line' coverage: 564
  New 'line' coverage: 567
  New 'line' coverage: 574
  New 'line' coverage: 576
  New 'line' coverage: 577
  New 'line' coverage: 581
  New 'line' coverage: 586
  New 'line' coverage: 587
  New 'line' coverage: 588
  New 'line' coverage: 589
  New 'line' coverage: 590
  New 'line' coverage: 595
  New 'line' coverage: 596
  New 'line' coverage: 597
  New 'line' coverage: 598
  New 'line' coverage: 599
  New 'line' coverage: 600
  New 'line' coverage: 602
  New 'line' coverage: 758
  New 'line' coverage: 764
  New 'line' coverage: 797
  New 'line' coverage: 799
  New 'line' coverage: 801
  New 'line' coverage: 805
  New 'line' coverage: 806
  New 'line' coverage: 807
  New 'line' coverage: 821
  New 'line' coverage: 823
  New 'line' coverage: 824
  New 'line' coverage: 825
  New 'line' coverage: 826
  New 'line' coverage: 827
  New 'line' coverage: 830
  New 'line' coverage: 831
  New 'line' coverage: 836
  New 'line' coverage: 837
  New 'line' coverage: 855
  New 'line' coverage: 860
  New 'line' coverage: 865
  New 'line' coverage: 866
  New 'line' coverage: 867
  New 'line' coverage: 869
  New 'line' coverage: 871
  New 'line' coverage: 872
  New 'line' coverage: 874
  New 'line' coverage: 877
  New 'line' coverage: 878
  New 'line' coverage: 879
  New 'line' coverage: 882
  New 'line' coverage: 883
  New 'line' coverage: 884
  New 'line' coverage: 885
  New 'line' coverage: 887
  New 'line' coverage: 888
  New 'line' coverage: 892
  New 'line' coverage: 893
  New 'line' coverage: 894
  New 'line' coverage: 896
  New 'line' coverage: 898
  New 'line' coverage: 903
  New 'line' coverage: 904
  New 'line' coverage: 905
  New 'line' coverage: 907
  New 'line' coverage: 910
New src file: /unibench/gdk-pixbuf-2.31.1/gdk-pixbuf/io-pixdata.c
  New 'function' coverage: _gdk_pixbuf__pixdata_fill_info()
  New 'function' coverage: _gdk_pixbuf__pixdata_fill_vtable()
  New 'function' coverage: pixdata_image_begin_load()
  New 'function' coverage: pixdata_image_load_increment()
  New 'function' coverage: pixdata_image_stop_load()
  New 'function' coverage: try_load()
  New 'line' coverage: 101
  New 'line' coverage: 103
  New 'line' coverage: 106
  New 'line' coverage: 108
  New 'line' coverage: 110
  New 'line' coverage: 112
  New 'line' coverage: 116
  New 'line' coverage: 118
  New 'line' coverage: 120
  New 'line' coverage: 122
  New 'line' coverage: 127
  New 'line' coverage: 129
  New 'line' coverage: 133
  New 'line' coverage: 135
  New 'line' coverage: 152
  New 'line' coverage: 154
  New 'line' coverage: 160
  New 'line' coverage: 162
  New 'line' coverage: 163
  New 'line' coverage: 164
  New 'line' coverage: 165
  New 'line' coverage: 167
  New 'line' coverage: 182
  New 'line' coverage: 183
  New 'line' coverage: 184
  New 'line' coverage: 185
  New 'line' coverage: 186
  New 'line' coverage: 187
  New 'line' coverage: 188
  New 'line' coverage: 189
  New 'line' coverage: 190
  New 'line' coverage: 42
  New 'line' coverage: 45
  New 'line' coverage: 49
  New 'line' coverage: 56
  New 'line' coverage: 57
  New 'line' coverage: 60
  New 'line' coverage: 61
  New 'line' coverage: 62
  New 'line' coverage: 63
  New 'line' coverage: 65
  New 'line' coverage: 67
  New 'line' coverage: 70
  New 'line' coverage: 74
  New 'line' coverage: 77
  New 'line' coverage: 78
  New 'line' coverage: 79
  New 'line' coverage: 83
  New 'line' coverage: 85
  New 'line' coverage: 88
  New 'line' coverage: 90
  New 'line' coverage: 91
  New 'line' coverage: 94
New src file: /unibench/gdk-pixbuf-2.31.1/gdk-pixbuf/io-qtif.c
  New 'function' coverage: _gdk_pixbuf__qtif_fill_info()
  New 'function' coverage: _gdk_pixbuf__qtif_fill_vtable()
  New 'function' coverage: gdk_pixbuf__qtif_image_load()
  New 'line' coverage: 118
  New 'line' coverage: 122
  New 'line' coverage: 130
  New 'line' coverage: 136
  New 'line' coverage: 137
  New 'line' coverage: 145
  New 'line' coverage: 146
  New 'line' coverage: 157
  New 'line' coverage: 164
  New 'line' coverage: 165
  New 'line' coverage: 168
  New 'line' coverage: 169
  New 'line' coverage: 182
  New 'line' coverage: 183
  New 'line' coverage: 195
  New 'line' coverage: 197
  New 'line' coverage: 205
  New 'line' coverage: 210
  New 'line' coverage: 215
  New 'line' coverage: 217
  New 'line' coverage: 218
  New 'line' coverage: 219
  New 'line' coverage: 221
  New 'line' coverage: 223
  New 'line' coverage: 225
  New 'line' coverage: 227
  New 'line' coverage: 585
  New 'line' coverage: 587
  New 'line' coverage: 588
  New 'line' coverage: 589
  New 'line' coverage: 590
  New 'line' coverage: 591
  New 'line' coverage: 593
  New 'line' coverage: 611
  New 'line' coverage: 612
  New 'line' coverage: 613
  New 'line' coverage: 614
  New 'line' coverage: 615
  New 'line' coverage: 616
  New 'line' coverage: 617
  New 'line' coverage: 618
New src file: /unibench/gdk-pixbuf-2.31.1/gdk-pixbuf/gdk-pixbuf-pixdata.c
  New 'function' coverage: main()
  New 'function' coverage: parse_args.isra.0()
  New 'line' coverage: 100
  New 'line' coverage: 101
  New 'line' coverage: 103
  New 'line' coverage: 107
  New 'line' coverage: 110
  New 'line' coverage: 111
  New 'line' coverage: 114
  New 'line' coverage: 116
  New 'line' coverage: 121
  New 'line' coverage: 122
  New 'line' coverage: 128
  New 'line' coverage: 129
  New 'line' coverage: 135
  New 'line' coverage: 148
  New 'line' coverage: 150
  New 'line' coverage: 158
  New 'line' coverage: 161
  New 'line' coverage: 163
  New 'line' coverage: 44
  New 'line' coverage: 48
  New 'line' coverage: 57
  New 'line' coverage: 59
  New 'line' coverage: 68
  New 'line' coverage: 74
  New 'line' coverage: 77
  New 'line' coverage: 78
  New 'line' coverage: 80
  New 'line' coverage: 82
  New 'line' coverage: 83
  New 'line' coverage: 84
  New 'line' coverage: 87
  New 'line' coverage: 88
  New 'line' coverage: 90
  New 'line' coverage: 99
New src file: /unibench/gdk-pixbuf-2.31.1/gdk-pixbuf/io-ras.c
  New 'function' coverage: _gdk_pixbuf__ras_fill_info()
  New 'function' coverage: _gdk_pixbuf__ras_fill_vtable()
  New 'line' coverage: 517
  New 'line' coverage: 519
  New 'line' coverage: 520
  New 'line' coverage: 521
  New 'line' coverage: 522
  New 'line' coverage: 524
  New 'line' coverage: 540
  New 'line' coverage: 541
  New 'line' coverage: 542
  New 'line' coverage: 543
  New 'line' coverage: 544
  New 'line' coverage: 545
  New 'line' coverage: 546
  New 'line' coverage: 547
New src file: /unibench/gdk-pixbuf-2.31.1/gdk-pixbuf/io-png.c
  New 'function' coverage: _gdk_pixbuf__png_fill_info()
  New 'function' coverage: _gdk_pixbuf__png_fill_vtable()
  New 'function' coverage: gdk_pixbuf__png_image_load()
  New 'function' coverage: png_free_callback()
  New 'function' coverage: png_malloc_callback()
  New 'function' coverage: png_simple_error_callback()
  New 'function' coverage: png_text_to_pixbuf_option.isra.0()
  New 'function' coverage: setup_png_transformations()
  New 'line' coverage: 103
  New 'line' coverage: 109
  New 'line' coverage: 1090
  New 'line' coverage: 1092
  New 'line' coverage: 1093
  New 'line' coverage: 1094
  New 'line' coverage: 1095
  New 'line' coverage: 1096
  New 'line' coverage: 1097
  New 'line' coverage: 1098
  New 'line' coverage: 1100
  New 'line' coverage: 1115
  New 'line' coverage: 1116
  New 'line' coverage: 1117
  New 'line' coverage: 1118
  New 'line' coverage: 1119
  New 'line' coverage: 1120
  New 'line' coverage: 1121
  New 'line' coverage: 1122
  New 'line' coverage: 114
  New 'line' coverage: 116
  New 'line' coverage: 124
  New 'line' coverage: 125
  New 'line' coverage: 126
  New 'line' coverage: 130
  New 'line' coverage: 138
  New 'line' coverage: 146
  New 'line' coverage: 155
  New 'line' coverage: 156
  New 'line' coverage: 167
  New 'line' coverage: 172
  New 'line' coverage: 177
  New 'line' coverage: 178
  New 'line' coverage: 185
  New 'line' coverage: 201
  New 'line' coverage: 205
  New 'line' coverage: 209
  New 'line' coverage: 210
  New 'line' coverage: 215
  New 'line' coverage: 216
  New 'line' coverage: 223
  New 'line' coverage: 224
  New 'line' coverage: 234
  New 'line' coverage: 236
  New 'line' coverage: 240
  New 'line' coverage: 242
  New 'line' coverage: 243
  New 'line' coverage: 247
  New 'line' coverage: 249
  New 'line' coverage: 255
  New 'line' coverage: 267
  New 'line' coverage: 280
  New 'line' coverage: 283
  New 'line' coverage: 284
  New 'line' coverage: 289
  New 'line' coverage: 290
  New 'line' coverage: 292
  New 'line' coverage: 293
  New 'line' coverage: 295
  New 'line' coverage: 299
  New 'line' coverage: 300
  New 'line' coverage: 302
  New 'line' coverage: 307
  New 'line' coverage: 309
  New 'line' coverage: 322
  New 'line' coverage: 324
  New 'line' coverage: 325
  New 'line' coverage: 327
  New 'line' coverage: 328
  New 'line' coverage: 330
  New 'line' coverage: 331
  New 'line' coverage: 332
  New 'line' coverage: 333
  New 'line' coverage: 334
  New 'line' coverage: 335
  New 'line' coverage: 34
  New 'line' coverage: 341
  New 'line' coverage: 344
  New 'line' coverage: 351
  New 'line' coverage: 352
  New 'line' coverage: 354
  New 'line' coverage: 48
  New 'line' coverage: 49
  New 'line' coverage: 56
  New 'line' coverage: 67
  New 'line' coverage: 73
  New 'line' coverage: 79
  New 'line' coverage: 86
  New 'line' coverage: 98
New src file: /unibench/gdk-pixbuf-2.31.1/gdk-pixbuf/gdk-pixbuf-animation.c
  New 'function' coverage: gdk_pixbuf_animation_class_intern_init()
  New 'function' coverage: gdk_pixbuf_animation_get_height()
  New 'function' coverage: gdk_pixbuf_animation_get_static_image()
  New 'function' coverage: gdk_pixbuf_animation_get_type()
  New 'function' coverage: gdk_pixbuf_animation_get_width()
  New 'function' coverage: gdk_pixbuf_animation_init()
  New 'function' coverage: gdk_pixbuf_non_anim_class_init()
  New 'function' coverage: gdk_pixbuf_non_anim_class_intern_init()
  New 'function' coverage: gdk_pixbuf_non_anim_finalize()
  New 'function' coverage: gdk_pixbuf_non_anim_get_size()
  New 'function' coverage: gdk_pixbuf_non_anim_get_static_image()
  New 'function' coverage: gdk_pixbuf_non_anim_get_type()
  New 'function' coverage: gdk_pixbuf_non_anim_init()
  New 'function' coverage: gdk_pixbuf_non_anim_new()
  New 'line' coverage: 105
  New 'line' coverage: 107
  New 'line' coverage: 593
  New 'line' coverage: 595
  New 'line' coverage: 597
  New 'line' coverage: 609
  New 'line' coverage: 613
  New 'line' coverage: 615
  New 'line' coverage: 616
  New 'line' coverage: 620
  New 'line' coverage: 632
  New 'line' coverage: 636
  New 'line' coverage: 638
  New 'line' coverage: 639
  New 'line' coverage: 643
  New 'line' coverage: 839
  New 'line' coverage: 842
  New 'line' coverage: 844
  New 'line' coverage: 845
  New 'line' coverage: 847
  New 'line' coverage: 849
  New 'line' coverage: 850
  New 'line' coverage: 851
  New 'line' coverage: 852
  New 'line' coverage: 853
  New 'line' coverage: 856
  New 'line' coverage: 858
  New 'line' coverage: 861
  New 'line' coverage: 863
  New 'line' coverage: 865
  New 'line' coverage: 866
  New 'line' coverage: 868
  New 'line' coverage: 869
  New 'line' coverage: 872
  New 'line' coverage: 876
  New 'line' coverage: 878
  New 'line' coverage: 880
  New 'line' coverage: 881
  New 'line' coverage: 883
  New 'line' coverage: 894
  New 'line' coverage: 898
  New 'line' coverage: 900
  New 'line' coverage: 904
  New 'line' coverage: 910
  New 'line' coverage: 912
  New 'line' coverage: 913
  New 'line' coverage: 915
  New 'line' coverage: 916
  New 'line' coverage: 917
  New 'line' coverage: 97
New src file: /unibench/gdk-pixbuf-2.31.1/gdk-pixbuf/io-xbm.c
  New 'function' coverage: _gdk_pixbuf__xbm_fill_info()
  New 'function' coverage: _gdk_pixbuf__xbm_fill_vtable()
  New 'line' coverage: 473
  New 'line' coverage: 475
  New 'line' coverage: 476
  New 'line' coverage: 477
  New 'line' coverage: 478
  New 'line' coverage: 479
  New 'line' coverage: 481
  New 'line' coverage: 497
  New 'line' coverage: 498
  New 'line' coverage: 499
  New 'line' coverage: 500
  New 'line' coverage: 501
  New 'line' coverage: 502
  New 'line' coverage: 503
  New 'line' coverage: 504
New src file: /unibench/gdk-pixbuf-2.31.1/gdk-pixbuf/gdk-pixbuf-util.c
  New 'function' coverage: gdk_pixbuf_copy_area()
  New 'function' coverage: gdk_pixbuf_gettext()
  New 'line' coverage: 146
  New 'line' coverage: 152
  New 'line' coverage: 153
  New 'line' coverage: 155
  New 'line' coverage: 156
  New 'line' coverage: 158
  New 'line' coverage: 159
  New 'line' coverage: 161
  New 'line' coverage: 165
  New 'line' coverage: 169
  New 'line' coverage: 170
  New 'line' coverage: 379
  New 'line' coverage: 383
  New 'line' coverage: 384
  New 'line' coverage: 386
  New 'line' coverage: 388
  New 'line' coverage: 391
New src file: /unibench/gdk-pixbuf-2.31.1/gdk-pixbuf/io-gif-animation.c
  New 'function' coverage: gdk_pixbuf_gif_anim_class_init()
  New 'function' coverage: gdk_pixbuf_gif_anim_class_intern_init()
  New 'function' coverage: gdk_pixbuf_gif_anim_finalize()
  New 'function' coverage: gdk_pixbuf_gif_anim_get_size()
  New 'function' coverage: gdk_pixbuf_gif_anim_get_static_image()
  New 'function' coverage: gdk_pixbuf_gif_anim_get_type()
  New 'function' coverage: gdk_pixbuf_gif_anim_init()
  New 'line' coverage: 103
  New 'line' coverage: 105
  New 'line' coverage: 108
  New 'line' coverage: 112
  New 'line' coverage: 118
  New 'line' coverage: 120
  New 'line' coverage: 121
  New 'line' coverage: 123
  New 'line' coverage: 124
  New 'line' coverage: 125
  New 'line' coverage: 43
  New 'line' coverage: 46
  New 'line' coverage: 48
  New 'line' coverage: 51
  New 'line' coverage: 53
  New 'line' coverage: 54
  New 'line' coverage: 56
  New 'line' coverage: 58
  New 'line' coverage: 59
  New 'line' coverage: 60
  New 'line' coverage: 61
  New 'line' coverage: 62
  New 'line' coverage: 65
  New 'line' coverage: 67
  New 'line' coverage: 72
  New 'line' coverage: 73
  New 'line' coverage: 74
  New 'line' coverage: 75
  New 'line' coverage: 77
  New 'line' coverage: 79
  New 'line' coverage: 82
  New 'line' coverage: 84
  New 'line' coverage: 85
  New 'line' coverage: 99

[+] Processed 247 / 247 test cases.

[+] Final zero coverage report: ./raw_data/formatfuzzer/group_2/outputs_group1_1/gdk-pixbuf-pixdata/gdk-pixbuf-pixdata_formatfuzz_3/ffgen/cov/zero-cov
[+] Final positive coverage report: ./raw_data/formatfuzzer/group_2/outputs_group1_1/gdk-pixbuf-pixdata/gdk-pixbuf-pixdata_formatfuzz_3/ffgen/cov/pos-cov
    lines......: 24.1% (2323 of 9621 lines)
    functions..: 31.6% (197 of 624 functions)
[+] Final lcov web report: ./raw_data/formatfuzzer/group_2/outputs_group1_1/gdk-pixbuf-pixdata/gdk-pixbuf-pixdata_formatfuzz_3/ffgen/cov/web/index.html
