
*** Imported 342 new test cases from: ./raw_data/weizz/group_2/outputs_group1_1/jhead/jhead_weizz_2/queue

[+] AFL test case: id:000000,time:0,orig:24.jpg (0 / 342), cycle: 0
[+] AFL test case: id:000001,time:0,orig:goldenears.jpg (1 / 342), cycle: 0
[+] AFL test case: id:000002,time:0,orig:goldenears_gray.jpg (2 / 342), cycle: 0
[+] AFL test case: id:000003,src:000001,time:50,op:getdeps,pos:0,+cov (3 / 342), cycle: 0
[+] AFL test case: id:000004,src:000001,time:58,op:getdeps,pos:0,+cov (4 / 342), cycle: 0
[+] AFL test case: id:000005,src:000001,time:62,op:getdeps,pos:0,+cov (5 / 342), cycle: 0
[+] AFL test case: id:000006,src:000001,time:66,op:getdeps,pos:0 (6 / 342), cycle: 0
[+] AFL test case: id:000007,src:000001,time:72,op:getdeps,pos:0,+cov (7 / 342), cycle: 0
[+] AFL test case: id:000008,src:000001,time:77,op:getdeps,pos:0 (8 / 342), cycle: 0
[+] AFL test case: id:000009,src:000001,time:83,op:getdeps,pos:0 (9 / 342), cycle: 0
[+] AFL test case: id:000010,src:000001,time:88,op:getdeps,pos:0,+cov (10 / 342), cycle: 0
[+] AFL test case: id:000011,src:000001,time:92,op:getdeps,pos:0 (11 / 342), cycle: 0
[+] AFL test case: id:000012,src:000001,time:98,op:getdeps,pos:0 (12 / 342), cycle: 0
[+] AFL test case: id:000013,src:000001,time:105,op:getdeps,pos:0 (13 / 342), cycle: 0
[+] AFL test case: id:000014,src:000001,time:117,op:getdeps,pos:0,+cov (14 / 342), cycle: 0
[+] AFL test case: id:000015,src:000001,time:134,op:getdeps,pos:0,+cov (15 / 342), cycle: 0
[+] AFL test case: id:000016,src:000001,time:140,op:getdeps,pos:0 (16 / 342), cycle: 0
[+] AFL test case: id:000017,src:000001,time:153,op:getdeps,pos:0 (17 / 342), cycle: 0
[+] AFL test case: id:000018,src:000001,time:164,op:getdeps,pos:0 (18 / 342), cycle: 0
[+] AFL test case: id:000019,src:000001,time:172,op:getdeps,pos:0,+cov (19 / 342), cycle: 0
[+] AFL test case: id:000020,src:000001,time:188,op:getdeps,pos:0,+cov (20 / 342), cycle: 0
[+] AFL test case: id:000021,src:000001,time:195,op:getdeps,pos:0,+cov (21 / 342), cycle: 0
[+] AFL test case: id:000022,src:000001,time:201,op:getdeps,pos:0,+cov (22 / 342), cycle: 0
[+] AFL test case: id:000023,src:000001,time:211,op:getdeps,pos:0 (23 / 342), cycle: 0
[+] AFL test case: id:000024,src:000001,time:215,op:getdeps,pos:0 (24 / 342), cycle: 0
[+] AFL test case: id:000025,src:000001,time:220,op:getdeps,pos:0 (25 / 342), cycle: 0
[+] AFL test case: id:000026,src:000001,time:230,op:getdeps,pos:0 (26 / 342), cycle: 0
[+] AFL test case: id:000027,src:000001,time:236,op:getdeps,pos:0,+cov (27 / 342), cycle: 0
[+] AFL test case: id:000028,src:000001,time:244,op:getdeps,pos:0 (28 / 342), cycle: 0
[+] AFL test case: id:000029,src:000001,time:503,op:getdeps,pos:3 (29 / 342), cycle: 0
[+] AFL test case: id:000030,src:000001,time:508,op:getdeps,pos:3,+cov (30 / 342), cycle: 0
[+] AFL test case: id:000031,src:000001,time:516,op:getdeps,pos:3,+cov (31 / 342), cycle: 0
[+] AFL test case: id:000032,src:000001,time:524,op:getdeps,pos:4 (32 / 342), cycle: 0
[+] AFL test case: id:000033,src:000001,time:529,op:getdeps,pos:4 (33 / 342), cycle: 0
[+] AFL test case: id:000034,src:000001,time:633,op:getdeps,pos:21,+cov (34 / 342), cycle: 0
[+] AFL test case: id:000035,src:000001,time:638,op:getdeps,pos:21 (35 / 342), cycle: 0
[+] AFL test case: id:000036,src:000001,time:645,op:getdeps,pos:22,+cov (36 / 342), cycle: 0
[+] AFL test case: id:000037,src:000001,time:651,op:getdeps,pos:22 (37 / 342), cycle: 0
[+] AFL test case: id:000038,src:000001,time:655,op:getdeps,pos:22 (38 / 342), cycle: 0
[+] AFL test case: id:000039,src:000001,time:660,op:getdeps,pos:22 (39 / 342), cycle: 0
[+] AFL test case: id:000040,src:000001,time:664,op:getdeps,pos:23 (40 / 342), cycle: 0
[+] AFL test case: id:000041,src:000001,time:673,op:getdeps,pos:23 (41 / 342), cycle: 0
[+] AFL test case: id:000042,src:000001,time:678,op:getdeps,pos:23 (42 / 342), cycle: 0
[+] AFL test case: id:000043,src:000001,time:1075,op:getdeps,pos:90,+cov (43 / 342), cycle: 0
[+] AFL test case: id:000044,src:000001,time:1082,op:getdeps,pos:91 (44 / 342), cycle: 0
[+] AFL test case: id:000045,src:000001,time:1089,op:getdeps,pos:91 (45 / 342), cycle: 0
[+] AFL test case: id:000046,src:000001,time:1094,op:getdeps,pos:92 (46 / 342), cycle: 0
[+] AFL test case: id:000047,src:000001,time:1100,op:getdeps,pos:92 (47 / 342), cycle: 0
[+] AFL test case: id:000048,src:000001,time:1506,op:getdeps,pos:159 (48 / 342), cycle: 0
[+] AFL test case: id:000049,src:000001,time:1514,op:getdeps,pos:159,+cov (49 / 342), cycle: 0
[+] AFL test case: id:000050,src:000001,time:1519,op:getdeps,pos:159,+cov (50 / 342), cycle: 0
[+] AFL test case: id:000051,src:000001,time:1637,op:getdeps,pos:178,+cov (51 / 342), cycle: 0
[+] AFL test case: id:000052,src:000001,time:1642,op:getdeps,pos:178,+cov (52 / 342), cycle: 0
[+] AFL test case: id:000053,src:000001,time:1649,op:getdeps,pos:179,+cov (53 / 342), cycle: 0
[+] AFL test case: id:000054,src:000001,time:1829,op:getdeps,pos:208 (54 / 342), cycle: 0
[+] AFL test case: id:000055,src:000001,time:1840,op:getdeps,pos:209 (55 / 342), cycle: 0
[+] AFL test case: id:000056,src:000001,time:2589,op:getdeps,pos:328 (56 / 342), cycle: 0
[+] AFL test case: id:000057,src:000001,time:19076,op:cmp,rep:0,+cov (57 / 342), cycle: 0
[+] AFL test case: id:000058,src:000001,time:19082,op:cmp,rep:0,+cov (58 / 342), cycle: 0
[+] AFL test case: id:000059,src:000001,time:19144,op:cmp,rep:0 (59 / 342), cycle: 0
[+] AFL test case: id:000060,src:000001,time:19171,op:cmp,rep:0,+cov (60 / 342), cycle: 0
[+] AFL test case: id:000061,src:000001,time:19251,op:cmp,rep:0,+cov (61 / 342), cycle: 0
[+] AFL test case: id:000062,src:000001,time:19258,op:cmp,rep:0,+cov (62 / 342), cycle: 0
[+] AFL test case: id:000063,src:000001,time:19266,op:havoc,rep:64 (63 / 342), cycle: 0
[+] AFL test case: id:000064,src:000001,time:19274,op:havoc,rep:16 (64 / 342), cycle: 0
[+] AFL test case: id:000065,src:000001,time:19280,op:havoc,rep:128 (65 / 342), cycle: 0
[+] AFL test case: id:000066,src:000001,time:19299,op:havoc,rep:64 (66 / 342), cycle: 0
[+] AFL test case: id:000067,src:000001,time:19336,op:havoc,rep:64 (67 / 342), cycle: 0
[+] AFL test case: id:000068,src:000001,time:19346,op:havoc,rep:128 (68 / 342), cycle: 0
[+] AFL test case: id:000069,src:000001,time:19461,op:havoc,rep:128 (69 / 342), cycle: 0
[+] AFL test case: id:000070,src:000001,time:19499,op:tags,rep:32 (70 / 342), cycle: 0
[+] AFL test case: id:000071,src:000001,time:19527,op:havoc,rep:64 (71 / 342), cycle: 0
[+] AFL test case: id:000072,src:000001,time:19538,op:havoc,rep:64 (72 / 342), cycle: 0
[+] AFL test case: id:000073,src:000001,time:19543,op:havoc,rep:32,+cov (73 / 342), cycle: 0
[+] AFL test case: id:000074,src:000001,time:19550,op:havoc,rep:64 (74 / 342), cycle: 0
[+] AFL test case: id:000075,src:000001,time:19557,op:tags,rep:2,+cov (75 / 342), cycle: 0
[+] AFL test case: id:000076,src:000001,time:19571,op:havoc,rep:64 (76 / 342), cycle: 0
[+] AFL test case: id:000077,src:000001,time:19668,op:tags,rep:8,+cov (77 / 342), cycle: 0
[+] AFL test case: id:000078,src:000001,time:19716,op:tags,rep:8,+cov (78 / 342), cycle: 0
[+] AFL test case: id:000079,src:000001,time:19725,op:havoc,rep:32 (79 / 342), cycle: 0
[+] AFL test case: id:000080,src:000001,time:19991,op:havoc,rep:128 (80 / 342), cycle: 0
[+] AFL test case: id:000081,src:000001,time:20064,op:tags,rep:8,+cov (81 / 342), cycle: 0
[+] AFL test case: id:000082,src:000001,time:20115,op:tags,rep:32 (82 / 342), cycle: 0
[+] AFL test case: id:000083,src:000001,time:20132,op:havoc,rep:64 (83 / 342), cycle: 0
[+] AFL test case: id:000084,src:000001,time:20164,op:havoc,rep:128 (84 / 342), cycle: 0
[+] AFL test case: id:000085,src:000001,time:20292,op:havoc,rep:128 (85 / 342), cycle: 0
[+] AFL test case: id:000086,src:000001,time:20387,op:tags,rep:8 (86 / 342), cycle: 0
[+] AFL test case: id:000087,src:000001,time:20405,op:havoc,rep:128 (87 / 342), cycle: 0
[+] AFL test case: id:000088,src:000001,time:20475,op:havoc,rep:8 (88 / 342), cycle: 0
[+] AFL test case: id:000089,src:000001,time:20501,op:havoc,rep:32,+cov (89 / 342), cycle: 0
[+] AFL test case: id:000090,src:000001,time:20514,op:tags,rep:8,+cov (90 / 342), cycle: 0
[+] AFL test case: id:000091,src:000001,time:20690,op:tags,rep:16 (91 / 342), cycle: 0
[+] AFL test case: id:000092,src:000001,time:20786,op:havoc,rep:32 (92 / 342), cycle: 0
[+] AFL test case: id:000093,src:000001,time:20963,op:havoc,rep:128 (93 / 342), cycle: 0
[+] AFL test case: id:000094,src:000001,time:20999,op:havoc,rep:8 (94 / 342), cycle: 0
[+] AFL test case: id:000095,src:000001,time:21114,op:havoc,rep:64 (95 / 342), cycle: 0
[+] AFL test case: id:000096,src:000001,time:21386,op:tags,rep:16 (96 / 342), cycle: 0
[+] AFL test case: id:000097,src:000001,time:21394,op:havoc,rep:8,+cov (97 / 342), cycle: 0
[+] AFL test case: id:000098,src:000001,time:21424,op:havoc,rep:64,+cov (98 / 342), cycle: 0
[+] AFL test case: id:000099,src:000001,time:21892,op:havoc,rep:128 (99 / 342), cycle: 0
[+] AFL test case: id:000100,src:000001,time:21904,op:havoc,rep:64 (100 / 342), cycle: 0
[+] AFL test case: id:000101,src:000001,time:22186,op:havoc,rep:64 (101 / 342), cycle: 0
[+] AFL test case: id:000102,src:000001,time:22506,op:tags,rep:32 (102 / 342), cycle: 0
[+] AFL test case: id:000103,src:000001,time:23106,op:havoc,rep:128 (103 / 342), cycle: 0
[+] AFL test case: id:000104,src:000001,time:23391,op:tags,rep:64,+cov (104 / 342), cycle: 0
[+] AFL test case: id:000105,src:000001,time:24152,op:havoc,rep:32 (105 / 342), cycle: 0
[+] AFL test case: id:000106,src:000001,time:25298,op:havoc,rep:64 (106 / 342), cycle: 0
[+] AFL test case: id:000107,src:000001,time:25350,op:havoc,rep:16,+cov (107 / 342), cycle: 0
[+] AFL test case: id:000108,src:000001,time:26396,op:havoc,rep:64,+cov (108 / 342), cycle: 0
[+] AFL test case: id:000109,src:000001+000100,time:26823,op:splice,rep:16 (109 / 342), cycle: 0
[+] AFL test case: id:000110,src:000016,time:27233,op:tags,rep:64 (110 / 342), cycle: 0
[+] AFL test case: id:000111,src:000016,time:27283,op:tags,rep:16,+cov (111 / 342), cycle: 0
[+] AFL test case: id:000112,src:000016,time:27591,op:tags,rep:128 (112 / 342), cycle: 0
[+] AFL test case: id:000113,src:000020,time:30374,op:havoc,rep:128 (113 / 342), cycle: 0
[+] AFL test case: id:000114,src:000021+000006,time:31521,op:splice,rep:128,+cov (114 / 342), cycle: 0
[+] AFL test case: id:000115,src:000030,time:32036,op:tags,rep:32 (115 / 342), cycle: 0
[+] AFL test case: id:000116,src:000030,time:32317,op:tags,rep:128 (116 / 342), cycle: 0
[+] AFL test case: id:000117,src:000030,time:32338,op:havoc,rep:32,+cov (117 / 342), cycle: 0
[+] AFL test case: id:000118,src:000030,time:32387,op:tags,rep:32 (118 / 342), cycle: 0
[+] AFL test case: id:000119,src:000030,time:34274,op:havoc,rep:128 (119 / 342), cycle: 0
[+] AFL test case: id:000120,src:000030,time:34701,op:havoc,rep:16,+cov (120 / 342), cycle: 0
[+] AFL test case: id:000121,src:000030,time:35683,op:tags,rep:16,+cov (121 / 342), cycle: 0
[+] AFL test case: id:000122,src:000030,time:35908,op:tags,rep:8 (122 / 342), cycle: 0
[+] AFL test case: id:000123,src:000030,time:36901,op:havoc,rep:128 (123 / 342), cycle: 0
[+] AFL test case: id:000124,src:000030,time:37118,op:tags,rep:2 (124 / 342), cycle: 0
[+] AFL test case: id:000125,src:000030,time:37419,op:tags,rep:64 (125 / 342), cycle: 0
[+] AFL test case: id:000126,src:000031,time:39355,op:havoc,rep:64 (126 / 342), cycle: 0
[+] AFL test case: id:000127,src:000031,time:39393,op:havoc,rep:8 (127 / 342), cycle: 0
[+] AFL test case: id:000128,src:000034+000049,time:40797,op:splice,rep:64,+cov (128 / 342), cycle: 0
[+] AFL test case: id:000129,src:000039+000071,time:41356,op:splice,rep:64 (129 / 342), cycle: 0
[+] AFL test case: id:000130,src:000051,time:43222,op:tags,rep:128 (130 / 342), cycle: 0
[+] AFL test case: id:000131,src:000051,time:43291,op:havoc,rep:128 (131 / 342), cycle: 0
[+] AFL test case: id:000132,src:000051,time:43549,op:tags,rep:16 (132 / 342), cycle: 0
[+] AFL test case: id:000133,src:000057,time:45985,op:havoc,rep:128 (133 / 342), cycle: 0
[+] AFL test case: id:000134,src:000060,time:47147,op:tags,rep:128 (134 / 342), cycle: 0
[+] AFL test case: id:000135,src:000061+000048,time:48243,op:splice,rep:128 (135 / 342), cycle: 0
[+] AFL test case: id:000136,src:000062+000044,time:48822,op:splice,rep:128 (136 / 342), cycle: 0
[+] AFL test case: id:000137,src:000070,time:49259,op:havoc,rep:32 (137 / 342), cycle: 0
[+] AFL test case: id:000138,src:000077+000135,time:51191,op:splice,rep:128 (138 / 342), cycle: 0
[+] AFL test case: id:000139,src:000081+000122,time:51675,op:splice,rep:32 (139 / 342), cycle: 0
[+] AFL test case: id:000140,src:000081+000122,time:51680,op:splice,rep:128 (140 / 342), cycle: 0
[+] AFL test case: id:000141,src:000081+000122,time:51698,op:splice,rep:128 (141 / 342), cycle: 0
[+] AFL test case: id:000142,src:000081+000122,time:51726,op:splice,rep:32 (142 / 342), cycle: 0
[+] AFL test case: id:000143,src:000081+000122,time:51753,op:splice,rep:16 (143 / 342), cycle: 0
[+] AFL test case: id:000144,src:000081+000122,time:51823,op:splice,rep:4,+cov (144 / 342), cycle: 0
[+] AFL test case: id:000145,src:000081+000122,time:51838,op:splice,rep:128 (145 / 342), cycle: 0
[+] AFL test case: id:000146,src:000081+000122,time:51989,op:splice,rep:128,+cov (146 / 342), cycle: 0
[+] AFL test case: id:000147,src:000081+000122,time:52080,op:splice,rep:128 (147 / 342), cycle: 0
[+] AFL test case: id:000148,src:000081+000122,time:52120,op:splice,rep:64 (148 / 342), cycle: 0
[+] AFL test case: id:000149,src:000081+000122,time:52125,op:splice,rep:64 (149 / 342), cycle: 0
[+] AFL test case: id:000150,src:000081+000122,time:52148,op:splice,rep:32 (150 / 342), cycle: 0
[+] AFL test case: id:000151,src:000089+000084,time:52893,op:splice,rep:4 (151 / 342), cycle: 0
[+] AFL test case: id:000152,src:000090,time:53034,op:havoc,rep:8 (152 / 342), cycle: 0
[+] AFL test case: id:000153,src:000090,time:53041,op:havoc,rep:16 (153 / 342), cycle: 0
[+] AFL test case: id:000154,src:000090,time:53062,op:havoc,rep:2 (154 / 342), cycle: 0
[+] AFL test case: id:000155,src:000090,time:53095,op:havoc,rep:32 (155 / 342), cycle: 0
[+] AFL test case: id:000156,src:000090,time:53184,op:havoc,rep:16,+cov (156 / 342), cycle: 0
[+] AFL test case: id:000157,src:000090,time:53271,op:tags,rep:16 (157 / 342), cycle: 0
[+] AFL test case: id:000158,src:000090,time:54068,op:havoc,rep:16 (158 / 342), cycle: 0
[+] AFL test case: id:000159,src:000090,time:54330,op:tags,rep:32 (159 / 342), cycle: 0
[+] AFL test case: id:000160,src:000090,time:54888,op:tags,rep:32 (160 / 342), cycle: 0
[+] AFL test case: id:000161,src:000090,time:57983,op:tags,rep:16,+cov (161 / 342), cycle: 0
[+] AFL test case: id:000162,src:000090,time:59062,op:tags,rep:16 (162 / 342), cycle: 0
[+] AFL test case: id:000163,src:000104+000125,time:61122,op:splice,rep:64 (163 / 342), cycle: 0
[+] AFL test case: id:000164,src:000107+000116,time:62140,op:splice,rep:128 (164 / 342), cycle: 0
[+] AFL test case: id:000165,src:000120+000098,time:65781,op:splice,rep:16 (165 / 342), cycle: 0
[+] AFL test case: id:000166,src:000138,time:67655,op:havoc,rep:16 (166 / 342), cycle: 0
[+] AFL test case: id:000167,src:000144,time:68448,op:havoc,rep:16 (167 / 342), cycle: 0
[+] AFL test case: id:000168,src:000165,time:71683,op:havoc,rep:32 (168 / 342), cycle: 0
[+] AFL test case: id:000169,src:000165,time:72086,op:havoc,rep:8 (169 / 342), cycle: 0
[+] AFL test case: id:000170,src:000166,time:74529,op:havoc,rep:32 (170 / 342), cycle: 0
[+] AFL test case: id:000171,src:000168+000170,time:75980,op:splice,rep:16 (171 / 342), cycle: 0
[+] AFL test case: id:000172,src:000043+000120,time:83941,op:splice,rep:32 (172 / 342), cycle: 0
[+] AFL test case: id:000173,src:000061+000091,time:95834,op:splice,rep:128 (173 / 342), cycle: 0
[+] AFL test case: id:000174,src:000061+000091,time:95866,op:splice,rep:8 (174 / 342), cycle: 0
[+] AFL test case: id:000175,src:000097+000134,time:103134,op:splice,rep:32 (175 / 342), cycle: 0
[+] AFL test case: id:000176,src:000104+000093,time:105805,op:splice,rep:16 (176 / 342), cycle: 0
[+] AFL test case: id:000177,src:000117+000174,time:108447,op:splice,rep:64 (177 / 342), cycle: 0
[+] AFL test case: id:000178,src:000117+000174,time:108470,op:splice,rep:64 (178 / 342), cycle: 0
[+] AFL test case: id:000179,src:000133+000006,time:110405,op:splice,rep:4 (179 / 342), cycle: 0
[+] AFL test case: id:000180,src:000146+000021,time:111868,op:splice,rep:128 (180 / 342), cycle: 0
[+] AFL test case: id:000181,src:000146+000082,time:112061,op:splice,rep:16 (181 / 342), cycle: 0
[+] AFL test case: id:000182,src:000155+000133,time:113546,op:splice,rep:4 (182 / 342), cycle: 0
[+] AFL test case: id:000183,src:000155+000133,time:113553,op:splice,rep:128 (183 / 342), cycle: 0
[+] AFL test case: id:000184,src:000155+000133,time:113561,op:splice,rep:16 (184 / 342), cycle: 0
[+] AFL test case: id:000185,src:000155+000133,time:113568,op:splice,rep:128 (185 / 342), cycle: 0
[+] AFL test case: id:000186,src:000155+000133,time:113589,op:splice,rep:32 (186 / 342), cycle: 0
[+] AFL test case: id:000187,src:000155+000133,time:113649,op:splice,rep:32 (187 / 342), cycle: 0
[+] AFL test case: id:000188,src:000155+000133,time:113681,op:splice,rep:16 (188 / 342), cycle: 0
[+] AFL test case: id:000189,src:000155+000133,time:114293,op:splice,rep:128 (189 / 342), cycle: 0
[+] AFL test case: id:000190,src:000162,time:115925,op:havoc,rep:64 (190 / 342), cycle: 0
[+] AFL test case: id:000191,src:000165+000175,time:117755,op:splice,rep:4 (191 / 342), cycle: 0
[+] AFL test case: id:000192,src:000176,time:122538,op:havoc,rep:8 (192 / 342), cycle: 0
[+] AFL test case: id:000193,src:000176,time:122781,op:havoc,rep:16 (193 / 342), cycle: 0
[+] AFL test case: id:000194,src:000176,time:123550,op:havoc,rep:16 (194 / 342), cycle: 0
[+] AFL test case: id:000195,src:000190+000194,time:131193,op:splice,rep:16 (195 / 342), cycle: 0
[+] AFL test case: id:000196,src:000058,time:171101,op:getdeps,rep:4 (196 / 342), cycle: 0
[+] AFL test case: id:000197,src:000097+000196,time:181008,op:splice,rep:64 (197 / 342), cycle: 0
[+] AFL test case: id:000198,src:000123+000033,time:188242,op:splice,rep:64 (198 / 342), cycle: 0
[+] AFL test case: id:000199,src:000131,time:190160,op:havoc,rep:16 (199 / 342), cycle: 0
[+] AFL test case: id:000200,src:000131,time:190481,op:havoc,rep:64 (200 / 342), cycle: 0
[+] AFL test case: id:000201,src:000143+000192,time:194607,op:splice,rep:8 (201 / 342), cycle: 0
[+] AFL test case: id:000202,src:000164,time:199554,op:havoc,rep:128 (202 / 342), cycle: 0
[+] AFL test case: id:000203,src:000164,time:199748,op:havoc,rep:128 (203 / 342), cycle: 0
[+] AFL test case: id:000204,src:000164,time:199776,op:havoc,rep:128 (204 / 342), cycle: 0
[+] AFL test case: id:000205,src:000179,time:206185,op:havoc,rep:2 (205 / 342), cycle: 0
[+] AFL test case: id:000206,src:000205,time:210546,op:havoc,rep:8 (206 / 342), cycle: 0
[+] AFL test case: id:000207,src:000149,time:344347,op:getdeps,pos:23 (207 / 342), cycle: 0
[+] AFL test case: id:000208,src:000152+000097,time:348339,op:splice,rep:16 (208 / 342), cycle: 0
[+] AFL test case: id:000209,src:000187,time:361851,op:havoc,rep:16 (209 / 342), cycle: 0
[+] AFL test case: id:000210,src:000187,time:361889,op:havoc,rep:32 (210 / 342), cycle: 0
[+] AFL test case: id:000211,src:000187,time:362251,op:havoc,rep:32 (211 / 342), cycle: 0
[+] AFL test case: id:000212,src:000187,time:364395,op:havoc,rep:64 (212 / 342), cycle: 0
[+] AFL test case: id:000213,src:000196,time:371830,op:havoc,rep:4 (213 / 342), cycle: 0
[+] AFL test case: id:000214,src:000213,time:373437,op:havoc,rep:4 (214 / 342), cycle: 0
[+] AFL test case: id:000215,src:000150+000125,time:412194,op:splice,rep:16 (215 / 342), cycle: 0
[+] AFL test case: id:000216,src:000181+000112,time:422299,op:splice,rep:16 (216 / 342), cycle: 0
[+] AFL test case: id:000217,src:000205+000198,time:423677,op:splice,rep:4 (217 / 342), cycle: 0
[+] AFL test case: id:000218,src:000216+000209,time:427758,op:splice,rep:16 (218 / 342), cycle: 0
[+] AFL test case: id:000219,src:000218,time:429903,op:havoc,rep:32 (219 / 342), cycle: 0
[+] AFL test case: id:000220,src:000206+000198,time:450811,op:splice,rep:4 (220 / 342), cycle: 0
[+] AFL test case: id:000221,src:000215,time:460716,op:havoc,rep:64 (221 / 342), cycle: 0
[+] AFL test case: id:000222,src:000157+000168,time:524078,op:splice,rep:16 (222 / 342), cycle: 0
[+] AFL test case: id:000223,src:000204,time:602079,op:havoc,rep:8 (223 / 342), cycle: 0
[+] AFL test case: id:000224,src:000204,time:602339,op:havoc,rep:64 (224 / 342), cycle: 0
[+] AFL test case: id:000225,src:000204,time:603017,op:havoc,rep:8 (225 / 342), cycle: 0
[+] AFL test case: id:000226,src:000204,time:603495,op:havoc,rep:16 (226 / 342), cycle: 0
[+] AFL test case: id:000227,src:000206+000177,time:609553,op:splice,rep:32 (227 / 342), cycle: 0
[+] AFL test case: id:000228,src:000210,time:610340,op:havoc,rep:128 (228 / 342), cycle: 0
[+] AFL test case: id:000229,src:000210,time:610801,op:havoc,rep:64 (229 / 342), cycle: 0
[+] AFL test case: id:000230,src:000210,time:610842,op:havoc,rep:32 (230 / 342), cycle: 0
[+] AFL test case: id:000231,src:000210,time:610909,op:havoc,rep:32 (231 / 342), cycle: 0
[+] AFL test case: id:000232,src:000210,time:611066,op:havoc,rep:128,+cov (232 / 342), cycle: 0
[+] AFL test case: id:000233,src:000210,time:611095,op:havoc,rep:64 (233 / 342), cycle: 0
[+] AFL test case: id:000234,src:000210,time:611274,op:havoc,rep:64 (234 / 342), cycle: 0
[+] AFL test case: id:000235,src:000210,time:611511,op:havoc,rep:8 (235 / 342), cycle: 0
[+] AFL test case: id:000236,src:000210,time:611766,op:havoc,rep:8 (236 / 342), cycle: 0
[+] AFL test case: id:000237,src:000210,time:612574,op:havoc,rep:16 (237 / 342), cycle: 0
[+] AFL test case: id:000238,src:000210,time:613173,op:havoc,rep:16 (238 / 342), cycle: 0
[+] AFL test case: id:000239,src:000210+000225,time:615388,op:splice,rep:64 (239 / 342), cycle: 0
[+] AFL test case: id:000240,src:000235,time:617025,op:havoc,rep:2 (240 / 342), cycle: 0
[+] AFL test case: id:000241,src:000235,time:617702,op:havoc,rep:4 (241 / 342), cycle: 0
[+] AFL test case: id:000242,src:000235,time:618178,op:havoc,rep:32 (242 / 342), cycle: 0
[+] AFL test case: id:000243,src:000235,time:619239,op:havoc,rep:2 (243 / 342), cycle: 0
[+] AFL test case: id:000244,src:000240+000178,time:626675,op:splice,rep:32 (244 / 342), cycle: 0
[+] AFL test case: id:000245,src:000243,time:628454,op:havoc,rep:128 (245 / 342), cycle: 0
[+] AFL test case: id:000246,src:000243,time:628885,op:havoc,rep:128 (246 / 342), cycle: 0
[+] AFL test case: id:000247,src:000243,time:629096,op:havoc,rep:128 (247 / 342), cycle: 0
[+] AFL test case: id:000248,src:000243+000081,time:633131,op:splice,rep:4 (248 / 342), cycle: 0
[+] AFL test case: id:000249,src:000244,time:634464,op:havoc,rep:16 (249 / 342), cycle: 0
[+] AFL test case: id:000250,src:000244,time:634514,op:havoc,rep:8 (250 / 342), cycle: 0
[+] AFL test case: id:000251,src:000244,time:634931,op:havoc,rep:32 (251 / 342), cycle: 0
[+] AFL test case: id:000252,src:000244+000175,time:640574,op:splice,rep:64 (252 / 342), cycle: 0
[+] AFL test case: id:000253,src:000248+000222,time:644664,op:splice,rep:64 (253 / 342), cycle: 0
[+] AFL test case: id:000254,src:000248+000222,time:644709,op:splice,rep:64 (254 / 342), cycle: 0
[+] AFL test case: id:000255,src:000249,time:647507,op:havoc,rep:16 (255 / 342), cycle: 0
[+] AFL test case: id:000256,src:000249,time:647581,op:havoc,rep:32 (256 / 342), cycle: 0
[+] AFL test case: id:000257,src:000249,time:647974,op:havoc,rep:16 (257 / 342), cycle: 0
[+] AFL test case: id:000258,src:000249,time:648260,op:havoc,rep:16 (258 / 342), cycle: 0
[+] AFL test case: id:000259,src:000249,time:648939,op:havoc,rep:64 (259 / 342), cycle: 0
[+] AFL test case: id:000260,src:000249+000252,time:652536,op:splice,rep:128 (260 / 342), cycle: 0
[+] AFL test case: id:000261,src:000250,time:655197,op:havoc,rep:128 (261 / 342), cycle: 0
[+] AFL test case: id:000262,src:000250,time:656496,op:havoc,rep:16 (262 / 342), cycle: 0
[+] AFL test case: id:000263,src:000250+000085,time:659457,op:splice,rep:64 (263 / 342), cycle: 0
[+] AFL test case: id:000264,src:000252,time:662715,op:havoc,rep:16 (264 / 342), cycle: 0
[+] AFL test case: id:000265,src:000252+000261,time:669015,op:splice,rep:8 (265 / 342), cycle: 0
[+] AFL test case: id:000266,src:000261,time:671030,op:havoc,rep:16 (266 / 342), cycle: 0
[+] AFL test case: id:000267,src:000261,time:671084,op:havoc,rep:128 (267 / 342), cycle: 0
[+] AFL test case: id:000268,src:000261,time:671244,op:havoc,rep:32 (268 / 342), cycle: 0
[+] AFL test case: id:000269,src:000261,time:672094,op:havoc,rep:64 (269 / 342), cycle: 0
[+] AFL test case: id:000270,src:000261,time:672457,op:havoc,rep:128 (270 / 342), cycle: 0
[+] AFL test case: id:000271,src:000261,time:673509,op:havoc,rep:64 (271 / 342), cycle: 0
[+] AFL test case: id:000272,src:000062+000228,time:684605,op:splice,rep:4 (272 / 342), cycle: 0
[+] AFL test case: id:000273,src:000062+000228,time:684619,op:splice,rep:4 (273 / 342), cycle: 0
[+] AFL test case: id:000274,src:000062+000228,time:684632,op:splice,rep:16 (274 / 342), cycle: 0
[+] AFL test case: id:000275,src:000062+000228,time:684755,op:splice,rep:4 (275 / 342), cycle: 0
[+] AFL test case: id:000276,src:000062+000228,time:684951,op:splice,rep:8 (276 / 342), cycle: 0
[+] AFL test case: id:000277,src:000087+000195,time:689414,op:splice,rep:8 (277 / 342), cycle: 0
[+] AFL test case: id:000278,src:000089+000274,time:690201,op:splice,rep:8 (278 / 342), cycle: 0
[+] AFL test case: id:000279,src:000094+000167,time:690817,op:splice,rep:8 (279 / 342), cycle: 0
[+] AFL test case: id:000280,src:000097,time:691218,op:tags,rep:16 (280 / 342), cycle: 0
[+] AFL test case: id:000281,src:000108+000280,time:694064,op:splice,rep:4 (281 / 342), cycle: 0
[+] AFL test case: id:000282,src:000149+000266,time:703484,op:splice,rep:32 (282 / 342), cycle: 0
[+] AFL test case: id:000283,src:000167,time:706326,op:havoc,rep:2 (283 / 342), cycle: 0
[+] AFL test case: id:000284,src:000171,time:710000,op:havoc,rep:8 (284 / 342), cycle: 0
[+] AFL test case: id:000285,src:000198,time:716903,op:havoc,rep:32 (285 / 342), cycle: 0
[+] AFL test case: id:000286,src:000199,time:719016,op:havoc,rep:4 (286 / 342), cycle: 0
[+] AFL test case: id:000287,src:000206+000283,time:726658,op:splice,rep:16 (287 / 342), cycle: 0
[+] AFL test case: id:000288,src:000208+000280,time:729626,op:splice,rep:32 (288 / 342), cycle: 0
[+] AFL test case: id:000289,src:000220,time:732531,op:havoc,rep:16 (289 / 342), cycle: 0
[+] AFL test case: id:000290,src:000220+000276,time:735484,op:splice,rep:16 (290 / 342), cycle: 0
[+] AFL test case: id:000291,src:000264,time:1035860,op:havoc,rep:16 (291 / 342), cycle: 0
[+] AFL test case: id:000292,src:000272,time:1102221,op:havoc,rep:16 (292 / 342), cycle: 0
[+] AFL test case: id:000293,src:000272+000128,time:1104330,op:splice,rep:64 (293 / 342), cycle: 0
[+] AFL test case: id:000294,src:000272+000128,time:1104344,op:splice,rep:64 (294 / 342), cycle: 0
[+] AFL test case: id:000295,src:000293,time:1114232,op:havoc,rep:2 (295 / 342), cycle: 0
[+] AFL test case: id:000296,src:000293,time:1114591,op:havoc,rep:8 (296 / 342), cycle: 0
[+] AFL test case: id:000297,src:000293,time:1114825,op:havoc,rep:32 (297 / 342), cycle: 0
[+] AFL test case: id:000298,src:000295,time:1122708,op:havoc,rep:4 (298 / 342), cycle: 0
[+] AFL test case: id:000299,src:000295,time:1123522,op:havoc,rep:8 (299 / 342), cycle: 0
[+] AFL test case: id:000300,src:000295+000130,time:1128934,op:splice,rep:32 (300 / 342), cycle: 0
[+] AFL test case: id:000301,src:000075+000284,time:1140709,op:splice,rep:16 (301 / 342), cycle: 0
[+] AFL test case: id:000302,src:000083+000290,time:1141625,op:splice,rep:8 (302 / 342), cycle: 0
[+] AFL test case: id:000303,src:000083+000301,time:1141741,op:splice,rep:64 (303 / 342), cycle: 0
[+] AFL test case: id:000304,src:000122+000286,time:1150101,op:splice,rep:4 (304 / 342), cycle: 0
[+] AFL test case: id:000305,src:000123+000303,time:1150590,op:splice,rep:16 (305 / 342), cycle: 0
[+] AFL test case: id:000306,src:000199+000303,time:1219055,op:splice,rep:8 (306 / 342), cycle: 0
[+] AFL test case: id:000307,src:000219+000274,time:1227189,op:splice,rep:128 (307 / 342), cycle: 0
[+] AFL test case: id:000308,src:000251+000232,time:1436834,op:splice,rep:16 (308 / 342), cycle: 0
[+] AFL test case: id:000309,src:000260+000247,time:1721948,op:splice,rep:32 (309 / 342), cycle: 0
[+] AFL test case: id:000310,src:000260+000247,time:1722005,op:splice,rep:128 (310 / 342), cycle: 0
[+] AFL test case: id:000311,src:000292,time:1937536,op:havoc,rep:8 (311 / 342), cycle: 0
[+] AFL test case: id:000312,src:000299,time:1946180,op:havoc,rep:16 (312 / 342), cycle: 0
[+] AFL test case: id:000313,src:000304,time:1950743,op:havoc,rep:32 (313 / 342), cycle: 0
[+] AFL test case: id:000314,src:000304+000272,time:1953984,op:splice,rep:64 (314 / 342), cycle: 0
[+] AFL test case: id:000315,src:000310+000309,time:1965130,op:splice,rep:16 (315 / 342), cycle: 0
[+] AFL test case: id:000316,src:000310+000309,time:1965325,op:splice,rep:64 (316 / 342), cycle: 0
[+] AFL test case: id:000317,src:000310+000309,time:1965421,op:splice,rep:64 (317 / 342), cycle: 0
[+] AFL test case: id:000318,src:000043+000308,time:1989343,op:splice,rep:16 (318 / 342), cycle: 0
[+] AFL test case: id:000319,src:000089+000317,time:1999172,op:splice,rep:8 (319 / 342), cycle: 0
[+] AFL test case: id:000320,src:000116+000313,time:2007118,op:splice,rep:4 (320 / 342), cycle: 0
[+] AFL test case: id:000321,src:000170+000301,time:2017244,op:splice,rep:64 (321 / 342), cycle: 0
[+] AFL test case: id:000322,src:000168+000312,time:2577038,op:splice,rep:8 (322 / 342), cycle: 0
[+] AFL test case: id:000323,src:000218+000321,time:2597638,op:splice,rep:16 (323 / 342), cycle: 0
[+] AFL test case: id:000324,src:000255+000283,time:2803839,op:splice,rep:8 (324 / 342), cycle: 0
[+] AFL test case: id:000325,src:000286+000321,time:2811725,op:splice,rep:64 (325 / 342), cycle: 0
[+] AFL test case: id:000326,src:000149+000322,time:2857060,op:splice,rep:2 (326 / 342), cycle: 0
[+] AFL test case: id:000327,src:000326,time:3048316,op:havoc,rep:32 (327 / 342), cycle: 0
[+] AFL test case: id:000328,src:000049+000302,time:3059967,op:splice,rep:2 (328 / 342), cycle: 0
[+] AFL test case: id:000329,src:000280,time:3322719,op:havoc,rep:4 (329 / 342), cycle: 0
[+] AFL test case: id:000330,src:000329,time:3369061,op:havoc,rep:32 (330 / 342), cycle: 0
[+] AFL test case: id:000331,src:000324,time:3616996,op:havoc,rep:32 (331 / 342), cycle: 0
[+] AFL test case: id:000332,src:000330,time:3624410,op:havoc,rep:8 (332 / 342), cycle: 0
[+] AFL test case: id:000333,src:000061+000332,time:3641378,op:splice,rep:128 (333 / 342), cycle: 0
[+] AFL test case: id:000334,src:000328,time:3983856,op:havoc,rep:16 (334 / 342), cycle: 0
[+] AFL test case: id:000335,src:000271,time:6283021,op:havoc,rep:16 (335 / 342), cycle: 0
[+] AFL test case: id:000336,src:000332,time:9969857,op:havoc,rep:64 (336 / 342), cycle: 0
[+] AFL test case: id:000337,src:000306,time:11058066,op:havoc,rep:16 (337 / 342), cycle: 0
[+] AFL test case: id:000338,src:000337,time:11331353,op:havoc,rep:4 (338 / 342), cycle: 0
[+] AFL test case: id:000339,src:000338,time:11714672,op:havoc,rep:16 (339 / 342), cycle: 0
[+] AFL test case: id:000340,src:000339,time:12219843,op:havoc,rep:64 (340 / 342), cycle: 0
[+] AFL test case: id:000341,src:000318+000152,time:36931058,op:splice,rep:128 (341 / 342), cycle: 0
    lines......: 20.0% (300 of 1502 lines)
    functions..: 34.0% (18 of 53 functions)

    Coverage diff id:0... id:341...
diff id:0... -> id:341...
New src file: /unibench/jhead-3.00/jhead.c
  New 'function' coverage: CheckFileSkip()
  New 'function' coverage: ErrFatal()
  New 'function' coverage: ErrNonfatal()
  New 'function' coverage: FileTimeAsString()
  New 'function' coverage: ProcessFile()
  New 'function' coverage: main()
  New 'line' coverage: 1079
  New 'line' coverage: 1102
  New 'line' coverage: 113
  New 'line' coverage: 115
  New 'line' coverage: 1157
  New 'line' coverage: 116
  New 'line' coverage: 1160
  New 'line' coverage: 1163
  New 'line' coverage: 1166
  New 'line' coverage: 1169
  New 'line' coverage: 117
  New 'line' coverage: 1174
  New 'line' coverage: 1209
  New 'line' coverage: 1237
  New 'line' coverage: 124
  New 'line' coverage: 1240
  New 'line' coverage: 1241
  New 'line' coverage: 126
  New 'line' coverage: 128
  New 'line' coverage: 129
  New 'line' coverage: 130
  New 'line' coverage: 131
  New 'line' coverage: 1442
  New 'line' coverage: 1446
  New 'line' coverage: 1448
  New 'line' coverage: 1449
  New 'line' coverage: 1450
  New 'line' coverage: 1685
  New 'line' coverage: 1689
  New 'line' coverage: 1696
  New 'line' coverage: 1703
  New 'line' coverage: 1711
  New 'line' coverage: 1718
  New 'line' coverage: 1719
  New 'line' coverage: 1720
  New 'line' coverage: 1730
  New 'line' coverage: 1733
  New 'line' coverage: 1738
  New 'line' coverage: 1741
  New 'line' coverage: 446
  New 'line' coverage: 451
  New 'line' coverage: 461
  New 'line' coverage: 468
  New 'line' coverage: 472
  New 'line' coverage: 476
  New 'line' coverage: 783
  New 'line' coverage: 786
  New 'line' coverage: 787
  New 'line' coverage: 788
  New 'line' coverage: 793
  New 'line' coverage: 798
  New 'line' coverage: 804
  New 'line' coverage: 805
  New 'line' coverage: 807
  New 'line' coverage: 811
  New 'line' coverage: 812
  New 'line' coverage: 813
  New 'line' coverage: 818
  New 'line' coverage: 819
  New 'line' coverage: 820
  New 'line' coverage: 826
  New 'line' coverage: 836
  New 'line' coverage: 878
  New 'line' coverage: 892
  New 'line' coverage: 896
  New 'line' coverage: 898
  New 'line' coverage: 903
  New 'line' coverage: 932
  New 'line' coverage: 934
  New 'line' coverage: 937
  New 'line' coverage: 938
  New 'line' coverage: 943
  New 'line' coverage: 945
  New 'line' coverage: 946
  New 'line' coverage: 953
  New 'line' coverage: 963
  New 'line' coverage: 969
  New 'line' coverage: 975
  New 'line' coverage: 983
  New 'line' coverage: 990
  New 'line' coverage: 994
New src file: /unibench/jhead-3.00/jpgqguess.c
  New 'function' coverage: process_DHT()
  New 'function' coverage: process_DQT()
  New 'line' coverage: 100
  New 'line' coverage: 104
  New 'line' coverage: 106
  New 'line' coverage: 108
  New 'line' coverage: 109
  New 'line' coverage: 110
  New 'line' coverage: 112
  New 'line' coverage: 114
  New 'line' coverage: 115
  New 'line' coverage: 118
  New 'line' coverage: 119
  New 'line' coverage: 120
  New 'line' coverage: 122
  New 'line' coverage: 126
  New 'line' coverage: 136
  New 'line' coverage: 138
  New 'line' coverage: 139
  New 'line' coverage: 140
  New 'line' coverage: 141
  New 'line' coverage: 143
  New 'line' coverage: 144
  New 'line' coverage: 146
  New 'line' coverage: 148
  New 'line' coverage: 150
  New 'line' coverage: 154
  New 'line' coverage: 155
  New 'line' coverage: 160
  New 'line' coverage: 170
  New 'line' coverage: 176
  New 'line' coverage: 181
  New 'line' coverage: 183
  New 'line' coverage: 184
  New 'line' coverage: 187
  New 'line' coverage: 188
  New 'line' coverage: 190
  New 'line' coverage: 191
  New 'line' coverage: 194
  New 'line' coverage: 195
  New 'line' coverage: 196
  New 'line' coverage: 200
  New 'line' coverage: 205
  New 'line' coverage: 81
  New 'line' coverage: 92
  New 'line' coverage: 94
  New 'line' coverage: 95
  New 'line' coverage: 96
  New 'line' coverage: 99
New src file: /unibench/jhead-3.00/exif.c
  New 'function' coverage: ShowImageInfo()
  New 'line' coverage: 1291
  New 'line' coverage: 1293
  New 'line' coverage: 1295
  New 'line' coverage: 1299
  New 'line' coverage: 1304
  New 'line' coverage: 1308
  New 'line' coverage: 1311
  New 'line' coverage: 1313
  New 'line' coverage: 1318
  New 'line' coverage: 1322
  New 'line' coverage: 1354
  New 'line' coverage: 1362
  New 'line' coverage: 1367
  New 'line' coverage: 1371
  New 'line' coverage: 1382
  New 'line' coverage: 1385
  New 'line' coverage: 1393
  New 'line' coverage: 1397
  New 'line' coverage: 1403
  New 'line' coverage: 1413
  New 'line' coverage: 1437
  New 'line' coverage: 1451
  New 'line' coverage: 1481
  New 'line' coverage: 1490
  New 'line' coverage: 1508
  New 'line' coverage: 1512
  New 'line' coverage: 1513
  New 'line' coverage: 1518
  New 'line' coverage: 1519
  New 'line' coverage: 1522
  New 'line' coverage: 1525
  New 'line' coverage: 1531
  New 'line' coverage: 1536
  New 'line' coverage: 1539
  New 'line' coverage: 1540
  New 'line' coverage: 1541
  New 'line' coverage: 1542
  New 'line' coverage: 1543
  New 'line' coverage: 1545
  New 'line' coverage: 1559
New src file: /unibench/jhead-3.00/iptc.c
  New 'function' coverage: show_IPTC()
  New 'line' coverage: 181
  New 'line' coverage: 52
  New 'line' coverage: 54
  New 'line' coverage: 55
  New 'line' coverage: 56
  New 'line' coverage: 58
  New 'line' coverage: 59
  New 'line' coverage: 63
  New 'line' coverage: 66
  New 'line' coverage: 86
  New 'line' coverage: 89
New src file: /unibench/jhead-3.00/jpgfile.c
  New 'function' coverage: CheckSectionsAllocated()
  New 'function' coverage: DiscardData()
  New 'function' coverage: FindSection()
  New 'function' coverage: ReadJpegFile()
  New 'function' coverage: ReadJpegSections()
  New 'function' coverage: ResetJpgfile()
  New 'function' coverage: process_COM()
  New 'function' coverage: process_SOFn()
  New 'line' coverage: 101
  New 'line' coverage: 103
  New 'line' coverage: 106
  New 'line' coverage: 107
  New 'line' coverage: 108
  New 'line' coverage: 109
  New 'line' coverage: 113
  New 'line' coverage: 119
  New 'line' coverage: 124
  New 'line' coverage: 126
  New 'line' coverage: 130
  New 'line' coverage: 131
  New 'line' coverage: 140
  New 'line' coverage: 143
  New 'line' coverage: 144
  New 'line' coverage: 145
  New 'line' coverage: 146
  New 'line' coverage: 147
  New 'line' coverage: 150
  New 'line' coverage: 152
  New 'line' coverage: 153
  New 'line' coverage: 156
  New 'line' coverage: 159
  New 'line' coverage: 160
  New 'line' coverage: 161
  New 'line' coverage: 162
  New 'line' coverage: 165
  New 'line' coverage: 167
  New 'line' coverage: 168
  New 'line' coverage: 171
  New 'line' coverage: 173
  New 'line' coverage: 174
  New 'line' coverage: 177
  New 'line' coverage: 180
  New 'line' coverage: 181
  New 'line' coverage: 183
  New 'line' coverage: 184
  New 'line' coverage: 185
  New 'line' coverage: 187
  New 'line' coverage: 189
  New 'line' coverage: 193
  New 'line' coverage: 223
  New 'line' coverage: 224
  New 'line' coverage: 228
  New 'line' coverage: 229
  New 'line' coverage: 233
  New 'line' coverage: 234
  New 'line' coverage: 237
  New 'line' coverage: 239
  New 'line' coverage: 241
  New 'line' coverage: 251
  New 'line' coverage: 252
  New 'line' coverage: 254
  New 'line' coverage: 255
  New 'line' coverage: 259
  New 'line' coverage: 260
  New 'line' coverage: 261
  New 'line' coverage: 262
  New 'line' coverage: 263
  New 'line' coverage: 28
  New 'line' coverage: 280
  New 'line' coverage: 281
  New 'line' coverage: 285
  New 'line' coverage: 286
  New 'line' coverage: 289
  New 'line' coverage: 301
  New 'line' coverage: 302
  New 'line' coverage: 305
  New 'line' coverage: 306
  New 'line' coverage: 329
  New 'line' coverage: 330
  New 'line' coverage: 333
  New 'line' coverage: 345
  New 'line' coverage: 349
  New 'line' coverage: 350
  New 'line' coverage: 354
  New 'line' coverage: 355
  New 'line' coverage: 356
  New 'line' coverage: 361
  New 'line' coverage: 366
  New 'line' coverage: 368
  New 'line' coverage: 37
  New 'line' coverage: 375
  New 'line' coverage: 376
  New 'line' coverage: 377
  New 'line' coverage: 382
  New 'line' coverage: 386
  New 'line' coverage: 388
  New 'line' coverage: 389
  New 'line' coverage: 46
  New 'line' coverage: 48
  New 'line' coverage: 49
  New 'line' coverage: 51
  New 'line' coverage: 53
  New 'line' coverage: 54
  New 'line' coverage: 56
  New 'line' coverage: 60
  New 'line' coverage: 62
  New 'line' coverage: 633
  New 'line' coverage: 637
  New 'line' coverage: 638
  New 'line' coverage: 67
  New 'line' coverage: 68
  New 'line' coverage: 74
  New 'line' coverage: 757
  New 'line' coverage: 759
  New 'line' coverage: 760
  New 'line' coverage: 761
  New 'line' coverage: 764
  New 'line' coverage: 765
  New 'line' coverage: 766
  New 'line' coverage: 78
  New 'line' coverage: 79
  New 'line' coverage: 80
  New 'line' coverage: 81
  New 'line' coverage: 83
  New 'line' coverage: 84
  New 'line' coverage: 86
  New 'line' coverage: 89
  New 'line' coverage: 91
  New 'line' coverage: 95

[+] Processed 342 / 342 test cases.

[+] Final zero coverage report: ./raw_data/weizz/group_2/outputs_group1_1/jhead/jhead_weizz_2/cov/zero-cov
[+] Final positive coverage report: ./raw_data/weizz/group_2/outputs_group1_1/jhead/jhead_weizz_2/cov/pos-cov
    lines......: 20.0% (300 of 1502 lines)
    functions..: 34.0% (18 of 53 functions)
[+] Final lcov web report: ./raw_data/weizz/group_2/outputs_group1_1/jhead/jhead_weizz_2/cov/web/index.html
