
*** Imported 346 new test cases from: ./raw_data/weizz/group_2/outputs_group1_1/jhead/jhead_weizz_5/queue

[+] AFL test case: id:000000,time:0,orig:24.jpg (0 / 346), cycle: 0
[+] AFL test case: id:000001,time:0,orig:goldenears.jpg (1 / 346), cycle: 0
[+] AFL test case: id:000002,time:0,orig:goldenears_gray.jpg (2 / 346), cycle: 0
[+] AFL test case: id:000003,src:000001,time:53,op:getdeps,pos:0,+cov (3 / 346), cycle: 0
[+] AFL test case: id:000004,src:000001,time:58,op:getdeps,pos:0 (4 / 346), cycle: 0
[+] AFL test case: id:000005,src:000001,time:65,op:getdeps,pos:0,+cov (5 / 346), cycle: 0
[+] AFL test case: id:000006,src:000001,time:72,op:getdeps,pos:0,+cov (6 / 346), cycle: 0
[+] AFL test case: id:000007,src:000001,time:77,op:getdeps,pos:0 (7 / 346), cycle: 0
[+] AFL test case: id:000008,src:000001,time:84,op:getdeps,pos:0,+cov (8 / 346), cycle: 0
[+] AFL test case: id:000009,src:000001,time:90,op:getdeps,pos:0 (9 / 346), cycle: 0
[+] AFL test case: id:000010,src:000001,time:97,op:getdeps,pos:0 (10 / 346), cycle: 0
[+] AFL test case: id:000011,src:000001,time:103,op:getdeps,pos:0,+cov (11 / 346), cycle: 0
[+] AFL test case: id:000012,src:000001,time:108,op:getdeps,pos:0,+cov (12 / 346), cycle: 0
[+] AFL test case: id:000013,src:000001,time:113,op:getdeps,pos:0 (13 / 346), cycle: 0
[+] AFL test case: id:000014,src:000001,time:120,op:getdeps,pos:0 (14 / 346), cycle: 0
[+] AFL test case: id:000015,src:000001,time:126,op:getdeps,pos:0 (15 / 346), cycle: 0
[+] AFL test case: id:000016,src:000001,time:133,op:getdeps,pos:0 (16 / 346), cycle: 0
[+] AFL test case: id:000017,src:000001,time:149,op:getdeps,pos:0,+cov (17 / 346), cycle: 0
[+] AFL test case: id:000018,src:000001,time:156,op:getdeps,pos:0 (18 / 346), cycle: 0
[+] AFL test case: id:000019,src:000001,time:165,op:getdeps,pos:0 (19 / 346), cycle: 0
[+] AFL test case: id:000020,src:000001,time:179,op:getdeps,pos:0,+cov (20 / 346), cycle: 0
[+] AFL test case: id:000021,src:000001,time:186,op:getdeps,pos:0 (21 / 346), cycle: 0
[+] AFL test case: id:000022,src:000001,time:196,op:getdeps,pos:0 (22 / 346), cycle: 0
[+] AFL test case: id:000023,src:000001,time:209,op:getdeps,pos:0 (23 / 346), cycle: 0
[+] AFL test case: id:000024,src:000001,time:218,op:getdeps,pos:0 (24 / 346), cycle: 0
[+] AFL test case: id:000025,src:000001,time:224,op:getdeps,pos:0 (25 / 346), cycle: 0
[+] AFL test case: id:000026,src:000001,time:232,op:getdeps,pos:0 (26 / 346), cycle: 0
[+] AFL test case: id:000027,src:000001,time:240,op:getdeps,pos:0,+cov (27 / 346), cycle: 0
[+] AFL test case: id:000028,src:000001,time:261,op:getdeps,pos:0 (28 / 346), cycle: 0
[+] AFL test case: id:000029,src:000001,time:271,op:getdeps,pos:0,+cov (29 / 346), cycle: 0
[+] AFL test case: id:000030,src:000001,time:286,op:getdeps,pos:0,+cov (30 / 346), cycle: 0
[+] AFL test case: id:000031,src:000001,time:294,op:getdeps,pos:0,+cov (31 / 346), cycle: 0
[+] AFL test case: id:000032,src:000001,time:303,op:getdeps,pos:0 (32 / 346), cycle: 0
[+] AFL test case: id:000033,src:000001,time:310,op:getdeps,pos:0 (33 / 346), cycle: 0
[+] AFL test case: id:000034,src:000001,time:317,op:getdeps,pos:0,+cov (34 / 346), cycle: 0
[+] AFL test case: id:000035,src:000001,time:322,op:getdeps,pos:0 (35 / 346), cycle: 0
[+] AFL test case: id:000036,src:000001,time:605,op:getdeps,pos:3,+cov (36 / 346), cycle: 0
[+] AFL test case: id:000037,src:000001,time:615,op:getdeps,pos:4 (37 / 346), cycle: 0
[+] AFL test case: id:000038,src:000001,time:621,op:getdeps,pos:4 (38 / 346), cycle: 0
[+] AFL test case: id:000039,src:000001,time:628,op:getdeps,pos:5 (39 / 346), cycle: 0
[+] AFL test case: id:000040,src:000001,time:635,op:getdeps,pos:5,+cov (40 / 346), cycle: 0
[+] AFL test case: id:000041,src:000001,time:755,op:getdeps,pos:21,+cov (41 / 346), cycle: 0
[+] AFL test case: id:000042,src:000001,time:761,op:getdeps,pos:21 (42 / 346), cycle: 0
[+] AFL test case: id:000043,src:000001,time:770,op:getdeps,pos:22,+cov (43 / 346), cycle: 0
[+] AFL test case: id:000044,src:000001,time:776,op:getdeps,pos:22 (44 / 346), cycle: 0
[+] AFL test case: id:000045,src:000001,time:782,op:getdeps,pos:22 (45 / 346), cycle: 0
[+] AFL test case: id:000046,src:000001,time:787,op:getdeps,pos:22 (46 / 346), cycle: 0
[+] AFL test case: id:000047,src:000001,time:792,op:getdeps,pos:23 (47 / 346), cycle: 0
[+] AFL test case: id:000048,src:000001,time:802,op:getdeps,pos:23 (48 / 346), cycle: 0
[+] AFL test case: id:000049,src:000001,time:1270,op:getdeps,pos:90,+cov (49 / 346), cycle: 0
[+] AFL test case: id:000050,src:000001,time:1278,op:getdeps,pos:91 (50 / 346), cycle: 0
[+] AFL test case: id:000051,src:000001,time:1284,op:getdeps,pos:91 (51 / 346), cycle: 0
[+] AFL test case: id:000052,src:000001,time:1289,op:getdeps,pos:91 (52 / 346), cycle: 0
[+] AFL test case: id:000053,src:000001,time:1294,op:getdeps,pos:91 (53 / 346), cycle: 0
[+] AFL test case: id:000054,src:000001,time:1312,op:getdeps,pos:93 (54 / 346), cycle: 0
[+] AFL test case: id:000055,src:000001,time:1761,op:getdeps,pos:159 (55 / 346), cycle: 0
[+] AFL test case: id:000056,src:000001,time:1769,op:getdeps,pos:159,+cov (56 / 346), cycle: 0
[+] AFL test case: id:000057,src:000001,time:1775,op:getdeps,pos:159,+cov (57 / 346), cycle: 0
[+] AFL test case: id:000058,src:000001,time:1904,op:getdeps,pos:178,+cov (58 / 346), cycle: 0
[+] AFL test case: id:000059,src:000001,time:1909,op:getdeps,pos:178,+cov (59 / 346), cycle: 0
[+] AFL test case: id:000060,src:000001,time:2118,op:getdeps,pos:209 (60 / 346), cycle: 0
[+] AFL test case: id:000061,src:000001,time:2535,op:getdeps,pos:270 (61 / 346), cycle: 0
[+] AFL test case: id:000062,src:000001,time:2722,op:getdeps,pos:297 (62 / 346), cycle: 0
[+] AFL test case: id:000063,src:000001,time:2940,op:getdeps,pos:328 (63 / 346), cycle: 0
[+] AFL test case: id:000064,src:000001,time:18981,op:cmp,rep:0,+cov (64 / 346), cycle: 0
[+] AFL test case: id:000065,src:000001,time:18989,op:cmp,rep:0 (65 / 346), cycle: 0
[+] AFL test case: id:000066,src:000001,time:19017,op:cmp,rep:0,+cov (66 / 346), cycle: 0
[+] AFL test case: id:000067,src:000001,time:19082,op:cmp,rep:0,+cov (67 / 346), cycle: 0
[+] AFL test case: id:000068,src:000001,time:19155,op:cmp,rep:0,+cov (68 / 346), cycle: 0
[+] AFL test case: id:000069,src:000001,time:19163,op:cmp,rep:0,+cov (69 / 346), cycle: 0
[+] AFL test case: id:000070,src:000001,time:19171,op:havoc,rep:64 (70 / 346), cycle: 0
[+] AFL test case: id:000071,src:000001,time:19182,op:havoc,rep:128 (71 / 346), cycle: 0
[+] AFL test case: id:000072,src:000001,time:19188,op:tags,rep:64 (72 / 346), cycle: 0
[+] AFL test case: id:000073,src:000001,time:19198,op:tags,rep:128 (73 / 346), cycle: 0
[+] AFL test case: id:000074,src:000001,time:19284,op:havoc,rep:128 (74 / 346), cycle: 0
[+] AFL test case: id:000075,src:000001,time:19304,op:havoc,rep:128 (75 / 346), cycle: 0
[+] AFL test case: id:000076,src:000001,time:19317,op:havoc,rep:128,+cov (76 / 346), cycle: 0
[+] AFL test case: id:000077,src:000001,time:19336,op:havoc,rep:8 (77 / 346), cycle: 0
[+] AFL test case: id:000078,src:000001,time:19366,op:tags,rep:128 (78 / 346), cycle: 0
[+] AFL test case: id:000079,src:000001,time:19375,op:havoc,rep:32,+cov (79 / 346), cycle: 0
[+] AFL test case: id:000080,src:000001,time:19409,op:tags,rep:16,+cov (80 / 346), cycle: 0
[+] AFL test case: id:000081,src:000001,time:19424,op:havoc,rep:128 (81 / 346), cycle: 0
[+] AFL test case: id:000082,src:000001,time:19432,op:tags,rep:16,+cov (82 / 346), cycle: 0
[+] AFL test case: id:000083,src:000001,time:19447,op:havoc,rep:64,+cov (83 / 346), cycle: 0
[+] AFL test case: id:000084,src:000001,time:19472,op:havoc,rep:128 (84 / 346), cycle: 0
[+] AFL test case: id:000085,src:000001,time:19557,op:havoc,rep:64 (85 / 346), cycle: 0
[+] AFL test case: id:000086,src:000001,time:19768,op:havoc,rep:32 (86 / 346), cycle: 0
[+] AFL test case: id:000087,src:000001,time:19910,op:tags,rep:128 (87 / 346), cycle: 0
[+] AFL test case: id:000088,src:000001,time:19936,op:havoc,rep:8,+cov (88 / 346), cycle: 0
[+] AFL test case: id:000089,src:000001,time:19945,op:tags,rep:2,+cov (89 / 346), cycle: 0
[+] AFL test case: id:000090,src:000001,time:20178,op:havoc,rep:32 (90 / 346), cycle: 0
[+] AFL test case: id:000091,src:000001,time:20218,op:havoc,rep:128,+cov (91 / 346), cycle: 0
[+] AFL test case: id:000092,src:000001,time:20233,op:tags,rep:32,+cov (92 / 346), cycle: 0
[+] AFL test case: id:000093,src:000001,time:20273,op:tags,rep:128 (93 / 346), cycle: 0
[+] AFL test case: id:000094,src:000001,time:20469,op:tags,rep:32 (94 / 346), cycle: 0
[+] AFL test case: id:000095,src:000001,time:20736,op:tags,rep:16 (95 / 346), cycle: 0
[+] AFL test case: id:000096,src:000001,time:20965,op:havoc,rep:64 (96 / 346), cycle: 0
[+] AFL test case: id:000097,src:000001,time:20986,op:havoc,rep:32 (97 / 346), cycle: 0
[+] AFL test case: id:000098,src:000001,time:21095,op:havoc,rep:4,+cov (98 / 346), cycle: 0
[+] AFL test case: id:000099,src:000001,time:21246,op:tags,rep:128 (99 / 346), cycle: 0
[+] AFL test case: id:000100,src:000001,time:21456,op:havoc,rep:64 (100 / 346), cycle: 0
[+] AFL test case: id:000101,src:000001,time:21545,op:tags,rep:8,+cov (101 / 346), cycle: 0
[+] AFL test case: id:000102,src:000001,time:21691,op:havoc,rep:64 (102 / 346), cycle: 0
[+] AFL test case: id:000103,src:000001,time:21793,op:havoc,rep:128 (103 / 346), cycle: 0
[+] AFL test case: id:000104,src:000001,time:22804,op:tags,rep:8 (104 / 346), cycle: 0
[+] AFL test case: id:000105,src:000001,time:23894,op:havoc,rep:64 (105 / 346), cycle: 0
[+] AFL test case: id:000106,src:000031,time:25303,op:havoc,rep:4 (106 / 346), cycle: 0
[+] AFL test case: id:000107,src:000031,time:25318,op:havoc,rep:16,+cov (107 / 346), cycle: 0
[+] AFL test case: id:000108,src:000031,time:25325,op:havoc,rep:16 (108 / 346), cycle: 0
[+] AFL test case: id:000109,src:000031,time:25337,op:havoc,rep:32,+cov (109 / 346), cycle: 0
[+] AFL test case: id:000110,src:000031,time:25361,op:havoc,rep:128 (110 / 346), cycle: 0
[+] AFL test case: id:000111,src:000031,time:25370,op:havoc,rep:32 (111 / 346), cycle: 0
[+] AFL test case: id:000112,src:000031,time:25392,op:havoc,rep:128 (112 / 346), cycle: 0
[+] AFL test case: id:000113,src:000031,time:25441,op:havoc,rep:64,+cov (113 / 346), cycle: 0
[+] AFL test case: id:000114,src:000031,time:25467,op:havoc,rep:128 (114 / 346), cycle: 0
[+] AFL test case: id:000115,src:000031,time:25513,op:tags,rep:8 (115 / 346), cycle: 0
[+] AFL test case: id:000116,src:000031,time:25563,op:havoc,rep:128 (116 / 346), cycle: 0
[+] AFL test case: id:000117,src:000031,time:25672,op:havoc,rep:2 (117 / 346), cycle: 0
[+] AFL test case: id:000118,src:000031,time:25788,op:havoc,rep:64,+cov (118 / 346), cycle: 0
[+] AFL test case: id:000119,src:000031,time:25819,op:havoc,rep:64 (119 / 346), cycle: 0
[+] AFL test case: id:000120,src:000031,time:25914,op:havoc,rep:32,+cov (120 / 346), cycle: 0
[+] AFL test case: id:000121,src:000031,time:26194,op:havoc,rep:32,+cov (121 / 346), cycle: 0
[+] AFL test case: id:000122,src:000031,time:26482,op:tags,rep:128 (122 / 346), cycle: 0
[+] AFL test case: id:000123,src:000031,time:26704,op:havoc,rep:64 (123 / 346), cycle: 0
[+] AFL test case: id:000124,src:000031,time:26721,op:havoc,rep:32 (124 / 346), cycle: 0
[+] AFL test case: id:000125,src:000031,time:27196,op:tags,rep:8 (125 / 346), cycle: 0
[+] AFL test case: id:000126,src:000031,time:27508,op:havoc,rep:128 (126 / 346), cycle: 0
[+] AFL test case: id:000127,src:000031,time:27541,op:havoc,rep:64 (127 / 346), cycle: 0
[+] AFL test case: id:000128,src:000031,time:27590,op:tags,rep:64,+cov (128 / 346), cycle: 0
[+] AFL test case: id:000129,src:000031,time:28163,op:havoc,rep:2 (129 / 346), cycle: 0
[+] AFL test case: id:000130,src:000031,time:28393,op:havoc,rep:64 (130 / 346), cycle: 0
[+] AFL test case: id:000131,src:000031,time:28456,op:havoc,rep:64 (131 / 346), cycle: 0
[+] AFL test case: id:000132,src:000031,time:28837,op:tags,rep:16 (132 / 346), cycle: 0
[+] AFL test case: id:000133,src:000031,time:28940,op:havoc,rep:32 (133 / 346), cycle: 0
[+] AFL test case: id:000134,src:000031,time:30288,op:havoc,rep:128 (134 / 346), cycle: 0
[+] AFL test case: id:000135,src:000031,time:30468,op:tags,rep:128 (135 / 346), cycle: 0
[+] AFL test case: id:000136,src:000031,time:30532,op:havoc,rep:128 (136 / 346), cycle: 0
[+] AFL test case: id:000137,src:000031,time:30658,op:tags,rep:64 (137 / 346), cycle: 0
[+] AFL test case: id:000138,src:000036+000063,time:31653,op:tags splice,rep:128 (138 / 346), cycle: 0
[+] AFL test case: id:000139,src:000036+000050,time:31872,op:splice,rep:64 (139 / 346), cycle: 0
[+] AFL test case: id:000140,src:000036+000050,time:31878,op:splice,rep:4 (140 / 346), cycle: 0
[+] AFL test case: id:000141,src:000036+000050,time:31942,op:splice,rep:32 (141 / 346), cycle: 0
[+] AFL test case: id:000142,src:000049,time:32273,op:havoc,rep:128 (142 / 346), cycle: 0
[+] AFL test case: id:000143,src:000064,time:38314,op:havoc,rep:8 (143 / 346), cycle: 0
[+] AFL test case: id:000144,src:000067,time:39595,op:havoc,rep:64 (144 / 346), cycle: 0
[+] AFL test case: id:000145,src:000067+000138,time:40050,op:splice,rep:16 (145 / 346), cycle: 0
[+] AFL test case: id:000146,src:000068,time:40350,op:havoc,rep:4,+cov (146 / 346), cycle: 0
[+] AFL test case: id:000147,src:000068,time:40415,op:tags,rep:4 (147 / 346), cycle: 0
[+] AFL test case: id:000148,src:000068,time:40729,op:havoc,rep:64 (148 / 346), cycle: 0
[+] AFL test case: id:000149,src:000074,time:43103,op:havoc,rep:64 (149 / 346), cycle: 0
[+] AFL test case: id:000150,src:000079+000145,time:44386,op:splice,rep:32 (150 / 346), cycle: 0
[+] AFL test case: id:000151,src:000080,time:44573,op:havoc,rep:32 (151 / 346), cycle: 0
[+] AFL test case: id:000152,src:000082+000026,time:45281,op:splice,rep:4 (152 / 346), cycle: 0
[+] AFL test case: id:000153,src:000087+000042,time:46680,op:splice,rep:128 (153 / 346), cycle: 0
[+] AFL test case: id:000154,src:000087+000042,time:46696,op:splice,rep:128 (154 / 346), cycle: 0
[+] AFL test case: id:000155,src:000087+000116,time:46858,op:splice,rep:128 (155 / 346), cycle: 0
[+] AFL test case: id:000156,src:000088,time:47152,op:havoc,rep:128 (156 / 346), cycle: 0
[+] AFL test case: id:000157,src:000091+000144,time:48092,op:splice,rep:64 (157 / 346), cycle: 0
[+] AFL test case: id:000158,src:000091+000128,time:48307,op:splice,rep:64 (158 / 346), cycle: 0
[+] AFL test case: id:000159,src:000098+000031,time:50062,op:splice,rep:128,+cov (159 / 346), cycle: 0
[+] AFL test case: id:000160,src:000120+000135,time:50851,op:splice,rep:64 (160 / 346), cycle: 0
[+] AFL test case: id:000161,src:000135,time:52067,op:havoc,rep:32 (161 / 346), cycle: 0
[+] AFL test case: id:000162,src:000135,time:52381,op:havoc,rep:4 (162 / 346), cycle: 0
[+] AFL test case: id:000163,src:000135,time:52444,op:havoc,rep:32,+cov (163 / 346), cycle: 0
[+] AFL test case: id:000164,src:000135,time:52591,op:havoc,rep:32 (164 / 346), cycle: 0
[+] AFL test case: id:000165,src:000135,time:52659,op:havoc,rep:8 (165 / 346), cycle: 0
[+] AFL test case: id:000166,src:000135,time:53241,op:havoc,rep:16 (166 / 346), cycle: 0
[+] AFL test case: id:000167,src:000135,time:54130,op:havoc,rep:8 (167 / 346), cycle: 0
[+] AFL test case: id:000168,src:000135,time:55182,op:havoc,rep:16 (168 / 346), cycle: 0
[+] AFL test case: id:000169,src:000138,time:55967,op:havoc,rep:16 (169 / 346), cycle: 0
[+] AFL test case: id:000170,src:000152,time:58325,op:havoc,rep:4 (170 / 346), cycle: 0
[+] AFL test case: id:000171,src:000152+000097,time:58658,op:splice,rep:2 (171 / 346), cycle: 0
[+] AFL test case: id:000172,src:000157,time:58887,op:havoc,rep:16 (172 / 346), cycle: 0
[+] AFL test case: id:000173,src:000157,time:58950,op:havoc,rep:8 (173 / 346), cycle: 0
[+] AFL test case: id:000174,src:000157,time:58957,op:havoc,rep:32 (174 / 346), cycle: 0
[+] AFL test case: id:000175,src:000157,time:59176,op:havoc,rep:8 (175 / 346), cycle: 0
[+] AFL test case: id:000176,src:000157,time:59187,op:havoc,rep:8 (176 / 346), cycle: 0
[+] AFL test case: id:000177,src:000157,time:60225,op:havoc,rep:32 (177 / 346), cycle: 0
[+] AFL test case: id:000178,src:000157,time:60741,op:havoc,rep:16 (178 / 346), cycle: 0
[+] AFL test case: id:000179,src:000157,time:62409,op:havoc,rep:128 (179 / 346), cycle: 0
[+] AFL test case: id:000180,src:000157+000143,time:63521,op:splice,rep:64 (180 / 346), cycle: 0
[+] AFL test case: id:000181,src:000163,time:64409,op:havoc,rep:8 (181 / 346), cycle: 0
[+] AFL test case: id:000182,src:000163,time:64597,op:havoc,rep:32 (182 / 346), cycle: 0
[+] AFL test case: id:000183,src:000163,time:64959,op:havoc,rep:64 (183 / 346), cycle: 0
[+] AFL test case: id:000184,src:000163,time:65498,op:havoc,rep:16 (184 / 346), cycle: 0
[+] AFL test case: id:000185,src:000163,time:65617,op:havoc,rep:32 (185 / 346), cycle: 0
[+] AFL test case: id:000186,src:000163,time:65673,op:havoc,rep:16 (186 / 346), cycle: 0
[+] AFL test case: id:000187,src:000169,time:68844,op:havoc,rep:8 (187 / 346), cycle: 0
[+] AFL test case: id:000188,src:000170+000156,time:70251,op:splice,rep:128,+cov (188 / 346), cycle: 0
[+] AFL test case: id:000189,src:000181,time:72284,op:havoc,rep:16 (189 / 346), cycle: 0
[+] AFL test case: id:000190,src:000183+000176,time:74117,op:splice,rep:32 (190 / 346), cycle: 0
[+] AFL test case: id:000191,src:000187,time:74669,op:havoc,rep:2 (191 / 346), cycle: 0
[+] AFL test case: id:000192,src:000137+000145,time:79872,op:splice,rep:16 (192 / 346), cycle: 0
[+] AFL test case: id:000193,src:000177,time:81622,op:havoc,rep:2 (193 / 346), cycle: 0
[+] AFL test case: id:000194,src:000183+000164,time:83013,op:splice,rep:32 (194 / 346), cycle: 0
[+] AFL test case: id:000195,src:000187+000021,time:83780,op:splice,rep:64 (195 / 346), cycle: 0
[+] AFL test case: id:000196,src:000187+000191,time:83852,op:splice,rep:8 (196 / 346), cycle: 0
[+] AFL test case: id:000197,src:000189+000169,time:85254,op:splice,rep:4 (197 / 346), cycle: 0
[+] AFL test case: id:000198,src:000189+000192,time:85617,op:splice,rep:4 (198 / 346), cycle: 0
[+] AFL test case: id:000199,src:000196,time:86239,op:havoc,rep:8 (199 / 346), cycle: 0
[+] AFL test case: id:000200,src:000196+000185,time:87670,op:splice,rep:2 (200 / 346), cycle: 0
[+] AFL test case: id:000201,src:000000+000006,time:88428,op:splice,rep:128 (201 / 346), cycle: 0
[+] AFL test case: id:000202,src:000005+000105,time:89636,op:tags splice,rep:32 (202 / 346), cycle: 0
[+] AFL test case: id:000203,src:000008+000148,time:90161,op:tags splice,rep:64 (203 / 346), cycle: 0
[+] AFL test case: id:000204,src:000049+000196,time:107105,op:splice,rep:2 (204 / 346), cycle: 0
[+] AFL test case: id:000205,src:000066+000094,time:118105,op:splice,rep:64 (205 / 346), cycle: 0
[+] AFL test case: id:000206,src:000205,time:118850,op:havoc,rep:8 (206 / 346), cycle: 0
[+] AFL test case: id:000207,src:000002+000078,time:120249,op:splice,rep:2 (207 / 346), cycle: 0
[+] AFL test case: id:000208,src:000027+000078,time:125429,op:splice,rep:64 (208 / 346), cycle: 0
[+] AFL test case: id:000209,src:000059,time:130324,op:tags,rep:4 (209 / 346), cycle: 0
[+] AFL test case: id:000210,src:000075+000078,time:136651,op:splice,rep:64 (210 / 346), cycle: 0
[+] AFL test case: id:000211,src:000101+000176,time:152759,op:splice,rep:4 (211 / 346), cycle: 0
[+] AFL test case: id:000212,src:000188+000209,time:185584,op:splice,rep:128 (212 / 346), cycle: 0
[+] AFL test case: id:000213,src:000191,time:188289,op:havoc,rep:4 (213 / 346), cycle: 0
[+] AFL test case: id:000214,src:000191+000204,time:189124,op:splice,rep:64 (214 / 346), cycle: 0
[+] AFL test case: id:000215,src:000191+000204,time:189162,op:splice,rep:8 (215 / 346), cycle: 0
[+] AFL test case: id:000216,src:000191+000204,time:189265,op:splice,rep:4 (216 / 346), cycle: 0
[+] AFL test case: id:000217,src:000194,time:190148,op:havoc,rep:16 (217 / 346), cycle: 0
[+] AFL test case: id:000218,src:000194+000105,time:192773,op:splice,rep:16 (218 / 346), cycle: 0
[+] AFL test case: id:000219,src:000217,time:193180,op:havoc,rep:8 (219 / 346), cycle: 0
[+] AFL test case: id:000220,src:000089+000203,time:213895,op:splice,rep:16 (220 / 346), cycle: 0
[+] AFL test case: id:000221,src:000170,time:271756,op:tags,rep:128 (221 / 346), cycle: 0
[+] AFL test case: id:000222,src:000209,time:286669,op:tags,rep:16 (222 / 346), cycle: 0
[+] AFL test case: id:000223,src:000217+000222,time:291696,op:splice,rep:32 (223 / 346), cycle: 0
[+] AFL test case: id:000224,src:000217+000222,time:291702,op:splice,rep:4 (224 / 346), cycle: 0
[+] AFL test case: id:000225,src:000211,time:469153,op:havoc,rep:4 (225 / 346), cycle: 0
[+] AFL test case: id:000226,src:000221,time:488472,op:havoc,rep:4 (226 / 346), cycle: 0
[+] AFL test case: id:000227,src:000221,time:490564,op:tags,rep:32 (227 / 346), cycle: 0
[+] AFL test case: id:000228,src:000002+000211,time:524767,op:splice,rep:128 (228 / 346), cycle: 0
[+] AFL test case: id:000229,src:000002+000211,time:524785,op:splice,rep:8 (229 / 346), cycle: 0
[+] AFL test case: id:000230,src:000002+000211,time:524805,op:splice,rep:128 (230 / 346), cycle: 0
[+] AFL test case: id:000231,src:000144,time:609389,op:havoc,rep:8 (231 / 346), cycle: 0
[+] AFL test case: id:000232,src:000144,time:609498,op:havoc,rep:32 (232 / 346), cycle: 0
[+] AFL test case: id:000233,src:000144,time:610051,op:havoc,rep:32 (233 / 346), cycle: 0
[+] AFL test case: id:000234,src:000170+000224,time:616433,op:splice,rep:8 (234 / 346), cycle: 0
[+] AFL test case: id:000235,src:000174+000222,time:617462,op:splice,rep:64 (235 / 346), cycle: 0
[+] AFL test case: id:000236,src:000191+000095,time:622108,op:splice,rep:32 (236 / 346), cycle: 0
[+] AFL test case: id:000237,src:000191+000216,time:622384,op:splice,rep:16 (237 / 346), cycle: 0
[+] AFL test case: id:000238,src:000192,time:623324,op:havoc,rep:16 (238 / 346), cycle: 0
[+] AFL test case: id:000239,src:000192+000207,time:624106,op:splice,rep:4 (239 / 346), cycle: 0
[+] AFL test case: id:000240,src:000194+000150,time:626504,op:splice,rep:8 (240 / 346), cycle: 0
[+] AFL test case: id:000241,src:000211,time:627766,op:havoc,rep:16 (241 / 346), cycle: 0
[+] AFL test case: id:000242,src:000212,time:630166,op:havoc,rep:64 (242 / 346), cycle: 0
[+] AFL test case: id:000243,src:000212,time:630266,op:havoc,rep:32 (243 / 346), cycle: 0
[+] AFL test case: id:000244,src:000212,time:632014,op:havoc,rep:128 (244 / 346), cycle: 0
[+] AFL test case: id:000245,src:000212+000235,time:635366,op:splice,rep:32 (245 / 346), cycle: 0
[+] AFL test case: id:000246,src:000212+000235,time:635389,op:splice,rep:16 (246 / 346), cycle: 0
[+] AFL test case: id:000247,src:000212+000235,time:635640,op:splice,rep:2 (247 / 346), cycle: 0
[+] AFL test case: id:000248,src:000212+000235,time:635883,op:splice,rep:16 (248 / 346), cycle: 0
[+] AFL test case: id:000249,src:000213,time:636996,op:havoc,rep:32 (249 / 346), cycle: 0
[+] AFL test case: id:000250,src:000219+000236,time:641770,op:splice,rep:32 (250 / 346), cycle: 0
[+] AFL test case: id:000251,src:000228,time:643081,op:havoc,rep:8 (251 / 346), cycle: 0
[+] AFL test case: id:000252,src:000228,time:643379,op:havoc,rep:64 (252 / 346), cycle: 0
[+] AFL test case: id:000253,src:000228,time:643652,op:havoc,rep:8 (253 / 346), cycle: 0
[+] AFL test case: id:000254,src:000228,time:643743,op:havoc,rep:64 (254 / 346), cycle: 0
[+] AFL test case: id:000255,src:000228,time:643754,op:havoc,rep:64 (255 / 346), cycle: 0
[+] AFL test case: id:000256,src:000228,time:643834,op:havoc,rep:32 (256 / 346), cycle: 0
[+] AFL test case: id:000257,src:000228,time:645672,op:havoc,rep:32 (257 / 346), cycle: 0
[+] AFL test case: id:000258,src:000228,time:646142,op:havoc,rep:32,+cov (258 / 346), cycle: 0
[+] AFL test case: id:000259,src:000228,time:646857,op:havoc,rep:32 (259 / 346), cycle: 0
[+] AFL test case: id:000260,src:000228,time:648160,op:havoc,rep:16 (260 / 346), cycle: 0
[+] AFL test case: id:000261,src:000228+000259,time:648580,op:splice,rep:128 (261 / 346), cycle: 0
[+] AFL test case: id:000262,src:000228+000259,time:648593,op:splice,rep:8 (262 / 346), cycle: 0
[+] AFL test case: id:000263,src:000228+000259,time:648723,op:splice,rep:128 (263 / 346), cycle: 0
[+] AFL test case: id:000264,src:000228+000259,time:648801,op:splice,rep:8 (264 / 346), cycle: 0
[+] AFL test case: id:000265,src:000228+000128,time:650560,op:splice,rep:128 (265 / 346), cycle: 0
[+] AFL test case: id:000266,src:000069,time:662888,op:havoc,rep:32 (266 / 346), cycle: 0
[+] AFL test case: id:000267,src:000083+000242,time:666032,op:splice,rep:32 (267 / 346), cycle: 0
[+] AFL test case: id:000268,src:000091+000228,time:668268,op:splice,rep:4 (268 / 346), cycle: 0
[+] AFL test case: id:000269,src:000098+000268,time:670403,op:splice,rep:16 (269 / 346), cycle: 0
[+] AFL test case: id:000270,src:000136+000265,time:675755,op:splice,rep:32 (270 / 346), cycle: 0
[+] AFL test case: id:000271,src:000170+000237,time:678293,op:splice,rep:32 (271 / 346), cycle: 0
[+] AFL test case: id:000272,src:000170+000237,time:678330,op:splice,rep:32 (272 / 346), cycle: 0
[+] AFL test case: id:000273,src:000170+000249,time:678905,op:splice,rep:8 (273 / 346), cycle: 0
[+] AFL test case: id:000274,src:000170+000108,time:679117,op:splice,rep:4 (274 / 346), cycle: 0
[+] AFL test case: id:000275,src:000178+000270,time:680076,op:splice,rep:4 (275 / 346), cycle: 0
[+] AFL test case: id:000276,src:000178+000270,time:680093,op:splice,rep:16 (276 / 346), cycle: 0
[+] AFL test case: id:000277,src:000194+000276,time:685991,op:splice,rep:2 (277 / 346), cycle: 0
[+] AFL test case: id:000278,src:000206+000135,time:689514,op:splice,rep:16 (278 / 346), cycle: 0
[+] AFL test case: id:000279,src:000206+000186,time:689671,op:splice,rep:32 (279 / 346), cycle: 0
[+] AFL test case: id:000280,src:000210,time:693092,op:havoc,rep:32 (280 / 346), cycle: 0
[+] AFL test case: id:000281,src:000217+000267,time:694740,op:splice,rep:2 (281 / 346), cycle: 0
[+] AFL test case: id:000282,src:000219+000239,time:696550,op:splice,rep:2 (282 / 346), cycle: 0
[+] AFL test case: id:000283,src:000230,time:698945,op:havoc,rep:64 (283 / 346), cycle: 0
[+] AFL test case: id:000284,src:000232+000262,time:704659,op:splice,rep:32 (284 / 346), cycle: 0
[+] AFL test case: id:000285,src:000268,time:813876,op:getdeps,pos:938 (285 / 346), cycle: 0
[+] AFL test case: id:000286,src:000268,time:816797,op:getdeps,pos:1145 (286 / 346), cycle: 0
[+] AFL test case: id:000287,src:000268,time:825850,op:tags,rep:16 (287 / 346), cycle: 0
[+] AFL test case: id:000288,src:000268+000265,time:829519,op:splice,rep:128 (288 / 346), cycle: 0
[+] AFL test case: id:000289,src:000271+000266,time:834285,op:splice,rep:128 (289 / 346), cycle: 0
[+] AFL test case: id:000290,src:000273,time:837997,op:havoc,rep:32 (290 / 346), cycle: 0
[+] AFL test case: id:000291,src:000273,time:839038,op:havoc,rep:4 (291 / 346), cycle: 0
[+] AFL test case: id:000292,src:000273,time:840403,op:havoc,rep:16 (292 / 346), cycle: 0
[+] AFL test case: id:000293,src:000273,time:841510,op:havoc,rep:4 (293 / 346), cycle: 0
[+] AFL test case: id:000294,src:000273+000282,time:844059,op:splice,rep:4 (294 / 346), cycle: 0
[+] AFL test case: id:000295,src:000279,time:868327,op:havoc,rep:16 (295 / 346), cycle: 0
[+] AFL test case: id:000296,src:000282,time:875086,op:havoc,rep:64 (296 / 346), cycle: 0
[+] AFL test case: id:000297,src:000282+000278,time:880363,op:splice,rep:32 (297 / 346), cycle: 0
[+] AFL test case: id:000298,src:000296,time:883343,op:havoc,rep:4 (298 / 346), cycle: 0
[+] AFL test case: id:000299,src:000002+000293,time:891738,op:splice,rep:16 (299 / 346), cycle: 0
[+] AFL test case: id:000300,src:000092+000295,time:902488,op:splice,rep:32 (300 / 346), cycle: 0
[+] AFL test case: id:000301,src:000178+000289,time:920624,op:splice,rep:16 (301 / 346), cycle: 0
[+] AFL test case: id:000302,src:000191+000169,time:924857,op:splice,rep:16 (302 / 346), cycle: 0
[+] AFL test case: id:000303,src:000257+000222,time:1208986,op:splice,rep:128 (303 / 346), cycle: 0
[+] AFL test case: id:000304,src:000299,time:1236520,op:havoc,rep:64 (304 / 346), cycle: 0
[+] AFL test case: id:000305,src:000299,time:1237387,op:havoc,rep:32 (305 / 346), cycle: 0
[+] AFL test case: id:000306,src:000299,time:1237600,op:havoc,rep:8 (306 / 346), cycle: 0
[+] AFL test case: id:000307,src:000299,time:1238010,op:havoc,rep:16 (307 / 346), cycle: 0
[+] AFL test case: id:000308,src:000299,time:1238601,op:havoc,rep:4 (308 / 346), cycle: 0
[+] AFL test case: id:000309,src:000303,time:1251193,op:havoc,rep:128 (309 / 346), cycle: 0
[+] AFL test case: id:000310,src:000303,time:1251607,op:havoc,rep:128 (310 / 346), cycle: 0
[+] AFL test case: id:000311,src:000303,time:1252094,op:havoc,rep:2 (311 / 346), cycle: 0
[+] AFL test case: id:000312,src:000309+000241,time:1259958,op:splice,rep:4 (312 / 346), cycle: 0
[+] AFL test case: id:000313,src:000309+000241,time:1259992,op:splice,rep:16 (313 / 346), cycle: 0
[+] AFL test case: id:000314,src:000161+000306,time:1292637,op:splice,rep:16 (314 / 346), cycle: 0
[+] AFL test case: id:000315,src:000178+000308,time:1297685,op:splice,rep:8 (315 / 346), cycle: 0
[+] AFL test case: id:000316,src:000178+000308,time:1297817,op:splice,rep:32 (316 / 346), cycle: 0
[+] AFL test case: id:000317,src:000243+000298,time:1815367,op:splice,rep:2 (317 / 346), cycle: 0
[+] AFL test case: id:000318,src:000295,time:1854122,op:tags,rep:4 (318 / 346), cycle: 0
[+] AFL test case: id:000319,src:000297,time:1862213,op:havoc,rep:16 (319 / 346), cycle: 0
[+] AFL test case: id:000320,src:000297,time:1865646,op:havoc,rep:4 (320 / 346), cycle: 0
[+] AFL test case: id:000321,src:000313,time:1880896,op:havoc,rep:4 (321 / 346), cycle: 0
[+] AFL test case: id:000322,src:000313,time:1881474,op:havoc,rep:64 (322 / 346), cycle: 0
[+] AFL test case: id:000323,src:000320,time:1903384,op:havoc,rep:8 (323 / 346), cycle: 0
[+] AFL test case: id:000324,src:000320,time:1904091,op:havoc,rep:2 (324 / 346), cycle: 0
[+] AFL test case: id:000325,src:000081+000324,time:1935808,op:splice,rep:32 (325 / 346), cycle: 0
[+] AFL test case: id:000326,src:000249,time:2029976,op:havoc,rep:8 (326 / 346), cycle: 0
[+] AFL test case: id:000327,src:000302,time:2051460,op:havoc,rep:8 (327 / 346), cycle: 0
[+] AFL test case: id:000328,src:000302,time:2052107,op:havoc,rep:32 (328 / 346), cycle: 0
[+] AFL test case: id:000329,src:000302,time:2052583,op:havoc,rep:8 (329 / 346), cycle: 0
[+] AFL test case: id:000330,src:000294+000243,time:2293429,op:splice,rep:16 (330 / 346), cycle: 0
[+] AFL test case: id:000331,src:000327+000212,time:2347032,op:splice,rep:8 (331 / 346), cycle: 0
[+] AFL test case: id:000332,src:000305,time:2566750,op:havoc,rep:8 (332 / 346), cycle: 0
[+] AFL test case: id:000333,src:000326,time:2977674,op:havoc,rep:16 (333 / 346), cycle: 0
[+] AFL test case: id:000334,src:000217+000326,time:6134664,op:splice,rep:64 (334 / 346), cycle: 0
[+] AFL test case: id:000335,src:000182+000060,time:8605469,op:splice,rep:16 (335 / 346), cycle: 0
[+] AFL test case: id:000336,src:000194+000299,time:10002366,op:splice,rep:64 (336 / 346), cycle: 0
[+] AFL test case: id:000337,src:000336,time:10097127,op:havoc,rep:32 (337 / 346), cycle: 0
[+] AFL test case: id:000338,src:000127+000332,time:11435932,op:tags splice,rep:4 (338 / 346), cycle: 0
[+] AFL test case: id:000339,src:000335+000241,time:14779088,op:splice,rep:16 (339 / 346), cycle: 0
[+] AFL test case: id:000340,src:000168,time:17318485,op:havoc,rep:32 (340 / 346), cycle: 0
[+] AFL test case: id:000341,src:000340,time:17852197,op:havoc,rep:32 (341 / 346), cycle: 0
[+] AFL test case: id:000342,src:000341,time:17974813,op:havoc,rep:32 (342 / 346), cycle: 0
[+] AFL test case: id:000343,src:000183+000208,time:29335045,op:splice,rep:32,+cov (343 / 346), cycle: 0
[+] AFL test case: id:000344,src:000082+000273,time:33305116,op:tags splice,rep:64 (344 / 346), cycle: 0
[+] AFL test case: id:000345,src:000339,time:58783106,op:havoc,rep:64 (345 / 346), cycle: 0
    lines......: 20.0% (301 of 1502 lines)
    functions..: 34.0% (18 of 53 functions)

    Coverage diff id:0... id:345...
diff id:0... -> id:345...
New src file: /unibench/jhead-3.00/jhead.c
  New 'function' coverage: CheckFileSkip()
  New 'function' coverage: ErrFatal()
  New 'function' coverage: ErrNonfatal()
  New 'function' coverage: FileTimeAsString()
  New 'function' coverage: ProcessFile()
  New 'function' coverage: main()
  New 'line' coverage: 1079
  New 'line' coverage: 1102
  New 'line' coverage: 113
  New 'line' coverage: 115
  New 'line' coverage: 1157
  New 'line' coverage: 116
  New 'line' coverage: 1160
  New 'line' coverage: 1163
  New 'line' coverage: 1166
  New 'line' coverage: 1169
  New 'line' coverage: 117
  New 'line' coverage: 1174
  New 'line' coverage: 1209
  New 'line' coverage: 1237
  New 'line' coverage: 124
  New 'line' coverage: 1240
  New 'line' coverage: 1241
  New 'line' coverage: 126
  New 'line' coverage: 128
  New 'line' coverage: 129
  New 'line' coverage: 130
  New 'line' coverage: 131
  New 'line' coverage: 1442
  New 'line' coverage: 1446
  New 'line' coverage: 1448
  New 'line' coverage: 1449
  New 'line' coverage: 1450
  New 'line' coverage: 1685
  New 'line' coverage: 1689
  New 'line' coverage: 1696
  New 'line' coverage: 1703
  New 'line' coverage: 1711
  New 'line' coverage: 1718
  New 'line' coverage: 1719
  New 'line' coverage: 1720
  New 'line' coverage: 1730
  New 'line' coverage: 1733
  New 'line' coverage: 1738
  New 'line' coverage: 1741
  New 'line' coverage: 446
  New 'line' coverage: 451
  New 'line' coverage: 461
  New 'line' coverage: 468
  New 'line' coverage: 472
  New 'line' coverage: 476
  New 'line' coverage: 783
  New 'line' coverage: 786
  New 'line' coverage: 787
  New 'line' coverage: 788
  New 'line' coverage: 793
  New 'line' coverage: 798
  New 'line' coverage: 804
  New 'line' coverage: 805
  New 'line' coverage: 807
  New 'line' coverage: 811
  New 'line' coverage: 812
  New 'line' coverage: 813
  New 'line' coverage: 818
  New 'line' coverage: 819
  New 'line' coverage: 820
  New 'line' coverage: 822
  New 'line' coverage: 826
  New 'line' coverage: 836
  New 'line' coverage: 878
  New 'line' coverage: 892
  New 'line' coverage: 896
  New 'line' coverage: 898
  New 'line' coverage: 903
  New 'line' coverage: 932
  New 'line' coverage: 934
  New 'line' coverage: 937
  New 'line' coverage: 938
  New 'line' coverage: 943
  New 'line' coverage: 945
  New 'line' coverage: 946
  New 'line' coverage: 953
  New 'line' coverage: 963
  New 'line' coverage: 969
  New 'line' coverage: 975
  New 'line' coverage: 983
  New 'line' coverage: 990
  New 'line' coverage: 994
New src file: /unibench/jhead-3.00/jpgqguess.c
  New 'function' coverage: process_DHT()
  New 'function' coverage: process_DQT()
  New 'line' coverage: 100
  New 'line' coverage: 104
  New 'line' coverage: 106
  New 'line' coverage: 108
  New 'line' coverage: 109
  New 'line' coverage: 110
  New 'line' coverage: 112
  New 'line' coverage: 114
  New 'line' coverage: 115
  New 'line' coverage: 118
  New 'line' coverage: 119
  New 'line' coverage: 120
  New 'line' coverage: 122
  New 'line' coverage: 126
  New 'line' coverage: 136
  New 'line' coverage: 138
  New 'line' coverage: 139
  New 'line' coverage: 140
  New 'line' coverage: 141
  New 'line' coverage: 143
  New 'line' coverage: 144
  New 'line' coverage: 146
  New 'line' coverage: 148
  New 'line' coverage: 150
  New 'line' coverage: 154
  New 'line' coverage: 155
  New 'line' coverage: 160
  New 'line' coverage: 170
  New 'line' coverage: 176
  New 'line' coverage: 181
  New 'line' coverage: 183
  New 'line' coverage: 184
  New 'line' coverage: 187
  New 'line' coverage: 188
  New 'line' coverage: 190
  New 'line' coverage: 191
  New 'line' coverage: 194
  New 'line' coverage: 195
  New 'line' coverage: 196
  New 'line' coverage: 200
  New 'line' coverage: 205
  New 'line' coverage: 81
  New 'line' coverage: 92
  New 'line' coverage: 94
  New 'line' coverage: 95
  New 'line' coverage: 96
  New 'line' coverage: 99
New src file: /unibench/jhead-3.00/exif.c
  New 'function' coverage: ShowImageInfo()
  New 'line' coverage: 1291
  New 'line' coverage: 1293
  New 'line' coverage: 1295
  New 'line' coverage: 1299
  New 'line' coverage: 1304
  New 'line' coverage: 1308
  New 'line' coverage: 1311
  New 'line' coverage: 1313
  New 'line' coverage: 1318
  New 'line' coverage: 1322
  New 'line' coverage: 1354
  New 'line' coverage: 1362
  New 'line' coverage: 1367
  New 'line' coverage: 1371
  New 'line' coverage: 1382
  New 'line' coverage: 1385
  New 'line' coverage: 1393
  New 'line' coverage: 1397
  New 'line' coverage: 1403
  New 'line' coverage: 1413
  New 'line' coverage: 1437
  New 'line' coverage: 1451
  New 'line' coverage: 1481
  New 'line' coverage: 1490
  New 'line' coverage: 1508
  New 'line' coverage: 1512
  New 'line' coverage: 1513
  New 'line' coverage: 1518
  New 'line' coverage: 1519
  New 'line' coverage: 1522
  New 'line' coverage: 1525
  New 'line' coverage: 1531
  New 'line' coverage: 1536
  New 'line' coverage: 1539
  New 'line' coverage: 1540
  New 'line' coverage: 1541
  New 'line' coverage: 1542
  New 'line' coverage: 1543
  New 'line' coverage: 1545
  New 'line' coverage: 1559
New src file: /unibench/jhead-3.00/iptc.c
  New 'function' coverage: show_IPTC()
  New 'line' coverage: 181
  New 'line' coverage: 52
  New 'line' coverage: 54
  New 'line' coverage: 55
  New 'line' coverage: 56
  New 'line' coverage: 58
  New 'line' coverage: 59
  New 'line' coverage: 63
  New 'line' coverage: 66
  New 'line' coverage: 86
  New 'line' coverage: 89
New src file: /unibench/jhead-3.00/jpgfile.c
  New 'function' coverage: CheckSectionsAllocated()
  New 'function' coverage: DiscardData()
  New 'function' coverage: FindSection()
  New 'function' coverage: ReadJpegFile()
  New 'function' coverage: ReadJpegSections()
  New 'function' coverage: ResetJpgfile()
  New 'function' coverage: process_COM()
  New 'function' coverage: process_SOFn()
  New 'line' coverage: 101
  New 'line' coverage: 103
  New 'line' coverage: 106
  New 'line' coverage: 107
  New 'line' coverage: 108
  New 'line' coverage: 109
  New 'line' coverage: 113
  New 'line' coverage: 119
  New 'line' coverage: 124
  New 'line' coverage: 126
  New 'line' coverage: 130
  New 'line' coverage: 131
  New 'line' coverage: 140
  New 'line' coverage: 143
  New 'line' coverage: 144
  New 'line' coverage: 145
  New 'line' coverage: 146
  New 'line' coverage: 147
  New 'line' coverage: 150
  New 'line' coverage: 152
  New 'line' coverage: 153
  New 'line' coverage: 156
  New 'line' coverage: 159
  New 'line' coverage: 160
  New 'line' coverage: 161
  New 'line' coverage: 162
  New 'line' coverage: 165
  New 'line' coverage: 167
  New 'line' coverage: 168
  New 'line' coverage: 171
  New 'line' coverage: 173
  New 'line' coverage: 174
  New 'line' coverage: 177
  New 'line' coverage: 180
  New 'line' coverage: 181
  New 'line' coverage: 183
  New 'line' coverage: 184
  New 'line' coverage: 185
  New 'line' coverage: 187
  New 'line' coverage: 189
  New 'line' coverage: 193
  New 'line' coverage: 223
  New 'line' coverage: 224
  New 'line' coverage: 228
  New 'line' coverage: 229
  New 'line' coverage: 233
  New 'line' coverage: 234
  New 'line' coverage: 237
  New 'line' coverage: 239
  New 'line' coverage: 241
  New 'line' coverage: 251
  New 'line' coverage: 252
  New 'line' coverage: 254
  New 'line' coverage: 255
  New 'line' coverage: 259
  New 'line' coverage: 260
  New 'line' coverage: 261
  New 'line' coverage: 262
  New 'line' coverage: 263
  New 'line' coverage: 28
  New 'line' coverage: 280
  New 'line' coverage: 281
  New 'line' coverage: 285
  New 'line' coverage: 286
  New 'line' coverage: 289
  New 'line' coverage: 301
  New 'line' coverage: 302
  New 'line' coverage: 305
  New 'line' coverage: 306
  New 'line' coverage: 329
  New 'line' coverage: 330
  New 'line' coverage: 333
  New 'line' coverage: 345
  New 'line' coverage: 349
  New 'line' coverage: 350
  New 'line' coverage: 354
  New 'line' coverage: 355
  New 'line' coverage: 356
  New 'line' coverage: 361
  New 'line' coverage: 366
  New 'line' coverage: 368
  New 'line' coverage: 37
  New 'line' coverage: 375
  New 'line' coverage: 376
  New 'line' coverage: 377
  New 'line' coverage: 382
  New 'line' coverage: 386
  New 'line' coverage: 388
  New 'line' coverage: 389
  New 'line' coverage: 46
  New 'line' coverage: 48
  New 'line' coverage: 49
  New 'line' coverage: 51
  New 'line' coverage: 53
  New 'line' coverage: 54
  New 'line' coverage: 56
  New 'line' coverage: 60
  New 'line' coverage: 62
  New 'line' coverage: 633
  New 'line' coverage: 637
  New 'line' coverage: 638
  New 'line' coverage: 67
  New 'line' coverage: 68
  New 'line' coverage: 74
  New 'line' coverage: 757
  New 'line' coverage: 759
  New 'line' coverage: 760
  New 'line' coverage: 761
  New 'line' coverage: 764
  New 'line' coverage: 765
  New 'line' coverage: 766
  New 'line' coverage: 78
  New 'line' coverage: 79
  New 'line' coverage: 80
  New 'line' coverage: 81
  New 'line' coverage: 83
  New 'line' coverage: 84
  New 'line' coverage: 86
  New 'line' coverage: 89
  New 'line' coverage: 91
  New 'line' coverage: 95

[+] Processed 346 / 346 test cases.

[+] Final zero coverage report: ./raw_data/weizz/group_2/outputs_group1_1/jhead/jhead_weizz_5/cov/zero-cov
[+] Final positive coverage report: ./raw_data/weizz/group_2/outputs_group1_1/jhead/jhead_weizz_5/cov/pos-cov
    lines......: 20.0% (301 of 1502 lines)
    functions..: 34.0% (18 of 53 functions)
[+] Final lcov web report: ./raw_data/weizz/group_2/outputs_group1_1/jhead/jhead_weizz_5/cov/web/index.html
