
*** Imported 360 new test cases from: ./raw_data/weizz/group_2/outputs_group1_1/jhead/jhead_weizz_3/queue

[+] AFL test case: id:000000,time:0,orig:24.jpg (0 / 360), cycle: 0
[+] AFL test case: id:000001,time:0,orig:goldenears.jpg (1 / 360), cycle: 0
[+] AFL test case: id:000002,time:0,orig:goldenears_gray.jpg (2 / 360), cycle: 0
[+] AFL test case: id:000003,src:000001,time:51,op:getdeps,pos:0,+cov (3 / 360), cycle: 0
[+] AFL test case: id:000004,src:000001,time:59,op:getdeps,pos:0,+cov (4 / 360), cycle: 0
[+] AFL test case: id:000005,src:000001,time:65,op:getdeps,pos:0 (5 / 360), cycle: 0
[+] AFL test case: id:000006,src:000001,time:70,op:getdeps,pos:0,+cov (6 / 360), cycle: 0
[+] AFL test case: id:000007,src:000001,time:75,op:getdeps,pos:0 (7 / 360), cycle: 0
[+] AFL test case: id:000008,src:000001,time:79,op:getdeps,pos:0 (8 / 360), cycle: 0
[+] AFL test case: id:000009,src:000001,time:85,op:getdeps,pos:0 (9 / 360), cycle: 0
[+] AFL test case: id:000010,src:000001,time:89,op:getdeps,pos:0 (10 / 360), cycle: 0
[+] AFL test case: id:000011,src:000001,time:94,op:getdeps,pos:0,+cov (11 / 360), cycle: 0
[+] AFL test case: id:000012,src:000001,time:100,op:getdeps,pos:0 (12 / 360), cycle: 0
[+] AFL test case: id:000013,src:000001,time:107,op:getdeps,pos:0 (13 / 360), cycle: 0
[+] AFL test case: id:000014,src:000001,time:112,op:getdeps,pos:0 (14 / 360), cycle: 0
[+] AFL test case: id:000015,src:000001,time:124,op:getdeps,pos:0,+cov (15 / 360), cycle: 0
[+] AFL test case: id:000016,src:000001,time:130,op:getdeps,pos:0 (16 / 360), cycle: 0
[+] AFL test case: id:000017,src:000001,time:145,op:getdeps,pos:0,+cov (17 / 360), cycle: 0
[+] AFL test case: id:000018,src:000001,time:151,op:getdeps,pos:0,+cov (18 / 360), cycle: 0
[+] AFL test case: id:000019,src:000001,time:166,op:getdeps,pos:0 (19 / 360), cycle: 0
[+] AFL test case: id:000020,src:000001,time:177,op:getdeps,pos:0 (20 / 360), cycle: 0
[+] AFL test case: id:000021,src:000001,time:198,op:getdeps,pos:0,+cov (21 / 360), cycle: 0
[+] AFL test case: id:000022,src:000001,time:205,op:getdeps,pos:0,+cov (22 / 360), cycle: 0
[+] AFL test case: id:000023,src:000001,time:211,op:getdeps,pos:0,+cov (23 / 360), cycle: 0
[+] AFL test case: id:000024,src:000001,time:223,op:getdeps,pos:0 (24 / 360), cycle: 0
[+] AFL test case: id:000025,src:000001,time:234,op:getdeps,pos:0 (25 / 360), cycle: 0
[+] AFL test case: id:000026,src:000001,time:240,op:getdeps,pos:0,+cov (26 / 360), cycle: 0
[+] AFL test case: id:000027,src:000001,time:498,op:getdeps,pos:1,+cov (27 / 360), cycle: 0
[+] AFL test case: id:000028,src:000001,time:515,op:getdeps,pos:3 (28 / 360), cycle: 0
[+] AFL test case: id:000029,src:000001,time:520,op:getdeps,pos:3,+cov (29 / 360), cycle: 0
[+] AFL test case: id:000030,src:000001,time:527,op:getdeps,pos:3,+cov (30 / 360), cycle: 0
[+] AFL test case: id:000031,src:000001,time:538,op:getdeps,pos:4 (31 / 360), cycle: 0
[+] AFL test case: id:000032,src:000001,time:544,op:getdeps,pos:5 (32 / 360), cycle: 0
[+] AFL test case: id:000033,src:000001,time:550,op:getdeps,pos:5,+cov (33 / 360), cycle: 0
[+] AFL test case: id:000034,src:000001,time:651,op:getdeps,pos:21,+cov (34 / 360), cycle: 0
[+] AFL test case: id:000035,src:000001,time:656,op:getdeps,pos:21 (35 / 360), cycle: 0
[+] AFL test case: id:000036,src:000001,time:663,op:getdeps,pos:22,+cov (36 / 360), cycle: 0
[+] AFL test case: id:000037,src:000001,time:669,op:getdeps,pos:22 (37 / 360), cycle: 0
[+] AFL test case: id:000038,src:000001,time:674,op:getdeps,pos:22 (38 / 360), cycle: 0
[+] AFL test case: id:000039,src:000001,time:678,op:getdeps,pos:22 (39 / 360), cycle: 0
[+] AFL test case: id:000040,src:000001,time:683,op:getdeps,pos:23 (40 / 360), cycle: 0
[+] AFL test case: id:000041,src:000001,time:693,op:getdeps,pos:23 (41 / 360), cycle: 0
[+] AFL test case: id:000042,src:000001,time:1106,op:getdeps,pos:90,+cov (42 / 360), cycle: 0
[+] AFL test case: id:000043,src:000001,time:1114,op:getdeps,pos:91 (43 / 360), cycle: 0
[+] AFL test case: id:000044,src:000001,time:1121,op:getdeps,pos:91 (44 / 360), cycle: 0
[+] AFL test case: id:000045,src:000001,time:1128,op:getdeps,pos:92 (45 / 360), cycle: 0
[+] AFL test case: id:000046,src:000001,time:1142,op:getdeps,pos:93 (46 / 360), cycle: 0
[+] AFL test case: id:000047,src:000001,time:1554,op:getdeps,pos:159 (47 / 360), cycle: 0
[+] AFL test case: id:000048,src:000001,time:1562,op:getdeps,pos:159,+cov (48 / 360), cycle: 0
[+] AFL test case: id:000049,src:000001,time:1567,op:getdeps,pos:159,+cov (49 / 360), cycle: 0
[+] AFL test case: id:000050,src:000001,time:1690,op:getdeps,pos:178,+cov (50 / 360), cycle: 0
[+] AFL test case: id:000051,src:000001,time:1695,op:getdeps,pos:178,+cov (51 / 360), cycle: 0
[+] AFL test case: id:000052,src:000001,time:1703,op:getdeps,pos:179 (52 / 360), cycle: 0
[+] AFL test case: id:000053,src:000001,time:1708,op:getdeps,pos:179 (53 / 360), cycle: 0
[+] AFL test case: id:000054,src:000001,time:2687,op:getdeps,pos:328 (54 / 360), cycle: 0
[+] AFL test case: id:000055,src:000001,time:18972,op:cmp,rep:0,+cov (55 / 360), cycle: 0
[+] AFL test case: id:000056,src:000001,time:18979,op:cmp,rep:0 (56 / 360), cycle: 0
[+] AFL test case: id:000057,src:000001,time:19006,op:cmp,rep:0,+cov (57 / 360), cycle: 0
[+] AFL test case: id:000058,src:000001,time:19101,op:cmp,rep:0,+cov (58 / 360), cycle: 0
[+] AFL test case: id:000059,src:000001,time:19182,op:cmp,rep:0,+cov (59 / 360), cycle: 0
[+] AFL test case: id:000060,src:000001,time:19189,op:cmp,rep:0,+cov (60 / 360), cycle: 0
[+] AFL test case: id:000061,src:000001,time:19198,op:havoc,rep:64 (61 / 360), cycle: 0
[+] AFL test case: id:000062,src:000001,time:19204,op:tags,rep:8,+cov (62 / 360), cycle: 0
[+] AFL test case: id:000063,src:000001,time:19209,op:havoc,rep:16 (63 / 360), cycle: 0
[+] AFL test case: id:000064,src:000001,time:19214,op:tags,rep:128 (64 / 360), cycle: 0
[+] AFL test case: id:000065,src:000001,time:19221,op:havoc,rep:64 (65 / 360), cycle: 0
[+] AFL test case: id:000066,src:000001,time:19241,op:tags,rep:128 (66 / 360), cycle: 0
[+] AFL test case: id:000067,src:000001,time:19249,op:havoc,rep:128 (67 / 360), cycle: 0
[+] AFL test case: id:000068,src:000001,time:19255,op:havoc,rep:128 (68 / 360), cycle: 0
[+] AFL test case: id:000069,src:000001,time:19331,op:havoc,rep:64 (69 / 360), cycle: 0
[+] AFL test case: id:000070,src:000001,time:19346,op:havoc,rep:32,+cov (70 / 360), cycle: 0
[+] AFL test case: id:000071,src:000001,time:19355,op:havoc,rep:128 (71 / 360), cycle: 0
[+] AFL test case: id:000072,src:000001,time:19368,op:havoc,rep:16,+cov (72 / 360), cycle: 0
[+] AFL test case: id:000073,src:000001,time:19374,op:havoc,rep:128 (73 / 360), cycle: 0
[+] AFL test case: id:000074,src:000001,time:19418,op:havoc,rep:16 (74 / 360), cycle: 0
[+] AFL test case: id:000075,src:000001,time:19454,op:havoc,rep:16 (75 / 360), cycle: 0
[+] AFL test case: id:000076,src:000001,time:19479,op:havoc,rep:128 (76 / 360), cycle: 0
[+] AFL test case: id:000077,src:000001,time:19498,op:tags,rep:128,+cov (77 / 360), cycle: 0
[+] AFL test case: id:000078,src:000001,time:19507,op:havoc,rep:128,+cov (78 / 360), cycle: 0
[+] AFL test case: id:000079,src:000001,time:19525,op:havoc,rep:64 (79 / 360), cycle: 0
[+] AFL test case: id:000080,src:000001,time:19604,op:tags,rep:4 (80 / 360), cycle: 0
[+] AFL test case: id:000081,src:000001,time:19621,op:tags,rep:128,+cov (81 / 360), cycle: 0
[+] AFL test case: id:000082,src:000001,time:19630,op:havoc,rep:128 (82 / 360), cycle: 0
[+] AFL test case: id:000083,src:000001,time:19739,op:havoc,rep:16 (83 / 360), cycle: 0
[+] AFL test case: id:000084,src:000001,time:19770,op:havoc,rep:16 (84 / 360), cycle: 0
[+] AFL test case: id:000085,src:000001,time:19785,op:tags,rep:32 (85 / 360), cycle: 0
[+] AFL test case: id:000086,src:000001,time:19803,op:havoc,rep:128 (86 / 360), cycle: 0
[+] AFL test case: id:000087,src:000001,time:19866,op:havoc,rep:4 (87 / 360), cycle: 0
[+] AFL test case: id:000088,src:000001,time:19884,op:havoc,rep:128 (88 / 360), cycle: 0
[+] AFL test case: id:000089,src:000001,time:20052,op:tags,rep:128 (89 / 360), cycle: 0
[+] AFL test case: id:000090,src:000001,time:20168,op:havoc,rep:4 (90 / 360), cycle: 0
[+] AFL test case: id:000091,src:000001,time:20220,op:tags,rep:4,+cov (91 / 360), cycle: 0
[+] AFL test case: id:000092,src:000001,time:20311,op:havoc,rep:128 (92 / 360), cycle: 0
[+] AFL test case: id:000093,src:000001,time:20338,op:tags,rep:64 (93 / 360), cycle: 0
[+] AFL test case: id:000094,src:000001,time:20355,op:havoc,rep:4,+cov (94 / 360), cycle: 0
[+] AFL test case: id:000095,src:000001,time:20536,op:havoc,rep:128 (95 / 360), cycle: 0
[+] AFL test case: id:000096,src:000001,time:20609,op:havoc,rep:32 (96 / 360), cycle: 0
[+] AFL test case: id:000097,src:000001,time:21461,op:tags,rep:128,+cov (97 / 360), cycle: 0
[+] AFL test case: id:000098,src:000001,time:21865,op:havoc,rep:128,+cov (98 / 360), cycle: 0
[+] AFL test case: id:000099,src:000001,time:22340,op:tags,rep:32 (99 / 360), cycle: 0
[+] AFL test case: id:000100,src:000001,time:22399,op:havoc,rep:16 (100 / 360), cycle: 0
[+] AFL test case: id:000101,src:000001,time:22660,op:havoc,rep:128 (101 / 360), cycle: 0
[+] AFL test case: id:000102,src:000001,time:22991,op:havoc,rep:64 (102 / 360), cycle: 0
[+] AFL test case: id:000103,src:000001,time:23171,op:havoc,rep:128,+cov (103 / 360), cycle: 0
[+] AFL test case: id:000104,src:000001,time:23301,op:havoc,rep:128 (104 / 360), cycle: 0
[+] AFL test case: id:000105,src:000001,time:23675,op:havoc,rep:64 (105 / 360), cycle: 0
[+] AFL test case: id:000106,src:000001,time:24562,op:havoc,rep:32,+cov (106 / 360), cycle: 0
[+] AFL test case: id:000107,src:000001,time:25336,op:havoc,rep:128 (107 / 360), cycle: 0
[+] AFL test case: id:000108,src:000001,time:25355,op:tags,rep:32 (108 / 360), cycle: 0
[+] AFL test case: id:000109,src:000001,time:25596,op:havoc,rep:128 (109 / 360), cycle: 0
[+] AFL test case: id:000110,src:000001,time:25752,op:havoc,rep:32 (110 / 360), cycle: 0
[+] AFL test case: id:000111,src:000001,time:26348,op:havoc,rep:64 (111 / 360), cycle: 0
[+] AFL test case: id:000112,src:000015+000011,time:27049,op:splice,rep:128 (112 / 360), cycle: 0
[+] AFL test case: id:000113,src:000044,time:29865,op:havoc,rep:64 (113 / 360), cycle: 0
[+] AFL test case: id:000114,src:000044,time:29967,op:havoc,rep:64 (114 / 360), cycle: 0
[+] AFL test case: id:000115,src:000048,time:30943,op:havoc,rep:128,+cov (115 / 360), cycle: 0
[+] AFL test case: id:000116,src:000048+000072,time:31326,op:splice,rep:64,+cov (116 / 360), cycle: 0
[+] AFL test case: id:000117,src:000049+000052,time:32031,op:splice,rep:128 (117 / 360), cycle: 0
[+] AFL test case: id:000118,src:000050+000078,time:32686,op:splice,rep:128 (118 / 360), cycle: 0
[+] AFL test case: id:000119,src:000054,time:33240,op:havoc,rep:8 (119 / 360), cycle: 0
[+] AFL test case: id:000120,src:000054,time:33582,op:havoc,rep:16 (120 / 360), cycle: 0
[+] AFL test case: id:000121,src:000054+000089,time:34376,op:splice,rep:64 (121 / 360), cycle: 0
[+] AFL test case: id:000122,src:000057+000036,time:35355,op:splice,rep:32 (122 / 360), cycle: 0
[+] AFL test case: id:000123,src:000058,time:35566,op:tags,rep:2,+cov (123 / 360), cycle: 0
[+] AFL test case: id:000124,src:000062,time:37542,op:havoc,rep:64 (124 / 360), cycle: 0
[+] AFL test case: id:000125,src:000062+000121,time:37834,op:splice,rep:16 (125 / 360), cycle: 0
[+] AFL test case: id:000126,src:000062+000121,time:37841,op:splice,rep:32 (126 / 360), cycle: 0
[+] AFL test case: id:000127,src:000062+000121,time:37847,op:splice,rep:32 (127 / 360), cycle: 0
[+] AFL test case: id:000128,src:000062+000121,time:37867,op:splice,rep:32 (128 / 360), cycle: 0
[+] AFL test case: id:000129,src:000062+000121,time:37873,op:splice,rep:128 (129 / 360), cycle: 0
[+] AFL test case: id:000130,src:000062+000121,time:37886,op:splice,rep:64 (130 / 360), cycle: 0
[+] AFL test case: id:000131,src:000062+000121,time:37905,op:splice,rep:16 (131 / 360), cycle: 0
[+] AFL test case: id:000132,src:000062+000121,time:37912,op:splice,rep:64 (132 / 360), cycle: 0
[+] AFL test case: id:000133,src:000062+000121,time:37934,op:splice,rep:32 (133 / 360), cycle: 0
[+] AFL test case: id:000134,src:000062+000121,time:37943,op:splice,rep:128 (134 / 360), cycle: 0
[+] AFL test case: id:000135,src:000062+000121,time:37949,op:splice,rep:16 (135 / 360), cycle: 0
[+] AFL test case: id:000136,src:000062+000121,time:37962,op:splice,rep:16 (136 / 360), cycle: 0
[+] AFL test case: id:000137,src:000062+000121,time:37969,op:splice,rep:128 (137 / 360), cycle: 0
[+] AFL test case: id:000138,src:000062+000121,time:37989,op:splice,rep:32 (138 / 360), cycle: 0
[+] AFL test case: id:000139,src:000062+000121,time:38003,op:splice,rep:64 (139 / 360), cycle: 0
[+] AFL test case: id:000140,src:000062+000121,time:38127,op:splice,rep:64 (140 / 360), cycle: 0
[+] AFL test case: id:000141,src:000062+000121,time:38208,op:splice,rep:64 (141 / 360), cycle: 0
[+] AFL test case: id:000142,src:000062+000121,time:38253,op:splice,rep:64 (142 / 360), cycle: 0
[+] AFL test case: id:000143,src:000062+000121,time:38263,op:splice,rep:32 (143 / 360), cycle: 0
[+] AFL test case: id:000144,src:000062+000121,time:38329,op:splice,rep:64 (144 / 360), cycle: 0
[+] AFL test case: id:000145,src:000062+000121,time:38345,op:splice,rep:32 (145 / 360), cycle: 0
[+] AFL test case: id:000146,src:000062+000121,time:38440,op:splice,rep:32 (146 / 360), cycle: 0
[+] AFL test case: id:000147,src:000062+000121,time:38460,op:splice,rep:64,+cov (147 / 360), cycle: 0
[+] AFL test case: id:000148,src:000062+000121,time:38517,op:splice,rep:128 (148 / 360), cycle: 0
[+] AFL test case: id:000149,src:000072+000144,time:39114,op:splice,rep:16 (149 / 360), cycle: 0
[+] AFL test case: id:000150,src:000072+000146,time:39212,op:splice,rep:128 (150 / 360), cycle: 0
[+] AFL test case: id:000151,src:000078,time:39560,op:havoc,rep:4 (151 / 360), cycle: 0
[+] AFL test case: id:000152,src:000078,time:39595,op:havoc,rep:64 (152 / 360), cycle: 0
[+] AFL test case: id:000153,src:000078,time:39645,op:havoc,rep:64 (153 / 360), cycle: 0
[+] AFL test case: id:000154,src:000078,time:39659,op:havoc,rep:8 (154 / 360), cycle: 0
[+] AFL test case: id:000155,src:000078,time:39785,op:havoc,rep:8,+cov (155 / 360), cycle: 0
[+] AFL test case: id:000156,src:000078,time:39839,op:havoc,rep:8 (156 / 360), cycle: 0
[+] AFL test case: id:000157,src:000078,time:39932,op:havoc,rep:16 (157 / 360), cycle: 0
[+] AFL test case: id:000158,src:000078,time:39970,op:havoc,rep:2 (158 / 360), cycle: 0
[+] AFL test case: id:000159,src:000078,time:40229,op:havoc,rep:16 (159 / 360), cycle: 0
[+] AFL test case: id:000160,src:000078,time:40492,op:havoc,rep:16,+cov (160 / 360), cycle: 0
[+] AFL test case: id:000161,src:000078,time:40546,op:havoc,rep:128 (161 / 360), cycle: 0
[+] AFL test case: id:000162,src:000078,time:40591,op:havoc,rep:8 (162 / 360), cycle: 0
[+] AFL test case: id:000163,src:000078,time:41201,op:havoc,rep:16 (163 / 360), cycle: 0
[+] AFL test case: id:000164,src:000078,time:41244,op:havoc,rep:16 (164 / 360), cycle: 0
[+] AFL test case: id:000165,src:000078,time:41706,op:havoc,rep:16 (165 / 360), cycle: 0
[+] AFL test case: id:000166,src:000078,time:42443,op:havoc,rep:64 (166 / 360), cycle: 0
[+] AFL test case: id:000167,src:000093+000121,time:43936,op:splice,rep:128 (167 / 360), cycle: 0
[+] AFL test case: id:000168,src:000093+000101,time:43969,op:splice,rep:64 (168 / 360), cycle: 0
[+] AFL test case: id:000169,src:000093+000160,time:44024,op:splice,rep:32 (169 / 360), cycle: 0
[+] AFL test case: id:000170,src:000097+000137,time:45204,op:splice,rep:32 (170 / 360), cycle: 0
[+] AFL test case: id:000171,src:000098,time:45496,op:havoc,rep:32 (171 / 360), cycle: 0
[+] AFL test case: id:000172,src:000106,time:47144,op:havoc,rep:8 (172 / 360), cycle: 0
[+] AFL test case: id:000173,src:000112,time:47837,op:havoc,rep:16 (173 / 360), cycle: 0
[+] AFL test case: id:000174,src:000116,time:49085,op:havoc,rep:16 (174 / 360), cycle: 0
[+] AFL test case: id:000175,src:000147,time:51759,op:havoc,rep:64 (175 / 360), cycle: 0
[+] AFL test case: id:000176,src:000155,time:52410,op:havoc,rep:8 (176 / 360), cycle: 0
[+] AFL test case: id:000177,src:000155,time:52509,op:havoc,rep:8 (177 / 360), cycle: 0
[+] AFL test case: id:000178,src:000155,time:52555,op:havoc,rep:16 (178 / 360), cycle: 0
[+] AFL test case: id:000179,src:000155+000177,time:53653,op:splice,rep:32 (179 / 360), cycle: 0
[+] AFL test case: id:000180,src:000158,time:53876,op:havoc,rep:16 (180 / 360), cycle: 0
[+] AFL test case: id:000181,src:000158+000078,time:54325,op:splice,rep:16 (181 / 360), cycle: 0
[+] AFL test case: id:000182,src:000158+000078,time:54352,op:splice,rep:8,+cov (182 / 360), cycle: 0
[+] AFL test case: id:000183,src:000164,time:55177,op:havoc,rep:8 (183 / 360), cycle: 0
[+] AFL test case: id:000184,src:000182+000074,time:57804,op:splice,rep:32 (184 / 360), cycle: 0
[+] AFL test case: id:000185,src:000055,time:59611,op:havoc,rep:128 (185 / 360), cycle: 0
[+] AFL test case: id:000186,src:000185,time:60381,op:havoc,rep:16 (186 / 360), cycle: 0
[+] AFL test case: id:000187,src:000186,time:61440,op:havoc,rep:4 (187 / 360), cycle: 0
[+] AFL test case: id:000188,src:000186,time:61513,op:havoc,rep:2 (188 / 360), cycle: 0
[+] AFL test case: id:000189,src:000186,time:61845,op:havoc,rep:4 (189 / 360), cycle: 0
[+] AFL test case: id:000190,src:000186,time:62225,op:havoc,rep:8 (190 / 360), cycle: 0
[+] AFL test case: id:000191,src:000190,time:66651,op:havoc,rep:2 (191 / 360), cycle: 0
[+] AFL test case: id:000192,src:000015,time:68935,op:tags,rep:128 (192 / 360), cycle: 0
[+] AFL test case: id:000193,src:000046,time:92906,op:tags,rep:8 (193 / 360), cycle: 0
[+] AFL test case: id:000194,src:000049+000060,time:94315,op:splice,rep:128 (194 / 360), cycle: 0
[+] AFL test case: id:000195,src:000049+000060,time:94338,op:splice,rep:32,+cov (195 / 360), cycle: 0
[+] AFL test case: id:000196,src:000119,time:94858,op:havoc,rep:4 (196 / 360), cycle: 0
[+] AFL test case: id:000197,src:000175,time:97382,op:havoc,rep:64 (197 / 360), cycle: 0
[+] AFL test case: id:000198,src:000175,time:97428,op:havoc,rep:8 (198 / 360), cycle: 0
[+] AFL test case: id:000199,src:000175+000122,time:98532,op:splice,rep:8 (199 / 360), cycle: 0
[+] AFL test case: id:000200,src:000194,time:99016,op:havoc,rep:8 (200 / 360), cycle: 0
[+] AFL test case: id:000201,src:000194+000032,time:99407,op:splice,rep:16 (201 / 360), cycle: 0
[+] AFL test case: id:000202,src:000200,time:101217,op:havoc,rep:32 (202 / 360), cycle: 0
[+] AFL test case: id:000203,src:000202+000193,time:103141,op:splice,rep:16 (203 / 360), cycle: 0
[+] AFL test case: id:000204,src:000202+000193,time:103239,op:splice,rep:32 (204 / 360), cycle: 0
[+] AFL test case: id:000205,src:000057,time:135145,op:havoc,rep:4 (205 / 360), cycle: 0
[+] AFL test case: id:000206,src:000057,time:135203,op:havoc,rep:16 (206 / 360), cycle: 0
[+] AFL test case: id:000207,src:000058,time:139290,op:tags,rep:16 (207 / 360), cycle: 0
[+] AFL test case: id:000208,src:000062+000177,time:141234,op:splice,rep:32 (208 / 360), cycle: 0
[+] AFL test case: id:000209,src:000117,time:175559,op:tags,rep:4 (209 / 360), cycle: 0
[+] AFL test case: id:000210,src:000165+000182,time:189081,op:splice,rep:8 (210 / 360), cycle: 0
[+] AFL test case: id:000211,src:000177,time:190619,op:havoc,rep:16 (211 / 360), cycle: 0
[+] AFL test case: id:000212,src:000192,time:203392,op:tags,rep:4 (212 / 360), cycle: 0
[+] AFL test case: id:000213,src:000205+000177,time:207842,op:splice,rep:16 (213 / 360), cycle: 0
[+] AFL test case: id:000214,src:000114,time:312859,op:tags,rep:2 (214 / 360), cycle: 0
[+] AFL test case: id:000215,src:000115+000213,time:314011,op:splice,rep:16 (215 / 360), cycle: 0
[+] AFL test case: id:000216,src:000174+000200,time:321922,op:splice,rep:2 (216 / 360), cycle: 0
[+] AFL test case: id:000217,src:000191,time:326433,op:havoc,rep:2 (217 / 360), cycle: 0
[+] AFL test case: id:000218,src:000191+000216,time:327200,op:splice,rep:32 (218 / 360), cycle: 0
[+] AFL test case: id:000219,src:000193,time:328101,op:tags,rep:8 (219 / 360), cycle: 0
[+] AFL test case: id:000220,src:000193,time:328229,op:tags,rep:128 (220 / 360), cycle: 0
[+] AFL test case: id:000221,src:000193,time:328688,op:havoc,rep:32 (221 / 360), cycle: 0
[+] AFL test case: id:000222,src:000193,time:328811,op:havoc,rep:64 (222 / 360), cycle: 0
[+] AFL test case: id:000223,src:000193,time:329015,op:tags,rep:4 (223 / 360), cycle: 0
[+] AFL test case: id:000224,src:000195,time:334993,op:havoc,rep:64 (224 / 360), cycle: 0
[+] AFL test case: id:000225,src:000224,time:335915,op:havoc,rep:8 (225 / 360), cycle: 0
[+] AFL test case: id:000226,src:000224+000223,time:339061,op:splice,rep:64 (226 / 360), cycle: 0
[+] AFL test case: id:000227,src:000160+000217,time:447323,op:splice,rep:4 (227 / 360), cycle: 0
[+] AFL test case: id:000228,src:000210,time:456992,op:havoc,rep:16 (228 / 360), cycle: 0
[+] AFL test case: id:000229,src:000210+000048,time:458810,op:splice,rep:128 (229 / 360), cycle: 0
[+] AFL test case: id:000230,src:000218,time:478948,op:tags,rep:2 (230 / 360), cycle: 0
[+] AFL test case: id:000231,src:000220,time:485246,op:havoc,rep:16 (231 / 360), cycle: 0
[+] AFL test case: id:000232,src:000220,time:485678,op:havoc,rep:64 (232 / 360), cycle: 0
[+] AFL test case: id:000233,src:000220,time:486179,op:havoc,rep:32 (233 / 360), cycle: 0
[+] AFL test case: id:000234,src:000220,time:486457,op:havoc,rep:64 (234 / 360), cycle: 0
[+] AFL test case: id:000235,src:000220,time:488400,op:havoc,rep:128 (235 / 360), cycle: 0
[+] AFL test case: id:000236,src:000123+000235,time:521944,op:splice,rep:8 (236 / 360), cycle: 0
[+] AFL test case: id:000237,src:000171+000208,time:532381,op:splice,rep:8 (237 / 360), cycle: 0
[+] AFL test case: id:000238,src:000228,time:579121,op:havoc,rep:4 (238 / 360), cycle: 0
[+] AFL test case: id:000239,src:000228+000028,time:586099,op:tags splice,rep:4 (239 / 360), cycle: 0
[+] AFL test case: id:000240,src:000229,time:588793,op:havoc,rep:8 (240 / 360), cycle: 0
[+] AFL test case: id:000241,src:000231,time:594304,op:havoc,rep:8 (241 / 360), cycle: 0
[+] AFL test case: id:000242,src:000235,time:600070,op:havoc,rep:128 (242 / 360), cycle: 0
[+] AFL test case: id:000243,src:000235,time:600114,op:havoc,rep:128 (243 / 360), cycle: 0
[+] AFL test case: id:000244,src:000235,time:600301,op:havoc,rep:8,+cov (244 / 360), cycle: 0
[+] AFL test case: id:000245,src:000235,time:600971,op:havoc,rep:4 (245 / 360), cycle: 0
[+] AFL test case: id:000246,src:000235,time:601050,op:havoc,rep:128 (246 / 360), cycle: 0
[+] AFL test case: id:000247,src:000235,time:601059,op:havoc,rep:64 (247 / 360), cycle: 0
[+] AFL test case: id:000248,src:000235,time:601228,op:havoc,rep:64 (248 / 360), cycle: 0
[+] AFL test case: id:000249,src:000235,time:601510,op:havoc,rep:16 (249 / 360), cycle: 0
[+] AFL test case: id:000250,src:000235,time:601792,op:havoc,rep:16 (250 / 360), cycle: 0
[+] AFL test case: id:000251,src:000235,time:602415,op:havoc,rep:4 (251 / 360), cycle: 0
[+] AFL test case: id:000252,src:000238,time:605716,op:havoc,rep:8 (252 / 360), cycle: 0
[+] AFL test case: id:000253,src:000238,time:606145,op:havoc,rep:4 (253 / 360), cycle: 0
[+] AFL test case: id:000254,src:000238+000035,time:610923,op:splice,rep:32 (254 / 360), cycle: 0
[+] AFL test case: id:000255,src:000244,time:612920,op:havoc,rep:4 (255 / 360), cycle: 0
[+] AFL test case: id:000256,src:000244,time:612927,op:havoc,rep:16 (256 / 360), cycle: 0
[+] AFL test case: id:000257,src:000244,time:612937,op:havoc,rep:8 (257 / 360), cycle: 0
[+] AFL test case: id:000258,src:000244,time:612990,op:havoc,rep:16 (258 / 360), cycle: 0
[+] AFL test case: id:000259,src:000244,time:613448,op:havoc,rep:128 (259 / 360), cycle: 0
[+] AFL test case: id:000260,src:000244,time:614409,op:havoc,rep:128 (260 / 360), cycle: 0
[+] AFL test case: id:000261,src:000244,time:614741,op:havoc,rep:8 (261 / 360), cycle: 0
[+] AFL test case: id:000262,src:000244,time:616068,op:havoc,rep:64 (262 / 360), cycle: 0
[+] AFL test case: id:000263,src:000244+000258,time:617398,op:splice,rep:64 (263 / 360), cycle: 0
[+] AFL test case: id:000264,src:000255+000226,time:620874,op:splice,rep:16 (264 / 360), cycle: 0
[+] AFL test case: id:000265,src:000262,time:627439,op:havoc,rep:64 (265 / 360), cycle: 0
[+] AFL test case: id:000266,src:000262+000238,time:630150,op:splice,rep:16 (266 / 360), cycle: 0
[+] AFL test case: id:000267,src:000265,time:636694,op:havoc,rep:128 (267 / 360), cycle: 0
[+] AFL test case: id:000268,src:000265+000223,time:640315,op:splice,rep:32 (268 / 360), cycle: 0
[+] AFL test case: id:000269,src:000266,time:641635,op:havoc,rep:8 (269 / 360), cycle: 0
[+] AFL test case: id:000270,src:000266,time:641796,op:havoc,rep:16 (270 / 360), cycle: 0
[+] AFL test case: id:000271,src:000266,time:643516,op:havoc,rep:16 (271 / 360), cycle: 0
[+] AFL test case: id:000272,src:000266+000242,time:645329,op:splice,rep:64 (272 / 360), cycle: 0
[+] AFL test case: id:000273,src:000266+000224,time:647905,op:splice,rep:2 (273 / 360), cycle: 0
[+] AFL test case: id:000274,src:000266+000224,time:648100,op:splice,rep:4 (274 / 360), cycle: 0
[+] AFL test case: id:000275,src:000266+000224,time:648154,op:splice,rep:2 (275 / 360), cycle: 0
[+] AFL test case: id:000276,src:000267,time:649541,op:havoc,rep:128 (276 / 360), cycle: 0
[+] AFL test case: id:000277,src:000267+000274,time:654384,op:splice,rep:8 (277 / 360), cycle: 0
[+] AFL test case: id:000278,src:000267+000274,time:654460,op:splice,rep:64 (278 / 360), cycle: 0
[+] AFL test case: id:000279,src:000267+000274,time:654479,op:splice,rep:32 (279 / 360), cycle: 0
[+] AFL test case: id:000280,src:000267+000274,time:654616,op:splice,rep:2 (280 / 360), cycle: 0
[+] AFL test case: id:000281,src:000267+000274,time:654864,op:splice,rep:16 (281 / 360), cycle: 0
[+] AFL test case: id:000282,src:000267+000169,time:655335,op:splice,rep:128 (282 / 360), cycle: 0
[+] AFL test case: id:000283,src:000280,time:708175,op:getdeps,pos:2129 (283 / 360), cycle: 0
[+] AFL test case: id:000284,src:000280,time:729177,op:havoc,rep:64 (284 / 360), cycle: 0
[+] AFL test case: id:000285,src:000280,time:729221,op:havoc,rep:64 (285 / 360), cycle: 0
[+] AFL test case: id:000286,src:000280,time:732379,op:havoc,rep:16 (286 / 360), cycle: 0
[+] AFL test case: id:000287,src:000280,time:733622,op:havoc,rep:16 (287 / 360), cycle: 0
[+] AFL test case: id:000288,src:000280,time:735643,op:havoc,rep:64 (288 / 360), cycle: 0
[+] AFL test case: id:000289,src:000280+000022,time:737668,op:splice,rep:128 (289 / 360), cycle: 0
[+] AFL test case: id:000290,src:000280+000179,time:739109,op:splice,rep:4 (290 / 360), cycle: 0
[+] AFL test case: id:000291,src:000280+000179,time:739392,op:splice,rep:32 (291 / 360), cycle: 0
[+] AFL test case: id:000292,src:000074+000289,time:753272,op:splice,rep:16 (292 / 360), cycle: 0
[+] AFL test case: id:000293,src:000093,time:756371,op:havoc,rep:4 (293 / 360), cycle: 0
[+] AFL test case: id:000294,src:000151+000293,time:780925,op:splice,rep:16 (294 / 360), cycle: 0
[+] AFL test case: id:000295,src:000160+000272,time:781947,op:splice,rep:2 (295 / 360), cycle: 0
[+] AFL test case: id:000296,src:000177,time:784429,op:havoc,rep:16 (296 / 360), cycle: 0
[+] AFL test case: id:000297,src:000177+000265,time:784777,op:splice,rep:2 (297 / 360), cycle: 0
[+] AFL test case: id:000298,src:000186+000295,time:787978,op:splice,rep:8 (298 / 360), cycle: 0
[+] AFL test case: id:000299,src:000188+000117,time:788810,op:splice,rep:2 (299 / 360), cycle: 0
[+] AFL test case: id:000300,src:000216,time:796672,op:havoc,rep:128 (300 / 360), cycle: 0
[+] AFL test case: id:000301,src:000282,time:942993,op:havoc,rep:16 (301 / 360), cycle: 0
[+] AFL test case: id:000302,src:000282+000265,time:947419,op:splice,rep:32 (302 / 360), cycle: 0
[+] AFL test case: id:000303,src:000049+000301,time:958304,op:splice,rep:128 (303 / 360), cycle: 0
[+] AFL test case: id:000304,src:000058+000299,time:959939,op:splice,rep:16 (304 / 360), cycle: 0
[+] AFL test case: id:000305,src:000058+000299,time:960100,op:splice,rep:4 (305 / 360), cycle: 0
[+] AFL test case: id:000306,src:000060+000207,time:961459,op:splice,rep:8 (306 / 360), cycle: 0
[+] AFL test case: id:000307,src:000076+000306,time:966255,op:splice,rep:64 (307 / 360), cycle: 0
[+] AFL test case: id:000308,src:000097+000292,time:968415,op:splice,rep:8 (308 / 360), cycle: 0
[+] AFL test case: id:000309,src:000140+000308,time:977112,op:splice,rep:128 (309 / 360), cycle: 0
[+] AFL test case: id:000310,src:000201+000269,time:1001609,op:splice,rep:16 (310 / 360), cycle: 0
[+] AFL test case: id:000311,src:000213,time:1003179,op:havoc,rep:16 (311 / 360), cycle: 0
[+] AFL test case: id:000312,src:000233+000038,time:1049459,op:splice,rep:32 (312 / 360), cycle: 0
[+] AFL test case: id:000313,src:000268,time:1064028,op:havoc,rep:8 (313 / 360), cycle: 0
[+] AFL test case: id:000314,src:000301+000114,time:1091069,op:splice,rep:8 (314 / 360), cycle: 0
[+] AFL test case: id:000315,src:000308,time:1092772,op:havoc,rep:4 (315 / 360), cycle: 0
[+] AFL test case: id:000316,src:000309,time:1099820,op:havoc,rep:4 (316 / 360), cycle: 0
[+] AFL test case: id:000317,src:000315,time:1103891,op:havoc,rep:4 (317 / 360), cycle: 0
[+] AFL test case: id:000318,src:000315,time:1105258,op:havoc,rep:32 (318 / 360), cycle: 0
[+] AFL test case: id:000319,src:000040+000304,time:1111229,op:splice,rep:128 (319 / 360), cycle: 0
[+] AFL test case: id:000320,src:000097+000296,time:1122647,op:splice,rep:16 (320 / 360), cycle: 0
[+] AFL test case: id:000321,src:000171+000312,time:1182652,op:splice,rep:4 (321 / 360), cycle: 0
[+] AFL test case: id:000322,src:000202,time:1189404,op:havoc,rep:2 (322 / 360), cycle: 0
[+] AFL test case: id:000323,src:000264+000297,time:1354926,op:splice,rep:16 (323 / 360), cycle: 0
[+] AFL test case: id:000324,src:000283+000311,time:1396479,op:splice,rep:32 (324 / 360), cycle: 0
[+] AFL test case: id:000325,src:000002+000198,time:1427746,op:splice,rep:64 (325 / 360), cycle: 0
[+] AFL test case: id:000326,src:000227+000322,time:1604337,op:splice,rep:2 (326 / 360), cycle: 0
[+] AFL test case: id:000327,src:000291+000303,time:1643482,op:splice,rep:4 (327 / 360), cycle: 0
[+] AFL test case: id:000328,src:000316,time:1672160,op:havoc,rep:4 (328 / 360), cycle: 0
[+] AFL test case: id:000329,src:000321,time:1676884,op:havoc,rep:16 (329 / 360), cycle: 0
[+] AFL test case: id:000330,src:000321,time:1678432,op:havoc,rep:32 (330 / 360), cycle: 0
[+] AFL test case: id:000331,src:000322,time:2453430,op:havoc,rep:2 (331 / 360), cycle: 0
[+] AFL test case: id:000332,src:000248+000320,time:2639867,op:splice,rep:128 (332 / 360), cycle: 0
[+] AFL test case: id:000333,src:000272+000324,time:2653660,op:splice,rep:16 (333 / 360), cycle: 0
[+] AFL test case: id:000334,src:000299,time:2663793,op:havoc,rep:16 (334 / 360), cycle: 0
[+] AFL test case: id:000335,src:000299,time:2663902,op:havoc,rep:16 (335 / 360), cycle: 0
[+] AFL test case: id:000336,src:000299,time:2664419,op:havoc,rep:32 (336 / 360), cycle: 0
[+] AFL test case: id:000337,src:000253+000308,time:2758198,op:splice,rep:8 (337 / 360), cycle: 0
[+] AFL test case: id:000338,src:000204+000337,time:2942393,op:splice,rep:64 (338 / 360), cycle: 0
[+] AFL test case: id:000339,src:000278+000332,time:3110578,op:splice,rep:4 (339 / 360), cycle: 0
[+] AFL test case: id:000340,src:000330,time:3136672,op:havoc,rep:4 (340 / 360), cycle: 0
[+] AFL test case: id:000341,src:000338,time:3306945,op:havoc,rep:64 (341 / 360), cycle: 0
[+] AFL test case: id:000342,src:000338,time:3310425,op:havoc,rep:16 (342 / 360), cycle: 0
[+] AFL test case: id:000343,src:000048+000305,time:3693068,op:splice,rep:64 (343 / 360), cycle: 0
[+] AFL test case: id:000344,src:000342,time:4279820,op:havoc,rep:16 (344 / 360), cycle: 0
[+] AFL test case: id:000345,src:000342,time:4280159,op:havoc,rep:32 (345 / 360), cycle: 0
[+] AFL test case: id:000346,src:000342,time:4280708,op:havoc,rep:64 (346 / 360), cycle: 0
[+] AFL test case: id:000347,src:000048+000344,time:4291493,op:splice,rep:64 (347 / 360), cycle: 0
[+] AFL test case: id:000348,src:000347,time:4484951,op:havoc,rep:128 (348 / 360), cycle: 0
[+] AFL test case: id:000349,src:000340,time:7587994,op:havoc,rep:8 (349 / 360), cycle: 0
[+] AFL test case: id:000350,src:000349,time:7593106,op:havoc,rep:32 (350 / 360), cycle: 0
[+] AFL test case: id:000351,src:000349,time:7593379,op:havoc,rep:16 (351 / 360), cycle: 0
[+] AFL test case: id:000352,src:000349,time:7593536,op:havoc,rep:32 (352 / 360), cycle: 0
[+] AFL test case: id:000353,src:000097+000352,time:7680283,op:splice,rep:16 (353 / 360), cycle: 0
[+] AFL test case: id:000354,src:000327+000349,time:8349513,op:splice,rep:32 (354 / 360), cycle: 0
[+] AFL test case: id:000355,src:000325,time:17525808,op:havoc,rep:128 (355 / 360), cycle: 0
[+] AFL test case: id:000356,src:000355,time:18039164,op:getdeps,rep:64 (356 / 360), cycle: 0
[+] AFL test case: id:000357,src:000182+000340,time:22176534,op:splice,rep:16 (357 / 360), cycle: 0
[+] AFL test case: id:000358,src:000048+000347,time:63774450,op:splice,rep:8 (358 / 360), cycle: 0
[+] AFL test case: id:000359,src:000216+000304,time:64771937,op:tags splice,rep:16,+cov (359 / 360), cycle: 0
    lines......: 20.0% (301 of 1502 lines)
    functions..: 34.0% (18 of 53 functions)

    Coverage diff id:0... id:359...
diff id:0... -> id:359...
New src file: /unibench/jhead-3.00/jhead.c
  New 'function' coverage: CheckFileSkip()
  New 'function' coverage: ErrFatal()
  New 'function' coverage: ErrNonfatal()
  New 'function' coverage: FileTimeAsString()
  New 'function' coverage: ProcessFile()
  New 'function' coverage: main()
  New 'line' coverage: 1079
  New 'line' coverage: 1102
  New 'line' coverage: 113
  New 'line' coverage: 115
  New 'line' coverage: 1157
  New 'line' coverage: 116
  New 'line' coverage: 1160
  New 'line' coverage: 1163
  New 'line' coverage: 1166
  New 'line' coverage: 1169
  New 'line' coverage: 117
  New 'line' coverage: 1174
  New 'line' coverage: 1209
  New 'line' coverage: 1237
  New 'line' coverage: 124
  New 'line' coverage: 1240
  New 'line' coverage: 1241
  New 'line' coverage: 126
  New 'line' coverage: 128
  New 'line' coverage: 129
  New 'line' coverage: 130
  New 'line' coverage: 131
  New 'line' coverage: 1442
  New 'line' coverage: 1446
  New 'line' coverage: 1448
  New 'line' coverage: 1449
  New 'line' coverage: 1450
  New 'line' coverage: 1685
  New 'line' coverage: 1689
  New 'line' coverage: 1696
  New 'line' coverage: 1703
  New 'line' coverage: 1711
  New 'line' coverage: 1718
  New 'line' coverage: 1719
  New 'line' coverage: 1720
  New 'line' coverage: 1730
  New 'line' coverage: 1733
  New 'line' coverage: 1738
  New 'line' coverage: 1741
  New 'line' coverage: 446
  New 'line' coverage: 451
  New 'line' coverage: 461
  New 'line' coverage: 468
  New 'line' coverage: 472
  New 'line' coverage: 476
  New 'line' coverage: 783
  New 'line' coverage: 786
  New 'line' coverage: 787
  New 'line' coverage: 788
  New 'line' coverage: 793
  New 'line' coverage: 798
  New 'line' coverage: 804
  New 'line' coverage: 805
  New 'line' coverage: 807
  New 'line' coverage: 811
  New 'line' coverage: 812
  New 'line' coverage: 813
  New 'line' coverage: 818
  New 'line' coverage: 819
  New 'line' coverage: 820
  New 'line' coverage: 822
  New 'line' coverage: 826
  New 'line' coverage: 836
  New 'line' coverage: 878
  New 'line' coverage: 892
  New 'line' coverage: 896
  New 'line' coverage: 898
  New 'line' coverage: 903
  New 'line' coverage: 932
  New 'line' coverage: 934
  New 'line' coverage: 937
  New 'line' coverage: 938
  New 'line' coverage: 943
  New 'line' coverage: 945
  New 'line' coverage: 946
  New 'line' coverage: 953
  New 'line' coverage: 963
  New 'line' coverage: 969
  New 'line' coverage: 975
  New 'line' coverage: 983
  New 'line' coverage: 990
  New 'line' coverage: 994
New src file: /unibench/jhead-3.00/jpgqguess.c
  New 'function' coverage: process_DHT()
  New 'function' coverage: process_DQT()
  New 'line' coverage: 100
  New 'line' coverage: 104
  New 'line' coverage: 106
  New 'line' coverage: 108
  New 'line' coverage: 109
  New 'line' coverage: 110
  New 'line' coverage: 112
  New 'line' coverage: 114
  New 'line' coverage: 115
  New 'line' coverage: 118
  New 'line' coverage: 119
  New 'line' coverage: 120
  New 'line' coverage: 122
  New 'line' coverage: 126
  New 'line' coverage: 136
  New 'line' coverage: 138
  New 'line' coverage: 139
  New 'line' coverage: 140
  New 'line' coverage: 141
  New 'line' coverage: 143
  New 'line' coverage: 144
  New 'line' coverage: 146
  New 'line' coverage: 148
  New 'line' coverage: 150
  New 'line' coverage: 154
  New 'line' coverage: 155
  New 'line' coverage: 160
  New 'line' coverage: 170
  New 'line' coverage: 176
  New 'line' coverage: 181
  New 'line' coverage: 183
  New 'line' coverage: 184
  New 'line' coverage: 187
  New 'line' coverage: 188
  New 'line' coverage: 190
  New 'line' coverage: 191
  New 'line' coverage: 194
  New 'line' coverage: 195
  New 'line' coverage: 196
  New 'line' coverage: 200
  New 'line' coverage: 205
  New 'line' coverage: 81
  New 'line' coverage: 92
  New 'line' coverage: 94
  New 'line' coverage: 95
  New 'line' coverage: 96
  New 'line' coverage: 99
New src file: /unibench/jhead-3.00/exif.c
  New 'function' coverage: ShowImageInfo()
  New 'line' coverage: 1291
  New 'line' coverage: 1293
  New 'line' coverage: 1295
  New 'line' coverage: 1299
  New 'line' coverage: 1304
  New 'line' coverage: 1308
  New 'line' coverage: 1311
  New 'line' coverage: 1313
  New 'line' coverage: 1318
  New 'line' coverage: 1322
  New 'line' coverage: 1354
  New 'line' coverage: 1362
  New 'line' coverage: 1367
  New 'line' coverage: 1371
  New 'line' coverage: 1382
  New 'line' coverage: 1385
  New 'line' coverage: 1393
  New 'line' coverage: 1397
  New 'line' coverage: 1403
  New 'line' coverage: 1413
  New 'line' coverage: 1437
  New 'line' coverage: 1451
  New 'line' coverage: 1481
  New 'line' coverage: 1490
  New 'line' coverage: 1508
  New 'line' coverage: 1512
  New 'line' coverage: 1513
  New 'line' coverage: 1518
  New 'line' coverage: 1519
  New 'line' coverage: 1522
  New 'line' coverage: 1525
  New 'line' coverage: 1531
  New 'line' coverage: 1536
  New 'line' coverage: 1539
  New 'line' coverage: 1540
  New 'line' coverage: 1541
  New 'line' coverage: 1542
  New 'line' coverage: 1543
  New 'line' coverage: 1545
  New 'line' coverage: 1559
New src file: /unibench/jhead-3.00/iptc.c
  New 'function' coverage: show_IPTC()
  New 'line' coverage: 181
  New 'line' coverage: 52
  New 'line' coverage: 54
  New 'line' coverage: 55
  New 'line' coverage: 56
  New 'line' coverage: 58
  New 'line' coverage: 59
  New 'line' coverage: 63
  New 'line' coverage: 66
  New 'line' coverage: 86
  New 'line' coverage: 89
New src file: /unibench/jhead-3.00/jpgfile.c
  New 'function' coverage: CheckSectionsAllocated()
  New 'function' coverage: DiscardData()
  New 'function' coverage: FindSection()
  New 'function' coverage: ReadJpegFile()
  New 'function' coverage: ReadJpegSections()
  New 'function' coverage: ResetJpgfile()
  New 'function' coverage: process_COM()
  New 'function' coverage: process_SOFn()
  New 'line' coverage: 101
  New 'line' coverage: 103
  New 'line' coverage: 106
  New 'line' coverage: 107
  New 'line' coverage: 108
  New 'line' coverage: 109
  New 'line' coverage: 113
  New 'line' coverage: 119
  New 'line' coverage: 124
  New 'line' coverage: 126
  New 'line' coverage: 130
  New 'line' coverage: 131
  New 'line' coverage: 140
  New 'line' coverage: 143
  New 'line' coverage: 144
  New 'line' coverage: 145
  New 'line' coverage: 146
  New 'line' coverage: 147
  New 'line' coverage: 150
  New 'line' coverage: 152
  New 'line' coverage: 153
  New 'line' coverage: 156
  New 'line' coverage: 159
  New 'line' coverage: 160
  New 'line' coverage: 161
  New 'line' coverage: 162
  New 'line' coverage: 165
  New 'line' coverage: 167
  New 'line' coverage: 168
  New 'line' coverage: 171
  New 'line' coverage: 173
  New 'line' coverage: 174
  New 'line' coverage: 177
  New 'line' coverage: 180
  New 'line' coverage: 181
  New 'line' coverage: 183
  New 'line' coverage: 184
  New 'line' coverage: 185
  New 'line' coverage: 187
  New 'line' coverage: 189
  New 'line' coverage: 193
  New 'line' coverage: 223
  New 'line' coverage: 224
  New 'line' coverage: 228
  New 'line' coverage: 229
  New 'line' coverage: 233
  New 'line' coverage: 234
  New 'line' coverage: 237
  New 'line' coverage: 239
  New 'line' coverage: 241
  New 'line' coverage: 251
  New 'line' coverage: 252
  New 'line' coverage: 254
  New 'line' coverage: 255
  New 'line' coverage: 259
  New 'line' coverage: 260
  New 'line' coverage: 261
  New 'line' coverage: 262
  New 'line' coverage: 263
  New 'line' coverage: 28
  New 'line' coverage: 280
  New 'line' coverage: 281
  New 'line' coverage: 285
  New 'line' coverage: 286
  New 'line' coverage: 289
  New 'line' coverage: 301
  New 'line' coverage: 302
  New 'line' coverage: 305
  New 'line' coverage: 306
  New 'line' coverage: 329
  New 'line' coverage: 330
  New 'line' coverage: 333
  New 'line' coverage: 345
  New 'line' coverage: 349
  New 'line' coverage: 350
  New 'line' coverage: 354
  New 'line' coverage: 355
  New 'line' coverage: 356
  New 'line' coverage: 361
  New 'line' coverage: 366
  New 'line' coverage: 368
  New 'line' coverage: 37
  New 'line' coverage: 375
  New 'line' coverage: 376
  New 'line' coverage: 377
  New 'line' coverage: 382
  New 'line' coverage: 386
  New 'line' coverage: 388
  New 'line' coverage: 389
  New 'line' coverage: 46
  New 'line' coverage: 48
  New 'line' coverage: 49
  New 'line' coverage: 51
  New 'line' coverage: 53
  New 'line' coverage: 54
  New 'line' coverage: 56
  New 'line' coverage: 60
  New 'line' coverage: 62
  New 'line' coverage: 633
  New 'line' coverage: 637
  New 'line' coverage: 638
  New 'line' coverage: 67
  New 'line' coverage: 68
  New 'line' coverage: 74
  New 'line' coverage: 757
  New 'line' coverage: 759
  New 'line' coverage: 760
  New 'line' coverage: 761
  New 'line' coverage: 764
  New 'line' coverage: 765
  New 'line' coverage: 766
  New 'line' coverage: 78
  New 'line' coverage: 79
  New 'line' coverage: 80
  New 'line' coverage: 81
  New 'line' coverage: 83
  New 'line' coverage: 84
  New 'line' coverage: 86
  New 'line' coverage: 89
  New 'line' coverage: 91
  New 'line' coverage: 95

[+] Processed 360 / 360 test cases.

[+] Final zero coverage report: ./raw_data/weizz/group_2/outputs_group1_1/jhead/jhead_weizz_3/cov/zero-cov
[+] Final positive coverage report: ./raw_data/weizz/group_2/outputs_group1_1/jhead/jhead_weizz_3/cov/pos-cov
    lines......: 20.0% (301 of 1502 lines)
    functions..: 34.0% (18 of 53 functions)
[+] Final lcov web report: ./raw_data/weizz/group_2/outputs_group1_1/jhead/jhead_weizz_3/cov/web/index.html
