
*** Imported 603 new test cases from: ./raw_data/AFL++_series/group_1/outputs_group1_5/flvmeta/flvmeta_FuzzGen/output/default/queue

[+] AFL test case: id:000000,time:0,execs:0,orig:flv-9_1.flv (0 / 603), cycle: 0
    Non-zero exit status '3' for CMD: /d/p/cov/flvmeta  ./raw_data/AFL++_series/group_1/outputs_group1_5/flvmeta/flvmeta_FuzzGen/output/default/queue/id:000000,time:0,execs:0,orig:flv-9_1.flv 
/d/p/cov/flvmeta: unexpected end of file
[+] AFL test case: id:000001,time:0,execs:0,orig:flv-8_5.flv (1 / 603), cycle: 0
[+] AFL test case: id:000002,time:0,execs:0,orig:flv-8_4.flv (2 / 603), cycle: 0
[+] AFL test case: id:000003,time:0,execs:0,orig:flv-8_3.flv (3 / 603), cycle: 0
[+] AFL test case: id:000004,time:0,execs:0,orig:flv-8_2.flv (4 / 603), cycle: 0
[+] AFL test case: id:000005,time:0,execs:0,orig:flv-8_1.flv (5 / 603), cycle: 0
[+] AFL test case: id:000006,time:0,execs:0,orig:flv-7_1.flv (6 / 603), cycle: 0
[+] AFL test case: id:000007,time:0,execs:0,orig:flv-6_1.flv (7 / 603), cycle: 0
[+] AFL test case: id:000008,time:0,execs:0,orig:flv-5_1.flv (8 / 603), cycle: 0
[+] AFL test case: id:000009,time:0,execs:0,orig:flv-4_1.flv (9 / 603), cycle: 0
[+] AFL test case: id:000010,time:0,execs:0,orig:flv-3_1.flv (10 / 603), cycle: 0
[+] AFL test case: id:000011,time:0,execs:0,orig:flv-30_1.flv (11 / 603), cycle: 0
[+] AFL test case: id:000012,time:0,execs:0,orig:flv-2_2.flv (12 / 603), cycle: 0
[+] AFL test case: id:000013,time:0,execs:0,orig:flv-2_1.flv (13 / 603), cycle: 0
[+] AFL test case: id:000014,time:0,execs:0,orig:flv-29_1.flv (14 / 603), cycle: 0
[+] AFL test case: id:000015,time:0,execs:0,orig:flv-28_1.flv (15 / 603), cycle: 0
[+] AFL test case: id:000016,time:0,execs:0,orig:flv-27_1.flv (16 / 603), cycle: 0
[+] AFL test case: id:000017,time:0,execs:0,orig:flv-26_1.flv (17 / 603), cycle: 0
[+] AFL test case: id:000018,time:0,execs:0,orig:flv-25_1.flv (18 / 603), cycle: 0
[+] AFL test case: id:000019,time:0,execs:0,orig:flv-24_1.flv (19 / 603), cycle: 0
[+] AFL test case: id:000020,time:0,execs:0,orig:flv-23_1.flv (20 / 603), cycle: 0
[+] AFL test case: id:000021,time:0,execs:0,orig:flv-22_1.flv (21 / 603), cycle: 0
[+] AFL test case: id:000022,time:0,execs:0,orig:flv-21_1.flv (22 / 603), cycle: 0
[+] AFL test case: id:000023,time:0,execs:0,orig:flv-20_1.flv (23 / 603), cycle: 0
[+] AFL test case: id:000024,time:0,execs:0,orig:flv-1_1.flv (24 / 603), cycle: 0
[+] AFL test case: id:000025,time:0,execs:0,orig:flv-19_1.flv (25 / 603), cycle: 0
[+] AFL test case: id:000026,time:0,execs:0,orig:flv-18_1.flv (26 / 603), cycle: 0
[+] AFL test case: id:000027,time:0,execs:0,orig:flv-17_1.flv (27 / 603), cycle: 0
[+] AFL test case: id:000028,time:0,execs:0,orig:flv-16_1.flv (28 / 603), cycle: 0
[+] AFL test case: id:000029,time:0,execs:0,orig:flv-15_1.flv (29 / 603), cycle: 0
[+] AFL test case: id:000030,time:0,execs:0,orig:flv-14_1.flv (30 / 603), cycle: 0
[+] AFL test case: id:000031,time:0,execs:0,orig:flv-13_1.flv (31 / 603), cycle: 0
[+] AFL test case: id:000032,time:0,execs:0,orig:flv-12_1.flv (32 / 603), cycle: 0
[+] AFL test case: id:000033,time:0,execs:0,orig:flv-11_1.flv (33 / 603), cycle: 0
[+] AFL test case: id:000034,time:0,execs:0,orig:flv-10_1.flv (34 / 603), cycle: 0
[+] AFL test case: id:000035,time:0,execs:0,orig:99.flv (35 / 603), cycle: 0
[+] AFL test case: id:000036,time:0,execs:0,orig:98.flv (36 / 603), cycle: 0
[+] AFL test case: id:000037,time:0,execs:0,orig:97.flv (37 / 603), cycle: 0
[+] AFL test case: id:000038,time:0,execs:0,orig:96.flv (38 / 603), cycle: 0
[+] AFL test case: id:000039,time:0,execs:0,orig:95.flv (39 / 603), cycle: 0
[+] AFL test case: id:000040,time:0,execs:0,orig:94.flv (40 / 603), cycle: 0
[+] AFL test case: id:000041,time:0,execs:0,orig:93.flv (41 / 603), cycle: 0
[+] AFL test case: id:000042,time:0,execs:0,orig:92.flv (42 / 603), cycle: 0
[+] AFL test case: id:000043,time:0,execs:0,orig:91.flv (43 / 603), cycle: 0
[+] AFL test case: id:000044,time:0,execs:0,orig:90.flv (44 / 603), cycle: 0
[+] AFL test case: id:000045,time:0,execs:0,orig:9.flv (45 / 603), cycle: 0
[+] AFL test case: id:000046,time:0,execs:0,orig:89.flv (46 / 603), cycle: 0
[+] AFL test case: id:000047,time:0,execs:0,orig:88.flv (47 / 603), cycle: 0
[+] AFL test case: id:000048,time:0,execs:0,orig:87.flv (48 / 603), cycle: 0
[+] AFL test case: id:000049,time:0,execs:0,orig:86.flv (49 / 603), cycle: 0
[+] AFL test case: id:000050,time:0,execs:0,orig:85.flv (50 / 603), cycle: 0
[+] AFL test case: id:000051,time:0,execs:0,orig:84.flv (51 / 603), cycle: 0
[+] AFL test case: id:000052,time:0,execs:0,orig:83.flv (52 / 603), cycle: 0
[+] AFL test case: id:000053,time:0,execs:0,orig:82.flv (53 / 603), cycle: 0
[+] AFL test case: id:000054,time:0,execs:0,orig:81.flv (54 / 603), cycle: 0
[+] AFL test case: id:000055,time:0,execs:0,orig:80.flv (55 / 603), cycle: 0
[+] AFL test case: id:000056,time:0,execs:0,orig:8.flv (56 / 603), cycle: 0
[+] AFL test case: id:000057,time:0,execs:0,orig:79.flv (57 / 603), cycle: 0
[+] AFL test case: id:000058,time:0,execs:0,orig:78.flv (58 / 603), cycle: 0
[+] AFL test case: id:000059,time:0,execs:0,orig:77.flv (59 / 603), cycle: 0
[+] AFL test case: id:000060,time:0,execs:0,orig:76.flv (60 / 603), cycle: 0
[+] AFL test case: id:000061,time:0,execs:0,orig:75.flv (61 / 603), cycle: 0
[+] AFL test case: id:000062,time:0,execs:0,orig:74.flv (62 / 603), cycle: 0
[+] AFL test case: id:000063,time:0,execs:0,orig:73.flv (63 / 603), cycle: 0
[+] AFL test case: id:000064,time:0,execs:0,orig:72.flv (64 / 603), cycle: 0
[+] AFL test case: id:000065,time:0,execs:0,orig:71.flv (65 / 603), cycle: 0
[+] AFL test case: id:000066,time:0,execs:0,orig:70.flv (66 / 603), cycle: 0
[+] AFL test case: id:000067,time:0,execs:0,orig:7.flv (67 / 603), cycle: 0
[+] AFL test case: id:000068,time:0,execs:0,orig:69.flv (68 / 603), cycle: 0
[+] AFL test case: id:000069,time:0,execs:0,orig:68.flv (69 / 603), cycle: 0
[+] AFL test case: id:000070,time:0,execs:0,orig:67.flv (70 / 603), cycle: 0
[+] AFL test case: id:000071,time:0,execs:0,orig:66.flv (71 / 603), cycle: 0
[+] AFL test case: id:000072,time:0,execs:0,orig:65.flv (72 / 603), cycle: 0
[+] AFL test case: id:000073,time:0,execs:0,orig:64.flv (73 / 603), cycle: 0
[+] AFL test case: id:000074,time:0,execs:0,orig:63.flv (74 / 603), cycle: 0
[+] AFL test case: id:000075,time:0,execs:0,orig:62.flv (75 / 603), cycle: 0
[+] AFL test case: id:000076,time:0,execs:0,orig:61.flv (76 / 603), cycle: 0
[+] AFL test case: id:000077,time:0,execs:0,orig:60.flv (77 / 603), cycle: 0
[+] AFL test case: id:000078,time:0,execs:0,orig:6.flv (78 / 603), cycle: 0
[+] AFL test case: id:000079,time:0,execs:0,orig:59.flv (79 / 603), cycle: 0
[+] AFL test case: id:000080,time:0,execs:0,orig:58.flv (80 / 603), cycle: 0
[+] AFL test case: id:000081,time:0,execs:0,orig:57.flv (81 / 603), cycle: 0
[+] AFL test case: id:000082,time:0,execs:0,orig:56.flv (82 / 603), cycle: 0
[+] AFL test case: id:000083,time:0,execs:0,orig:55.flv (83 / 603), cycle: 0
[+] AFL test case: id:000084,time:0,execs:0,orig:54.flv (84 / 603), cycle: 0
[+] AFL test case: id:000085,time:0,execs:0,orig:53.flv (85 / 603), cycle: 0
[+] AFL test case: id:000086,time:0,execs:0,orig:52.flv (86 / 603), cycle: 0
[+] AFL test case: id:000087,time:0,execs:0,orig:51.flv (87 / 603), cycle: 0
[+] AFL test case: id:000088,time:0,execs:0,orig:50.flv (88 / 603), cycle: 0
[+] AFL test case: id:000089,time:0,execs:0,orig:5.flv (89 / 603), cycle: 0
[+] AFL test case: id:000090,time:0,execs:0,orig:49.flv (90 / 603), cycle: 0
[+] AFL test case: id:000091,time:0,execs:0,orig:48.flv (91 / 603), cycle: 0
[+] AFL test case: id:000092,time:0,execs:0,orig:47.flv (92 / 603), cycle: 0
[+] AFL test case: id:000093,time:0,execs:0,orig:46.flv (93 / 603), cycle: 0
[+] AFL test case: id:000094,time:0,execs:0,orig:45.flv (94 / 603), cycle: 0
[+] AFL test case: id:000095,time:0,execs:0,orig:44.flv (95 / 603), cycle: 0
[+] AFL test case: id:000096,time:0,execs:0,orig:43.flv (96 / 603), cycle: 0
[+] AFL test case: id:000097,time:0,execs:0,orig:42.flv (97 / 603), cycle: 0
[+] AFL test case: id:000098,time:0,execs:0,orig:41.flv (98 / 603), cycle: 0
[+] AFL test case: id:000099,time:0,execs:0,orig:40.flv (99 / 603), cycle: 0
[+] AFL test case: id:000100,time:0,execs:0,orig:4.flv (100 / 603), cycle: 0
[+] AFL test case: id:000101,time:0,execs:0,orig:39.flv (101 / 603), cycle: 0
[+] AFL test case: id:000102,time:0,execs:0,orig:38.flv (102 / 603), cycle: 0
[+] AFL test case: id:000103,time:0,execs:0,orig:37.flv (103 / 603), cycle: 0
[+] AFL test case: id:000104,time:0,execs:0,orig:36.flv (104 / 603), cycle: 0
[+] AFL test case: id:000105,time:0,execs:0,orig:35.flv (105 / 603), cycle: 0
[+] AFL test case: id:000106,time:0,execs:0,orig:34.flv (106 / 603), cycle: 0
[+] AFL test case: id:000107,time:0,execs:0,orig:33.flv (107 / 603), cycle: 0
[+] AFL test case: id:000108,time:0,execs:0,orig:32.flv (108 / 603), cycle: 0
[+] AFL test case: id:000109,time:0,execs:0,orig:31.flv (109 / 603), cycle: 0
[+] AFL test case: id:000110,time:0,execs:0,orig:30.flv (110 / 603), cycle: 0
[+] AFL test case: id:000111,time:0,execs:0,orig:3.flv (111 / 603), cycle: 0
[+] AFL test case: id:000112,time:0,execs:0,orig:29.flv (112 / 603), cycle: 0
[+] AFL test case: id:000113,time:0,execs:0,orig:28.flv (113 / 603), cycle: 0
[+] AFL test case: id:000114,time:0,execs:0,orig:27.flv (114 / 603), cycle: 0
[+] AFL test case: id:000115,time:0,execs:0,orig:26.flv (115 / 603), cycle: 0
[+] AFL test case: id:000116,time:0,execs:0,orig:25.flv (116 / 603), cycle: 0
[+] AFL test case: id:000117,time:0,execs:0,orig:24.flv (117 / 603), cycle: 0
[+] AFL test case: id:000118,time:0,execs:0,orig:23.flv (118 / 603), cycle: 0
[+] AFL test case: id:000119,time:0,execs:0,orig:22.flv (119 / 603), cycle: 0
[+] AFL test case: id:000120,time:0,execs:0,orig:21.flv (120 / 603), cycle: 0
[+] AFL test case: id:000121,time:0,execs:0,orig:20.flv (121 / 603), cycle: 0
[+] AFL test case: id:000122,time:0,execs:0,orig:2.flv (122 / 603), cycle: 0
[+] AFL test case: id:000123,time:0,execs:0,orig:19.flv (123 / 603), cycle: 0
[+] AFL test case: id:000124,time:0,execs:0,orig:18.flv (124 / 603), cycle: 0
[+] AFL test case: id:000125,time:0,execs:0,orig:17.flv (125 / 603), cycle: 0
[+] AFL test case: id:000126,time:0,execs:0,orig:16.flv (126 / 603), cycle: 0
[+] AFL test case: id:000127,time:0,execs:0,orig:15.flv (127 / 603), cycle: 0
[+] AFL test case: id:000128,time:0,execs:0,orig:14.flv (128 / 603), cycle: 0
[+] AFL test case: id:000129,time:0,execs:0,orig:13.flv (129 / 603), cycle: 0
[+] AFL test case: id:000130,time:0,execs:0,orig:12.flv (130 / 603), cycle: 0
[+] AFL test case: id:000131,time:0,execs:0,orig:11.flv (131 / 603), cycle: 0
[+] AFL test case: id:000132,time:0,execs:0,orig:100.flv (132 / 603), cycle: 0
[+] AFL test case: id:000133,time:0,execs:0,orig:10.flv (133 / 603), cycle: 0
[+] AFL test case: id:000134,time:0,execs:0,orig:1.flv (134 / 603), cycle: 0
[+] AFL test case: id:000135,src:000033,time:5,execs:1096,op:colorization,pos:0,+cov (135 / 603), cycle: 0
[+] AFL test case: id:000136,src:000033,time:8,execs:1107,op:colorization,pos:0,+cov (136 / 603), cycle: 0
[+] AFL test case: id:000137,src:000033,time:71,execs:1119,op:havoc,rep:4,+cov (137 / 603), cycle: 0
[+] AFL test case: id:000138,src:000033,time:74,execs:1132,op:havoc,rep:8,+cov (138 / 603), cycle: 0
[+] AFL test case: id:000139,src:000033,time:85,execs:1175,op:havoc,rep:16,+cov (139 / 603), cycle: 0
[+] AFL test case: id:000140,src:000033,time:92,execs:1204,op:havoc,rep:8,+cov (140 / 603), cycle: 0
[+] AFL test case: id:000141,src:000033,time:109,execs:1272,op:havoc,rep:4,+cov (141 / 603), cycle: 0
[+] AFL test case: id:000142,src:000033,time:126,execs:1335,op:havoc,rep:8 (142 / 603), cycle: 0
[+] AFL test case: id:000143,src:000033,time:136,execs:1374,op:havoc,rep:4,+cov (143 / 603), cycle: 0
[+] AFL test case: id:000144,src:000033,time:298,execs:2009,op:havoc,rep:16,+cov (144 / 603), cycle: 0
[+] AFL test case: id:000145,src:000033,time:629,execs:3310,op:havoc,rep:4,+cov (145 / 603), cycle: 0
[+] AFL test case: id:000146,src:000033,time:707,execs:3619,op:havoc,rep:2,+cov (146 / 603), cycle: 0
[+] AFL test case: id:000147,src:000033,time:2570,execs:10897,op:havoc,rep:4,+cov (147 / 603), cycle: 0
[+] AFL test case: id:000148,src:000033,time:3063,execs:12825,op:havoc,rep:4,+cov (148 / 603), cycle: 0
[+] AFL test case: id:000149,src:000033,time:3175,execs:13269,op:havoc,rep:8 (149 / 603), cycle: 0
[+] AFL test case: id:000150,src:000033,time:3560,execs:14793,op:havoc,rep:8,+cov (150 / 603), cycle: 0
[+] AFL test case: id:000151,src:000033,time:4588,execs:18839,op:havoc,rep:8,+cov (151 / 603), cycle: 0
[+] AFL test case: id:000152,src:000033,time:5413,execs:22081,op:havoc,rep:2,+cov (152 / 603), cycle: 0
[+] AFL test case: id:000153,src:000143,time:8731,execs:34929,op:colorization,rep:4,+cov (153 / 603), cycle: 0
[+] AFL test case: id:000154,src:000147+000141,time:8947,execs:35654,op:splice,rep:4 (154 / 603), cycle: 0
[+] AFL test case: id:000155,src:000148,time:9082,execs:36120,op:havoc,rep:2,+cov (155 / 603), cycle: 0
[+] AFL test case: id:000156,src:000148,time:9097,execs:36176,op:havoc,rep:2,+cov (156 / 603), cycle: 0
[+] AFL test case: id:000157,src:000148,time:9177,execs:36485,op:havoc,rep:4,+cov (157 / 603), cycle: 0
[+] AFL test case: id:000158,src:000148,time:9242,execs:36742,op:havoc,rep:2,+cov (158 / 603), cycle: 0
[+] AFL test case: id:000159,src:000148,time:9731,execs:38650,op:havoc,rep:4,+cov (159 / 603), cycle: 0
[+] AFL test case: id:000160,src:000148,time:10002,execs:39708,op:havoc,rep:8 (160 / 603), cycle: 0
[+] AFL test case: id:000161,src:000148,time:10187,execs:40424,op:havoc,rep:2,+cov (161 / 603), cycle: 0
[+] AFL test case: id:000162,src:000148,time:10375,execs:41155,op:havoc,rep:4,+cov (162 / 603), cycle: 0
[+] AFL test case: id:000163,src:000148,time:10544,execs:41801,op:havoc,rep:4,+cov (163 / 603), cycle: 0
[+] AFL test case: id:000164,src:000148,time:10878,execs:43092,op:havoc,rep:4,+cov (164 / 603), cycle: 0
[+] AFL test case: id:000165,src:000148,time:11083,execs:43884,op:havoc,rep:2,+cov (165 / 603), cycle: 0
[+] AFL test case: id:000166,src:000148,time:11226,execs:44430,op:havoc,rep:2,+cov (166 / 603), cycle: 0
[+] AFL test case: id:000167,src:000148,time:12087,execs:47766,op:havoc,rep:8 (167 / 603), cycle: 0
[+] AFL test case: id:000168,src:000148,time:12345,execs:48771,op:havoc,rep:8,+cov (168 / 603), cycle: 0
[+] AFL test case: id:000169,src:000148,time:12527,execs:49476,op:havoc,rep:4,+cov (169 / 603), cycle: 0
[+] AFL test case: id:000170,src:000148,time:12883,execs:50865,op:havoc,rep:4,+cov (170 / 603), cycle: 0
[+] AFL test case: id:000171,src:000148,time:12958,execs:51157,op:havoc,rep:4,+cov (171 / 603), cycle: 0
[+] AFL test case: id:000172,src:000148,time:13087,execs:51653,op:havoc,rep:8,+cov (172 / 603), cycle: 0
[+] AFL test case: id:000173,src:000170,time:15533,execs:61132,op:colorization,rep:4 (173 / 603), cycle: 0
[+] AFL test case: id:000174,src:000170,time:15621,execs:61413,op:havoc,rep:2 (174 / 603), cycle: 0
[+] AFL test case: id:000175,src:000170,time:15667,execs:61595,op:havoc,rep:8 (175 / 603), cycle: 0
[+] AFL test case: id:000176,src:000170,time:15717,execs:61787,op:havoc,rep:8,+cov (176 / 603), cycle: 0
[+] AFL test case: id:000177,src:000170,time:15806,execs:62128,op:havoc,rep:4 (177 / 603), cycle: 0
[+] AFL test case: id:000178,src:000170,time:15945,execs:62669,op:havoc,rep:2,+cov (178 / 603), cycle: 0
[+] AFL test case: id:000179,src:000170,time:16346,execs:64229,op:havoc,rep:2 (179 / 603), cycle: 0
[+] AFL test case: id:000180,src:000170,time:16611,execs:65262,op:havoc,rep:2 (180 / 603), cycle: 0
[+] AFL test case: id:000181,src:000170,time:16753,execs:65815,op:havoc,rep:2,+cov (181 / 603), cycle: 0
[+] AFL test case: id:000182,src:000170,time:17959,execs:70506,op:havoc,rep:4,+cov (182 / 603), cycle: 0
[+] AFL test case: id:000183,src:000170,time:18197,execs:71436,op:havoc,rep:4 (183 / 603), cycle: 0
[+] AFL test case: id:000184,src:000170,time:18785,execs:73718,op:havoc,rep:8,+cov (184 / 603), cycle: 0
[+] AFL test case: id:000185,src:000170,time:18794,execs:73754,op:havoc,rep:16 (185 / 603), cycle: 0
[+] AFL test case: id:000186,src:000170,time:18844,execs:73945,op:havoc,rep:4,+cov (186 / 603), cycle: 0
[+] AFL test case: id:000187,src:000170,time:19171,execs:75211,op:havoc,rep:8,+cov (187 / 603), cycle: 0
[+] AFL test case: id:000188,src:000170,time:19243,execs:75491,op:havoc,rep:2,+cov (188 / 603), cycle: 0
[+] AFL test case: id:000189,src:000170,time:19555,execs:76714,op:havoc,rep:8 (189 / 603), cycle: 0
[+] AFL test case: id:000190,src:000170,time:20948,execs:82177,op:havoc,rep:2 (190 / 603), cycle: 0
[+] AFL test case: id:000191,src:000170,time:21054,execs:82590,op:havoc,rep:8,+cov (191 / 603), cycle: 0
[+] AFL test case: id:000192,src:000170,time:21577,execs:84645,op:havoc,rep:8 (192 / 603), cycle: 0
[+] AFL test case: id:000193,src:000170+000073,time:24002,execs:94118,op:splice,rep:16,+cov (193 / 603), cycle: 0
[+] AFL test case: id:000194,src:000193,time:24252,execs:94914,op:havoc,rep:2 (194 / 603), cycle: 0
[+] AFL test case: id:000195,src:000193,time:24312,execs:95144,op:havoc,rep:4,+cov (195 / 603), cycle: 0
[+] AFL test case: id:000196,src:000193,time:24472,execs:95765,op:havoc,rep:4,+cov (196 / 603), cycle: 0
[+] AFL test case: id:000197,src:000193,time:24556,execs:96098,op:havoc,rep:4 (197 / 603), cycle: 0
[+] AFL test case: id:000198,src:000193,time:25420,execs:99472,op:havoc,rep:4 (198 / 603), cycle: 0
[+] AFL test case: id:000199,src:000193,time:25592,execs:100141,op:havoc,rep:8,+cov (199 / 603), cycle: 0
[+] AFL test case: id:000200,src:000193,time:25954,execs:101547,op:havoc,rep:2 (200 / 603), cycle: 0
[+] AFL test case: id:000201,src:000193,time:26313,execs:102947,op:havoc,rep:2 (201 / 603), cycle: 0
[+] AFL test case: id:000202,src:000193,time:26664,execs:104321,op:havoc,rep:8 (202 / 603), cycle: 0
[+] AFL test case: id:000203,src:000193,time:26776,execs:104759,op:havoc,rep:4 (203 / 603), cycle: 0
[+] AFL test case: id:000204,src:000193,time:27195,execs:106383,op:havoc,rep:2 (204 / 603), cycle: 0
[+] AFL test case: id:000205,src:000193,time:27764,execs:108603,op:havoc,rep:2,+cov (205 / 603), cycle: 0
[+] AFL test case: id:000206,src:000161+000026,time:33110,execs:129242,op:splice,rep:16 (206 / 603), cycle: 0
[+] AFL test case: id:000207,src:000153+000163,time:33489,execs:130422,op:splice,rep:2,+cov (207 / 603), cycle: 0
[+] AFL test case: id:000208,src:000137+000122,time:34805,execs:135245,op:splice,rep:8 (208 / 603), cycle: 0
[+] AFL test case: id:000209,src:000137+000122,time:34810,execs:135261,op:splice,rep:16 (209 / 603), cycle: 0
[+] AFL test case: id:000210,src:000137+000122,time:34815,execs:135276,op:splice,rep:16 (210 / 603), cycle: 0
[+] AFL test case: id:000211,src:000210,time:34860,execs:135432,op:colorization,rep:8 (211 / 603), cycle: 0
[+] AFL test case: id:000212,src:000210,time:34865,execs:135448,op:colorization,rep:8 (212 / 603), cycle: 0
[+] AFL test case: id:000213,src:000210,time:34881,execs:135510,op:colorization,rep:8 (213 / 603), cycle: 0
[+] AFL test case: id:000214,src:000210,time:34905,execs:135555,op:its,rep:8,+cov (214 / 603), cycle: 0
[+] AFL test case: id:000215,src:000210,time:34915,execs:135589,op:havoc,rep:2 (215 / 603), cycle: 0
[+] AFL test case: id:000216,src:000210,time:34920,execs:135608,op:havoc,rep:4,+cov (216 / 603), cycle: 0
[+] AFL test case: id:000217,src:000210,time:34930,execs:135648,op:havoc,rep:2 (217 / 603), cycle: 0
[+] AFL test case: id:000218,src:000210,time:34985,execs:135857,op:havoc,rep:2,+cov (218 / 603), cycle: 0
[+] AFL test case: id:000219,src:000210,time:35021,execs:135993,op:havoc,rep:8,+cov (219 / 603), cycle: 0
[+] AFL test case: id:000220,src:000210,time:35234,execs:136806,op:havoc,rep:8 (220 / 603), cycle: 0
[+] AFL test case: id:000221,src:000210,time:35270,execs:136947,op:havoc,rep:4 (221 / 603), cycle: 0
[+] AFL test case: id:000222,src:000210,time:35634,execs:138333,op:havoc,rep:8,+cov (222 / 603), cycle: 0
[+] AFL test case: id:000223,src:000210,time:36040,execs:139892,op:havoc,rep:4,+cov (223 / 603), cycle: 0
[+] AFL test case: id:000224,src:000210,time:36780,execs:142728,op:havoc,rep:16,+cov (224 / 603), cycle: 0
[+] AFL test case: id:000225,src:000210,time:37632,execs:146015,op:havoc,rep:4,+cov (225 / 603), cycle: 0
[+] AFL test case: id:000226,src:000210,time:37714,execs:146328,op:havoc,rep:4 (226 / 603), cycle: 0
[+] AFL test case: id:000227,src:000210,time:37983,execs:147349,op:havoc,rep:16 (227 / 603), cycle: 0
[+] AFL test case: id:000228,src:000210,time:38310,execs:148608,op:havoc,rep:8 (228 / 603), cycle: 0
[+] AFL test case: id:000229,src:000210,time:39996,execs:155052,op:havoc,rep:4 (229 / 603), cycle: 0
[+] AFL test case: id:000230,src:000195+000103,time:44828,execs:173119,op:splice,rep:4 (230 / 603), cycle: 0
[+] AFL test case: id:000231,src:000182,time:45361,execs:174942,op:colorization,rep:4,+cov (231 / 603), cycle: 0
[+] AFL test case: id:000232,src:000182+000146,time:45730,execs:176302,op:splice,rep:4,+cov (232 / 603), cycle: 0
[+] AFL test case: id:000233,src:000199+000159,time:47054,execs:180850,op:splice,rep:4 (233 / 603), cycle: 0
[+] AFL test case: id:000234,src:000181+000007,time:48852,execs:187193,op:splice,rep:8 (234 / 603), cycle: 0
[+] AFL test case: id:000235,src:000150+000183,time:49222,execs:188523,op:splice,rep:4 (235 / 603), cycle: 0
[+] AFL test case: id:000236,src:000231+000069,time:50407,execs:192494,op:splice,rep:4 (236 / 603), cycle: 0
[+] AFL test case: id:000237,src:000234,time:51459,execs:196278,op:colorization,rep:4 (237 / 603), cycle: 0
[+] AFL test case: id:000238,src:000234,time:51461,execs:196289,op:colorization,rep:4 (238 / 603), cycle: 0
[+] AFL test case: id:000239,src:000234,time:51465,execs:196301,op:colorization,rep:4 (239 / 603), cycle: 0
[+] AFL test case: id:000240,src:000234,time:51468,execs:196313,op:colorization,rep:4 (240 / 603), cycle: 0
[+] AFL test case: id:000241,src:000234,time:51794,execs:197519,op:its,rep:4,+cov (241 / 603), cycle: 0
[+] AFL test case: id:000242,src:000234,time:51799,execs:197537,op:its,rep:4,+cov (242 / 603), cycle: 0
[+] AFL test case: id:000243,src:000234,time:51804,execs:197555,op:its,rep:4 (243 / 603), cycle: 0
[+] AFL test case: id:000244,src:000234,time:51809,execs:197573,op:its,rep:4 (244 / 603), cycle: 0
[+] AFL test case: id:000245,src:000234,time:51814,execs:197591,op:its,rep:4 (245 / 603), cycle: 0
[+] AFL test case: id:000246,src:000234,time:51835,execs:197655,op:its,rep:4,+cov (246 / 603), cycle: 0
[+] AFL test case: id:000247,src:000214+000090,time:52755,execs:200949,op:splice,rep:8 (247 / 603), cycle: 0
[+] AFL test case: id:000248,src:000240,time:53607,execs:204047,op:its,rep:4 (248 / 603), cycle: 0
[+] AFL test case: id:000249,src:000186+000029,time:54676,execs:208126,op:splice,rep:2 (249 / 603), cycle: 0
[+] AFL test case: id:000250,src:000186+000029,time:54679,execs:208140,op:splice,rep:16 (250 / 603), cycle: 0
[+] AFL test case: id:000251,src:000242,time:55246,execs:210088,op:colorization,rep:8 (251 / 603), cycle: 0
[+] AFL test case: id:000252,src:000188+000227,time:56262,execs:213951,op:splice,rep:8 (252 / 603), cycle: 0
[+] AFL test case: id:000253,src:000215+000228,time:57782,execs:219527,op:splice,rep:8 (253 / 603), cycle: 0
[+] AFL test case: id:000254,src:000205+000221,time:59449,execs:225672,op:splice,rep:2 (254 / 603), cycle: 0
[+] AFL test case: id:000255,src:000146,time:60519,execs:229806,op:havoc,rep:2 (255 / 603), cycle: 0
[+] AFL test case: id:000256,src:000138+000054,time:60830,execs:231020,op:splice,rep:16 (256 / 603), cycle: 0
[+] AFL test case: id:000257,src:000215+000025,time:64002,execs:242767,op:splice,rep:2,+cov (257 / 603), cycle: 0
[+] AFL test case: id:000258,src:000257,time:64723,execs:245536,op:havoc,rep:2,+cov (258 / 603), cycle: 0
[+] AFL test case: id:000259,src:000257,time:64994,execs:246590,op:havoc,rep:2,+cov (259 / 603), cycle: 0
[+] AFL test case: id:000260,src:000257,time:65173,execs:247294,op:havoc,rep:2 (260 / 603), cycle: 0
[+] AFL test case: id:000261,src:000257,time:65320,execs:247863,op:havoc,rep:2,+cov (261 / 603), cycle: 0
[+] AFL test case: id:000262,src:000257,time:65612,execs:249005,op:havoc,rep:2 (262 / 603), cycle: 0
[+] AFL test case: id:000263,src:000257,time:66740,execs:253381,op:havoc,rep:8 (263 / 603), cycle: 0
[+] AFL test case: id:000264,src:000257,time:68761,execs:261258,op:havoc,rep:8,+cov (264 / 603), cycle: 0
[+] AFL test case: id:000265,src:000259,time:72244,execs:274587,op:havoc,rep:2 (265 / 603), cycle: 0
[+] AFL test case: id:000266,src:000258,time:73038,execs:277583,op:havoc,rep:2 (266 / 603), cycle: 0
[+] AFL test case: id:000267,src:000231+000028,time:75339,execs:286212,op:splice,rep:16 (267 / 603), cycle: 0
[+] AFL test case: id:000268,src:000152,time:83041,execs:315745,op:havoc,rep:2 (268 / 603), cycle: 0
[+] AFL test case: id:000269,src:000216+000210,time:84870,execs:322802,op:splice,rep:8 (269 / 603), cycle: 0
[+] AFL test case: id:000270,src:000269,time:85005,execs:323325,op:colorization,rep:2,+cov (270 / 603), cycle: 0
[+] AFL test case: id:000271,src:000270,time:85919,execs:326778,op:its,rep:4 (271 / 603), cycle: 0
[+] AFL test case: id:000272,src:000271,time:87036,execs:331154,op:colorization,rep:8 (272 / 603), cycle: 0
[+] AFL test case: id:000273,src:000187,time:88000,execs:334805,op:havoc,rep:2 (273 / 603), cycle: 0
[+] AFL test case: id:000274,src:000187,time:88510,execs:336796,op:havoc,rep:2 (274 / 603), cycle: 0
[+] AFL test case: id:000275,src:000156+000054,time:93186,execs:354099,op:splice,rep:16 (275 / 603), cycle: 0
[+] AFL test case: id:000276,src:000215+000226,time:94911,execs:360558,op:splice,rep:8 (276 / 603), cycle: 0
[+] AFL test case: id:000277,src:000169+000112,time:107039,execs:406050,op:splice,rep:8 (277 / 603), cycle: 0
[+] AFL test case: id:000278,src:000242+000265,time:110337,execs:418569,op:splice,rep:4 (278 / 603), cycle: 0
[+] AFL test case: id:000279,src:000214,time:124427,execs:471497,op:havoc,rep:8 (279 / 603), cycle: 0
[+] AFL test case: id:000280,src:000215+000276,time:130754,execs:494827,op:splice,rep:2 (280 / 603), cycle: 0
[+] AFL test case: id:000281,src:000158+000025,time:131054,execs:495946,op:splice,rep:4 (281 / 603), cycle: 0
[+] AFL test case: id:000282,src:000207,time:136710,execs:516985,op:havoc,rep:2 (282 / 603), cycle: 0
[+] AFL test case: id:000283,src:000258,time:145987,execs:551465,op:havoc,rep:2 (283 / 603), cycle: 0
[+] AFL test case: id:000284,src:000258,time:153416,execs:579095,op:havoc,rep:2 (284 / 603), cycle: 0
[+] AFL test case: id:000285,src:000208,time:160067,execs:603658,op:havoc,rep:8 (285 / 603), cycle: 0
[+] AFL test case: id:000286,src:000208,time:160071,execs:603671,op:havoc,rep:8 (286 / 603), cycle: 0
[+] AFL test case: id:000287,src:000208,time:160295,execs:604463,op:havoc,rep:16 (287 / 603), cycle: 0
[+] AFL test case: id:000288,src:000245,time:167320,execs:630720,op:havoc,rep:2 (288 / 603), cycle: 0
[+] AFL test case: id:000289,src:000245,time:167344,execs:630809,op:havoc,rep:2 (289 / 603), cycle: 0
[+] AFL test case: id:000290,src:000245,time:167554,execs:631618,op:havoc,rep:8 (290 / 603), cycle: 0
[+] AFL test case: id:000291,src:000245,time:168165,execs:633956,op:havoc,rep:4 (291 / 603), cycle: 0
[+] AFL test case: id:000292,src:000243+000062,time:172246,execs:649203,op:splice,rep:16 (292 / 603), cycle: 0
[+] AFL test case: id:000293,src:000169+000115,time:200735,execs:754649,op:splice,rep:16 (293 / 603), cycle: 0
[+] AFL test case: id:000294,src:000258,time:200814,execs:754938,op:havoc,rep:4,+cov (294 / 603), cycle: 0
[+] AFL test case: id:000295,src:000270,time:206917,execs:774807,op:havoc,rep:4,+cov (295 / 603), cycle: 0
[+] AFL test case: id:000296,src:000289+000028,time:217675,execs:810974,op:splice,rep:8 (296 / 603), cycle: 0
[+] AFL test case: id:000297,src:000195+000237,time:219541,execs:817466,op:splice,rep:4 (297 / 603), cycle: 0
[+] AFL test case: id:000298,src:000261+000295,time:255513,execs:944813,op:splice,rep:4 (298 / 603), cycle: 0
[+] AFL test case: id:000299,src:000143+000229,time:260950,execs:964598,op:splice,rep:2 (299 / 603), cycle: 0
[+] AFL test case: id:000300,src:000295,time:284420,execs:1052123,op:havoc,rep:4 (300 / 603), cycle: 0
[+] AFL test case: id:000301,src:000153,time:286318,execs:1059320,op:havoc,rep:2 (301 / 603), cycle: 0
[+] AFL test case: id:000302,src:000259+000113,time:287320,execs:1063112,op:splice,rep:2 (302 / 603), cycle: 0
[+] AFL test case: id:000303,src:000259+000113,time:287347,execs:1063199,op:splice,rep:16 (303 / 603), cycle: 0
[+] AFL test case: id:000304,src:000231+000088,time:290637,execs:1075714,op:splice,rep:16 (304 / 603), cycle: 0
[+] AFL test case: id:000305,src:000215+000122,time:298993,execs:1107167,op:splice,rep:2 (305 / 603), cycle: 0
[+] AFL test case: id:000306,src:000188+000288,time:324700,execs:1202367,op:splice,rep:4 (306 / 603), cycle: 0
[+] AFL test case: id:000307,src:000271+000247,time:347703,execs:1287816,op:splice,rep:2 (307 / 603), cycle: 0
[+] AFL test case: id:000308,src:000271+000247,time:347709,execs:1287837,op:splice,rep:8 (308 / 603), cycle: 0
[+] AFL test case: id:000309,src:000147+000306,time:351942,execs:1303805,op:splice,rep:4 (309 / 603), cycle: 0
[+] AFL test case: id:000310,src:000187+000267,time:355217,execs:1315824,op:splice,rep:4 (310 / 603), cycle: 0
[+] AFL test case: id:000311,src:000310,time:388301,execs:1438128,op:havoc,rep:2 (311 / 603), cycle: 0
[+] AFL test case: id:000312,src:000295+000208,time:406790,execs:1506088,op:splice,rep:16 (312 / 603), cycle: 0
[+] AFL test case: id:000313,src:000290,time:411052,execs:1521556,op:havoc,rep:2 (313 / 603), cycle: 0
[+] AFL test case: id:000314,src:000205+000047,time:424988,execs:1573445,op:splice,rep:4 (314 / 603), cycle: 0
[+] AFL test case: id:000315,src:000259,time:439812,execs:1627953,op:havoc,rep:8 (315 / 603), cycle: 0
[+] AFL test case: id:000316,src:000216+000215,time:443916,execs:1643084,op:splice,rep:8 (316 / 603), cycle: 0
[+] AFL test case: id:000317,src:000225+000252,time:454433,execs:1681213,op:splice,rep:16 (317 / 603), cycle: 0
[+] AFL test case: id:000318,src:000242+000270,time:466544,execs:1725882,op:splice,rep:4 (318 / 603), cycle: 0
[+] AFL test case: id:000319,src:000188+000023,time:475244,execs:1758018,op:splice,rep:16 (319 / 603), cycle: 0
[+] AFL test case: id:000320,src:000188+000309,time:483075,execs:1786982,op:splice,rep:4 (320 / 603), cycle: 0
[+] AFL test case: id:000321,src:000320,time:483741,execs:1789494,op:havoc,rep:4 (321 / 603), cycle: 0
[+] AFL test case: id:000322,src:000215,time:510554,execs:1889538,op:havoc,rep:8 (322 / 603), cycle: 0
[+] AFL test case: id:000323,src:000205+000261,time:575865,execs:2129942,op:splice,rep:8 (323 / 603), cycle: 0
[+] AFL test case: id:000324,src:000271+000156,time:601226,execs:2223565,op:splice,rep:4 (324 / 603), cycle: 0
[+] AFL test case: id:000325,src:000312,time:601735,execs:2225305,op:havoc,rep:4 (325 / 603), cycle: 0
[+] AFL test case: id:000326,src:000312,time:601740,execs:2225324,op:havoc,rep:8 (326 / 603), cycle: 0
[+] AFL test case: id:000327,src:000215+000108,time:603213,execs:2230950,op:splice,rep:16 (327 / 603), cycle: 0
[+] AFL test case: id:000328,src:000294+000220,time:605946,execs:2241110,op:splice,rep:2 (328 / 603), cycle: 0
[+] AFL test case: id:000329,src:000259,time:606875,execs:2244597,op:havoc,rep:8 (329 / 603), cycle: 0
[+] AFL test case: id:000330,src:000259,time:606931,execs:2244785,op:havoc,rep:2 (330 / 603), cycle: 0
[+] AFL test case: id:000331,src:000259+000081,time:608022,execs:2248890,op:splice,rep:4 (331 / 603), cycle: 0
[+] AFL test case: id:000332,src:000259+000329,time:608188,execs:2249478,op:splice,rep:16,+cov (332 / 603), cycle: 0
[+] AFL test case: id:000333,src:000332,time:609369,execs:2253539,op:havoc,rep:16 (333 / 603), cycle: 0
[+] AFL test case: id:000334,src:000332,time:610356,execs:2256635,op:havoc,rep:16 (334 / 603), cycle: 0
[+] AFL test case: id:000335,src:000332+000276,time:613691,execs:2267438,op:splice,rep:16 (335 / 603), cycle: 0
[+] AFL test case: id:000336,src:000332+000276,time:613758,execs:2267694,op:splice,rep:4 (336 / 603), cycle: 0
[+] AFL test case: id:000337,src:000336,time:616206,execs:2276960,op:colorization,rep:8 (337 / 603), cycle: 0
[+] AFL test case: id:000338,src:000336,time:616211,execs:2276976,op:colorization,rep:8 (338 / 603), cycle: 0
[+] AFL test case: id:000339,src:000336,time:616727,execs:2278793,op:havoc,rep:2 (339 / 603), cycle: 0
[+] AFL test case: id:000340,src:000336,time:617695,execs:2282479,op:havoc,rep:4 (340 / 603), cycle: 0
[+] AFL test case: id:000341,src:000336,time:619097,execs:2287794,op:havoc,rep:16 (341 / 603), cycle: 0
[+] AFL test case: id:000342,src:000336,time:619385,execs:2288890,op:havoc,rep:16 (342 / 603), cycle: 0
[+] AFL test case: id:000343,src:000336,time:619420,execs:2289021,op:havoc,rep:8 (343 / 603), cycle: 0
[+] AFL test case: id:000344,src:000336,time:619794,execs:2290428,op:havoc,rep:2 (344 / 603), cycle: 0
[+] AFL test case: id:000345,src:000336,time:621802,execs:2298028,op:havoc,rep:4 (345 / 603), cycle: 0
[+] AFL test case: id:000346,src:000340,time:625388,execs:2310400,op:havoc,rep:4 (346 / 603), cycle: 0
[+] AFL test case: id:000347,src:000340,time:625670,execs:2311476,op:havoc,rep:16 (347 / 603), cycle: 0
[+] AFL test case: id:000348,src:000340,time:627999,execs:2320423,op:havoc,rep:2 (348 / 603), cycle: 0
[+] AFL test case: id:000349,src:000340,time:628215,execs:2321257,op:havoc,rep:4 (349 / 603), cycle: 0
[+] AFL test case: id:000350,src:000340,time:631257,execs:2333039,op:havoc,rep:16 (350 / 603), cycle: 0
[+] AFL test case: id:000351,src:000340,time:631313,execs:2333256,op:havoc,rep:8 (351 / 603), cycle: 0
[+] AFL test case: id:000352,src:000346,time:633693,execs:2342209,op:havoc,rep:16 (352 / 603), cycle: 0
[+] AFL test case: id:000353,src:000346+000350,time:639072,execs:2362371,op:splice,rep:8 (353 / 603), cycle: 0
[+] AFL test case: id:000354,src:000188,time:641360,execs:2370972,op:havoc,rep:8 (354 / 603), cycle: 0
[+] AFL test case: id:000355,src:000188,time:642891,execs:2376907,op:havoc,rep:2 (355 / 603), cycle: 0
[+] AFL test case: id:000356,src:000187+000309,time:645603,execs:2386959,op:splice,rep:4 (356 / 603), cycle: 0
[+] AFL test case: id:000357,src:000188,time:645695,execs:2387303,op:havoc,rep:8 (357 / 603), cycle: 0
[+] AFL test case: id:000358,src:000276,time:646360,execs:2389879,op:havoc,rep:4 (358 / 603), cycle: 0
[+] AFL test case: id:000359,src:000173,time:654642,execs:2421463,op:havoc,rep:2 (359 / 603), cycle: 0
[+] AFL test case: id:000360,src:000199+000324,time:665654,execs:2461488,op:splice,rep:4 (360 / 603), cycle: 0
[+] AFL test case: id:000361,src:000336+000294,time:673779,execs:2491113,op:splice,rep:2 (361 / 603), cycle: 0
[+] AFL test case: id:000362,src:000242+000299,time:682051,execs:2521307,op:splice,rep:16 (362 / 603), cycle: 0
[+] AFL test case: id:000363,src:000215+000328,time:691473,execs:2556797,op:splice,rep:2 (363 / 603), cycle: 0
[+] AFL test case: id:000364,src:000225+000165,time:697244,execs:2577930,op:splice,rep:4 (364 / 603), cycle: 0
[+] AFL test case: id:000365,src:000176,time:705319,execs:2607697,op:havoc,rep:4 (365 / 603), cycle: 0
[+] AFL test case: id:000366,src:000176+000275,time:705578,execs:2608703,op:splice,rep:16 (366 / 603), cycle: 0
[+] AFL test case: id:000367,src:000137+000348,time:708222,execs:2618437,op:splice,rep:16 (367 / 603), cycle: 0
[+] AFL test case: id:000368,src:000346+000116,time:726190,execs:2686926,op:splice,rep:16 (368 / 603), cycle: 0
[+] AFL test case: id:000369,src:000188+000244,time:743087,execs:2750494,op:splice,rep:8 (369 / 603), cycle: 0
[+] AFL test case: id:000370,src:000137+000350,time:774366,execs:2867813,op:splice,rep:2 (370 / 603), cycle: 0
[+] AFL test case: id:000371,src:000231+000365,time:780566,execs:2891255,op:splice,rep:8 (371 / 603), cycle: 0
[+] AFL test case: id:000372,src:000231+000365,time:780573,execs:2891278,op:splice,rep:8 (372 / 603), cycle: 0
[+] AFL test case: id:000373,src:000214+000365,time:781212,execs:2893673,op:splice,rep:8 (373 / 603), cycle: 0
[+] AFL test case: id:000374,src:000214+000365,time:781226,execs:2893719,op:splice,rep:2 (374 / 603), cycle: 0
[+] AFL test case: id:000375,src:000214+000365,time:781268,execs:2893862,op:splice,rep:16 (375 / 603), cycle: 0
[+] AFL test case: id:000376,src:000266+000374,time:795916,execs:2948766,op:splice,rep:2 (376 / 603), cycle: 0
[+] AFL test case: id:000377,src:000205+000327,time:818235,execs:3032728,op:splice,rep:16 (377 / 603), cycle: 0
[+] AFL test case: id:000378,src:000188+000321,time:819999,execs:3039327,op:splice,rep:4 (378 / 603), cycle: 0
[+] AFL test case: id:000379,src:000335,time:834592,execs:3092774,op:havoc,rep:8 (379 / 603), cycle: 0
[+] AFL test case: id:000380,src:000261+000374,time:844339,execs:3128077,op:splice,rep:4 (380 / 603), cycle: 0
[+] AFL test case: id:000381,src:000261+000374,time:844353,execs:3128124,op:splice,rep:16 (381 / 603), cycle: 0
[+] AFL test case: id:000382,src:000205,time:852209,execs:3157292,op:havoc,rep:2 (382 / 603), cycle: 0
[+] AFL test case: id:000383,src:000205+000356,time:852674,execs:3159077,op:splice,rep:16 (383 / 603), cycle: 0
[+] AFL test case: id:000384,src:000346+000321,time:862447,execs:3195311,op:splice,rep:4 (384 / 603), cycle: 0
[+] AFL test case: id:000385,src:000362,time:865725,execs:3207764,op:havoc,rep:4 (385 / 603), cycle: 0
[+] AFL test case: id:000386,src:000362+000377,time:866168,execs:3209447,op:splice,rep:8 (386 / 603), cycle: 0
[+] AFL test case: id:000387,src:000362+000377,time:866175,execs:3209465,op:splice,rep:16 (387 / 603), cycle: 0
[+] AFL test case: id:000388,src:000362+000377,time:866227,execs:3209612,op:splice,rep:8 (388 / 603), cycle: 0
[+] AFL test case: id:000389,src:000215+000335,time:873006,execs:3234865,op:splice,rep:8 (389 / 603), cycle: 0
[+] AFL test case: id:000390,src:000218+000329,time:881606,execs:3266736,op:splice,rep:16 (390 / 603), cycle: 0
[+] AFL test case: id:000391,src:000202,time:891570,execs:3303846,op:havoc,rep:4 (391 / 603), cycle: 0
[+] AFL test case: id:000392,src:000320,time:901374,execs:3340819,op:havoc,rep:16 (392 / 603), cycle: 0
[+] AFL test case: id:000393,src:000215+000375,time:902680,execs:3345623,op:splice,rep:8 (393 / 603), cycle: 0
[+] AFL test case: id:000394,src:000215+000375,time:902698,execs:3345676,op:splice,rep:2 (394 / 603), cycle: 0
[+] AFL test case: id:000395,src:000215+000375,time:902750,execs:3345833,op:splice,rep:2 (395 / 603), cycle: 0
[+] AFL test case: id:000396,src:000205+000389,time:951401,execs:3524796,op:splice,rep:8 (396 / 603), cycle: 0
[+] AFL test case: id:000397,src:000259+000334,time:968495,execs:3588228,op:splice,rep:4 (397 / 603), cycle: 0
[+] AFL test case: id:000398,src:000259+000334,time:968501,execs:3588244,op:splice,rep:4 (398 / 603), cycle: 0
[+] AFL test case: id:000399,src:000259+000334,time:968559,execs:3588384,op:splice,rep:16 (399 / 603), cycle: 0
[+] AFL test case: id:000400,src:000259+000334,time:968692,execs:3588711,op:splice,rep:8 (400 / 603), cycle: 0
[+] AFL test case: id:000401,src:000215+000361,time:999162,execs:3702478,op:splice,rep:8 (401 / 603), cycle: 0
[+] AFL test case: id:000402,src:000336+000362,time:1046291,execs:3876687,op:splice,rep:2 (402 / 603), cycle: 0
[+] AFL test case: id:000403,src:000336+000362,time:1046298,execs:3876710,op:splice,rep:2 (403 / 603), cycle: 0
[+] AFL test case: id:000404,src:000336+000362,time:1046320,execs:3876795,op:splice,rep:2 (404 / 603), cycle: 0
[+] AFL test case: id:000405,src:000205+000383,time:1060226,execs:3927596,op:splice,rep:16 (405 / 603), cycle: 0
[+] AFL test case: id:000406,src:000258+000388,time:1177254,execs:4361831,op:splice,rep:16 (406 / 603), cycle: 0
[+] AFL test case: id:000407,src:000379,time:1180981,execs:4375481,op:havoc,rep:2 (407 / 603), cycle: 0
[+] AFL test case: id:000408,src:000172+000354,time:1197196,execs:4435658,op:splice,rep:8 (408 / 603), cycle: 0
[+] AFL test case: id:000409,src:000336+000271,time:1206971,execs:4472007,op:splice,rep:4 (409 / 603), cycle: 0
[+] AFL test case: id:000410,src:000336+000347,time:1207052,execs:4472317,op:splice,rep:16 (410 / 603), cycle: 0
[+] AFL test case: id:000411,src:000215,time:1290670,execs:4783636,op:havoc,rep:16 (411 / 603), cycle: 0
[+] AFL test case: id:000412,src:000215+000401,time:1350642,execs:5002714,op:splice,rep:16 (412 / 603), cycle: 0
[+] AFL test case: id:000413,src:000173,time:1446043,execs:5351871,op:havoc,rep:4 (413 / 603), cycle: 0
[+] AFL test case: id:000414,src:000215+000392,time:1467542,execs:5431496,op:splice,rep:16 (414 / 603), cycle: 0
[+] AFL test case: id:000415,src:000215+000392,time:1467545,execs:5431505,op:splice,rep:16 (415 / 603), cycle: 0
[+] AFL test case: id:000416,src:000199+000411,time:1476574,execs:5465314,op:splice,rep:4 (416 / 603), cycle: 0
[+] AFL test case: id:000417,src:000199+000411,time:1476587,execs:5465345,op:splice,rep:16 (417 / 603), cycle: 0
[+] AFL test case: id:000418,src:000199+000411,time:1476605,execs:5465387,op:splice,rep:16 (418 / 603), cycle: 0
[+] AFL test case: id:000419,src:000199+000411,time:1476678,execs:5465568,op:splice,rep:8 (419 / 603), cycle: 0
[+] AFL test case: id:000420,src:000215+000417,time:1478814,execs:5472949,op:splice,rep:4 (420 / 603), cycle: 0
[+] AFL test case: id:000421,src:000215+000417,time:1478860,execs:5473059,op:splice,rep:4 (421 / 603), cycle: 0
[+] AFL test case: id:000422,src:000215+000417,time:1483099,execs:5488583,op:splice,rep:16 (422 / 603), cycle: 0
[+] AFL test case: id:000423,src:000215+000417,time:1483108,execs:5488605,op:splice,rep:8 (423 / 603), cycle: 0
[+] AFL test case: id:000424,src:000215+000417,time:1483185,execs:5488780,op:splice,rep:8 (424 / 603), cycle: 0
[+] AFL test case: id:000425,src:000215+000395,time:1582536,execs:5851211,op:splice,rep:8 (425 / 603), cycle: 0
[+] AFL test case: id:000426,src:000216+000413,time:1668836,execs:6164634,op:splice,rep:16 (426 / 603), cycle: 0
[+] AFL test case: id:000427,src:000216+000413,time:1668864,execs:6164729,op:splice,rep:16 (427 / 603), cycle: 0
[+] AFL test case: id:000428,src:000215+000424,time:1708418,execs:6309208,op:splice,rep:16 (428 / 603), cycle: 0
[+] AFL test case: id:000429,src:000215+000424,time:1708457,execs:6309292,op:splice,rep:8 (429 / 603), cycle: 0
[+] AFL test case: id:000430,src:000405,time:1822685,execs:6724277,op:havoc,rep:8 (430 / 603), cycle: 0
[+] AFL test case: id:000431,src:000405,time:1822768,execs:6724545,op:havoc,rep:8 (431 / 603), cycle: 0
[+] AFL test case: id:000432,src:000405+000024,time:1823223,execs:6726002,op:splice,rep:8 (432 / 603), cycle: 0
[+] AFL test case: id:000433,src:000405+000024,time:1823242,execs:6726011,op:splice,rep:8 (433 / 603), cycle: 0
[+] AFL test case: id:000434,src:000405+000024,time:1823272,execs:6726028,op:splice,rep:16 (434 / 603), cycle: 0
[+] AFL test case: id:000435,src:000405+000024,time:1823293,execs:6726037,op:splice,rep:16 (435 / 603), cycle: 0
[+] AFL test case: id:000436,src:000405+000024,time:1823322,execs:6726054,op:splice,rep:16 (436 / 603), cycle: 0
[+] AFL test case: id:000437,src:000405+000024,time:1823371,execs:6726084,op:splice,rep:8 (437 / 603), cycle: 0
[+] AFL test case: id:000438,src:000405+000024,time:1823396,execs:6726098,op:splice,rep:16 (438 / 603), cycle: 0
[+] AFL test case: id:000439,src:000405+000024,time:1823519,execs:6726185,op:splice,rep:4 (439 / 603), cycle: 0
[+] AFL test case: id:000440,src:000405+000024,time:1823575,execs:6726221,op:splice,rep:4 (440 / 603), cycle: 0
[+] AFL test case: id:000441,src:000405+000024,time:1823637,execs:6726261,op:splice,rep:16 (441 / 603), cycle: 0
[+] AFL test case: id:000442,src:000405+000024,time:1823901,execs:6726452,op:splice,rep:16 (442 / 603), cycle: 0
[+] AFL test case: id:000443,src:000405+000024,time:1824020,execs:6726534,op:splice,rep:2 (443 / 603), cycle: 0
[+] AFL test case: id:000444,src:000405+000024,time:1826703,execs:6728538,op:splice,rep:16 (444 / 603), cycle: 0
[+] AFL test case: id:000445,src:000405+000440,time:1829009,execs:6730462,op:splice,rep:16 (445 / 603), cycle: 0
[+] AFL test case: id:000446,src:000405+000440,time:1829083,execs:6730506,op:splice,rep:8 (446 / 603), cycle: 0
[+] AFL test case: id:000447,src:000215+000412,time:1867107,execs:6860391,op:splice,rep:16 (447 / 603), cycle: 0
[+] AFL test case: id:000448,src:000215+000444,time:1899867,execs:6973376,op:splice,rep:16 (448 / 603), cycle: 0
[+] AFL test case: id:000449,src:000215+000444,time:1899917,execs:6973410,op:splice,rep:8 (449 / 603), cycle: 0
[+] AFL test case: id:000450,src:000215+000444,time:1899994,execs:6973464,op:splice,rep:16 (450 / 603), cycle: 0
[+] AFL test case: id:000451,src:000215+000444,time:1900327,execs:6973730,op:splice,rep:8 (451 / 603), cycle: 0
[+] AFL test case: id:000452,src:000215+000444,time:1900377,execs:6973765,op:splice,rep:16 (452 / 603), cycle: 0
[+] AFL test case: id:000453,src:000215+000444,time:1901031,execs:6974292,op:splice,rep:4 (453 / 603), cycle: 0
[+] AFL test case: id:000454,src:000215+000444,time:1901400,execs:6974587,op:splice,rep:8 (454 / 603), cycle: 0
[+] AFL test case: id:000455,src:000215+000392,time:1989446,execs:7258644,op:splice,rep:16 (455 / 603), cycle: 0
[+] AFL test case: id:000456,src:000384,time:2007083,execs:7318171,op:havoc,rep:16 (456 / 603), cycle: 0
[+] AFL test case: id:000457,src:000215+000432,time:2063069,execs:7498437,op:splice,rep:8 (457 / 603), cycle: 0
[+] AFL test case: id:000458,src:000215+000322,time:2134499,execs:7732276,op:splice,rep:4 (458 / 603), cycle: 0
[+] AFL test case: id:000459,src:000215+000455,time:2151175,execs:7788169,op:splice,rep:4 (459 / 603), cycle: 0
[+] AFL test case: id:000460,src:000404,time:2153905,execs:7796871,op:colorization,rep:16 (460 / 603), cycle: 0
[+] AFL test case: id:000461,src:000143+000183,time:2211708,execs:7983077,op:splice,rep:16 (461 / 603), cycle: 0
[+] AFL test case: id:000462,src:000404,time:2228190,execs:8033784,op:havoc,rep:4 (462 / 603), cycle: 0
[+] AFL test case: id:000463,src:000460,time:2229199,execs:8036915,op:havoc,rep:2 (463 / 603), cycle: 0
[+] AFL test case: id:000464,src:000284+000429,time:2237420,execs:8064375,op:splice,rep:16 (464 / 603), cycle: 0
[+] AFL test case: id:000465,src:000349,time:2247449,execs:8097738,op:havoc,rep:8 (465 / 603), cycle: 0
[+] AFL test case: id:000466,src:000205+000439,time:2305182,execs:8292760,op:splice,rep:2 (466 / 603), cycle: 0
[+] AFL test case: id:000467,src:000205+000439,time:2305323,execs:8292850,op:splice,rep:4 (467 / 603), cycle: 0
[+] AFL test case: id:000468,src:000216+000442,time:2353134,execs:8455362,op:splice,rep:8 (468 / 603), cycle: 0
[+] AFL test case: id:000469,src:000188+000456,time:2354365,execs:8459302,op:splice,rep:16 (469 / 603), cycle: 0
[+] AFL test case: id:000470,src:000231+000440,time:2366414,execs:8499258,op:splice,rep:4 (470 / 603), cycle: 0
[+] AFL test case: id:000471,src:000291,time:2378663,execs:8539347,op:havoc,rep:4 (471 / 603), cycle: 0
[+] AFL test case: id:000472,src:000215+000469,time:2587126,execs:9222413,op:splice,rep:4 (472 / 603), cycle: 0
[+] AFL test case: id:000473,src:000215+000469,time:2587134,execs:9222429,op:splice,rep:8 (473 / 603), cycle: 0
[+] AFL test case: id:000474,src:000199+000391,time:2647879,execs:9420821,op:splice,rep:8 (474 / 603), cycle: 0
[+] AFL test case: id:000475,src:000188+000117,time:2800542,execs:9926207,op:splice,rep:8 (475 / 603), cycle: 0
[+] AFL test case: id:000476,src:000215+000445,time:2821116,execs:9994567,op:splice,rep:8 (476 / 603), cycle: 0
[+] AFL test case: id:000477,src:000475,time:2878128,execs:10183557,op:havoc,rep:8 (477 / 603), cycle: 0
[+] AFL test case: id:000478,src:000475,time:2878465,execs:10184589,op:havoc,rep:16 (478 / 603), cycle: 0
[+] AFL test case: id:000479,src:000475,time:2878472,execs:10184605,op:havoc,rep:8 (479 / 603), cycle: 0
[+] AFL test case: id:000480,src:000475,time:2878493,execs:10184671,op:havoc,rep:16 (480 / 603), cycle: 0
[+] AFL test case: id:000481,src:000475,time:2878782,execs:10185559,op:havoc,rep:8 (481 / 603), cycle: 0
[+] AFL test case: id:000482,src:000475,time:2879373,execs:10187370,op:havoc,rep:16 (482 / 603), cycle: 0
[+] AFL test case: id:000483,src:000259+000482,time:2910389,execs:10288810,op:splice,rep:4 (483 / 603), cycle: 0
[+] AFL test case: id:000484,src:000216+000479,time:2916259,execs:10307578,op:splice,rep:4 (484 / 603), cycle: 0
[+] AFL test case: id:000485,src:000216+000479,time:2916282,execs:10307618,op:splice,rep:16 (485 / 603), cycle: 0
[+] AFL test case: id:000486,src:000266+000437,time:3212389,execs:11298627,op:splice,rep:16 (486 / 603), cycle: 0
[+] AFL test case: id:000487,src:000231+000472,time:3257009,execs:11449944,op:splice,rep:4 (487 / 603), cycle: 0
[+] AFL test case: id:000488,src:000145+000154,time:3257339,execs:11450855,op:splice,rep:2 (488 / 603), cycle: 0
[+] AFL test case: id:000489,src:000410,time:3259470,execs:11458008,op:havoc,rep:4 (489 / 603), cycle: 0
[+] AFL test case: id:000490,src:000410,time:3259589,execs:11458427,op:havoc,rep:16 (490 / 603), cycle: 0
[+] AFL test case: id:000491,time:0,execs:12456590,orig:flv-31_1.flv (491 / 603), cycle: 0
[+] AFL test case: id:000492,src:000232+000488,time:3855603,execs:13418511,op:splice,rep:4 (492 / 603), cycle: 0
[+] AFL test case: id:000493,time:0,execs:14600526,orig:flv-32_1.flv (493 / 603), cycle: 0
[+] AFL test case: id:000494,src:000456,time:4352522,execs:15026321,op:havoc,rep:2 (494 / 603), cycle: 0
[+] AFL test case: id:000495,src:000456,time:4352542,execs:15026380,op:havoc,rep:4 (495 / 603), cycle: 0
[+] AFL test case: id:000496,src:000456,time:4353074,execs:15028308,op:havoc,rep:2 (496 / 603), cycle: 0
[+] AFL test case: id:000497,src:000384+000430,time:4364480,execs:15066647,op:splice,rep:8 (497 / 603), cycle: 0
[+] AFL test case: id:000498,src:000188+000434,time:4520482,execs:15572013,op:splice,rep:16 (498 / 603), cycle: 0
[+] AFL test case: id:000499,src:000318+000451,time:4886281,execs:16756529,op:splice,rep:32 (499 / 603), cycle: 0
[+] AFL test case: id:000500,src:000496,time:5280364,execs:18045445,op:colorization,rep:2 (500 / 603), cycle: 0
[+] AFL test case: id:000501,src:000496,time:5280824,execs:18046782,op:havoc,rep:2 (501 / 603), cycle: 0
[+] AFL test case: id:000502,src:000496,time:5280929,execs:18047110,op:havoc,rep:4 (502 / 603), cycle: 0
[+] AFL test case: id:000503,src:000496,time:5281068,execs:18047616,op:havoc,rep:2 (503 / 603), cycle: 0
[+] AFL test case: id:000504,src:000496,time:5281951,execs:18050877,op:havoc,rep:2 (504 / 603), cycle: 0
[+] AFL test case: id:000505,time:0,execs:19533493,orig:flv-33_1.flv (505 / 603), cycle: 0
[+] AFL test case: id:000506,src:000037+000069,time:5973279,execs:20117671,op:splice,rep:8 (506 / 603), cycle: 0
[+] AFL test case: id:000507,src:000445+000438,time:6018565,execs:20261342,op:splice,rep:4 (507 / 603), cycle: 0
[+] AFL test case: id:000508,src:000205+000466,time:6807419,execs:22685361,op:splice,rep:32 (508 / 603), cycle: 0
[+] AFL test case: id:000509,src:000215+000464,time:6813925,execs:22706641,op:splice,rep:64 (509 / 603), cycle: 0
[+] AFL test case: id:000510,time:0,execs:24427850,orig:flv-34_1.flv (510 / 603), cycle: 0
[+] AFL test case: id:000511,src:000503,time:7671344,execs:25423648,op:its,rep:32 (511 / 603), cycle: 0
[+] AFL test case: id:000512,src:000503,time:7912948,execs:26208070,op:havoc,rep:8 (512 / 603), cycle: 0
[+] AFL test case: id:000513,src:000486,time:8186452,execs:27109745,op:havoc,rep:4 (513 / 603), cycle: 0
[+] AFL test case: id:000514,src:000215+000474,time:8600367,execs:28377760,op:splice,rep:2 (514 / 603), cycle: 0
[+] AFL test case: id:000515,src:000449,time:8706180,execs:28724981,op:havoc,rep:2 (515 / 603), cycle: 0
[+] AFL test case: id:000516,src:000219+000252,time:8721238,execs:28770530,op:splice,rep:4 (516 / 603), cycle: 0
[+] AFL test case: id:000517,src:000259+000486,time:9240173,execs:30460277,op:splice,rep:64 (517 / 603), cycle: 0
[+] AFL test case: id:000518,time:0,execs:33485353,orig:flv-35_1.flv (518 / 603), cycle: 0
[+] AFL test case: id:000519,time:0,execs:35949123,orig:flv-36_1.flv (519 / 603), cycle: 0
[+] AFL test case: id:000520,time:0,execs:38238687,orig:flv-37_1.flv (520 / 603), cycle: 0
[+] AFL test case: id:000521,src:000517,time:12441418,execs:39832231,op:havoc,rep:4 (521 / 603), cycle: 0
[+] AFL test case: id:000522,src:000384,time:12481940,execs:39965880,op:havoc,rep:64 (522 / 603), cycle: 0
[+] AFL test case: id:000523,src:000384+000503,time:12777942,execs:40959901,op:splice,rep:16 (523 / 603), cycle: 0
[+] AFL test case: id:000524,src:000405+000063,time:13002435,execs:41710224,op:splice,rep:64 (524 / 603), cycle: 0
[+] AFL test case: id:000525,src:000524+000521,time:13263111,execs:42580525,op:splice,rep:32 (525 / 603), cycle: 0
[+] AFL test case: id:000526,src:000465+000043,time:13819804,execs:44334386,op:splice,rep:64 (526 / 603), cycle: 0
[+] AFL test case: id:000527,time:0,execs:46840156,orig:flv-38_1.flv (527 / 603), cycle: 0
[+] AFL test case: id:000528,time:0,execs:49658762,orig:flv-39_1.flv (528 / 603), cycle: 0
[+] AFL test case: id:000529,time:0,execs:52739307,orig:flv-40_1.flv (529 / 603), cycle: 0
[+] AFL test case: id:000530,time:0,execs:56013773,orig:flv-41_1.flv (530 / 603), cycle: 0
[+] AFL test case: id:000531,time:0,execs:59333833,orig:flv-42_1.flv (531 / 603), cycle: 0
[+] AFL test case: id:000532,src:000222+000014,time:19171338,execs:61521384,op:splice,rep:2 (532 / 603), cycle: 0
[+] AFL test case: id:000533,src:000281,time:20176210,execs:64873673,op:havoc,rep:64 (533 / 603), cycle: 0
[+] AFL test case: id:000534,time:0,execs:68382981,orig:flv-43_1.flv (534 / 603), cycle: 0
[+] AFL test case: id:000535,time:0,execs:72133144,orig:flv-44_1.flv (535 / 603), cycle: 0
[+] AFL test case: id:000536,src:000258,time:22578703,execs:72695536,op:havoc,rep:2 (536 / 603), cycle: 0
[+] AFL test case: id:000537,time:0,execs:76663203,orig:flv-45_1.flv (537 / 603), cycle: 0
[+] AFL test case: id:000538,src:000188+000407,time:24706665,execs:79771846,op:splice,rep:4 (538 / 603), cycle: 0
[+] AFL test case: id:000539,src:000536,time:25642708,execs:82917839,op:havoc,rep:2 (539 / 603), cycle: 0
[+] AFL test case: id:000540,src:000168+000538,time:25825169,execs:83538979,op:splice,rep:2 (540 / 603), cycle: 0
[+] AFL test case: id:000541,src:000266+000355,time:26657467,execs:86342232,op:splice,rep:64 (541 / 603), cycle: 0
[+] AFL test case: id:000542,src:000225+000541,time:26715834,execs:86540400,op:splice,rep:16 (542 / 603), cycle: 0
[+] AFL test case: id:000543,src:000541,time:27309262,execs:88546708,op:colorization,rep:32 (543 / 603), cycle: 0
[+] AFL test case: id:000544,src:000533,time:27380019,execs:88778280,op:havoc,rep:32 (544 / 603), cycle: 0
[+] AFL test case: id:000545,time:0,execs:93016381,orig:flv-46_1.flv (545 / 603), cycle: 0
[+] AFL test case: id:000546,src:000205+000540,time:29347912,execs:95376289,op:splice,rep:8 (546 / 603), cycle: 0
[+] AFL test case: id:000547,src:000544,time:29933141,execs:97358700,op:havoc,rep:2 (547 / 603), cycle: 0
[+] AFL test case: id:000548,src:000205+000546,time:30679513,execs:99878520,op:splice,rep:2 (548 / 603), cycle: 0
[+] AFL test case: id:000549,time:0,execs:104320062,orig:flv-47_1.flv (549 / 603), cycle: 0
[+] AFL test case: id:000550,time:0,execs:108989712,orig:flv-48_1.flv (550 / 603), cycle: 0
[+] AFL test case: id:000551,src:000496+000543,time:33576308,execs:109625533,op:splice,rep:32 (551 / 603), cycle: 0
[+] AFL test case: id:000552,src:000396+000422,time:34114875,execs:111441094,op:splice,rep:64 (552 / 603), cycle: 0
[+] AFL test case: id:000553,src:000138+000551,time:34169544,execs:111628061,op:splice,rep:32 (553 / 603), cycle: 0
[+] AFL test case: id:000554,src:000552,time:35097133,execs:114751113,op:colorization,rep:64 (554 / 603), cycle: 0
[+] AFL test case: id:000555,time:0,execs:119531493,orig:flv-49_1.flv (555 / 603), cycle: 0
[+] AFL test case: id:000556,src:000188+000301,time:36612073,execs:119747695,op:splice,rep:4 (556 / 603), cycle: 0
[+] AFL test case: id:000557,src:000382,time:37068839,execs:121281991,op:havoc,rep:2 (557 / 603), cycle: 0
[+] AFL test case: id:000558,time:0,execs:126350729,orig:flv-50_1.flv (558 / 603), cycle: 0
[+] AFL test case: id:000559,src:000554+000420,time:40127917,execs:131574760,op:splice,rep:4 (559 / 603), cycle: 0
[+] AFL test case: id:000560,src:000557,time:40349915,execs:132319496,op:havoc,rep:2 (560 / 603), cycle: 0
[+] AFL test case: id:000561,src:000560,time:41293088,execs:135517279,op:havoc,rep:2 (561 / 603), cycle: 0
[+] AFL test case: id:000562,time:0,execs:140818311,orig:flv-51_1.flv (562 / 603), cycle: 0
[+] AFL test case: id:000563,src:000556,time:43905981,execs:144316802,op:havoc,rep:2 (563 / 603), cycle: 0
[+] AFL test case: id:000564,src:000425,time:44055571,execs:144821455,op:havoc,rep:4 (564 / 603), cycle: 0
[+] AFL test case: id:000565,src:000156+000321,time:45098601,execs:148311115,op:splice,rep:64 (565 / 603), cycle: 0
[+] AFL test case: id:000566,time:0,execs:153767580,orig:flv-52_1.flv (566 / 603), cycle: 0
[+] AFL test case: id:000567,src:000565,time:46987282,execs:154656234,op:havoc,rep:8 (567 / 603), cycle: 0
[+] AFL test case: id:000568,src:000567,time:47115169,execs:155092047,op:havoc,rep:2 (568 / 603), cycle: 0
[+] AFL test case: id:000569,src:000567+000395,time:47116913,execs:155098373,op:splice,rep:32 (569 / 603), cycle: 0
[+] AFL test case: id:000570,src:000559,time:47437188,execs:156179094,op:havoc,rep:2 (570 / 603), cycle: 0
[+] AFL test case: id:000571,src:000539,time:47883259,execs:157682377,op:havoc,rep:2 (571 / 603), cycle: 0
[+] AFL test case: id:000572,time:0,execs:163342009,orig:flv-53_1.flv (572 / 603), cycle: 0
[+] AFL test case: id:000573,time:0,execs:169201589,orig:flv-54_1.flv (573 / 603), cycle: 0
[+] AFL test case: id:000574,time:0,execs:175207692,orig:flv-55_1.flv (574 / 603), cycle: 0
[+] AFL test case: id:000575,src:000547,time:53800870,execs:177514155,op:havoc,rep:4 (575 / 603), cycle: 0
[+] AFL test case: id:000576,src:000575,time:54335292,execs:179316736,op:havoc,rep:4 (576 / 603), cycle: 0
[+] AFL test case: id:000577,time:0,execs:185618446,orig:flv-56_1.flv (577 / 603), cycle: 0
[+] AFL test case: id:000578,src:000567+000569,time:57703797,execs:190709152,op:splice,rep:8 (578 / 603), cycle: 0
[+] AFL test case: id:000579,src:000578,time:58975643,execs:194990091,op:havoc,rep:2 (579 / 603), cycle: 0
[+] AFL test case: id:000580,time:0,execs:201454672,orig:flv-57_1.flv (580 / 603), cycle: 0
[+] AFL test case: id:000581,src:000215+000564,time:61575934,execs:203719314,op:splice,rep:64 (581 / 603), cycle: 0
[+] AFL test case: id:000582,src:000137+000488,time:62007268,execs:205176271,op:splice,rep:2 (582 / 603), cycle: 0
[+] AFL test case: id:000583,src:000138+000576,time:62410896,execs:206532420,op:splice,rep:2 (583 / 603), cycle: 0
[+] AFL test case: id:000584,src:000576+000355,time:62445443,execs:206640874,op:splice,rep:16 (584 / 603), cycle: 0
[+] AFL test case: id:000585,src:000514,time:63857684,execs:211375756,op:havoc,rep:4 (585 / 603), cycle: 0
[+] AFL test case: id:000586,src:000571,time:64792531,execs:214461801,op:havoc,rep:2 (586 / 603), cycle: 0
[+] AFL test case: id:000587,src:000579,time:65356976,execs:216351335,op:havoc,rep:2 (587 / 603), cycle: 0
[+] AFL test case: id:000588,src:000584,time:65729744,execs:217581101,op:havoc,rep:16 (588 / 603), cycle: 0
[+] AFL test case: id:000589,src:000584,time:67108310,execs:222182161,op:havoc,rep:2 (589 / 603), cycle: 0
[+] AFL test case: id:000590,src:000587,time:67247093,execs:222655194,op:havoc,rep:2 (590 / 603), cycle: 0
[+] AFL test case: id:000591,time:0,execs:229318664,orig:flv-58_1.flv (591 / 603), cycle: 0
[+] AFL test case: id:000592,src:000590,time:70746480,execs:234430318,op:havoc,rep:2 (592 / 603), cycle: 0
[+] AFL test case: id:000593,src:000590,time:70747139,execs:234432595,op:havoc,rep:4 (593 / 603), cycle: 0
[+] AFL test case: id:000594,src:000590+000587,time:70755339,execs:234461844,op:splice,rep:16 (594 / 603), cycle: 0
[+] AFL test case: id:000595,src:000594,time:70842674,execs:234753253,op:havoc,rep:2 (595 / 603), cycle: 0
[+] AFL test case: id:000596,time:0,execs:241604285,orig:flv-59_1.flv (596 / 603), cycle: 0
[+] AFL test case: id:000597,time:0,execs:248655651,orig:flv-60_1.flv (597 / 603), cycle: 0
[+] AFL test case: id:000598,time:0,execs:255928588,orig:flv-61_1.flv (598 / 603), cycle: 0
[+] AFL test case: id:000599,time:0,execs:263405763,orig:flv-62_1.flv (599 / 603), cycle: 0
[+] AFL test case: id:000600,src:000215,time:80739814,execs:267966653,op:havoc,rep:32 (600 / 603), cycle: 0
[+] AFL test case: id:000601,time:0,execs:275688744,orig:flv-63_1.flv (601 / 603), cycle: 0
[+] AFL test case: id:000602,time:0,execs:283565304,orig:flv-64_1.flv (602 / 603), cycle: 0
    lines......: 8.9% (623 of 6997 lines)
    functions..: 14.6% (59 of 403 functions)

    Coverage diff id:0... id:602...
diff id:0... -> id:602...
New src file: /unibench/flvmeta-1.2.1/src/flvmeta.c
  New 'function' coverage: main()
  New 'function' coverage: parse_command_line()
  New 'line' coverage: 144
  New 'line' coverage: 147
  New 'line' coverage: 149
  New 'line' coverage: 174
  New 'line' coverage: 305
  New 'line' coverage: 318
  New 'line' coverage: 321
  New 'line' coverage: 322
  New 'line' coverage: 331
  New 'line' coverage: 336
  New 'line' coverage: 339
  New 'line' coverage: 340
  New 'line' coverage: 344
  New 'line' coverage: 345
  New 'line' coverage: 348
  New 'line' coverage: 351
  New 'line' coverage: 356
  New 'line' coverage: 357
  New 'line' coverage: 358
  New 'line' coverage: 359
  New 'line' coverage: 360
  New 'line' coverage: 361
  New 'line' coverage: 362
  New 'line' coverage: 363
  New 'line' coverage: 364
  New 'line' coverage: 365
  New 'line' coverage: 366
  New 'line' coverage: 367
  New 'line' coverage: 368
  New 'line' coverage: 369
  New 'line' coverage: 370
  New 'line' coverage: 371
  New 'line' coverage: 375
  New 'line' coverage: 378
  New 'line' coverage: 382
  New 'line' coverage: 384
  New 'line' coverage: 385
  New 'line' coverage: 394
  New 'line' coverage: 396
  New 'line' coverage: 397
  New 'line' coverage: 406
New src file: /unibench/flvmeta-1.2.1/src/flv.c
  New 'function' coverage: flv_close()
  New 'function' coverage: flv_open()
  New 'function' coverage: flv_parse()
  New 'function' coverage: flv_read_audio_tag()
  New 'function' coverage: flv_read_header()
  New 'function' coverage: flv_read_metadata()
  New 'function' coverage: flv_read_prev_tag_size()
  New 'function' coverage: flv_read_tag()
  New 'function' coverage: flv_read_video_tag()
  New 'line' coverage: 103
  New 'line' coverage: 104
  New 'line' coverage: 105
  New 'line' coverage: 106
  New 'line' coverage: 111
  New 'line' coverage: 117
  New 'line' coverage: 123
  New 'line' coverage: 124
  New 'line' coverage: 125
  New 'line' coverage: 128
  New 'line' coverage: 129
  New 'line' coverage: 131
  New 'line' coverage: 132
  New 'line' coverage: 133
  New 'line' coverage: 134
  New 'line' coverage: 135
  New 'line' coverage: 136
  New 'line' coverage: 139
  New 'line' coverage: 140
  New 'line' coverage: 141
  New 'line' coverage: 142
  New 'line' coverage: 143
  New 'line' coverage: 151
  New 'line' coverage: 152
  New 'line' coverage: 153
  New 'line' coverage: 154
  New 'line' coverage: 155
  New 'line' coverage: 159
  New 'line' coverage: 160
  New 'line' coverage: 163
  New 'line' coverage: 164
  New 'line' coverage: 167
  New 'line' coverage: 168
  New 'line' coverage: 175
  New 'line' coverage: 176
  New 'line' coverage: 177
  New 'line' coverage: 182
  New 'line' coverage: 185
  New 'line' coverage: 186
  New 'line' coverage: 187
  New 'line' coverage: 188
  New 'line' coverage: 189
  New 'line' coverage: 193
  New 'line' coverage: 194
  New 'line' coverage: 197
  New 'line' coverage: 198
  New 'line' coverage: 201
  New 'line' coverage: 202
  New 'line' coverage: 209
  New 'line' coverage: 210
  New 'line' coverage: 211
  New 'line' coverage: 216
  New 'line' coverage: 219
  New 'line' coverage: 224
  New 'line' coverage: 225
  New 'line' coverage: 226
  New 'line' coverage: 227
  New 'line' coverage: 231
  New 'line' coverage: 232
  New 'line' coverage: 236
  New 'line' coverage: 237
  New 'line' coverage: 238
  New 'line' coverage: 239
  New 'line' coverage: 240
  New 'line' coverage: 242
  New 'line' coverage: 243
  New 'line' coverage: 247
  New 'line' coverage: 248
  New 'line' coverage: 249
  New 'line' coverage: 252
  New 'line' coverage: 253
  New 'line' coverage: 255
  New 'line' coverage: 256
  New 'line' coverage: 257
  New 'line' coverage: 260
  New 'line' coverage: 264
  New 'line' coverage: 265
  New 'line' coverage: 266
  New 'line' coverage: 267
  New 'line' coverage: 268
  New 'line' coverage: 270
  New 'line' coverage: 271
  New 'line' coverage: 274
  New 'line' coverage: 275
  New 'line' coverage: 276
  New 'line' coverage: 279
  New 'line' coverage: 280
  New 'line' coverage: 283
  New 'line' coverage: 284
  New 'line' coverage: 285
  New 'line' coverage: 286
  New 'line' coverage: 290
  New 'line' coverage: 32
  New 'line' coverage: 33
  New 'line' coverage: 334
  New 'line' coverage: 335
  New 'line' coverage: 336
  New 'line' coverage: 337
  New 'line' coverage: 339
  New 'line' coverage: 34
  New 'line' coverage: 341
  New 'line' coverage: 37
  New 'line' coverage: 38
  New 'line' coverage: 42
  New 'line' coverage: 427
  New 'line' coverage: 43
  New 'line' coverage: 436
  New 'line' coverage: 44
  New 'line' coverage: 440
  New 'line' coverage: 441
  New 'line' coverage: 445
  New 'line' coverage: 446
  New 'line' coverage: 447
  New 'line' coverage: 448
  New 'line' coverage: 45
  New 'line' coverage: 451
  New 'line' coverage: 459
  New 'line' coverage: 46
  New 'line' coverage: 460
  New 'line' coverage: 468
  New 'line' coverage: 469
  New 'line' coverage: 470
  New 'line' coverage: 471
  New 'line' coverage: 472
  New 'line' coverage: 474
  New 'line' coverage: 482
  New 'line' coverage: 483
  New 'line' coverage: 484
  New 'line' coverage: 485
  New 'line' coverage: 486
  New 'line' coverage: 488
  New 'line' coverage: 49
  New 'line' coverage: 496
  New 'line' coverage: 497
  New 'line' coverage: 498
  New 'line' coverage: 499
  New 'line' coverage: 50
  New 'line' coverage: 500
  New 'line' coverage: 501
  New 'line' coverage: 502
  New 'line' coverage: 503
  New 'line' coverage: 505
  New 'line' coverage: 506
  New 'line' coverage: 507
  New 'line' coverage: 508
  New 'line' coverage: 509
  New 'line' coverage: 51
  New 'line' coverage: 510
  New 'line' coverage: 511
  New 'line' coverage: 514
  New 'line' coverage: 515
  New 'line' coverage: 518
  New 'line' coverage: 52
  New 'line' coverage: 526
  New 'line' coverage: 527
  New 'line' coverage: 528
  New 'line' coverage: 529
  New 'line' coverage: 53
  New 'line' coverage: 531
  New 'line' coverage: 540
  New 'line' coverage: 548
  New 'line' coverage: 549
  New 'line' coverage: 57
  New 'line' coverage: 58
  New 'line' coverage: 59
  New 'line' coverage: 60
  New 'line' coverage: 61
  New 'line' coverage: 64
  New 'line' coverage: 65
  New 'line' coverage: 66
  New 'line' coverage: 67
  New 'line' coverage: 70
  New 'line' coverage: 71
  New 'line' coverage: 74
  New 'line' coverage: 76
  New 'line' coverage: 77
  New 'line' coverage: 78
  New 'line' coverage: 79
  New 'line' coverage: 83
  New 'line' coverage: 84
  New 'line' coverage: 85
  New 'line' coverage: 88
  New 'line' coverage: 89
  New 'line' coverage: 90
  New 'line' coverage: 93
  New 'line' coverage: 94
  New 'line' coverage: 95
New src file: /unibench/flvmeta-1.2.1/src/types.c
  New 'function' coverage: swap_number64()
  New 'line' coverage: 32
  New 'line' coverage: 34
  New 'line' coverage: 35
  New 'line' coverage: 36
  New 'line' coverage: 37
  New 'line' coverage: 38
  New 'line' coverage: 39
  New 'line' coverage: 40
  New 'line' coverage: 41
  New 'line' coverage: 42
  New 'line' coverage: 43
New src file: /unibench/flvmeta-1.2.1/src/dump_xml.c
  New 'function' coverage: dump_xml_amf_data()
  New 'function' coverage: dump_xml_setup_metadata_dump()
  New 'function' coverage: has_xml_markers()
  New 'function' coverage: xml_amf_data_dump()
  New 'function' coverage: xml_on_metadata_tag_only()
  New 'line' coverage: 100
  New 'line' coverage: 102
  New 'line' coverage: 106
  New 'line' coverage: 108
  New 'line' coverage: 110
  New 'line' coverage: 111
  New 'line' coverage: 113
  New 'line' coverage: 114
  New 'line' coverage: 116
  New 'line' coverage: 117
  New 'line' coverage: 118
  New 'line' coverage: 119
  New 'line' coverage: 120
  New 'line' coverage: 121
  New 'line' coverage: 122
  New 'line' coverage: 123
  New 'line' coverage: 125
  New 'line' coverage: 129
  New 'line' coverage: 131
  New 'line' coverage: 133
  New 'line' coverage: 134
  New 'line' coverage: 135
  New 'line' coverage: 136
  New 'line' coverage: 137
  New 'line' coverage: 138
  New 'line' coverage: 140
  New 'line' coverage: 144
  New 'line' coverage: 146
  New 'line' coverage: 148
  New 'line' coverage: 149
  New 'line' coverage: 150
  New 'line' coverage: 151
  New 'line' coverage: 152
  New 'line' coverage: 153
  New 'line' coverage: 159
  New 'line' coverage: 267
  New 'line' coverage: 268
  New 'line' coverage: 270
  New 'line' coverage: 271
  New 'line' coverage: 272
  New 'line' coverage: 273
  New 'line' coverage: 281
  New 'line' coverage: 285
  New 'line' coverage: 286
  New 'line' coverage: 287
  New 'line' coverage: 289
  New 'line' coverage: 29
  New 'line' coverage: 303
  New 'line' coverage: 304
  New 'line' coverage: 305
  New 'line' coverage: 306
  New 'line' coverage: 31
  New 'line' coverage: 32
  New 'line' coverage: 33
  New 'line' coverage: 36
  New 'line' coverage: 40
  New 'line' coverage: 41
  New 'line' coverage: 51
  New 'line' coverage: 55
  New 'line' coverage: 56
  New 'line' coverage: 59
  New 'line' coverage: 63
  New 'line' coverage: 65
  New 'line' coverage: 67
  New 'line' coverage: 68
  New 'line' coverage: 70
  New 'line' coverage: 71
  New 'line' coverage: 73
  New 'line' coverage: 74
  New 'line' coverage: 76
  New 'line' coverage: 77
  New 'line' coverage: 78
  New 'line' coverage: 81
  New 'line' coverage: 82
  New 'line' coverage: 83
  New 'line' coverage: 85
  New 'line' coverage: 89
  New 'line' coverage: 91
  New 'line' coverage: 93
  New 'line' coverage: 94
  New 'line' coverage: 95
  New 'line' coverage: 96
  New 'line' coverage: 97
  New 'line' coverage: 98
  New 'line' coverage: 99
New src file: /unibench/flvmeta-1.2.1/src/amf.c
  New 'function' coverage: amf_array_first()
  New 'function' coverage: amf_array_get()
  New 'function' coverage: amf_array_new()
  New 'function' coverage: amf_array_next()
  New 'function' coverage: amf_array_push()
  New 'function' coverage: amf_array_read()
  New 'function' coverage: amf_array_size()
  New 'function' coverage: amf_associative_array_new()
  New 'function' coverage: amf_associative_array_read()
  New 'function' coverage: amf_boolean_new()
  New 'function' coverage: amf_boolean_read()
  New 'function' coverage: amf_data_error()
  New 'function' coverage: amf_data_file_read()
  New 'function' coverage: amf_data_free()
  New 'function' coverage: amf_data_get_error_code()
  New 'function' coverage: amf_data_new()
  New 'function' coverage: amf_data_read()
  New 'function' coverage: amf_data_size()
  New 'function' coverage: amf_date_new()
  New 'function' coverage: amf_date_read()
  New 'function' coverage: amf_date_to_time_t()
  New 'function' coverage: amf_list_clear()
  New 'function' coverage: amf_list_first()
  New 'function' coverage: amf_list_init()
  New 'function' coverage: amf_list_push()
  New 'function' coverage: amf_number_new()
  New 'function' coverage: amf_number_read()
  New 'function' coverage: amf_object_add()
  New 'function' coverage: amf_object_first()
  New 'function' coverage: amf_object_get_data()
  New 'function' coverage: amf_object_get_name()
  New 'function' coverage: amf_object_new()
  New 'function' coverage: amf_object_next()
  New 'function' coverage: amf_object_read()
  New 'function' coverage: amf_object_size()
  New 'function' coverage: amf_str()
  New 'function' coverage: amf_string_get_bytes()
  New 'function' coverage: amf_string_get_size()
  New 'function' coverage: amf_string_new()
  New 'function' coverage: amf_string_read()
  New 'function' coverage: file_read()
  New 'line' coverage: 1022
  New 'line' coverage: 1023
  New 'line' coverage: 1036
  New 'line' coverage: 1037
  New 'line' coverage: 1038
  New 'line' coverage: 1039
  New 'line' coverage: 1040
  New 'line' coverage: 1056
  New 'line' coverage: 1057
  New 'line' coverage: 1060
  New 'line' coverage: 1061
  New 'line' coverage: 1062
  New 'line' coverage: 1063
  New 'line' coverage: 1064
  New 'line' coverage: 1071
  New 'line' coverage: 1072
  New 'line' coverage: 1073
  New 'line' coverage: 1074
  New 'line' coverage: 1076
  New 'line' coverage: 1080
  New 'line' coverage: 1081
  New 'line' coverage: 1082
  New 'line' coverage: 1083
  New 'line' coverage: 1085
  New 'line' coverage: 1088
  New 'line' coverage: 1089
  New 'line' coverage: 1092
  New 'line' coverage: 1093
  New 'line' coverage: 1100
  New 'line' coverage: 1101
  New 'line' coverage: 1108
  New 'line' coverage: 1109
  New 'line' coverage: 1116
  New 'line' coverage: 1117
  New 'line' coverage: 1137
  New 'line' coverage: 1138
  New 'line' coverage: 1139
  New 'line' coverage: 1140
  New 'line' coverage: 1141
  New 'line' coverage: 1143
  New 'line' coverage: 1154
  New 'line' coverage: 1155
  New 'line' coverage: 138
  New 'line' coverage: 139
  New 'line' coverage: 146
  New 'line' coverage: 148
  New 'line' coverage: 149
  New 'line' coverage: 150
  New 'line' coverage: 151
  New 'line' coverage: 152
  New 'line' coverage: 153
  New 'line' coverage: 155
  New 'line' coverage: 156
  New 'line' coverage: 206
  New 'line' coverage: 207
  New 'line' coverage: 208
  New 'line' coverage: 209
  New 'line' coverage: 210
  New 'line' coverage: 212
  New 'line' coverage: 232
  New 'line' coverage: 233
  New 'line' coverage: 242
  New 'line' coverage: 243
  New 'line' coverage: 252
  New 'line' coverage: 254
  New 'line' coverage: 255
  New 'line' coverage: 258
  New 'line' coverage: 263
  New 'line' coverage: 265
  New 'line' coverage: 266
  New 'line' coverage: 269
  New 'line' coverage: 27
  New 'line' coverage: 274
  New 'line' coverage: 278
  New 'line' coverage: 279
  New 'line' coverage: 28
  New 'line' coverage: 282
  New 'line' coverage: 283
  New 'line' coverage: 284
  New 'line' coverage: 287
  New 'line' coverage: 288
  New 'line' coverage: 29
  New 'line' coverage: 292
  New 'line' coverage: 293
  New 'line' coverage: 294
  New 'line' coverage: 295
  New 'line' coverage: 298
  New 'line' coverage: 299
  New 'line' coverage: 30
  New 'line' coverage: 304
  New 'line' coverage: 31
  New 'line' coverage: 310
  New 'line' coverage: 311
  New 'line' coverage: 316
  New 'line' coverage: 317
  New 'line' coverage: 318
  New 'line' coverage: 320
  New 'line' coverage: 321
  New 'line' coverage: 322
  New 'line' coverage: 325
  New 'line' coverage: 326
  New 'line' coverage: 327
  New 'line' coverage: 329
  New 'line' coverage: 33
  New 'line' coverage: 330
  New 'line' coverage: 331
  New 'line' coverage: 333
  New 'line' coverage: 334
  New 'line' coverage: 335
  New 'line' coverage: 336
  New 'line' coverage: 337
  New 'line' coverage: 340
  New 'line' coverage: 347
  New 'line' coverage: 349
  New 'line' coverage: 35
  New 'line' coverage: 351
  New 'line' coverage: 355
  New 'line' coverage: 36
  New 'line' coverage: 362
  New 'line' coverage: 363
  New 'line' coverage: 368
  New 'line' coverage: 369
  New 'line' coverage: 37
  New 'line' coverage: 370
  New 'line' coverage: 374
  New 'line' coverage: 375
  New 'line' coverage: 376
  New 'line' coverage: 378
  New 'line' coverage: 379
  New 'line' coverage: 38
  New 'line' coverage: 380
  New 'line' coverage: 383
  New 'line' coverage: 384
  New 'line' coverage: 386
  New 'line' coverage: 388
  New 'line' coverage: 389
  New 'line' coverage: 39
  New 'line' coverage: 390
  New 'line' coverage: 392
  New 'line' coverage: 393
  New 'line' coverage: 394
  New 'line' coverage: 395
  New 'line' coverage: 396
  New 'line' coverage: 399
  New 'line' coverage: 40
  New 'line' coverage: 406
  New 'line' coverage: 408
  New 'line' coverage: 41
  New 'line' coverage: 410
  New 'line' coverage: 414
  New 'line' coverage: 42
  New 'line' coverage: 421
  New 'line' coverage: 422
  New 'line' coverage: 426
  New 'line' coverage: 427
  New 'line' coverage: 428
  New 'line' coverage: 43
  New 'line' coverage: 431
  New 'line' coverage: 433
  New 'line' coverage: 434
  New 'line' coverage: 435
  New 'line' coverage: 436
  New 'line' coverage: 437
  New 'line' coverage: 438
  New 'line' coverage: 439
  New 'line' coverage: 442
  New 'line' coverage: 449
  New 'line' coverage: 453
  New 'line' coverage: 456
  New 'line' coverage: 457
  New 'line' coverage: 458
  New 'line' coverage: 46
  New 'line' coverage: 461
  New 'line' coverage: 466
  New 'line' coverage: 468
  New 'line' coverage: 469
  New 'line' coverage: 47
  New 'line' coverage: 472
  New 'line' coverage: 474
  New 'line' coverage: 476
  New 'line' coverage: 478
  New 'line' coverage: 48
  New 'line' coverage: 480
  New 'line' coverage: 482
  New 'line' coverage: 484
  New 'line' coverage: 487
  New 'line' coverage: 489
  New 'line' coverage: 491
  New 'line' coverage: 495
  New 'line' coverage: 497
  New 'line' coverage: 499
  New 'line' coverage: 50
  New 'line' coverage: 504
  New 'line' coverage: 505
  New 'line' coverage: 507
  New 'line' coverage: 508
  New 'line' coverage: 509
  New 'line' coverage: 51
  New 'line' coverage: 511
  New 'line' coverage: 512
  New 'line' coverage: 514
  New 'line' coverage: 515
  New 'line' coverage: 517
  New 'line' coverage: 518
  New 'line' coverage: 520
  New 'line' coverage: 521
  New 'line' coverage: 522
  New 'line' coverage: 523
  New 'line' coverage: 524
  New 'line' coverage: 526
  New 'line' coverage: 527
  New 'line' coverage: 530
  New 'line' coverage: 533
  New 'line' coverage: 534
  New 'line' coverage: 535
  New 'line' coverage: 536
  New 'line' coverage: 537
  New 'line' coverage: 538
  New 'line' coverage: 540
  New 'line' coverage: 541
  New 'line' coverage: 543
  New 'line' coverage: 544
  New 'line' coverage: 545
  New 'line' coverage: 546
  New 'line' coverage: 547
  New 'line' coverage: 549
  New 'line' coverage: 551
  New 'line' coverage: 552
  New 'line' coverage: 562
  New 'line' coverage: 717
  New 'line' coverage: 718
  New 'line' coverage: 759
  New 'line' coverage: 760
  New 'line' coverage: 761
  New 'line' coverage: 762
  New 'line' coverage: 763
  New 'line' coverage: 765
  New 'line' coverage: 766
  New 'line' coverage: 767
  New 'line' coverage: 768
  New 'line' coverage: 769
  New 'line' coverage: 773
  New 'line' coverage: 774
  New 'line' coverage: 780
  New 'line' coverage: 782
  New 'line' coverage: 861
  New 'line' coverage: 862
  New 'line' coverage: 863
  New 'line' coverage: 864
  New 'line' coverage: 866
  New 'line' coverage: 870
  New 'line' coverage: 871
  New 'line' coverage: 872
  New 'line' coverage: 873
  New 'line' coverage: 875
  New 'line' coverage: 889
  New 'line' coverage: 890
  New 'line' coverage: 891
  New 'line' coverage: 892
  New 'line' coverage: 894
  New 'line' coverage: 908
  New 'line' coverage: 909
  New 'line' coverage: 910
  New 'line' coverage: 911
  New 'line' coverage: 912
  New 'line' coverage: 915
  New 'line' coverage: 917
  New 'line' coverage: 918
  New 'line' coverage: 919
  New 'line' coverage: 920
  New 'line' coverage: 928
  New 'line' coverage: 931
  New 'line' coverage: 932
  New 'line' coverage: 935
  New 'line' coverage: 936
  New 'line' coverage: 939
  New 'line' coverage: 940
  New 'line' coverage: 944
  New 'line' coverage: 945
  New 'line' coverage: 946
  New 'line' coverage: 947
  New 'line' coverage: 949
  New 'line' coverage: 952
  New 'line' coverage: 953
  New 'line' coverage: 956
  New 'line' coverage: 957
  New 'line' coverage: 958
  New 'line' coverage: 959
  New 'line' coverage: 960
New src file: /unibench/flvmeta-1.2.1/src/dump.c
  New 'function' coverage: dump_metadata()
  New 'line' coverage: 139
  New 'line' coverage: 142
  New 'line' coverage: 143
  New 'line' coverage: 145
  New 'line' coverage: 153
  New 'line' coverage: 154
  New 'line' coverage: 160
  New 'line' coverage: 161
  New 'line' coverage: 162
  New 'line' coverage: 165

[+] Processed 603 / 603 test cases.

[+] Final zero coverage report: ./raw_data/AFL++_series/group_1/outputs_group1_5/flvmeta/flvmeta_FuzzGen/output/default/cov/zero-cov
[+] Final positive coverage report: ./raw_data/AFL++_series/group_1/outputs_group1_5/flvmeta/flvmeta_FuzzGen/output/default/cov/pos-cov
    lines......: 8.9% (623 of 6997 lines)
    functions..: 14.6% (59 of 403 functions)
[+] Final lcov web report: ./raw_data/AFL++_series/group_1/outputs_group1_5/flvmeta/flvmeta_FuzzGen/output/default/cov/web/index.html
