
*** Imported 125 new test cases from: ./raw_data/formatfuzzer/group_1/outputs_group1_1/imginfo/imginfo_formatfuzz_5/ffgen/queue

[+] AFL test case: id:000000,time:0,orig:115.jpg (0 / 125), cycle: 0
    Non-zero exit status '1' for CMD: /d/p/cov/imginfo -f ./raw_data/formatfuzzer/group_1/outputs_group1_1/imginfo/imginfo_formatfuzz_5/ffgen/queue/id:000000,time:0,orig:115.jpg 
Corrupt JPEG data: 64 extraneous bytes before marker 0xc4
Invalid JPEG file structure: SOS before SOF
[+] AFL test case: id:000001,time:0,orig:161.jpg (1 / 125), cycle: 0
[+] AFL test case: id:000002,time:0,orig:163.jpg (2 / 125), cycle: 0
[+] AFL test case: id:000003,time:0,orig:234.jpg (3 / 125), cycle: 0
[+] AFL test case: id:000004,time:0,orig:278.jpg (4 / 125), cycle: 0
[+] AFL test case: id:000005,time:0,orig:281.jpg (5 / 125), cycle: 0
[+] AFL test case: id:000006,time:0,orig:58.jpg (6 / 125), cycle: 0
[+] AFL test case: id:000007,time:0,orig:72.jpg (7 / 125), cycle: 0
[+] AFL test case: id:000008,time:0,orig:78.jpg (8 / 125), cycle: 0
[+] AFL test case: id:000009,time:0,orig:96.jpg (9 / 125), cycle: 0
[+] AFL test case: id:000010,time:0,orig:example.mif (10 / 125), cycle: 0
[+] AFL test case: id:000011,time:0,orig:example.mif0 (11 / 125), cycle: 0
[+] AFL test case: id:000012,time:0,orig:feep.pnm (12 / 125), cycle: 0
[+] AFL test case: id:000013,time:0,orig:feep2.pnm (13 / 125), cycle: 0
[+] AFL test case: id:000014,time:0,orig:goldenears.bmp (14 / 125), cycle: 0
[+] AFL test case: id:000015,time:0,orig:goldenears.jpg (15 / 125), cycle: 0
[+] AFL test case: id:000016,time:0,orig:goldenears.pnm (16 / 125), cycle: 0
[+] AFL test case: id:000017,time:0,orig:goldenears.ras (17 / 125), cycle: 0
[+] AFL test case: id:000018,time:0,orig:goldenears_gray.jpg (18 / 125), cycle: 0
[+] AFL test case: id:000019,time:0,orig:goldenears_gray.pnm (19 / 125), cycle: 0
[+] AFL test case: id:000020,time:0,orig:goldenears_gray.ras (20 / 125), cycle: 0
[+] AFL test case: id:000021,time:0,orig:signed_12.pgx (21 / 125), cycle: 0
[+] AFL test case: id:000022,time:0,orig:signed_8.pgx (22 / 125), cycle: 0
[+] AFL test case: id:000023,time:0,orig:small_16x1.pnm (23 / 125), cycle: 0
[+] AFL test case: id:000024,time:0,orig:small_1x1.pnm (24 / 125), cycle: 0
[+] AFL test case: id:000025,time:0,orig:stawamuschief.pnm (25 / 125), cycle: 0
[+] AFL test case: id:000026,time:0,orig:stawamuschief_gray.pnm (26 / 125), cycle: 0
[+] AFL test case: id:000027,time:0,orig:test.pnm (27 / 125), cycle: 0
[+] AFL test case: id:000028,time:0,orig:text (28 / 125), cycle: 0
[+] AFL test case: id:000029,src:000010,time:222,op:havoc,rep:16,+cov (29 / 125), cycle: 0
[+] AFL test case: id:000030,src:000010,time:236,op:havoc,rep:32,+cov (30 / 125), cycle: 0
[+] AFL test case: id:000031,src:000010,time:315,op:havoc,rep:128 (31 / 125), cycle: 0
[+] AFL test case: id:000032,src:000010,time:350,op:havoc,rep:16 (32 / 125), cycle: 0
[+] AFL test case: id:000033,src:000010,time:436,op:havoc,rep:128 (33 / 125), cycle: 0
[+] AFL test case: id:000034,src:000010,time:484,op:havoc,rep:32 (34 / 125), cycle: 0
[+] AFL test case: id:000035,src:000010,time:731,op:havoc,rep:4,+cov (35 / 125), cycle: 0
[+] AFL test case: id:000036,src:000010,time:828,op:havoc,rep:128 (36 / 125), cycle: 0
[+] AFL test case: id:000037,src:000010,time:866,op:havoc,rep:32 (37 / 125), cycle: 0
[+] AFL test case: id:000038,src:000010,time:933,op:havoc,rep:8 (38 / 125), cycle: 0
[+] AFL test case: id:000039,src:000010,time:1313,op:havoc,rep:64 (39 / 125), cycle: 0
[+] AFL test case: id:000040,src:000010,time:1422,op:havoc,rep:8 (40 / 125), cycle: 0
[+] AFL test case: id:000041,src:000010,time:1464,op:havoc,rep:16 (41 / 125), cycle: 0
[+] AFL test case: id:000042,src:000010,time:1637,op:havoc,rep:8 (42 / 125), cycle: 0
[+] AFL test case: id:000043,src:000010,time:2737,op:havoc,rep:128 (43 / 125), cycle: 0
[+] AFL test case: id:000044,src:000010,time:2924+000006,op:splice,rep:64 (44 / 125), cycle: 0
[+] AFL test case: id:000045,src:000010,time:3117+000006,op:splice,rep:128 (45 / 125), cycle: 0
[+] AFL test case: id:000046,src:000010,time:3294+000006,op:splice,rep:128 (46 / 125), cycle: 0
[+] AFL test case: id:000047,src:000010,time:3879+000006,op:splice,rep:128 (47 / 125), cycle: 0
[+] AFL test case: id:000048,src:000010,time:4083+000006,op:splice,rep:128 (48 / 125), cycle: 0
[+] AFL test case: id:000049,src:000010,time:4207+000045,op:splice,rep:128 (49 / 125), cycle: 0
[+] AFL test case: id:000050,src:000010,time:4667+000047,op:splice,rep:16 (50 / 125), cycle: 0
[+] AFL test case: id:000051,src:000010,time:4739+000047,op:splice,rep:64 (51 / 125), cycle: 0
[+] AFL test case: id:000052,src:000010,time:4753+000047,op:splice,rep:2 (52 / 125), cycle: 0
[+] AFL test case: id:000053,src:000010,time:4763+000047,op:splice,rep:2 (53 / 125), cycle: 0
[+] AFL test case: id:000054,src:000010,time:4883+000047,op:splice,rep:32 (54 / 125), cycle: 0
[+] AFL test case: id:000055,src:000010,time:5116+000047,op:splice,rep:64 (55 / 125), cycle: 0
[+] AFL test case: id:000056,src:000037,time:10057,op:havoc,rep:4 (56 / 125), cycle: 0
[+] AFL test case: id:000057,src:000037,time:10806+000036,op:splice,rep:64,+cov (57 / 125), cycle: 0
[+] AFL test case: id:000058,src:000043,time:11590+000048,op:splice,rep:128 (58 / 125), cycle: 0
[+] AFL test case: id:000059,src:000017,time:18911+000058,op:splice,rep:128 (59 / 125), cycle: 0
[+] AFL test case: id:000060,src:000043,time:26396+000052,op:splice,rep:128 (60 / 125), cycle: 0
[+] AFL test case: id:000061,src:000057,time:26819,op:havoc,rep:2 (61 / 125), cycle: 0
[+] AFL test case: id:000062,src:000009,time:29782,op:havoc,rep:64 (62 / 125), cycle: 0
[+] AFL test case: id:000063,src:000019,time:35003+000050,op:splice,rep:64,+cov (63 / 125), cycle: 0
[+] AFL test case: id:000064,src:000063,time:36043+000029,op:splice,rep:4 (64 / 125), cycle: 0
[+] AFL test case: id:000065,src:000063,time:36258+000047,op:splice,rep:128 (65 / 125), cycle: 0
[+] AFL test case: id:000066,src:000039,time:46321+000044,op:splice,rep:8 (66 / 125), cycle: 0
[+] AFL test case: id:000067,src:000060,time:55408+000025,op:splice,rep:16 (67 / 125), cycle: 0
[+] AFL test case: id:000068,src:000067,time:57530+000020,op:splice,rep:128,+cov (68 / 125), cycle: 0
[+] AFL test case: id:000069,src:000067,time:91803+000009,op:splice,rep:32 (69 / 125), cycle: 0
[+] AFL test case: id:000070,src:000047,time:108379,op:havoc,rep:32 (70 / 125), cycle: 0
[+] AFL test case: id:000071,src:000068,time:129689+000059,op:splice,rep:64 (71 / 125), cycle: 0
[+] AFL test case: id:000072,src:000043,time:147089+000044,op:splice,rep:128 (72 / 125), cycle: 0
[+] AFL test case: id:000073,src:000068,time:161622+000070,op:splice,rep:4 (73 / 125), cycle: 0
[+] AFL test case: id:000074,src:000073,time:166577,op:havoc,rep:16 (74 / 125), cycle: 0
[+] AFL test case: id:000075,src:000073,time:170476,op:havoc,rep:16 (75 / 125), cycle: 0
[+] AFL test case: id:000076,src:000073,time:175497+000019,op:splice,rep:4 (76 / 125), cycle: 0
[+] AFL test case: id:000077,src:000075,time:186179+000045,op:splice,rep:64 (77 / 125), cycle: 0
[+] AFL test case: id:000078,src:000010,time:601758,op:havoc,rep:128,+cov (78 / 125), cycle: 0
[+] AFL test case: id:000079,src:000010,time:601987,op:havoc,rep:4 (79 / 125), cycle: 0
[+] AFL test case: id:000080,src:000050,time:626204+000024,op:splice,rep:128 (80 / 125), cycle: 0
[+] AFL test case: id:000081,src:000080,time:751646,op:havoc,rep:16 (81 / 125), cycle: 0
[+] AFL test case: id:000082,src:000080,time:751882,op:havoc,rep:8 (82 / 125), cycle: 0
[+] AFL test case: id:000083,src:000082,time:914903,op:havoc,rep:16 (83 / 125), cycle: 0
[+] AFL test case: id:000084,src:000075,time:4957247+000021,op:splice,rep:16,+cov (84 / 125), cycle: 0
[+] AFL test case: id:000085,src:000084,time:4960983+000030,op:splice,rep:16,+cov (85 / 125), cycle: 0
[+] AFL test case: id:000086,src:000085,time:4961715,op:havoc,rep:16,+cov (86 / 125), cycle: 0
[+] AFL test case: id:000087,src:000085,time:5004100+000053,op:splice,rep:16,+cov (87 / 125), cycle: 0
[+] AFL test case: id:000088,src:000087,time:5101462,op:havoc,rep:16,+cov (88 / 125), cycle: 0
[+] AFL test case: id:000089,src:000085,time:13085716+000039,op:splice,rep:128,+cov (89 / 125), cycle: 0
[+] AFL test case: id:000090,src:000089,time:13085988,op:havoc,rep:64 (90 / 125), cycle: 0
[+] AFL test case: id:000091,src:000089,time:13086142,op:havoc,rep:128 (91 / 125), cycle: 0
[+] AFL test case: id:000092,src:000089,time:13087977+000047,op:splice,rep:4 (92 / 125), cycle: 0
[+] AFL test case: id:000093,src:000089,time:13089301+000004,op:splice,rep:64,+cov (93 / 125), cycle: 0
[+] AFL test case: id:000094,src:000093,time:13090219,op:havoc,rep:16 (94 / 125), cycle: 0
[+] AFL test case: id:000095,src:000093,time:13090226,op:havoc,rep:4 (95 / 125), cycle: 0
[+] AFL test case: id:000096,src:000093,time:13090241,op:havoc,rep:16,+cov (96 / 125), cycle: 0
[+] AFL test case: id:000097,src:000093,time:13090248,op:havoc,rep:32,+cov (97 / 125), cycle: 0
[+] AFL test case: id:000098,src:000093,time:13090264,op:havoc,rep:16 (98 / 125), cycle: 0
[+] AFL test case: id:000099,src:000093,time:13090283,op:havoc,rep:8 (99 / 125), cycle: 0
[+] AFL test case: id:000100,src:000093,time:13090304,op:havoc,rep:2 (100 / 125), cycle: 0
[+] AFL test case: id:000101,src:000093,time:13090337,op:havoc,rep:4 (101 / 125), cycle: 0
[+] AFL test case: id:000102,src:000093,time:13090348,op:havoc,rep:8 (102 / 125), cycle: 0
[+] AFL test case: id:000103,src:000093,time:13090510,op:havoc,rep:16,+cov (103 / 125), cycle: 0
[+] AFL test case: id:000104,src:000093,time:13090543,op:havoc,rep:32 (104 / 125), cycle: 0
[+] AFL test case: id:000105,src:000093,time:13091347,op:havoc,rep:64 (105 / 125), cycle: 0
[+] AFL test case: id:000106,src:000096,time:13096474+000061,op:splice,rep:8 (106 / 125), cycle: 0
[+] AFL test case: id:000107,src:000096,time:13097738+000039,op:splice,rep:8 (107 / 125), cycle: 0
[+] AFL test case: id:000108,src:000106,time:13110259,op:havoc,rep:8 (108 / 125), cycle: 0
[+] AFL test case: id:000109,src:000106,time:13110479,op:havoc,rep:8 (109 / 125), cycle: 0
[+] AFL test case: id:000110,src:000106,time:13111821+000094,op:splice,rep:16 (110 / 125), cycle: 0
[+] AFL test case: id:000111,src:000109,time:13113857,op:havoc,rep:16 (111 / 125), cycle: 0
[+] AFL test case: id:000112,src:000109,time:13115178,op:havoc,rep:32 (112 / 125), cycle: 0
[+] AFL test case: id:000113,src:000109,time:13115523,op:havoc,rep:64 (113 / 125), cycle: 0
[+] AFL test case: id:000114,src:000110,time:13118615,op:havoc,rep:2 (114 / 125), cycle: 0
[+] AFL test case: id:000115,src:000110,time:13121449+000096,op:splice,rep:8 (115 / 125), cycle: 0
[+] AFL test case: id:000116,src:000096,time:13179917+000069,op:splice,rep:4 (116 / 125), cycle: 0
[+] AFL test case: id:000117,src:000099,time:13236736+000104,op:splice,rep:4 (117 / 125), cycle: 0
[+] AFL test case: id:000118,src:000117,time:13270496,op:havoc,rep:8 (118 / 125), cycle: 0
[+] AFL test case: id:000119,src:000118,time:13288845,op:havoc,rep:32 (119 / 125), cycle: 0
[+] AFL test case: id:000120,src:000109,time:14178487+000078,op:splice,rep:64 (120 / 125), cycle: 0
[+] AFL test case: id:000121,src:000103,time:14772649,op:havoc,rep:2 (121 / 125), cycle: 0
[+] AFL test case: id:000122,src:000120,time:18726964+000058,op:splice,rep:128,+cov (122 / 125), cycle: 0
[+] AFL test case: id:000123,src:000120,time:21394706,op:havoc,rep:128 (123 / 125), cycle: 0
[+] AFL test case: id:000124,src:000123,time:35226902,op:havoc,rep:128 (124 / 125), cycle: 0
    lines......: 14.7% (2126 of 14443 lines)
    functions..: 25.3% (193 of 763 functions)

    Coverage diff id:0... id:124...
diff id:0... -> id:124...
New src file: /unibench/jasper-2.0.12/src/libjasper/base/jas_cm.c
  New 'function' coverage: gammafn()
  New 'function' coverage: icctoclrspc()
  New 'function' coverage: jas_clrspc_numchans()
  New 'function' coverage: jas_cmprof_create()
  New 'function' coverage: jas_cmprof_createfromclrspc()
  New 'function' coverage: jas_cmprof_createfromiccprof()
  New 'function' coverage: jas_cmprof_destroy()
  New 'function' coverage: jas_cmpxform_copy()
  New 'function' coverage: jas_cmpxform_create0()
  New 'function' coverage: jas_cmpxform_createshapmat()
  New 'function' coverage: jas_cmpxform_destroy()
  New 'function' coverage: jas_cmpxformseq_create()
  New 'function' coverage: jas_cmpxformseq_delete()
  New 'function' coverage: jas_cmpxformseq_destroy()
  New 'function' coverage: jas_cmpxformseq_insertpxform()
  New 'function' coverage: jas_cmpxformseq_resize()
  New 'function' coverage: jas_cmshapmat_destroy()
  New 'function' coverage: jas_cmshapmatlut_cleanup()
  New 'function' coverage: jas_cmshapmatlut_init()
  New 'function' coverage: jas_cmshapmatlut_invert()
  New 'function' coverage: jas_cmshapmatlut_set()
  New 'function' coverage: mono()
  New 'line' coverage: 1007
  New 'line' coverage: 1050
  New 'line' coverage: 1052
  New 'line' coverage: 1053
  New 'line' coverage: 1055
  New 'line' coverage: 1063
  New 'line' coverage: 1069
  New 'line' coverage: 1077
  New 'line' coverage: 1085
  New 'line' coverage: 1086
  New 'line' coverage: 1087
  New 'line' coverage: 1089
  New 'line' coverage: 1091
  New 'line' coverage: 1092
  New 'line' coverage: 1094
  New 'line' coverage: 1097
  New 'line' coverage: 1098
  New 'line' coverage: 1100
  New 'line' coverage: 1101
  New 'line' coverage: 1102
  New 'line' coverage: 1103
  New 'line' coverage: 1104
  New 'line' coverage: 1105
  New 'line' coverage: 1106
  New 'line' coverage: 1107
  New 'line' coverage: 1108
  New 'line' coverage: 1111
  New 'line' coverage: 1112
  New 'line' coverage: 1113
  New 'line' coverage: 1114
  New 'line' coverage: 1115
  New 'line' coverage: 1116
  New 'line' coverage: 1118
  New 'line' coverage: 1120
  New 'line' coverage: 1122
  New 'line' coverage: 1123
  New 'line' coverage: 1124
  New 'line' coverage: 1125
  New 'line' coverage: 1268
  New 'line' coverage: 1270
  New 'line' coverage: 1275
  New 'line' coverage: 1278
  New 'line' coverage: 145
  New 'line' coverage: 150
  New 'line' coverage: 151
  New 'line' coverage: 152
  New 'line' coverage: 158
  New 'line' coverage: 160
  New 'line' coverage: 162
  New 'line' coverage: 163
  New 'line' coverage: 164
  New 'line' coverage: 165
  New 'line' coverage: 166
  New 'line' coverage: 168
  New 'line' coverage: 244
  New 'line' coverage: 251
  New 'line' coverage: 252
  New 'line' coverage: 253
  New 'line' coverage: 255
  New 'line' coverage: 257
  New 'line' coverage: 258
  New 'line' coverage: 260
  New 'line' coverage: 261
  New 'line' coverage: 262
  New 'line' coverage: 263
  New 'line' coverage: 265
  New 'line' coverage: 266
  New 'line' coverage: 268
  New 'line' coverage: 276
  New 'line' coverage: 277
  New 'line' coverage: 296
  New 'line' coverage: 312
  New 'line' coverage: 316
  New 'line' coverage: 318
  New 'line' coverage: 319
  New 'line' coverage: 320
  New 'line' coverage: 321
  New 'line' coverage: 322
  New 'line' coverage: 325
  New 'line' coverage: 328
  New 'line' coverage: 329
  New 'line' coverage: 330
  New 'line' coverage: 331
  New 'line' coverage: 334
  New 'line' coverage: 335
  New 'line' coverage: 336
  New 'line' coverage: 337
  New 'line' coverage: 594
  New 'line' coverage: 597
  New 'line' coverage: 598
  New 'line' coverage: 600
  New 'line' coverage: 601
  New 'line' coverage: 602
  New 'line' coverage: 603
  New 'line' coverage: 605
  New 'line' coverage: 627
  New 'line' coverage: 629
  New 'line' coverage: 630
  New 'line' coverage: 631
  New 'line' coverage: 632
  New 'line' coverage: 633
  New 'line' coverage: 634
  New 'line' coverage: 636
  New 'line' coverage: 638
  New 'line' coverage: 639
  New 'line' coverage: 641
  New 'line' coverage: 642
  New 'line' coverage: 643
  New 'line' coverage: 644
  New 'line' coverage: 658
  New 'line' coverage: 663
  New 'line' coverage: 664
  New 'line' coverage: 665
  New 'line' coverage: 666
  New 'line' coverage: 671
  New 'line' coverage: 672
  New 'line' coverage: 674
  New 'line' coverage: 675
  New 'line' coverage: 679
  New 'line' coverage: 680
  New 'line' coverage: 681
  New 'line' coverage: 710
  New 'line' coverage: 713
  New 'line' coverage: 714
  New 'line' coverage: 716
  New 'line' coverage: 719
  New 'line' coverage: 720
  New 'line' coverage: 721
  New 'line' coverage: 728
  New 'line' coverage: 731
  New 'line' coverage: 733
  New 'line' coverage: 734
  New 'line' coverage: 735
  New 'line' coverage: 736
  New 'line' coverage: 739
  New 'line' coverage: 741
  New 'line' coverage: 742
  New 'line' coverage: 743
  New 'line' coverage: 745
  New 'line' coverage: 747
  New 'line' coverage: 749
  New 'line' coverage: 750
  New 'line' coverage: 757
  New 'line' coverage: 763
  New 'line' coverage: 765
  New 'line' coverage: 766
  New 'line' coverage: 767
  New 'line' coverage: 768
  New 'line' coverage: 769
  New 'line' coverage: 770
  New 'line' coverage: 771
  New 'line' coverage: 772
  New 'line' coverage: 773
  New 'line' coverage: 774
  New 'line' coverage: 775
  New 'line' coverage: 777
  New 'line' coverage: 778
  New 'line' coverage: 781
  New 'line' coverage: 783
  New 'line' coverage: 785
  New 'line' coverage: 786
  New 'line' coverage: 787
  New 'line' coverage: 869
  New 'line' coverage: 871
  New 'line' coverage: 872
  New 'line' coverage: 873
  New 'line' coverage: 875
  New 'line' coverage: 877
  New 'line' coverage: 878
  New 'line' coverage: 879
  New 'line' coverage: 881
  New 'line' coverage: 882
  New 'line' coverage: 884
  New 'line' coverage: 886
  New 'line' coverage: 887
  New 'line' coverage: 888
  New 'line' coverage: 891
  New 'line' coverage: 895
  New 'line' coverage: 896
  New 'line' coverage: 897
  New 'line' coverage: 903
  New 'line' coverage: 904
  New 'line' coverage: 905
  New 'line' coverage: 907
  New 'line' coverage: 908
  New 'line' coverage: 909
  New 'line' coverage: 919
  New 'line' coverage: 939
  New 'line' coverage: 951
  New 'line' coverage: 952
  New 'line' coverage: 957
  New 'line' coverage: 958
  New 'line' coverage: 963
  New 'line' coverage: 965
  New 'line' coverage: 966
  New 'line' coverage: 967
  New 'line' coverage: 968
  New 'line' coverage: 969
  New 'line' coverage: 970
  New 'line' coverage: 971
  New 'line' coverage: 972
  New 'line' coverage: 973
  New 'line' coverage: 974
  New 'line' coverage: 975
  New 'line' coverage: 980
  New 'line' coverage: 981
  New 'line' coverage: 982
  New 'line' coverage: 983
  New 'line' coverage: 984
  New 'line' coverage: 986
  New 'line' coverage: 988
  New 'line' coverage: 989
  New 'line' coverage: 990
  New 'line' coverage: 991
  New 'line' coverage: 992
  New 'line' coverage: 993
  New 'line' coverage: 994
  New 'line' coverage: 995
  New 'line' coverage: 999
New src file: /unibench/jasper-2.0.12/src/libjasper/bmp/bmp_cod.c
  New 'function' coverage: bmp_info_create()
  New 'function' coverage: bmp_info_destroy()
  New 'function' coverage: bmp_numcmpts()
  New 'line' coverage: 101
  New 'line' coverage: 102
  New 'line' coverage: 121
  New 'line' coverage: 125
  New 'line' coverage: 126
  New 'line' coverage: 134
  New 'line' coverage: 86
  New 'line' coverage: 89
  New 'line' coverage: 92
  New 'line' coverage: 93
  New 'line' coverage: 96
  New 'line' coverage: 98
New src file: /unibench/jasper-2.0.12/src/libjasper/base/jas_stream.c
  New 'function' coverage: file_close()
  New 'function' coverage: file_read()
  New 'function' coverage: jas_stream_close()
  New 'function' coverage: jas_stream_create()
  New 'function' coverage: jas_stream_destroy()
  New 'function' coverage: jas_stream_fillbuf()
  New 'function' coverage: jas_stream_flush()
  New 'function' coverage: jas_stream_flushbuf()
  New 'function' coverage: jas_stream_fopen()
  New 'function' coverage: jas_stream_gobble()
  New 'function' coverage: jas_stream_initbuf()
  New 'function' coverage: jas_stream_memopen()
  New 'function' coverage: jas_stream_memopen2()
  New 'function' coverage: jas_stream_read()
  New 'function' coverage: jas_stream_seek()
  New 'function' coverage: jas_stream_ungetc()
  New 'function' coverage: jas_strtoopenmode()
  New 'function' coverage: mem_close()
  New 'function' coverage: mem_read()
  New 'function' coverage: mem_seek()
  New 'function' coverage: mem_write()
  New 'line' coverage: 1004
  New 'line' coverage: 1009
  New 'line' coverage: 1010
  New 'line' coverage: 1011
  New 'line' coverage: 1012
  New 'line' coverage: 1013
  New 'line' coverage: 1018
  New 'line' coverage: 1019
  New 'line' coverage: 1021
  New 'line' coverage: 1023
  New 'line' coverage: 1024
  New 'line' coverage: 1025
  New 'line' coverage: 1028
  New 'line' coverage: 1035
  New 'line' coverage: 1037
  New 'line' coverage: 1038
  New 'line' coverage: 1039
  New 'line' coverage: 1041
  New 'line' coverage: 1042
  New 'line' coverage: 1047
  New 'line' coverage: 1048
  New 'line' coverage: 1058
  New 'line' coverage: 1060
  New 'line' coverage: 1171
  New 'line' coverage: 1174
  New 'line' coverage: 1175
  New 'line' coverage: 1177
  New 'line' coverage: 1178
  New 'line' coverage: 1179
  New 'line' coverage: 1180
  New 'line' coverage: 1181
  New 'line' coverage: 1182
  New 'line' coverage: 1183
  New 'line' coverage: 1212
  New 'line' coverage: 1216
  New 'line' coverage: 1220
  New 'line' coverage: 1221
  New 'line' coverage: 1223
  New 'line' coverage: 1224
  New 'line' coverage: 1225
  New 'line' coverage: 1241
  New 'line' coverage: 1244
  New 'line' coverage: 1245
  New 'line' coverage: 1246
  New 'line' coverage: 1247
  New 'line' coverage: 1249
  New 'line' coverage: 1254
  New 'line' coverage: 1255
  New 'line' coverage: 1256
  New 'line' coverage: 1257
  New 'line' coverage: 1258
  New 'line' coverage: 1260
  New 'line' coverage: 1261
  New 'line' coverage: 1263
  New 'line' coverage: 1264
  New 'line' coverage: 1267
  New 'line' coverage: 1269
  New 'line' coverage: 1272
  New 'line' coverage: 1273
  New 'line' coverage: 1275
  New 'line' coverage: 1276
  New 'line' coverage: 1290
  New 'line' coverage: 1292
  New 'line' coverage: 1295
  New 'line' coverage: 1297
  New 'line' coverage: 1298
  New 'line' coverage: 1299
  New 'line' coverage: 1300
  New 'line' coverage: 1301
  New 'line' coverage: 1302
  New 'line' coverage: 1303
  New 'line' coverage: 1305
  New 'line' coverage: 1306
  New 'line' coverage: 1313
  New 'line' coverage: 1316
  New 'line' coverage: 1317
  New 'line' coverage: 1318
  New 'line' coverage: 1337
  New 'line' coverage: 1340
  New 'line' coverage: 1341
  New 'line' coverage: 1343
  New 'line' coverage: 1344
  New 'line' coverage: 1347
  New 'line' coverage: 1348
  New 'line' coverage: 152
  New 'line' coverage: 156
  New 'line' coverage: 159
  New 'line' coverage: 160
  New 'line' coverage: 161
  New 'line' coverage: 162
  New 'line' coverage: 163
  New 'line' coverage: 164
  New 'line' coverage: 165
  New 'line' coverage: 166
  New 'line' coverage: 167
  New 'line' coverage: 168
  New 'line' coverage: 169
  New 'line' coverage: 170
  New 'line' coverage: 172
  New 'line' coverage: 263
  New 'line' coverage: 268
  New 'line' coverage: 270
  New 'line' coverage: 272
  New 'line' coverage: 278
  New 'line' coverage: 283
  New 'line' coverage: 286
  New 'line' coverage: 289
  New 'line' coverage: 293
  New 'line' coverage: 296
  New 'line' coverage: 297
  New 'line' coverage: 301
  New 'line' coverage: 305
  New 'line' coverage: 306
  New 'line' coverage: 308
  New 'line' coverage: 309
  New 'line' coverage: 311
  New 'line' coverage: 312
  New 'line' coverage: 314
  New 'line' coverage: 318
  New 'line' coverage: 321
  New 'line' coverage: 324
  New 'line' coverage: 327
  New 'line' coverage: 329
  New 'line' coverage: 331
  New 'line' coverage: 351
  New 'line' coverage: 356
  New 'line' coverage: 357
  New 'line' coverage: 360
  New 'line' coverage: 366
  New 'line' coverage: 370
  New 'line' coverage: 371
  New 'line' coverage: 373
  New 'line' coverage: 378
  New 'line' coverage: 384
  New 'line' coverage: 387
  New 'line' coverage: 392
  New 'line' coverage: 395
  New 'line' coverage: 396
  New 'line' coverage: 398
  New 'line' coverage: 399
  New 'line' coverage: 405
  New 'line' coverage: 408
  New 'line' coverage: 409
  New 'line' coverage: 411
  New 'line' coverage: 416
  New 'line' coverage: 420
  New 'line' coverage: 421
  New 'line' coverage: 422
  New 'line' coverage: 423
  New 'line' coverage: 426
  New 'line' coverage: 429
  New 'line' coverage: 432
  New 'line' coverage: 433
  New 'line' coverage: 434
  New 'line' coverage: 438
  New 'line' coverage: 440
  New 'line' coverage: 603
  New 'line' coverage: 605
  New 'line' coverage: 609
  New 'line' coverage: 610
  New 'line' coverage: 612
  New 'line' coverage: 613
  New 'line' coverage: 615
  New 'line' coverage: 616
  New 'line' coverage: 618
  New 'line' coverage: 620
  New 'line' coverage: 623
  New 'line' coverage: 626
  New 'line' coverage: 628
  New 'line' coverage: 630
  New 'line' coverage: 650
  New 'line' coverage: 652
  New 'line' coverage: 658
  New 'line' coverage: 660
  New 'line' coverage: 661
  New 'line' coverage: 662
  New 'line' coverage: 663
  New 'line' coverage: 664
  New 'line' coverage: 667
  New 'line' coverage: 673
  New 'line' coverage: 675
  New 'line' coverage: 679
  New 'line' coverage: 681
  New 'line' coverage: 682
  New 'line' coverage: 683
  New 'line' coverage: 686
  New 'line' coverage: 687
  New 'line' coverage: 690
  New 'line' coverage: 768
  New 'line' coverage: 772
  New 'line' coverage: 774
  New 'line' coverage: 777
  New 'line' coverage: 778
  New 'line' coverage: 779
  New 'line' coverage: 783
  New 'line' coverage: 827
  New 'line' coverage: 831
  New 'line' coverage: 835
  New 'line' coverage: 839
  New 'line' coverage: 841
  New 'line' coverage: 845
  New 'line' coverage: 846
  New 'line' coverage: 850
  New 'line' coverage: 851
  New 'line' coverage: 852
  New 'line' coverage: 854
  New 'line' coverage: 859
  New 'line' coverage: 888
  New 'line' coverage: 893
  New 'line' coverage: 895
  New 'line' coverage: 897
  New 'line' coverage: 900
  New 'line' coverage: 902
  New 'line' coverage: 903
  New 'line' coverage: 926
  New 'line' coverage: 927
  New 'line' coverage: 928
  New 'line' coverage: 929
  New 'line' coverage: 930
  New 'line' coverage: 936
  New 'line' coverage: 938
  New 'line' coverage: 939
  New 'line' coverage: 941
  New 'line' coverage: 944
  New 'line' coverage: 949
  New 'line' coverage: 954
  New 'line' coverage: 961
  New 'line' coverage: 963
  New 'line' coverage: 966
  New 'line' coverage: 969
  New 'line' coverage: 970
  New 'line' coverage: 971
  New 'line' coverage: 972
  New 'line' coverage: 975
  New 'line' coverage: 977
  New 'line' coverage: 978
  New 'line' coverage: 981
  New 'line' coverage: 983
  New 'line' coverage: 985
  New 'line' coverage: 988
  New 'line' coverage: 994
  New 'line' coverage: 999
New src file: /unibench/jasper-2.0.12/src/libjasper/base/jas_getopt.c
  New 'function' coverage: jas_getopt()
  New 'function' coverage: jas_optlookup()
  New 'line' coverage: 105
  New 'line' coverage: 113
  New 'line' coverage: 114
  New 'line' coverage: 116
  New 'line' coverage: 117
  New 'line' coverage: 118
  New 'line' coverage: 120
  New 'line' coverage: 121
  New 'line' coverage: 138
  New 'line' coverage: 145
  New 'line' coverage: 146
  New 'line' coverage: 148
  New 'line' coverage: 150
  New 'line' coverage: 156
  New 'line' coverage: 157
  New 'line' coverage: 162
  New 'line' coverage: 168
  New 'line' coverage: 93
  New 'line' coverage: 97
  New 'line' coverage: 98
  New 'line' coverage: 99
New src file: /unibench/jasper-2.0.12/src/appl/imginfo.c
  New 'function' coverage: main()
  New 'line' coverage: 128
  New 'line' coverage: 148
  New 'line' coverage: 152
  New 'line' coverage: 154
  New 'line' coverage: 155
  New 'line' coverage: 156
  New 'line' coverage: 157
  New 'line' coverage: 158
  New 'line' coverage: 162
  New 'line' coverage: 165
  New 'line' coverage: 166
  New 'line' coverage: 178
  New 'line' coverage: 179
  New 'line' coverage: 202
  New 'line' coverage: 208
  New 'line' coverage: 210
  New 'line' coverage: 222
  New 'line' coverage: 223
  New 'line' coverage: 226
  New 'line' coverage: 227
  New 'line' coverage: 238
  New 'line' coverage: 239
  New 'line' coverage: 240
  New 'line' coverage: 241
  New 'line' coverage: 245
  New 'line' coverage: 247
  New 'line' coverage: 252
  New 'line' coverage: 255
  New 'line' coverage: 256
  New 'line' coverage: 257
  New 'line' coverage: 258
  New 'line' coverage: 264
  New 'line' coverage: 265
  New 'line' coverage: 267
  New 'line' coverage: 268
  New 'line' coverage: 270
New src file: /unibench/jasper-2.0.12/src/libjasper/base/jas_init.c
  New 'function' coverage: jas_cleanup()
  New 'function' coverage: jas_init()
  New 'line' coverage: 100
  New 'line' coverage: 104
  New 'line' coverage: 105
  New 'line' coverage: 106
  New 'line' coverage: 107
  New 'line' coverage: 108
  New 'line' coverage: 112
  New 'line' coverage: 113
  New 'line' coverage: 114
  New 'line' coverage: 115
  New 'line' coverage: 116
  New 'line' coverage: 120
  New 'line' coverage: 121
  New 'line' coverage: 122
  New 'line' coverage: 123
  New 'line' coverage: 125
  New 'line' coverage: 126
  New 'line' coverage: 127
  New 'line' coverage: 128
  New 'line' coverage: 129
  New 'line' coverage: 131
  New 'line' coverage: 135
  New 'line' coverage: 136
  New 'line' coverage: 137
  New 'line' coverage: 138
  New 'line' coverage: 139
  New 'line' coverage: 143
  New 'line' coverage: 144
  New 'line' coverage: 145
  New 'line' coverage: 146
  New 'line' coverage: 147
  New 'line' coverage: 154
  New 'line' coverage: 156
  New 'line' coverage: 159
  New 'line' coverage: 161
  New 'line' coverage: 162
  New 'line' coverage: 75
  New 'line' coverage: 80
  New 'line' coverage: 83
  New 'line' coverage: 84
  New 'line' coverage: 85
  New 'line' coverage: 86
  New 'line' coverage: 87
  New 'line' coverage: 91
  New 'line' coverage: 92
  New 'line' coverage: 93
  New 'line' coverage: 94
  New 'line' coverage: 96
  New 'line' coverage: 98
New src file: /unibench/jasper-2.0.12/src/libjasper/base/jas_string.c
  New 'function' coverage: jas_strdup()
  New 'line' coverage: 86
  New 'line' coverage: 90
  New 'line' coverage: 91
  New 'line' coverage: 94
  New 'line' coverage: 95
New src file: /unibench/jasper-2.0.12/src/libjasper/base/jas_tvp.c
  New 'function' coverage: jas_taginfo_nonull()
  New 'function' coverage: jas_taginfos_lookup()
  New 'function' coverage: jas_tvparser_create()
  New 'function' coverage: jas_tvparser_destroy()
  New 'function' coverage: jas_tvparser_gettag()
  New 'function' coverage: jas_tvparser_getval()
  New 'function' coverage: jas_tvparser_next()
  New 'line' coverage: 103
  New 'line' coverage: 104
  New 'line' coverage: 105
  New 'line' coverage: 106
  New 'line' coverage: 109
  New 'line' coverage: 111
  New 'line' coverage: 112
  New 'line' coverage: 114
  New 'line' coverage: 115
  New 'line' coverage: 122
  New 'line' coverage: 129
  New 'line' coverage: 130
  New 'line' coverage: 135
  New 'line' coverage: 137
  New 'line' coverage: 138
  New 'line' coverage: 142
  New 'line' coverage: 143
  New 'line' coverage: 147
  New 'line' coverage: 150
  New 'line' coverage: 151
  New 'line' coverage: 155
  New 'line' coverage: 157
  New 'line' coverage: 158
  New 'line' coverage: 159
  New 'line' coverage: 160
  New 'line' coverage: 164
  New 'line' coverage: 165
  New 'line' coverage: 166
  New 'line' coverage: 168
  New 'line' coverage: 169
  New 'line' coverage: 170
  New 'line' coverage: 171
  New 'line' coverage: 172
  New 'line' coverage: 175
  New 'line' coverage: 177
  New 'line' coverage: 178
  New 'line' coverage: 179
  New 'line' coverage: 182
  New 'line' coverage: 183
  New 'line' coverage: 186
  New 'line' coverage: 187
  New 'line' coverage: 188
  New 'line' coverage: 190
  New 'line' coverage: 198
  New 'line' coverage: 200
  New 'line' coverage: 204
  New 'line' coverage: 206
  New 'line' coverage: 214
  New 'line' coverage: 217
  New 'line' coverage: 218
  New 'line' coverage: 219
  New 'line' coverage: 220
  New 'line' coverage: 222
  New 'line' coverage: 224
  New 'line' coverage: 230
  New 'line' coverage: 236
  New 'line' coverage: 93
  New 'line' coverage: 96
  New 'line' coverage: 99
New src file: /unibench/jasper-2.0.12/src/libjasper/pnm/pnm_dec.c
  New 'function' coverage: pnm_dec_parseopts()
  New 'function' coverage: pnm_decode()
  New 'function' coverage: pnm_getbitstr()
  New 'function' coverage: pnm_getc()
  New 'function' coverage: pnm_getdata()
  New 'function' coverage: pnm_gethdr()
  New 'function' coverage: pnm_getint16()
  New 'function' coverage: pnm_getsintstr()
  New 'function' coverage: pnm_getuint()
  New 'function' coverage: pnm_getuintstr()
  New 'function' coverage: pnm_validate()
  New 'line' coverage: 129
  New 'line' coverage: 133
  New 'line' coverage: 134
  New 'line' coverage: 136
  New 'line' coverage: 140
  New 'line' coverage: 156
  New 'line' coverage: 158
  New 'line' coverage: 165
  New 'line' coverage: 175
  New 'line' coverage: 177
  New 'line' coverage: 179
  New 'line' coverage: 184
  New 'line' coverage: 187
  New 'line' coverage: 194
  New 'line' coverage: 199
  New 'line' coverage: 207
  New 'line' coverage: 208
  New 'line' coverage: 209
  New 'line' coverage: 210
  New 'line' coverage: 211
  New 'line' coverage: 212
  New 'line' coverage: 213
  New 'line' coverage: 214
  New 'line' coverage: 215
  New 'line' coverage: 217
  New 'line' coverage: 222
  New 'line' coverage: 223
  New 'line' coverage: 224
  New 'line' coverage: 226
  New 'line' coverage: 228
  New 'line' coverage: 231
  New 'line' coverage: 232
  New 'line' coverage: 237
  New 'line' coverage: 238
  New 'line' coverage: 241
  New 'line' coverage: 244
  New 'line' coverage: 245
  New 'line' coverage: 247
  New 'line' coverage: 254
  New 'line' coverage: 263
  New 'line' coverage: 267
  New 'line' coverage: 268
  New 'line' coverage: 273
  New 'line' coverage: 277
  New 'line' coverage: 278
  New 'line' coverage: 280
  New 'line' coverage: 287
  New 'line' coverage: 294
  New 'line' coverage: 295
  New 'line' coverage: 298
  New 'line' coverage: 299
  New 'line' coverage: 300
  New 'line' coverage: 303
  New 'line' coverage: 304
  New 'line' coverage: 308
  New 'line' coverage: 310
  New 'line' coverage: 314
  New 'line' coverage: 315
  New 'line' coverage: 318
  New 'line' coverage: 321
  New 'line' coverage: 322
  New 'line' coverage: 324
  New 'line' coverage: 325
  New 'line' coverage: 331
  New 'line' coverage: 338
  New 'line' coverage: 356
  New 'line' coverage: 361
  New 'line' coverage: 362
  New 'line' coverage: 363
  New 'line' coverage: 364
  New 'line' coverage: 366
  New 'line' coverage: 367
  New 'line' coverage: 368
  New 'line' coverage: 369
  New 'line' coverage: 370
  New 'line' coverage: 375
  New 'line' coverage: 376
  New 'line' coverage: 377
  New 'line' coverage: 391
  New 'line' coverage: 393
  New 'line' coverage: 396
  New 'line' coverage: 400
  New 'line' coverage: 401
  New 'line' coverage: 402
  New 'line' coverage: 404
  New 'line' coverage: 418
  New 'line' coverage: 419
  New 'line' coverage: 420
  New 'line' coverage: 425
  New 'line' coverage: 429
  New 'line' coverage: 443
  New 'line' coverage: 450
  New 'line' coverage: 453
  New 'line' coverage: 457
  New 'line' coverage: 458
  New 'line' coverage: 465
  New 'line' coverage: 469
  New 'line' coverage: 470
  New 'line' coverage: 471
  New 'line' coverage: 475
  New 'line' coverage: 500
  New 'line' coverage: 506
  New 'line' coverage: 507
  New 'line' coverage: 508
  New 'line' coverage: 509
  New 'line' coverage: 510
  New 'line' coverage: 512
  New 'line' coverage: 514
  New 'line' coverage: 515
  New 'line' coverage: 516
  New 'line' coverage: 519
  New 'line' coverage: 522
  New 'line' coverage: 527
  New 'line' coverage: 530
  New 'line' coverage: 539
  New 'line' coverage: 540
  New 'line' coverage: 541
  New 'line' coverage: 543
  New 'line' coverage: 544
  New 'line' coverage: 545
  New 'line' coverage: 547
  New 'line' coverage: 550
  New 'line' coverage: 557
  New 'line' coverage: 560
  New 'line' coverage: 563
  New 'line' coverage: 564
  New 'line' coverage: 565
  New 'line' coverage: 566
  New 'line' coverage: 572
  New 'line' coverage: 576
  New 'line' coverage: 577
  New 'line' coverage: 579
  New 'line' coverage: 582
  New 'line' coverage: 590
  New 'line' coverage: 593
  New 'line' coverage: 596
  New 'line' coverage: 597
  New 'line' coverage: 602
  New 'line' coverage: 607
  New 'line' coverage: 608
  New 'line' coverage: 609
  New 'line' coverage: 610
  New 'line' coverage: 616
  New 'line' coverage: 620
  New 'line' coverage: 621
  New 'line' coverage: 624
  New 'line' coverage: 627
  New 'line' coverage: 631
  New 'line' coverage: 634
  New 'line' coverage: 635
  New 'line' coverage: 638
  New 'line' coverage: 641
  New 'line' coverage: 642
  New 'line' coverage: 645
  New 'line' coverage: 650
  New 'line' coverage: 653
  New 'line' coverage: 654
  New 'line' coverage: 657
  New 'line' coverage: 658
  New 'line' coverage: 660
New src file: /unibench/jasper-2.0.12/src/libjasper/base/jas_seq.c
  New 'function' coverage: jas_matrix_create()
  New 'function' coverage: jas_matrix_destroy()
  New 'line' coverage: 102
  New 'line' coverage: 108
  New 'line' coverage: 110
  New 'line' coverage: 114
  New 'line' coverage: 117
  New 'line' coverage: 118
  New 'line' coverage: 119
  New 'line' coverage: 120
  New 'line' coverage: 121
  New 'line' coverage: 122
  New 'line' coverage: 123
  New 'line' coverage: 126
  New 'line' coverage: 129
  New 'line' coverage: 131
  New 'line' coverage: 132
  New 'line' coverage: 138
  New 'line' coverage: 139
  New 'line' coverage: 145
  New 'line' coverage: 146
  New 'line' coverage: 149
  New 'line' coverage: 150
  New 'line' coverage: 153
  New 'line' coverage: 154
  New 'line' coverage: 155
  New 'line' coverage: 156
  New 'line' coverage: 158
  New 'line' coverage: 167
  New 'line' coverage: 169
  New 'line' coverage: 170
  New 'line' coverage: 171
  New 'line' coverage: 172
  New 'line' coverage: 174
  New 'line' coverage: 175
  New 'line' coverage: 176
  New 'line' coverage: 178
  New 'line' coverage: 179
New src file: /unibench/jasper-2.0.12/src/libjasper/mif/mif_cod.c
  New 'function' coverage: mif_cmpt_create()
  New 'function' coverage: mif_cmpt_destroy()
  New 'function' coverage: mif_decode()
  New 'function' coverage: mif_getc()
  New 'function' coverage: mif_getline()
  New 'function' coverage: mif_hdr_addcmpt()
  New 'function' coverage: mif_hdr_create()
  New 'function' coverage: mif_hdr_destroy()
  New 'function' coverage: mif_hdr_get()
  New 'function' coverage: mif_hdr_growcmpts()
  New 'function' coverage: mif_process_cmpt()
  New 'function' coverage: mif_validate()
  New 'line' coverage: 144
  New 'line' coverage: 159
  New 'line' coverage: 161
  New 'line' coverage: 162
  New 'line' coverage: 163
  New 'line' coverage: 164
  New 'line' coverage: 165
  New 'line' coverage: 167
  New 'line' coverage: 168
  New 'line' coverage: 171
  New 'line' coverage: 175
  New 'line' coverage: 176
  New 'line' coverage: 177
  New 'line' coverage: 178
  New 'line' coverage: 179
  New 'line' coverage: 180
  New 'line' coverage: 242
  New 'line' coverage: 243
  New 'line' coverage: 245
  New 'line' coverage: 246
  New 'line' coverage: 248
  New 'line' coverage: 251
  New 'line' coverage: 254
  New 'line' coverage: 257
  New 'line' coverage: 371
  New 'line' coverage: 382
  New 'line' coverage: 388
  New 'line' coverage: 389
  New 'line' coverage: 395
  New 'line' coverage: 400
  New 'line' coverage: 401
  New 'line' coverage: 402
  New 'line' coverage: 403
  New 'line' coverage: 406
  New 'line' coverage: 407
  New 'line' coverage: 410
  New 'line' coverage: 417
  New 'line' coverage: 420
  New 'line' coverage: 423
  New 'line' coverage: 424
  New 'line' coverage: 425
  New 'line' coverage: 426
  New 'line' coverage: 430
  New 'line' coverage: 433
  New 'line' coverage: 436
  New 'line' coverage: 437
  New 'line' coverage: 438
  New 'line' coverage: 440
  New 'line' coverage: 442
  New 'line' coverage: 443
  New 'line' coverage: 445
  New 'line' coverage: 449
  New 'line' coverage: 450
  New 'line' coverage: 451
  New 'line' coverage: 452
  New 'line' coverage: 455
  New 'line' coverage: 456
  New 'line' coverage: 457
  New 'line' coverage: 458
  New 'line' coverage: 460
  New 'line' coverage: 463
  New 'line' coverage: 472
  New 'line' coverage: 473
  New 'line' coverage: 475
  New 'line' coverage: 478
  New 'line' coverage: 479
  New 'line' coverage: 485
  New 'line' coverage: 489
  New 'line' coverage: 491
  New 'line' coverage: 492
  New 'line' coverage: 493
  New 'line' coverage: 495
  New 'line' coverage: 496
  New 'line' coverage: 498
  New 'line' coverage: 499
  New 'line' coverage: 503
  New 'line' coverage: 504
  New 'line' coverage: 505
  New 'line' coverage: 507
  New 'line' coverage: 508
  New 'line' coverage: 509
  New 'line' coverage: 510
  New 'line' coverage: 511
  New 'line' coverage: 513
  New 'line' coverage: 514
  New 'line' coverage: 515
  New 'line' coverage: 517
  New 'line' coverage: 519
  New 'line' coverage: 520
  New 'line' coverage: 522
  New 'line' coverage: 523
  New 'line' coverage: 526
  New 'line' coverage: 528
  New 'line' coverage: 531
  New 'line' coverage: 532
  New 'line' coverage: 534
  New 'line' coverage: 535
  New 'line' coverage: 537
  New 'line' coverage: 540
  New 'line' coverage: 546
  New 'line' coverage: 547
  New 'line' coverage: 549
  New 'line' coverage: 553
  New 'line' coverage: 554
  New 'line' coverage: 555
  New 'line' coverage: 556
  New 'line' coverage: 557
  New 'line' coverage: 558
  New 'line' coverage: 559
  New 'line' coverage: 560
  New 'line' coverage: 561
  New 'line' coverage: 563
  New 'line' coverage: 569
  New 'line' coverage: 575
  New 'line' coverage: 576
  New 'line' coverage: 577
  New 'line' coverage: 579
  New 'line' coverage: 580
  New 'line' coverage: 582
  New 'line' coverage: 583
  New 'line' coverage: 585
  New 'line' coverage: 586
  New 'line' coverage: 588
  New 'line' coverage: 589
  New 'line' coverage: 591
  New 'line' coverage: 592
  New 'line' coverage: 594
  New 'line' coverage: 595
  New 'line' coverage: 597
  New 'line' coverage: 598
  New 'line' coverage: 600
  New 'line' coverage: 601
  New 'line' coverage: 603
  New 'line' coverage: 606
  New 'line' coverage: 608
  New 'line' coverage: 609
  New 'line' coverage: 613
  New 'line' coverage: 616
  New 'line' coverage: 619
  New 'line' coverage: 623
  New 'line' coverage: 624
  New 'line' coverage: 627
  New 'line' coverage: 628
  New 'line' coverage: 630
  New 'line' coverage: 631
  New 'line' coverage: 633
  New 'line' coverage: 666
  New 'line' coverage: 668
  New 'line' coverage: 669
  New 'line' coverage: 670
  New 'line' coverage: 674
  New 'line' coverage: 675
  New 'line' coverage: 676
  New 'line' coverage: 683
  New 'line' coverage: 686
  New 'line' coverage: 689
  New 'line' coverage: 690
  New 'line' coverage: 693
  New 'line' coverage: 695
  New 'line' coverage: 696
  New 'line' coverage: 698
  New 'line' coverage: 699
  New 'line' coverage: 705
  New 'line' coverage: 709
  New 'line' coverage: 711
  New 'line' coverage: 712
  New 'line' coverage: 713
  New 'line' coverage: 716
  New 'line' coverage: 717
  New 'line' coverage: 718
  New 'line' coverage: 719
  New 'line' coverage: 722
  New 'line' coverage: 723
  New 'line' coverage: 724
  New 'line' coverage: 726
  New 'line' coverage: 727
  New 'line' coverage: 730
  New 'line' coverage: 735
  New 'line' coverage: 737
  New 'line' coverage: 743
  New 'line' coverage: 747
  New 'line' coverage: 748
  New 'line' coverage: 749
  New 'line' coverage: 751
  New 'line' coverage: 752
  New 'line' coverage: 754
  New 'line' coverage: 757
  New 'line' coverage: 759
  New 'line' coverage: 760
  New 'line' coverage: 762
  New 'line' coverage: 764
New src file: /unibench/jasper-2.0.12/src/libjasper/base/jas_debug.c
  New 'function' coverage: jas_eprintf()
  New 'function' coverage: jas_getdbglevel()
  New 'function' coverage: jas_setdbglevel()
  New 'line' coverage: 101
  New 'line' coverage: 109
  New 'line' coverage: 114
  New 'line' coverage: 115
  New 'line' coverage: 116
  New 'line' coverage: 117
  New 'line' coverage: 84
  New 'line' coverage: 89
  New 'line' coverage: 92
  New 'line' coverage: 95
  New 'line' coverage: 99
New src file: /unibench/jasper-2.0.12/src/libjasper/jpc/jpc_cs.c
  New 'function' coverage: jpc_validate()
  New 'line' coverage: 1697
  New 'line' coverage: 1705
  New 'line' coverage: 1708
  New 'line' coverage: 1709
  New 'line' coverage: 1713
  New 'line' coverage: 1716
  New 'line' coverage: 1719
New src file: /unibench/jasper-2.0.12/src/libjasper/jp2/jp2_dec.c
  New 'function' coverage: jp2_validate()
  New 'line' coverage: 456
  New 'line' coverage: 470
  New 'line' coverage: 476
  New 'line' coverage: 477
  New 'line' coverage: 483
  New 'line' coverage: 488
  New 'line' coverage: 491
New src file: /unibench/jasper-2.0.12/src/libjasper/base/jas_image.c
  New 'function' coverage: inttobits()
  New 'function' coverage: jas_image_addcmpt()
  New 'function' coverage: jas_image_addfmt()
  New 'function' coverage: jas_image_clearfmts()
  New 'function' coverage: jas_image_cmpt_create()
  New 'function' coverage: jas_image_cmpt_destroy()
  New 'function' coverage: jas_image_create()
  New 'function' coverage: jas_image_create0()
  New 'function' coverage: jas_image_decode()
  New 'function' coverage: jas_image_destroy()
  New 'function' coverage: jas_image_fmttostr()
  New 'function' coverage: jas_image_getfmt()
  New 'function' coverage: jas_image_growcmpts()
  New 'function' coverage: jas_image_lookupfmtbyid()
  New 'function' coverage: jas_image_rawsize()
  New 'function' coverage: jas_image_setbbox()
  New 'function' coverage: jas_image_writecmpt()
  New 'line' coverage: 132
  New 'line' coverage: 141
  New 'line' coverage: 143
  New 'line' coverage: 146
  New 'line' coverage: 150
  New 'line' coverage: 151
  New 'line' coverage: 155
  New 'line' coverage: 160
  New 'line' coverage: 161
  New 'line' coverage: 178
  New 'line' coverage: 179
  New 'line' coverage: 180
  New 'line' coverage: 181
  New 'line' coverage: 184
  New 'line' coverage: 185
  New 'line' coverage: 186
  New 'line' coverage: 188
  New 'line' coverage: 189
  New 'line' coverage: 192
  New 'line' coverage: 197
  New 'line' coverage: 199
  New 'line' coverage: 208
  New 'line' coverage: 212
  New 'line' coverage: 216
  New 'line' coverage: 217
  New 'line' coverage: 218
  New 'line' coverage: 219
  New 'line' coverage: 220
  New 'line' coverage: 221
  New 'line' coverage: 222
  New 'line' coverage: 223
  New 'line' coverage: 225
  New 'line' coverage: 227
  New 'line' coverage: 312
  New 'line' coverage: 316
  New 'line' coverage: 317
  New 'line' coverage: 318
  New 'line' coverage: 319
  New 'line' coverage: 321
  New 'line' coverage: 323
  New 'line' coverage: 324
  New 'line' coverage: 325
  New 'line' coverage: 326
  New 'line' coverage: 328
  New 'line' coverage: 336
  New 'line' coverage: 349
  New 'line' coverage: 350
  New 'line' coverage: 353
  New 'line' coverage: 354
  New 'line' coverage: 357
  New 'line' coverage: 361
  New 'line' coverage: 365
  New 'line' coverage: 366
  New 'line' coverage: 367
  New 'line' coverage: 368
  New 'line' coverage: 369
  New 'line' coverage: 370
  New 'line' coverage: 371
  New 'line' coverage: 372
  New 'line' coverage: 373
  New 'line' coverage: 374
  New 'line' coverage: 375
  New 'line' coverage: 380
  New 'line' coverage: 383
  New 'line' coverage: 385
  New 'line' coverage: 392
  New 'line' coverage: 393
  New 'line' coverage: 396
  New 'line' coverage: 397
  New 'line' coverage: 398
  New 'line' coverage: 403
  New 'line' coverage: 412
  New 'line' coverage: 414
  New 'line' coverage: 415
  New 'line' coverage: 417
  New 'line' coverage: 418
  New 'line' coverage: 424
  New 'line' coverage: 429
  New 'line' coverage: 432
  New 'line' coverage: 433
  New 'line' coverage: 434
  New 'line' coverage: 438
  New 'line' coverage: 440
  New 'line' coverage: 444
  New 'line' coverage: 445
  New 'line' coverage: 448
  New 'line' coverage: 449
  New 'line' coverage: 450
  New 'line' coverage: 451
  New 'line' coverage: 455
  New 'line' coverage: 457
  New 'line' coverage: 459
  New 'line' coverage: 540
  New 'line' coverage: 554
  New 'line' coverage: 558
  New 'line' coverage: 562
  New 'line' coverage: 563
  New 'line' coverage: 564
  New 'line' coverage: 565
  New 'line' coverage: 569
  New 'line' coverage: 573
  New 'line' coverage: 574
  New 'line' coverage: 578
  New 'line' coverage: 579
  New 'line' coverage: 580
  New 'line' coverage: 581
  New 'line' coverage: 582
  New 'line' coverage: 583
  New 'line' coverage: 586
  New 'line' coverage: 587
  New 'line' coverage: 588
  New 'line' coverage: 589
  New 'line' coverage: 590
  New 'line' coverage: 591
  New 'line' coverage: 594
  New 'line' coverage: 599
  New 'line' coverage: 606
  New 'line' coverage: 610
  New 'line' coverage: 611
  New 'line' coverage: 612
  New 'line' coverage: 613
  New 'line' coverage: 614
  New 'line' coverage: 616
  New 'line' coverage: 617
  New 'line' coverage: 618
  New 'line' coverage: 620
  New 'line' coverage: 621
  New 'line' coverage: 622
  New 'line' coverage: 625
  New 'line' coverage: 626
  New 'line' coverage: 628
  New 'line' coverage: 632
  New 'line' coverage: 633
  New 'line' coverage: 636
  New 'line' coverage: 637
  New 'line' coverage: 638
  New 'line' coverage: 641
  New 'line' coverage: 645
  New 'line' coverage: 650
  New 'line' coverage: 651
  New 'line' coverage: 652
  New 'line' coverage: 664
  New 'line' coverage: 667
  New 'line' coverage: 670
  New 'line' coverage: 673
  New 'line' coverage: 680
  New 'line' coverage: 681
  New 'line' coverage: 682
  New 'line' coverage: 683
  New 'line' coverage: 685
  New 'line' coverage: 686
  New 'line' coverage: 687
  New 'line' coverage: 688
  New 'line' coverage: 689
  New 'line' coverage: 691
  New 'line' coverage: 694
  New 'line' coverage: 740
  New 'line' coverage: 746
  New 'line' coverage: 747
  New 'line' coverage: 748
  New 'line' coverage: 749
  New 'line' coverage: 750
  New 'line' coverage: 752
  New 'line' coverage: 770
  New 'line' coverage: 774
  New 'line' coverage: 777
  New 'line' coverage: 778
  New 'line' coverage: 779
  New 'line' coverage: 783
  New 'line' coverage: 785
  New 'line' coverage: 786
  New 'line' coverage: 789
  New 'line' coverage: 793
  New 'line' coverage: 794
  New 'line' coverage: 796
  New 'line' coverage: 798
  New 'line' coverage: 801
  New 'line' coverage: 806
  New 'line' coverage: 807
  New 'line' coverage: 808
  New 'line' coverage: 831
  New 'line' coverage: 834
  New 'line' coverage: 835
  New 'line' coverage: 846
  New 'line' coverage: 853
  New 'line' coverage: 856
  New 'line' coverage: 857
  New 'line' coverage: 858
  New 'line' coverage: 859
  New 'line' coverage: 860
  New 'line' coverage: 861
  New 'line' coverage: 862
  New 'line' coverage: 863
  New 'line' coverage: 866
  New 'line' coverage: 869
  New 'line' coverage: 870
  New 'line' coverage: 873
  New 'line' coverage: 874
  New 'line' coverage: 884
  New 'line' coverage: 886
  New 'line' coverage: 891
  New 'line' coverage: 894
  New 'line' coverage: 897
  New 'line' coverage: 898
  New 'line' coverage: 899
  New 'line' coverage: 900
  New 'line' coverage: 902
New src file: /unibench/jasper-2.0.12/src/libjasper/ras/ras_dec.c
  New 'function' coverage: ras_dec_parseopts()
  New 'function' coverage: ras_decode()
  New 'function' coverage: ras_getcmap()
  New 'function' coverage: ras_getdata()
  New 'function' coverage: ras_getdatastd()
  New 'function' coverage: ras_gethdr()
  New 'function' coverage: ras_getint()
  New 'function' coverage: ras_validate()
  New 'line' coverage: 122
  New 'line' coverage: 126
  New 'line' coverage: 127
  New 'line' coverage: 129
  New 'line' coverage: 133
  New 'line' coverage: 149
  New 'line' coverage: 151
  New 'line' coverage: 158
  New 'line' coverage: 171
  New 'line' coverage: 173
  New 'line' coverage: 175
  New 'line' coverage: 180
  New 'line' coverage: 185
  New 'line' coverage: 186
  New 'line' coverage: 190
  New 'line' coverage: 195
  New 'line' coverage: 204
  New 'line' coverage: 210
  New 'line' coverage: 211
  New 'line' coverage: 212
  New 'line' coverage: 214
  New 'line' coverage: 215
  New 'line' coverage: 217
  New 'line' coverage: 218
  New 'line' coverage: 219
  New 'line' coverage: 220
  New 'line' coverage: 221
  New 'line' coverage: 222
  New 'line' coverage: 223
  New 'line' coverage: 224
  New 'line' coverage: 225
  New 'line' coverage: 228
  New 'line' coverage: 233
  New 'line' coverage: 238
  New 'line' coverage: 239
  New 'line' coverage: 258
  New 'line' coverage: 259
  New 'line' coverage: 261
  New 'line' coverage: 264
  New 'line' coverage: 275
  New 'line' coverage: 281
  New 'line' coverage: 282
  New 'line' coverage: 288
  New 'line' coverage: 292
  New 'line' coverage: 293
  New 'line' coverage: 294
  New 'line' coverage: 295
  New 'line' coverage: 298
  New 'line' coverage: 299
  New 'line' coverage: 301
  New 'line' coverage: 304
  New 'line' coverage: 309
  New 'line' coverage: 312
  New 'line' coverage: 313
  New 'line' coverage: 323
  New 'line' coverage: 326
  New 'line' coverage: 341
  New 'line' coverage: 343
  New 'line' coverage: 345
  New 'line' coverage: 346
  New 'line' coverage: 349
  New 'line' coverage: 350
  New 'line' coverage: 355
  New 'line' coverage: 357
  New 'line' coverage: 358
  New 'line' coverage: 359
  New 'line' coverage: 360
  New 'line' coverage: 361
  New 'line' coverage: 362
  New 'line' coverage: 363
  New 'line' coverage: 365
  New 'line' coverage: 366
  New 'line' coverage: 369
  New 'line' coverage: 370
  New 'line' coverage: 371
  New 'line' coverage: 373
  New 'line' coverage: 374
  New 'line' coverage: 375
  New 'line' coverage: 376
  New 'line' coverage: 378
  New 'line' coverage: 381
  New 'line' coverage: 386
  New 'line' coverage: 387
  New 'line' coverage: 402
  New 'line' coverage: 403
  New 'line' coverage: 404
  New 'line' coverage: 407
  New 'line' coverage: 410
  New 'line' coverage: 419
  New 'line' coverage: 421
  New 'line' coverage: 424
  New 'line' coverage: 425
  New 'line' coverage: 426
  New 'line' coverage: 429
  New 'line' coverage: 430
  New 'line' coverage: 431
  New 'line' coverage: 433
  New 'line' coverage: 434
  New 'line' coverage: 437
  New 'line' coverage: 438
  New 'line' coverage: 439
  New 'line' coverage: 442
  New 'line' coverage: 443
  New 'line' coverage: 445
  New 'line' coverage: 446
  New 'line' coverage: 448
  New 'line' coverage: 449
  New 'line' coverage: 451
  New 'line' coverage: 452
  New 'line' coverage: 454
  New 'line' coverage: 458
  New 'line' coverage: 464
  New 'line' coverage: 467
  New 'line' coverage: 469
  New 'line' coverage: 470
  New 'line' coverage: 471
  New 'line' coverage: 472
  New 'line' coverage: 476
  New 'line' coverage: 480
  New 'line' coverage: 483
  New 'line' coverage: 489
  New 'line' coverage: 490
  New 'line' coverage: 491
  New 'line' coverage: 494
  New 'line' coverage: 497
  New 'line' coverage: 498
New src file: /unibench/jasper-2.0.12/src/libjasper/pgx/pgx_dec.c
  New 'function' coverage: pgx_dec_parseopts()
  New 'function' coverage: pgx_decode()
  New 'function' coverage: pgx_getbyteorder()
  New 'function' coverage: pgx_getc()
  New 'function' coverage: pgx_getdata()
  New 'function' coverage: pgx_gethdr()
  New 'function' coverage: pgx_getsgnd()
  New 'function' coverage: pgx_getuint32()
  New 'function' coverage: pgx_getword()
  New 'function' coverage: pgx_validate()
  New 'function' coverage: pgx_wordtoint()
  New 'line' coverage: 115
  New 'line' coverage: 119
  New 'line' coverage: 120
  New 'line' coverage: 122
  New 'line' coverage: 126
  New 'line' coverage: 142
  New 'line' coverage: 144
  New 'line' coverage: 153
  New 'line' coverage: 161
  New 'line' coverage: 163
  New 'line' coverage: 165
  New 'line' coverage: 169
  New 'line' coverage: 174
  New 'line' coverage: 178
  New 'line' coverage: 182
  New 'line' coverage: 189
  New 'line' coverage: 192
  New 'line' coverage: 193
  New 'line' coverage: 194
  New 'line' coverage: 195
  New 'line' coverage: 196
  New 'line' coverage: 197
  New 'line' coverage: 198
  New 'line' coverage: 199
  New 'line' coverage: 200
  New 'line' coverage: 203
  New 'line' coverage: 208
  New 'line' coverage: 209
  New 'line' coverage: 212
  New 'line' coverage: 225
  New 'line' coverage: 236
  New 'line' coverage: 242
  New 'line' coverage: 243
  New 'line' coverage: 249
  New 'line' coverage: 254
  New 'line' coverage: 257
  New 'line' coverage: 258
  New 'line' coverage: 261
  New 'line' coverage: 268
  New 'line' coverage: 273
  New 'line' coverage: 276
  New 'line' coverage: 277
  New 'line' coverage: 280
  New 'line' coverage: 281
  New 'line' coverage: 282
  New 'line' coverage: 286
  New 'line' coverage: 289
  New 'line' coverage: 293
  New 'line' coverage: 297
  New 'line' coverage: 301
  New 'line' coverage: 305
  New 'line' coverage: 309
  New 'line' coverage: 315
  New 'line' coverage: 323
  New 'line' coverage: 325
  New 'line' coverage: 328
  New 'line' coverage: 329
  New 'line' coverage: 331
  New 'line' coverage: 334
  New 'line' coverage: 335
  New 'line' coverage: 336
  New 'line' coverage: 338
  New 'line' coverage: 342
  New 'line' coverage: 343
  New 'line' coverage: 352
  New 'line' coverage: 360
  New 'line' coverage: 362
  New 'line' coverage: 366
  New 'line' coverage: 367
  New 'line' coverage: 368
  New 'line' coverage: 371
  New 'line' coverage: 372
  New 'line' coverage: 374
  New 'line' coverage: 375
  New 'line' coverage: 381
  New 'line' coverage: 385
  New 'line' coverage: 388
  New 'line' coverage: 389
  New 'line' coverage: 399
  New 'line' coverage: 405
  New 'line' coverage: 408
  New 'line' coverage: 410
  New 'line' coverage: 411
  New 'line' coverage: 414
  New 'line' coverage: 415
  New 'line' coverage: 416
  New 'line' coverage: 423
  New 'line' coverage: 426
  New 'line' coverage: 429
  New 'line' coverage: 435
  New 'line' coverage: 440
  New 'line' coverage: 443
  New 'line' coverage: 465
  New 'line' coverage: 466
  New 'line' coverage: 467
  New 'line' coverage: 470
  New 'line' coverage: 481
  New 'line' coverage: 487
  New 'line' coverage: 493
  New 'line' coverage: 496
  New 'line' coverage: 498
  New 'line' coverage: 499
  New 'line' coverage: 500
  New 'line' coverage: 501
  New 'line' coverage: 505
  New 'line' coverage: 508
  New 'line' coverage: 510
  New 'line' coverage: 513
  New 'line' coverage: 516
  New 'line' coverage: 517
  New 'line' coverage: 518
New src file: /unibench/jasper-2.0.12/src/libjasper/include/jasper/jas_math.h
  New 'function' coverage: jas_safe_intfast32_add()
  New 'function' coverage: jas_safe_intfast32_mul()
  New 'function' coverage: jas_safe_intfast32_mul3()
  New 'function' coverage: jas_safe_size_mul()
  New 'function' coverage: jas_safe_size_mul3()
  New 'line' coverage: 182
  New 'line' coverage: 185
  New 'line' coverage: 189
  New 'line' coverage: 190
  New 'line' coverage: 192
  New 'line' coverage: 195
  New 'line' coverage: 199
  New 'line' coverage: 200
  New 'line' coverage: 203
  New 'line' coverage: 204
  New 'line' coverage: 206
  New 'line' coverage: 234
  New 'line' coverage: 237
  New 'line' coverage: 239
  New 'line' coverage: 241
  New 'line' coverage: 264
  New 'line' coverage: 265
  New 'line' coverage: 267
  New 'line' coverage: 270
  New 'line' coverage: 274
  New 'line' coverage: 275
  New 'line' coverage: 278
  New 'line' coverage: 281
  New 'line' coverage: 285
  New 'line' coverage: 288
  New 'line' coverage: 292
  New 'line' coverage: 295
New src file: /unibench/jasper-2.0.12/src/libjasper/base/jas_icc.c
  New 'function' coverage: jas_iccattrtab_add()
  New 'function' coverage: jas_iccattrtab_copy()
  New 'function' coverage: jas_iccattrtab_create()
  New 'function' coverage: jas_iccattrtab_delete()
  New 'function' coverage: jas_iccattrtab_destroy()
  New 'function' coverage: jas_iccattrtab_lookup()
  New 'function' coverage: jas_iccattrtab_resize()
  New 'function' coverage: jas_iccattrval_clone()
  New 'function' coverage: jas_iccattrval_create()
  New 'function' coverage: jas_iccattrval_create0()
  New 'function' coverage: jas_iccattrval_destroy()
  New 'function' coverage: jas_iccattrvalinfo_lookup()
  New 'function' coverage: jas_icccurv_destroy()
  New 'function' coverage: jas_icccurv_input()
  New 'function' coverage: jas_iccgetsint32()
  New 'function' coverage: jas_iccgettime()
  New 'function' coverage: jas_iccgetuint()
  New 'function' coverage: jas_iccgetuint16()
  New 'function' coverage: jas_iccgetuint32()
  New 'function' coverage: jas_iccgetuint64()
  New 'function' coverage: jas_iccgetxyz()
  New 'function' coverage: jas_iccprof_copy()
  New 'function' coverage: jas_iccprof_create()
  New 'function' coverage: jas_iccprof_createfrombuf()
  New 'function' coverage: jas_iccprof_createfromclrspc()
  New 'function' coverage: jas_iccprof_destroy()
  New 'function' coverage: jas_iccprof_getattr()
  New 'function' coverage: jas_iccprof_gethdr()
  New 'function' coverage: jas_iccprof_gettagtab()
  New 'function' coverage: jas_iccprof_load()
  New 'function' coverage: jas_iccprof_readhdr()
  New 'function' coverage: jas_iccprof_setattr()
  New 'function' coverage: jas_iccprof_sorttagtab()
  New 'function' coverage: jas_icctagtabent_cmp()
  New 'function' coverage: jas_icctxt_destroy()
  New 'function' coverage: jas_icctxt_input()
  New 'function' coverage: jas_icctxtdesc_destroy()
  New 'function' coverage: jas_icctxtdesc_input()
  New 'function' coverage: jas_iccxyz_input()
  New 'line' coverage: 1002
  New 'line' coverage: 1003
  New 'line' coverage: 1005
  New 'line' coverage: 1007
  New 'line' coverage: 1009
  New 'line' coverage: 1010
  New 'line' coverage: 1014
  New 'line' coverage: 1016
  New 'line' coverage: 1065
  New 'line' coverage: 1067
  New 'line' coverage: 1068
  New 'line' coverage: 1069
  New 'line' coverage: 1070
  New 'line' coverage: 1072
  New 'line' coverage: 1073
  New 'line' coverage: 1074
  New 'line' coverage: 1076
  New 'line' coverage: 1093
  New 'line' coverage: 1098
  New 'line' coverage: 1099
  New 'line' coverage: 1100
  New 'line' coverage: 1101
  New 'line' coverage: 1103
  New 'line' coverage: 1105
  New 'line' coverage: 1106
  New 'line' coverage: 1108
  New 'line' coverage: 1109
  New 'line' coverage: 1110
  New 'line' coverage: 1112
  New 'line' coverage: 1114
  New 'line' coverage: 1115
  New 'line' coverage: 1117
  New 'line' coverage: 1119
  New 'line' coverage: 1121
  New 'line' coverage: 1122
  New 'line' coverage: 1124
  New 'line' coverage: 1127
  New 'line' coverage: 1128
  New 'line' coverage: 1131
  New 'line' coverage: 1139
  New 'line' coverage: 1190
  New 'line' coverage: 1192
  New 'line' coverage: 1193
  New 'line' coverage: 1194
  New 'line' coverage: 1195
  New 'line' coverage: 1197
  New 'line' coverage: 1209
  New 'line' coverage: 1212
  New 'line' coverage: 1213
  New 'line' coverage: 1214
  New 'line' coverage: 1216
  New 'line' coverage: 1218
  New 'line' coverage: 1219
  New 'line' coverage: 1221
  New 'line' coverage: 1606
  New 'line' coverage: 1611
  New 'line' coverage: 1612
  New 'line' coverage: 1613
  New 'line' coverage: 1615
  New 'line' coverage: 1617
  New 'line' coverage: 1618
  New 'line' coverage: 1630
  New 'line' coverage: 1633
  New 'line' coverage: 1635
  New 'line' coverage: 1636
  New 'line' coverage: 1639
  New 'line' coverage: 1642
  New 'line' coverage: 1644
  New 'line' coverage: 1646
  New 'line' coverage: 1649
  New 'line' coverage: 1652
  New 'line' coverage: 1654
  New 'line' coverage: 1655
  New 'line' coverage: 1658
  New 'line' coverage: 1661
  New 'line' coverage: 1663
  New 'line' coverage: 1664
  New 'line' coverage: 1722
  New 'line' coverage: 1726
  New 'line' coverage: 1728
  New 'line' coverage: 1730
  New 'line' coverage: 1731
  New 'line' coverage: 1738
  New 'line' coverage: 1741
  New 'line' coverage: 1747
  New 'line' coverage: 1749
  New 'line' coverage: 1754
  New 'line' coverage: 207
  New 'line' coverage: 210
  New 'line' coverage: 211
  New 'line' coverage: 214
  New 'line' coverage: 216
  New 'line' coverage: 217
  New 'line' coverage: 218
  New 'line' coverage: 219
  New 'line' coverage: 226
  New 'line' coverage: 229
  New 'line' coverage: 230
  New 'line' coverage: 232
  New 'line' coverage: 233
  New 'line' coverage: 234
  New 'line' coverage: 235
  New 'line' coverage: 236
  New 'line' coverage: 237
  New 'line' coverage: 239
  New 'line' coverage: 246
  New 'line' coverage: 248
  New 'line' coverage: 249
  New 'line' coverage: 250
  New 'line' coverage: 251
  New 'line' coverage: 252
  New 'line' coverage: 253
  New 'line' coverage: 260
  New 'line' coverage: 274
  New 'line' coverage: 275
  New 'line' coverage: 277
  New 'line' coverage: 281
  New 'line' coverage: 285
  New 'line' coverage: 289
  New 'line' coverage: 291
  New 'line' coverage: 292
  New 'line' coverage: 293
  New 'line' coverage: 294
  New 'line' coverage: 295
  New 'line' coverage: 296
  New 'line' coverage: 297
  New 'line' coverage: 312
  New 'line' coverage: 313
  New 'line' coverage: 314
  New 'line' coverage: 316
  New 'line' coverage: 317
  New 'line' coverage: 322
  New 'line' coverage: 323
  New 'line' coverage: 326
  New 'line' coverage: 329
  New 'line' coverage: 330
  New 'line' coverage: 337
  New 'line' coverage: 340
  New 'line' coverage: 341
  New 'line' coverage: 344
  New 'line' coverage: 345
  New 'line' coverage: 348
  New 'line' coverage: 349
  New 'line' coverage: 350
  New 'line' coverage: 353
  New 'line' coverage: 493
  New 'line' coverage: 495
  New 'line' coverage: 496
  New 'line' coverage: 497
  New 'line' coverage: 498
  New 'line' coverage: 499
  New 'line' coverage: 500
  New 'line' coverage: 501
  New 'line' coverage: 502
  New 'line' coverage: 503
  New 'line' coverage: 504
  New 'line' coverage: 505
  New 'line' coverage: 506
  New 'line' coverage: 507
  New 'line' coverage: 508
  New 'line' coverage: 509
  New 'line' coverage: 510
  New 'line' coverage: 511
  New 'line' coverage: 513
  New 'line' coverage: 516
  New 'line' coverage: 521
  New 'line' coverage: 525
  New 'line' coverage: 527
  New 'line' coverage: 530
  New 'line' coverage: 531
  New 'line' coverage: 532
  New 'line' coverage: 533
  New 'line' coverage: 534
  New 'line' coverage: 536
  New 'line' coverage: 538
  New 'line' coverage: 547
  New 'line' coverage: 552
  New 'line' coverage: 554
  New 'line' coverage: 556
  New 'line' coverage: 561
  New 'line' coverage: 565
  New 'line' coverage: 573
  New 'line' coverage: 574
  New 'line' coverage: 580
  New 'line' coverage: 585
  New 'line' coverage: 587
  New 'line' coverage: 588
  New 'line' coverage: 597
  New 'line' coverage: 599
  New 'line' coverage: 601
  New 'line' coverage: 603
  New 'line' coverage: 605
  New 'line' coverage: 606
  New 'line' coverage: 607
  New 'line' coverage: 609
  New 'line' coverage: 610
  New 'line' coverage: 615
  New 'line' coverage: 618
  New 'line' coverage: 619
  New 'line' coverage: 620
  New 'line' coverage: 621
  New 'line' coverage: 627
  New 'line' coverage: 629
  New 'line' coverage: 630
  New 'line' coverage: 631
  New 'line' coverage: 632
  New 'line' coverage: 633
  New 'line' coverage: 634
  New 'line' coverage: 637
  New 'line' coverage: 640
  New 'line' coverage: 642
  New 'line' coverage: 643
  New 'line' coverage: 644
  New 'line' coverage: 647
  New 'line' coverage: 673
  New 'line' coverage: 676
  New 'line' coverage: 677
  New 'line' coverage: 679
  New 'line' coverage: 680
  New 'line' coverage: 681
  New 'line' coverage: 682
  New 'line' coverage: 684
  New 'line' coverage: 691
  New 'line' coverage: 695
  New 'line' coverage: 697
  New 'line' coverage: 698
  New 'line' coverage: 699
  New 'line' coverage: 702
  New 'line' coverage: 707
  New 'line' coverage: 709
  New 'line' coverage: 710
  New 'line' coverage: 711
  New 'line' coverage: 713
  New 'line' coverage: 715
  New 'line' coverage: 716
  New 'line' coverage: 744
  New 'line' coverage: 747
  New 'line' coverage: 748
  New 'line' coverage: 749
  New 'line' coverage: 750
  New 'line' coverage: 753
  New 'line' coverage: 754
  New 'line' coverage: 755
  New 'line' coverage: 758
  New 'line' coverage: 764
  New 'line' coverage: 765
  New 'line' coverage: 766
  New 'line' coverage: 768
  New 'line' coverage: 769
  New 'line' coverage: 774
  New 'line' coverage: 776
  New 'line' coverage: 777
  New 'line' coverage: 780
  New 'line' coverage: 781
  New 'line' coverage: 782
  New 'line' coverage: 783
  New 'line' coverage: 784
  New 'line' coverage: 807
  New 'line' coverage: 810
  New 'line' coverage: 811
  New 'line' coverage: 812
  New 'line' coverage: 814
  New 'line' coverage: 815
  New 'line' coverage: 832
  New 'line' coverage: 837
  New 'line' coverage: 838
  New 'line' coverage: 839
  New 'line' coverage: 840
  New 'line' coverage: 842
  New 'line' coverage: 849
  New 'line' coverage: 854
  New 'line' coverage: 856
  New 'line' coverage: 858
  New 'line' coverage: 859
  New 'line' coverage: 860
  New 'line' coverage: 861
  New 'line' coverage: 862
  New 'line' coverage: 867
  New 'line' coverage: 869
  New 'line' coverage: 870
  New 'line' coverage: 873
  New 'line' coverage: 878
  New 'line' coverage: 879
  New 'line' coverage: 880
  New 'line' coverage: 881
  New 'line' coverage: 883
  New 'line' coverage: 924
  New 'line' coverage: 927
  New 'line' coverage: 929
  New 'line' coverage: 930
  New 'line' coverage: 931
  New 'line' coverage: 932
  New 'line' coverage: 933
  New 'line' coverage: 940
  New 'line' coverage: 943
  New 'line' coverage: 944
  New 'line' coverage: 975
  New 'line' coverage: 977
  New 'line' coverage: 978
  New 'line' coverage: 979
  New 'line' coverage: 980
  New 'line' coverage: 982
  New 'line' coverage: 996
  New 'line' coverage: 999
New src file: /unibench/jasper-2.0.12/src/libjasper/base/jas_malloc.c
  New 'function' coverage: jas_alloc2()
  New 'function' coverage: jas_free()
  New 'function' coverage: jas_malloc()
  New 'function' coverage: jas_realloc()
  New 'function' coverage: jas_realloc2()
  New 'line' coverage: 238
  New 'line' coverage: 241
  New 'line' coverage: 242
  New 'line' coverage: 243
  New 'line' coverage: 244
  New 'line' coverage: 247
  New 'line' coverage: 250
  New 'line' coverage: 251
  New 'line' coverage: 252
  New 'line' coverage: 253
  New 'line' coverage: 256
  New 'line' coverage: 258
  New 'line' coverage: 259
  New 'line' coverage: 260
  New 'line' coverage: 269
  New 'line' coverage: 272
  New 'line' coverage: 275
  New 'line' coverage: 288
  New 'line' coverage: 291
  New 'line' coverage: 294
New src file: /unibench/jasper-2.0.12/src/libjasper/bmp/bmp_dec.c
  New 'function' coverage: bmp_dec_parseopts()
  New 'function' coverage: bmp_decode()
  New 'function' coverage: bmp_getdata()
  New 'function' coverage: bmp_gethdr()
  New 'function' coverage: bmp_getinfo()
  New 'function' coverage: bmp_getint16()
  New 'function' coverage: bmp_getint32()
  New 'function' coverage: bmp_validate()
  New 'line' coverage: 117
  New 'line' coverage: 121
  New 'line' coverage: 123
  New 'line' coverage: 127
  New 'line' coverage: 140
  New 'line' coverage: 142
  New 'line' coverage: 149
  New 'line' coverage: 162
  New 'line' coverage: 163
  New 'line' coverage: 165
  New 'line' coverage: 169
  New 'line' coverage: 177
  New 'line' coverage: 181
  New 'line' coverage: 187
  New 'line' coverage: 191
  New 'line' coverage: 201
  New 'line' coverage: 202
  New 'line' coverage: 207
  New 'line' coverage: 213
  New 'line' coverage: 220
  New 'line' coverage: 227
  New 'line' coverage: 231
  New 'line' coverage: 239
  New 'line' coverage: 241
  New 'line' coverage: 242
  New 'line' coverage: 243
  New 'line' coverage: 244
  New 'line' coverage: 245
  New 'line' coverage: 246
  New 'line' coverage: 247
  New 'line' coverage: 248
  New 'line' coverage: 249
  New 'line' coverage: 250
  New 'line' coverage: 254
  New 'line' coverage: 259
  New 'line' coverage: 260
  New 'line' coverage: 261
  New 'line' coverage: 263
  New 'line' coverage: 265
  New 'line' coverage: 274
  New 'line' coverage: 275
  New 'line' coverage: 283
  New 'line' coverage: 284
  New 'line' coverage: 286
  New 'line' coverage: 287
  New 'line' coverage: 289
  New 'line' coverage: 292
  New 'line' coverage: 301
  New 'line' coverage: 305
  New 'line' coverage: 306
  New 'line' coverage: 311
  New 'line' coverage: 315
  New 'line' coverage: 316
  New 'line' coverage: 318
  New 'line' coverage: 325
  New 'line' coverage: 327
  New 'line' coverage: 328
  New 'line' coverage: 329
  New 'line' coverage: 332
  New 'line' coverage: 335
  New 'line' coverage: 342
  New 'line' coverage: 344
  New 'line' coverage: 349
  New 'line' coverage: 350
  New 'line' coverage: 351
  New 'line' coverage: 352
  New 'line' coverage: 353
  New 'line' coverage: 354
  New 'line' coverage: 355
  New 'line' coverage: 356
  New 'line' coverage: 360
  New 'line' coverage: 364
  New 'line' coverage: 367
  New 'line' coverage: 368
  New 'line' coverage: 372
  New 'line' coverage: 379
  New 'line' coverage: 384
  New 'line' coverage: 390
  New 'line' coverage: 398
  New 'line' coverage: 404
  New 'line' coverage: 407
  New 'line' coverage: 417
  New 'line' coverage: 426
  New 'line' coverage: 444
  New 'line' coverage: 445
  New 'line' coverage: 447
  New 'line' coverage: 448
  New 'line' coverage: 450
  New 'line' coverage: 451
  New 'line' coverage: 452
  New 'line' coverage: 456
  New 'line' coverage: 457
  New 'line' coverage: 464
  New 'line' coverage: 465
  New 'line' coverage: 469
  New 'line' coverage: 470
  New 'line' coverage: 471
  New 'line' coverage: 472
  New 'line' coverage: 492
  New 'line' coverage: 493
  New 'line' coverage: 494
  New 'line' coverage: 495
  New 'line' coverage: 496
  New 'line' coverage: 499
  New 'line' coverage: 500
  New 'line' coverage: 501
  New 'line' coverage: 502
  New 'line' coverage: 507
  New 'line' coverage: 513
  New 'line' coverage: 514
  New 'line' coverage: 515
  New 'line' coverage: 525
  New 'line' coverage: 526
  New 'line' coverage: 527
  New 'line' coverage: 531
  New 'line' coverage: 538
  New 'line' coverage: 542
  New 'line' coverage: 545
  New 'line' coverage: 546
  New 'line' coverage: 548
  New 'line' coverage: 551
  New 'line' coverage: 556
  New 'line' coverage: 557
  New 'line' coverage: 560
  New 'line' coverage: 561
  New 'line' coverage: 562
  New 'line' coverage: 564
  New 'line' coverage: 565
  New 'line' coverage: 566
  New 'line' coverage: 567
  New 'line' coverage: 569
New src file: /unibench/jasper-2.0.12/src/libjasper/jpg/jpg_dec.c
  New 'function' coverage: jpg_copystreamtofile()
  New 'function' coverage: jpg_dec_parseopts()
  New 'function' coverage: jpg_decode()
  New 'function' coverage: jpg_finish_output()
  New 'function' coverage: jpg_mkimage()
  New 'function' coverage: jpg_put_pixel_rows()
  New 'function' coverage: jpg_start_output()
  New 'line' coverage: 160
  New 'line' coverage: 164
  New 'line' coverage: 165
  New 'line' coverage: 167
  New 'line' coverage: 171
  New 'line' coverage: 187
  New 'line' coverage: 189
  New 'line' coverage: 198
  New 'line' coverage: 204
  New 'line' coverage: 214
  New 'line' coverage: 215
  New 'line' coverage: 217
  New 'line' coverage: 218
  New 'line' coverage: 219
  New 'line' coverage: 221
  New 'line' coverage: 223
  New 'line' coverage: 227
  New 'line' coverage: 232
  New 'line' coverage: 233
  New 'line' coverage: 236
  New 'line' coverage: 240
  New 'line' coverage: 244
  New 'line' coverage: 247
  New 'line' coverage: 248
  New 'line' coverage: 249
  New 'line' coverage: 250
  New 'line' coverage: 253
  New 'line' coverage: 254
  New 'line' coverage: 257
  New 'line' coverage: 258
  New 'line' coverage: 259
  New 'line' coverage: 260
  New 'line' coverage: 263
  New 'line' coverage: 268
  New 'line' coverage: 269
  New 'line' coverage: 270
  New 'line' coverage: 273
  New 'line' coverage: 281
  New 'line' coverage: 282
  New 'line' coverage: 283
  New 'line' coverage: 284
  New 'line' coverage: 290
  New 'line' coverage: 296
  New 'line' coverage: 297
  New 'line' coverage: 301
  New 'line' coverage: 302
  New 'line' coverage: 303
  New 'line' coverage: 304
  New 'line' coverage: 306
  New 'line' coverage: 307
  New 'line' coverage: 308
  New 'line' coverage: 311
  New 'line' coverage: 312
  New 'line' coverage: 313
  New 'line' coverage: 315
  New 'line' coverage: 317
  New 'line' coverage: 319
  New 'line' coverage: 321
  New 'line' coverage: 324
  New 'line' coverage: 325
  New 'line' coverage: 328
  New 'line' coverage: 329
  New 'line' coverage: 331
  New 'line' coverage: 333
  New 'line' coverage: 334
  New 'line' coverage: 335
  New 'line' coverage: 337
  New 'line' coverage: 342
  New 'line' coverage: 361
  New 'line' coverage: 368
  New 'line' coverage: 370
  New 'line' coverage: 371
  New 'line' coverage: 372
  New 'line' coverage: 375
  New 'line' coverage: 380
  New 'line' coverage: 381
  New 'line' coverage: 382
  New 'line' coverage: 383
  New 'line' coverage: 384
  New 'line' coverage: 385
  New 'line' coverage: 386
  New 'line' coverage: 387
  New 'line' coverage: 388
  New 'line' coverage: 393
  New 'line' coverage: 402
  New 'line' coverage: 403
  New 'line' coverage: 407
  New 'line' coverage: 420
  New 'line' coverage: 424
  New 'line' coverage: 425
  New 'line' coverage: 429
  New 'line' coverage: 432
  New 'line' coverage: 439
  New 'line' coverage: 442
  New 'line' coverage: 444
  New 'line' coverage: 446
  New 'line' coverage: 447
  New 'line' coverage: 449
  New 'line' coverage: 457
  New 'line' coverage: 459
  New 'line' coverage: 463
  New 'line' coverage: 465
  New 'line' coverage: 466
  New 'line' coverage: 467
  New 'line' coverage: 468
  New 'line' coverage: 469
  New 'line' coverage: 470
  New 'line' coverage: 472
  New 'line' coverage: 475
  New 'line' coverage: 480
  New 'line' coverage: 483
  New 'line' coverage: 485
  New 'line' coverage: 488
  New 'line' coverage: 489
  New 'line' coverage: 490
New src file: /unibench/jasper-2.0.12/src/libjasper/pnm/pnm_cod.c
  New 'function' coverage: pnm_fmt()
  New 'function' coverage: pnm_maxvaltodepth()
  New 'function' coverage: pnm_type()
  New 'line' coverage: 102
  New 'line' coverage: 103
  New 'line' coverage: 109
  New 'line' coverage: 113
  New 'line' coverage: 116
  New 'line' coverage: 120
  New 'line' coverage: 121
  New 'line' coverage: 125
  New 'line' coverage: 126
  New 'line' coverage: 132
  New 'line' coverage: 136
  New 'line' coverage: 140
  New 'line' coverage: 141
  New 'line' coverage: 142
  New 'line' coverage: 143
  New 'line' coverage: 145
  New 'line' coverage: 88
  New 'line' coverage: 91
  New 'line' coverage: 94
  New 'line' coverage: 95
  New 'line' coverage: 98
  New 'line' coverage: 99
New src file: /unibench/jasper-2.0.12/src/libjasper/jpg/jpg_val.c
  New 'function' coverage: jpg_validate()
  New 'line' coverage: 101
  New 'line' coverage: 106
  New 'line' coverage: 107
  New 'line' coverage: 110
  New 'line' coverage: 78
  New 'line' coverage: 88
  New 'line' coverage: 94
  New 'line' coverage: 95

[+] Processed 125 / 125 test cases.

[+] Final zero coverage report: ./raw_data/formatfuzzer/group_1/outputs_group1_1/imginfo/imginfo_formatfuzz_5/ffgen/cov/zero-cov
[+] Final positive coverage report: ./raw_data/formatfuzzer/group_1/outputs_group1_1/imginfo/imginfo_formatfuzz_5/ffgen/cov/pos-cov
    lines......: 14.7% (2126 of 14443 lines)
    functions..: 25.3% (193 of 763 functions)
[+] Final lcov web report: ./raw_data/formatfuzzer/group_1/outputs_group1_1/imginfo/imginfo_formatfuzz_5/ffgen/cov/web/index.html
