
*** Imported 591 new test cases from: ./raw_data/AFL++_series/group_1/outputs_group1_2/flvmeta/flvmeta_FuzzGen/output/default/queue

[+] AFL test case: id:000000,time:0,execs:0,orig:flv-9_3.flv (0 / 591), cycle: 0
    Non-zero exit status '3' for CMD: /d/p/cov/flvmeta  ./raw_data/AFL++_series/group_1/outputs_group1_2/flvmeta/flvmeta_FuzzGen/output/default/queue/id:000000,time:0,execs:0,orig:flv-9_3.flv 
/d/p/cov/flvmeta: unexpected end of file
[+] AFL test case: id:000001,time:0,execs:0,orig:flv-9_2.flv (1 / 591), cycle: 0
[+] AFL test case: id:000002,time:0,execs:0,orig:flv-9_1.flv (2 / 591), cycle: 0
[+] AFL test case: id:000003,time:0,execs:0,orig:flv-8_1.flv (3 / 591), cycle: 0
[+] AFL test case: id:000004,time:0,execs:0,orig:flv-7_1.flv (4 / 591), cycle: 0
[+] AFL test case: id:000005,time:0,execs:0,orig:flv-6_3.flv (5 / 591), cycle: 0
[+] AFL test case: id:000006,time:0,execs:0,orig:flv-6_2.flv (6 / 591), cycle: 0
[+] AFL test case: id:000007,time:0,execs:0,orig:flv-6_1.flv (7 / 591), cycle: 0
[+] AFL test case: id:000008,time:0,execs:0,orig:flv-5_5.flv (8 / 591), cycle: 0
[+] AFL test case: id:000009,time:0,execs:0,orig:flv-5_4.flv (9 / 591), cycle: 0
[+] AFL test case: id:000010,time:0,execs:0,orig:flv-5_3.flv (10 / 591), cycle: 0
[+] AFL test case: id:000011,time:0,execs:0,orig:flv-5_2.flv (11 / 591), cycle: 0
[+] AFL test case: id:000012,time:0,execs:0,orig:flv-5_1.flv (12 / 591), cycle: 0
[+] AFL test case: id:000013,time:0,execs:0,orig:flv-4_3.flv (13 / 591), cycle: 0
[+] AFL test case: id:000014,time:0,execs:0,orig:flv-4_2.flv (14 / 591), cycle: 0
[+] AFL test case: id:000015,time:0,execs:0,orig:flv-4_1.flv (15 / 591), cycle: 0
[+] AFL test case: id:000016,time:0,execs:0,orig:flv-3_1.flv (16 / 591), cycle: 0
[+] AFL test case: id:000017,time:0,execs:0,orig:flv-30_1.flv (17 / 591), cycle: 0
[+] AFL test case: id:000018,time:0,execs:0,orig:flv-2_5.flv (18 / 591), cycle: 0
[+] AFL test case: id:000019,time:0,execs:0,orig:flv-2_4.flv (19 / 591), cycle: 0
[+] AFL test case: id:000020,time:0,execs:0,orig:flv-2_3.flv (20 / 591), cycle: 0
[+] AFL test case: id:000021,time:0,execs:0,orig:flv-2_2.flv (21 / 591), cycle: 0
[+] AFL test case: id:000022,time:0,execs:0,orig:flv-2_1.flv (22 / 591), cycle: 0
[+] AFL test case: id:000023,time:0,execs:0,orig:flv-29_2.json (23 / 591), cycle: 0
[+] AFL test case: id:000024,time:0,execs:0,orig:flv-29_1.flv (24 / 591), cycle: 0
[+] AFL test case: id:000025,time:0,execs:0,orig:flv-28_5.flv (25 / 591), cycle: 0
[+] AFL test case: id:000026,time:0,execs:0,orig:flv-28_4.flv (26 / 591), cycle: 0
[+] AFL test case: id:000027,time:0,execs:0,orig:flv-28_3.flv (27 / 591), cycle: 0
[+] AFL test case: id:000028,time:0,execs:0,orig:flv-28_2.flv (28 / 591), cycle: 0
[+] AFL test case: id:000029,time:0,execs:0,orig:flv-28_1.flv (29 / 591), cycle: 0
[+] AFL test case: id:000030,time:0,execs:0,orig:flv-27_2.flv (30 / 591), cycle: 0
[+] AFL test case: id:000031,time:0,execs:0,orig:flv-27_1.json (31 / 591), cycle: 0
[+] AFL test case: id:000032,time:0,execs:0,orig:flv-26_5.flv (32 / 591), cycle: 0
[+] AFL test case: id:000033,time:0,execs:0,orig:flv-26_4.flv (33 / 591), cycle: 0
[+] AFL test case: id:000034,time:0,execs:0,orig:flv-26_3.flv (34 / 591), cycle: 0
[+] AFL test case: id:000035,time:0,execs:0,orig:flv-26_2.flv (35 / 591), cycle: 0
[+] AFL test case: id:000036,time:0,execs:0,orig:flv-26_1.flv (36 / 591), cycle: 0
[+] AFL test case: id:000037,time:0,execs:0,orig:flv-25_1.flv (37 / 591), cycle: 0
[+] AFL test case: id:000038,time:0,execs:0,orig:flv-24_2.flv (38 / 591), cycle: 0
[+] AFL test case: id:000039,time:0,execs:0,orig:flv-24_1.json (39 / 591), cycle: 0
[+] AFL test case: id:000040,time:0,execs:0,orig:flv-23_2.flv (40 / 591), cycle: 0
[+] AFL test case: id:000041,time:0,execs:0,orig:flv-23_1.json (41 / 591), cycle: 0
[+] AFL test case: id:000042,time:0,execs:0,orig:flv-22_5.flv (42 / 591), cycle: 0
[+] AFL test case: id:000043,time:0,execs:0,orig:flv-22_4.flv (43 / 591), cycle: 0
[+] AFL test case: id:000044,time:0,execs:0,orig:flv-22_3.flv (44 / 591), cycle: 0
[+] AFL test case: id:000045,time:0,execs:0,orig:flv-22_2.flv (45 / 591), cycle: 0
[+] AFL test case: id:000046,time:0,execs:0,orig:flv-22_1.flv (46 / 591), cycle: 0
[+] AFL test case: id:000047,time:0,execs:0,orig:flv-21_5.flv (47 / 591), cycle: 0
[+] AFL test case: id:000048,time:0,execs:0,orig:flv-21_4.flv (48 / 591), cycle: 0
[+] AFL test case: id:000049,time:0,execs:0,orig:flv-21_3.flv (49 / 591), cycle: 0
[+] AFL test case: id:000050,time:0,execs:0,orig:flv-21_2.flv (50 / 591), cycle: 0
[+] AFL test case: id:000051,time:0,execs:0,orig:flv-21_1.flv (51 / 591), cycle: 0
[+] AFL test case: id:000052,time:0,execs:0,orig:flv-20_1.flv (52 / 591), cycle: 0
[+] AFL test case: id:000053,time:0,execs:0,orig:flv-1_1.flv (53 / 591), cycle: 0
[+] AFL test case: id:000054,time:0,execs:0,orig:flv-19_1.flv (54 / 591), cycle: 0
[+] AFL test case: id:000055,time:0,execs:0,orig:flv-18_1.flv (55 / 591), cycle: 0
[+] AFL test case: id:000056,time:0,execs:0,orig:flv-17_4.flv (56 / 591), cycle: 0
[+] AFL test case: id:000057,time:0,execs:0,orig:flv-17_3.flv (57 / 591), cycle: 0
[+] AFL test case: id:000058,time:0,execs:0,orig:flv-17_2.flv (58 / 591), cycle: 0
[+] AFL test case: id:000059,time:0,execs:0,orig:flv-17_1.flv (59 / 591), cycle: 0
[+] AFL test case: id:000060,time:0,execs:0,orig:flv-16_5.flv (60 / 591), cycle: 0
[+] AFL test case: id:000061,time:0,execs:0,orig:flv-16_4.flv (61 / 591), cycle: 0
[+] AFL test case: id:000062,time:0,execs:0,orig:flv-16_3.flv (62 / 591), cycle: 0
[+] AFL test case: id:000063,time:0,execs:0,orig:flv-16_2.flv (63 / 591), cycle: 0
[+] AFL test case: id:000064,time:0,execs:0,orig:flv-16_1.flv (64 / 591), cycle: 0
[+] AFL test case: id:000065,time:0,execs:0,orig:flv-15_1.flv (65 / 591), cycle: 0
[+] AFL test case: id:000066,time:0,execs:0,orig:flv-14_5.flv (66 / 591), cycle: 0
[+] AFL test case: id:000067,time:0,execs:0,orig:flv-14_4.flv (67 / 591), cycle: 0
[+] AFL test case: id:000068,time:0,execs:0,orig:flv-14_3.flv (68 / 591), cycle: 0
[+] AFL test case: id:000069,time:0,execs:0,orig:flv-14_2.flv (69 / 591), cycle: 0
[+] AFL test case: id:000070,time:0,execs:0,orig:flv-14_1.flv (70 / 591), cycle: 0
[+] AFL test case: id:000071,time:0,execs:0,orig:flv-13_4.flv (71 / 591), cycle: 0
[+] AFL test case: id:000072,time:0,execs:0,orig:flv-13_3.flv (72 / 591), cycle: 0
[+] AFL test case: id:000073,time:0,execs:0,orig:flv-13_2.flv (73 / 591), cycle: 0
[+] AFL test case: id:000074,time:0,execs:0,orig:flv-13_1.flv (74 / 591), cycle: 0
[+] AFL test case: id:000075,time:0,execs:0,orig:flv-12_2.json (75 / 591), cycle: 0
[+] AFL test case: id:000076,time:0,execs:0,orig:flv-12_1.flv (76 / 591), cycle: 0
[+] AFL test case: id:000077,time:0,execs:0,orig:flv-11_1.flv (77 / 591), cycle: 0
[+] AFL test case: id:000078,time:0,execs:0,orig:flv-10_1.flv (78 / 591), cycle: 0
[+] AFL test case: id:000079,time:0,execs:0,orig:99.flv (79 / 591), cycle: 0
[+] AFL test case: id:000080,time:0,execs:0,orig:98.flv (80 / 591), cycle: 0
[+] AFL test case: id:000081,time:0,execs:0,orig:97.flv (81 / 591), cycle: 0
[+] AFL test case: id:000082,time:0,execs:0,orig:96.flv (82 / 591), cycle: 0
[+] AFL test case: id:000083,time:0,execs:0,orig:95.flv (83 / 591), cycle: 0
[+] AFL test case: id:000084,time:0,execs:0,orig:94.flv (84 / 591), cycle: 0
[+] AFL test case: id:000085,time:0,execs:0,orig:93.flv (85 / 591), cycle: 0
[+] AFL test case: id:000086,time:0,execs:0,orig:92.flv (86 / 591), cycle: 0
[+] AFL test case: id:000087,time:0,execs:0,orig:91.flv (87 / 591), cycle: 0
[+] AFL test case: id:000088,time:0,execs:0,orig:90.flv (88 / 591), cycle: 0
[+] AFL test case: id:000089,time:0,execs:0,orig:9.flv (89 / 591), cycle: 0
[+] AFL test case: id:000090,time:0,execs:0,orig:89.flv (90 / 591), cycle: 0
[+] AFL test case: id:000091,time:0,execs:0,orig:88.flv (91 / 591), cycle: 0
[+] AFL test case: id:000092,time:0,execs:0,orig:87.flv (92 / 591), cycle: 0
[+] AFL test case: id:000093,time:0,execs:0,orig:86.flv (93 / 591), cycle: 0
[+] AFL test case: id:000094,time:0,execs:0,orig:85.flv (94 / 591), cycle: 0
[+] AFL test case: id:000095,time:0,execs:0,orig:84.flv (95 / 591), cycle: 0
[+] AFL test case: id:000096,time:0,execs:0,orig:83.flv (96 / 591), cycle: 0
[+] AFL test case: id:000097,time:0,execs:0,orig:82.flv (97 / 591), cycle: 0
[+] AFL test case: id:000098,time:0,execs:0,orig:81.flv (98 / 591), cycle: 0
[+] AFL test case: id:000099,time:0,execs:0,orig:80.flv (99 / 591), cycle: 0
[+] AFL test case: id:000100,time:0,execs:0,orig:8.flv (100 / 591), cycle: 0
[+] AFL test case: id:000101,time:0,execs:0,orig:79.flv (101 / 591), cycle: 0
[+] AFL test case: id:000102,time:0,execs:0,orig:78.flv (102 / 591), cycle: 0
[+] AFL test case: id:000103,time:0,execs:0,orig:77.flv (103 / 591), cycle: 0
[+] AFL test case: id:000104,time:0,execs:0,orig:76.flv (104 / 591), cycle: 0
[+] AFL test case: id:000105,time:0,execs:0,orig:75.flv (105 / 591), cycle: 0
[+] AFL test case: id:000106,time:0,execs:0,orig:74.flv (106 / 591), cycle: 0
[+] AFL test case: id:000107,time:0,execs:0,orig:73.flv (107 / 591), cycle: 0
[+] AFL test case: id:000108,time:0,execs:0,orig:72.flv (108 / 591), cycle: 0
[+] AFL test case: id:000109,time:0,execs:0,orig:71.flv (109 / 591), cycle: 0
[+] AFL test case: id:000110,time:0,execs:0,orig:70.flv (110 / 591), cycle: 0
[+] AFL test case: id:000111,time:0,execs:0,orig:7.flv (111 / 591), cycle: 0
[+] AFL test case: id:000112,time:0,execs:0,orig:69.flv (112 / 591), cycle: 0
[+] AFL test case: id:000113,time:0,execs:0,orig:68.flv (113 / 591), cycle: 0
[+] AFL test case: id:000114,time:0,execs:0,orig:67.flv (114 / 591), cycle: 0
[+] AFL test case: id:000115,time:0,execs:0,orig:66.flv (115 / 591), cycle: 0
[+] AFL test case: id:000116,time:0,execs:0,orig:65.flv (116 / 591), cycle: 0
[+] AFL test case: id:000117,time:0,execs:0,orig:64.flv (117 / 591), cycle: 0
[+] AFL test case: id:000118,time:0,execs:0,orig:63.flv (118 / 591), cycle: 0
[+] AFL test case: id:000119,time:0,execs:0,orig:62.flv (119 / 591), cycle: 0
[+] AFL test case: id:000120,time:0,execs:0,orig:61.flv (120 / 591), cycle: 0
[+] AFL test case: id:000121,time:0,execs:0,orig:60.flv (121 / 591), cycle: 0
[+] AFL test case: id:000122,time:0,execs:0,orig:6.flv (122 / 591), cycle: 0
[+] AFL test case: id:000123,time:0,execs:0,orig:59.flv (123 / 591), cycle: 0
[+] AFL test case: id:000124,time:0,execs:0,orig:58.flv (124 / 591), cycle: 0
[+] AFL test case: id:000125,time:0,execs:0,orig:57.flv (125 / 591), cycle: 0
[+] AFL test case: id:000126,time:0,execs:0,orig:56.flv (126 / 591), cycle: 0
[+] AFL test case: id:000127,time:0,execs:0,orig:55.flv (127 / 591), cycle: 0
[+] AFL test case: id:000128,time:0,execs:0,orig:54.flv (128 / 591), cycle: 0
[+] AFL test case: id:000129,time:0,execs:0,orig:53.flv (129 / 591), cycle: 0
[+] AFL test case: id:000130,time:0,execs:0,orig:52.flv (130 / 591), cycle: 0
[+] AFL test case: id:000131,time:0,execs:0,orig:51.flv (131 / 591), cycle: 0
[+] AFL test case: id:000132,time:0,execs:0,orig:50.flv (132 / 591), cycle: 0
[+] AFL test case: id:000133,time:0,execs:0,orig:5.flv (133 / 591), cycle: 0
[+] AFL test case: id:000134,time:0,execs:0,orig:49.flv (134 / 591), cycle: 0
[+] AFL test case: id:000135,time:0,execs:0,orig:48.flv (135 / 591), cycle: 0
[+] AFL test case: id:000136,time:0,execs:0,orig:47.flv (136 / 591), cycle: 0
[+] AFL test case: id:000137,time:0,execs:0,orig:46.flv (137 / 591), cycle: 0
[+] AFL test case: id:000138,time:0,execs:0,orig:45.flv (138 / 591), cycle: 0
[+] AFL test case: id:000139,time:0,execs:0,orig:44.flv (139 / 591), cycle: 0
[+] AFL test case: id:000140,time:0,execs:0,orig:43.flv (140 / 591), cycle: 0
[+] AFL test case: id:000141,time:0,execs:0,orig:42.flv (141 / 591), cycle: 0
[+] AFL test case: id:000142,time:0,execs:0,orig:41.flv (142 / 591), cycle: 0
[+] AFL test case: id:000143,time:0,execs:0,orig:40.flv (143 / 591), cycle: 0
[+] AFL test case: id:000144,time:0,execs:0,orig:4.flv (144 / 591), cycle: 0
[+] AFL test case: id:000145,time:0,execs:0,orig:39.flv (145 / 591), cycle: 0
[+] AFL test case: id:000146,time:0,execs:0,orig:38.flv (146 / 591), cycle: 0
[+] AFL test case: id:000147,time:0,execs:0,orig:37.flv (147 / 591), cycle: 0
[+] AFL test case: id:000148,time:0,execs:0,orig:36.flv (148 / 591), cycle: 0
[+] AFL test case: id:000149,time:0,execs:0,orig:35.flv (149 / 591), cycle: 0
[+] AFL test case: id:000150,time:0,execs:0,orig:34.flv (150 / 591), cycle: 0
[+] AFL test case: id:000151,time:0,execs:0,orig:33.flv (151 / 591), cycle: 0
[+] AFL test case: id:000152,time:0,execs:0,orig:32.flv (152 / 591), cycle: 0
[+] AFL test case: id:000153,time:0,execs:0,orig:31.flv (153 / 591), cycle: 0
[+] AFL test case: id:000154,time:0,execs:0,orig:30.flv (154 / 591), cycle: 0
[+] AFL test case: id:000155,time:0,execs:0,orig:3.flv (155 / 591), cycle: 0
[+] AFL test case: id:000156,time:0,execs:0,orig:29.flv (156 / 591), cycle: 0
[+] AFL test case: id:000157,time:0,execs:0,orig:28.flv (157 / 591), cycle: 0
[+] AFL test case: id:000158,time:0,execs:0,orig:27.flv (158 / 591), cycle: 0
[+] AFL test case: id:000159,time:0,execs:0,orig:26.flv (159 / 591), cycle: 0
[+] AFL test case: id:000160,time:0,execs:0,orig:25.flv (160 / 591), cycle: 0
[+] AFL test case: id:000161,time:0,execs:0,orig:24.flv (161 / 591), cycle: 0
[+] AFL test case: id:000162,time:0,execs:0,orig:23.flv (162 / 591), cycle: 0
[+] AFL test case: id:000163,time:0,execs:0,orig:22.flv (163 / 591), cycle: 0
[+] AFL test case: id:000164,time:0,execs:0,orig:21.flv (164 / 591), cycle: 0
[+] AFL test case: id:000165,time:0,execs:0,orig:20.flv (165 / 591), cycle: 0
[+] AFL test case: id:000166,time:0,execs:0,orig:2.flv (166 / 591), cycle: 0
[+] AFL test case: id:000167,time:0,execs:0,orig:19.flv (167 / 591), cycle: 0
[+] AFL test case: id:000168,time:0,execs:0,orig:18.flv (168 / 591), cycle: 0
[+] AFL test case: id:000169,time:0,execs:0,orig:17.flv (169 / 591), cycle: 0
[+] AFL test case: id:000170,time:0,execs:0,orig:16.flv (170 / 591), cycle: 0
[+] AFL test case: id:000171,time:0,execs:0,orig:15.flv (171 / 591), cycle: 0
[+] AFL test case: id:000172,time:0,execs:0,orig:14.flv (172 / 591), cycle: 0
[+] AFL test case: id:000173,time:0,execs:0,orig:13.flv (173 / 591), cycle: 0
[+] AFL test case: id:000174,time:0,execs:0,orig:12.flv (174 / 591), cycle: 0
[+] AFL test case: id:000175,time:0,execs:0,orig:11.flv (175 / 591), cycle: 0
[+] AFL test case: id:000176,time:0,execs:0,orig:100.flv (176 / 591), cycle: 0
[+] AFL test case: id:000177,time:0,execs:0,orig:10.flv (177 / 591), cycle: 0
[+] AFL test case: id:000178,time:0,execs:0,orig:1.flv (178 / 591), cycle: 0
[+] AFL test case: id:000179,src:000078,time:3,execs:1443,op:colorization,pos:0,+cov (179 / 591), cycle: 0
[+] AFL test case: id:000180,src:000078,time:5,execs:1453,op:colorization,pos:0,+cov (180 / 591), cycle: 0
[+] AFL test case: id:000181,src:000078,time:64,execs:1469,op:havoc,rep:2,+cov (181 / 591), cycle: 0
[+] AFL test case: id:000182,src:000078,time:67,execs:1479,op:havoc,rep:2,+cov (182 / 591), cycle: 0
[+] AFL test case: id:000183,src:000078,time:70,execs:1492,op:havoc,rep:8,+cov (183 / 591), cycle: 0
[+] AFL test case: id:000184,src:000078,time:74,execs:1508,op:havoc,rep:4,+cov (184 / 591), cycle: 0
[+] AFL test case: id:000185,src:000078,time:77,execs:1519,op:havoc,rep:8,+cov (185 / 591), cycle: 0
[+] AFL test case: id:000186,src:000078,time:80,execs:1533,op:havoc,rep:8,+cov (186 / 591), cycle: 0
[+] AFL test case: id:000187,src:000078,time:83,execs:1543,op:havoc,rep:2,+cov (187 / 591), cycle: 0
[+] AFL test case: id:000188,src:000078,time:88,execs:1567,op:havoc,rep:16,+cov (188 / 591), cycle: 0
[+] AFL test case: id:000189,src:000078,time:96,execs:1603,op:havoc,rep:8 (189 / 591), cycle: 0
[+] AFL test case: id:000190,src:000078,time:5953,execs:26720,op:havoc,rep:8,+cov (190 / 591), cycle: 0
[+] AFL test case: id:000191,src:000189+000174,time:7919,execs:34952,op:splice,rep:16,+cov (191 / 591), cycle: 0
[+] AFL test case: id:000192,src:000189+000164,time:7940,execs:35032,op:splice,rep:8,+cov (192 / 591), cycle: 0
[+] AFL test case: id:000193,src:000004+000046,time:8076,execs:35523,op:splice,rep:16 (193 / 591), cycle: 0
[+] AFL test case: id:000194,src:000004+000046,time:8087,execs:35532,op:splice,rep:16 (194 / 591), cycle: 0
[+] AFL test case: id:000195,src:000004+000046,time:8117,execs:35542,op:splice,rep:4 (195 / 591), cycle: 0
[+] AFL test case: id:000196,src:000004+000046,time:8183,execs:35556,op:splice,rep:16 (196 / 591), cycle: 0
[+] AFL test case: id:000197,src:000004+000046,time:8568,execs:35657,op:splice,rep:8,+cov (197 / 591), cycle: 0
[+] AFL test case: id:000198,src:000191+000035,time:10918,execs:38325,op:splice,rep:16,+cov (198 / 591), cycle: 0
[+] AFL test case: id:000199,src:000191+000061,time:10990,execs:38407,op:splice,rep:8,+cov (199 / 591), cycle: 0
[+] AFL test case: id:000200,src:000191+000033,time:11014,execs:38506,op:splice,rep:16,+cov (200 / 591), cycle: 0
[+] AFL test case: id:000201,src:000199,time:11648,execs:40198,op:colorization,rep:8,+cov (201 / 591), cycle: 0
[+] AFL test case: id:000202,src:000199,time:11673,execs:40252,op:its,rep:8,+cov (202 / 591), cycle: 0
[+] AFL test case: id:000203,src:000199,time:11677,execs:40267,op:its,rep:8,+cov (203 / 591), cycle: 0
[+] AFL test case: id:000204,src:000199,time:11683,execs:40276,op:its,rep:8,+cov (204 / 591), cycle: 0
[+] AFL test case: id:000205,src:000199,time:11696,execs:40324,op:havoc,rep:4,+cov (205 / 591), cycle: 0
[+] AFL test case: id:000206,src:000199,time:11745,execs:40529,op:havoc,rep:4,+cov (206 / 591), cycle: 0
[+] AFL test case: id:000207,src:000199,time:11787,execs:40701,op:havoc,rep:8 (207 / 591), cycle: 0
[+] AFL test case: id:000208,src:000199,time:11939,execs:41326,op:havoc,rep:2 (208 / 591), cycle: 0
[+] AFL test case: id:000209,src:000199,time:11987,execs:41522,op:havoc,rep:2,+cov (209 / 591), cycle: 0
[+] AFL test case: id:000210,src:000199,time:12483,execs:43580,op:havoc,rep:2,+cov (210 / 591), cycle: 0
[+] AFL test case: id:000211,src:000199,time:12674,execs:44374,op:havoc,rep:2,+cov (211 / 591), cycle: 0
[+] AFL test case: id:000212,src:000199,time:13269,execs:46869,op:havoc,rep:4,+cov (212 / 591), cycle: 0
[+] AFL test case: id:000213,src:000199,time:13576,execs:48156,op:havoc,rep:8 (213 / 591), cycle: 0
[+] AFL test case: id:000214,src:000199,time:13754,execs:48900,op:havoc,rep:4 (214 / 591), cycle: 0
[+] AFL test case: id:000215,src:000199,time:14657,execs:52708,op:havoc,rep:2,+cov (215 / 591), cycle: 0
[+] AFL test case: id:000216,src:000199,time:15211,execs:55066,op:havoc,rep:2,+cov (216 / 591), cycle: 0
[+] AFL test case: id:000217,src:000199,time:18568,execs:69178,op:havoc,rep:4,+cov (217 / 591), cycle: 0
[+] AFL test case: id:000218,src:000200,time:19916,execs:74179,op:colorization,rep:4,+cov (218 / 591), cycle: 0
[+] AFL test case: id:000219,src:000200,time:20024,execs:74579,op:havoc,rep:4,+cov (219 / 591), cycle: 0
[+] AFL test case: id:000220,src:000200,time:20095,execs:74873,op:havoc,rep:4 (220 / 591), cycle: 0
[+] AFL test case: id:000221,src:000203,time:20597,execs:76873,op:havoc,rep:8 (221 / 591), cycle: 0
[+] AFL test case: id:000222,src:000203,time:20748,execs:77508,op:havoc,rep:2,+cov (222 / 591), cycle: 0
[+] AFL test case: id:000223,src:000203+000028,time:21060,execs:78807,op:splice,rep:8,+cov (223 / 591), cycle: 0
[+] AFL test case: id:000224,src:000203+000033,time:21189,execs:79342,op:splice,rep:8,+cov (224 / 591), cycle: 0
[+] AFL test case: id:000225,src:000209,time:21293,execs:79763,op:colorization,rep:16,+cov (225 / 591), cycle: 0
[+] AFL test case: id:000226,src:000219,time:22024,execs:81626,op:havoc,rep:8 (226 / 591), cycle: 0
[+] AFL test case: id:000227,src:000207+000062,time:22743,execs:83755,op:splice,rep:8 (227 / 591), cycle: 0
[+] AFL test case: id:000228,src:000218,time:23951,execs:88151,op:havoc,rep:4,+cov (228 / 591), cycle: 0
[+] AFL test case: id:000229,src:000223,time:24402,execs:89460,op:its,rep:8,+cov (229 / 591), cycle: 0
[+] AFL test case: id:000230,src:000223,time:24405,execs:89476,op:havoc,rep:4 (230 / 591), cycle: 0
[+] AFL test case: id:000231,src:000212+000098,time:25723,execs:92798,op:splice,rep:16 (231 / 591), cycle: 0
[+] AFL test case: id:000232,src:000217,time:26815,execs:96295,op:its,rep:2,+cov (232 / 591), cycle: 0
[+] AFL test case: id:000233,src:000208,time:27372,execs:98279,op:havoc,rep:2 (233 / 591), cycle: 0
[+] AFL test case: id:000234,src:000227+000161,time:28370,execs:101368,op:splice,rep:4 (234 / 591), cycle: 0
[+] AFL test case: id:000235,src:000230+000077,time:28801,execs:102853,op:splice,rep:4 (235 / 591), cycle: 0
[+] AFL test case: id:000236,src:000230+000077,time:28804,execs:102865,op:splice,rep:16 (236 / 591), cycle: 0
[+] AFL test case: id:000237,src:000222,time:29508,execs:104994,op:havoc,rep:2,+cov (237 / 591), cycle: 0
[+] AFL test case: id:000238,src:000222,time:29536,execs:105109,op:havoc,rep:2,+cov (238 / 591), cycle: 0
[+] AFL test case: id:000239,src:000222+000137,time:30300,execs:108275,op:splice,rep:16 (239 / 591), cycle: 0
[+] AFL test case: id:000240,src:000222+000137,time:30330,execs:108385,op:splice,rep:4 (240 / 591), cycle: 0
[+] AFL test case: id:000241,src:000236,time:30965,execs:110083,op:its,rep:16,+cov (241 / 591), cycle: 0
[+] AFL test case: id:000242,src:000236,time:30977,execs:110132,op:its,rep:16 (242 / 591), cycle: 0
[+] AFL test case: id:000243,src:000236,time:30981,execs:110141,op:its,rep:16 (243 / 591), cycle: 0
[+] AFL test case: id:000244,src:000236,time:31001,execs:110215,op:havoc,rep:4,+cov (244 / 591), cycle: 0
[+] AFL test case: id:000245,src:000236,time:31024,execs:110309,op:havoc,rep:4 (245 / 591), cycle: 0
[+] AFL test case: id:000246,src:000236,time:31044,execs:110391,op:havoc,rep:8 (246 / 591), cycle: 0
[+] AFL test case: id:000247,src:000236,time:31211,execs:111081,op:havoc,rep:2,+cov (247 / 591), cycle: 0
[+] AFL test case: id:000248,src:000236,time:31486,execs:112217,op:havoc,rep:4 (248 / 591), cycle: 0
[+] AFL test case: id:000249,src:000236,time:31598,execs:112685,op:havoc,rep:8 (249 / 591), cycle: 0
[+] AFL test case: id:000250,src:000236,time:32121,execs:114843,op:havoc,rep:4 (250 / 591), cycle: 0
[+] AFL test case: id:000251,src:000236,time:32728,execs:117325,op:havoc,rep:4 (251 / 591), cycle: 0
[+] AFL test case: id:000252,src:000236,time:33571,execs:120813,op:havoc,rep:16 (252 / 591), cycle: 0
[+] AFL test case: id:000253,src:000247,time:37699,execs:136445,op:havoc,rep:4,+cov (253 / 591), cycle: 0
[+] AFL test case: id:000254,src:000247,time:37703,execs:136463,op:havoc,rep:4,+cov (254 / 591), cycle: 0
[+] AFL test case: id:000255,src:000247,time:37799,execs:136849,op:havoc,rep:2,+cov (255 / 591), cycle: 0
[+] AFL test case: id:000256,src:000247,time:38408,execs:139339,op:havoc,rep:8,+cov (256 / 591), cycle: 0
[+] AFL test case: id:000257,src:000247,time:38827,execs:141063,op:havoc,rep:2,+cov (257 / 591), cycle: 0
[+] AFL test case: id:000258,src:000247,time:39064,execs:142030,op:havoc,rep:16,+cov (258 / 591), cycle: 0
[+] AFL test case: id:000259,src:000247,time:39214,execs:142646,op:havoc,rep:2 (259 / 591), cycle: 0
[+] AFL test case: id:000260,src:000247,time:40009,execs:145901,op:havoc,rep:4 (260 / 591), cycle: 0
[+] AFL test case: id:000261,src:000247,time:40044,execs:146045,op:havoc,rep:2 (261 / 591), cycle: 0
[+] AFL test case: id:000262,src:000247,time:40860,execs:149388,op:havoc,rep:4,+cov (262 / 591), cycle: 0
[+] AFL test case: id:000263,src:000247,time:40953,execs:149774,op:havoc,rep:4,+cov (263 / 591), cycle: 0
[+] AFL test case: id:000264,src:000247,time:40980,execs:149884,op:havoc,rep:4 (264 / 591), cycle: 0
[+] AFL test case: id:000265,src:000247,time:41584,execs:152382,op:havoc,rep:4 (265 / 591), cycle: 0
[+] AFL test case: id:000266,src:000247,time:41805,execs:153304,op:havoc,rep:2 (266 / 591), cycle: 0
[+] AFL test case: id:000267,src:000247+000152,time:44010,execs:162369,op:splice,rep:8 (267 / 591), cycle: 0
[+] AFL test case: id:000268,src:000247+000152,time:44033,execs:162458,op:splice,rep:16 (268 / 591), cycle: 0
[+] AFL test case: id:000269,src:000258,time:44729,execs:165201,op:colorization,rep:16 (269 / 591), cycle: 0
[+] AFL test case: id:000270,src:000258,time:44783,execs:165371,op:its,rep:16,+cov (270 / 591), cycle: 0
[+] AFL test case: id:000271,src:000258,time:44788,execs:165389,op:its,rep:16,+cov (271 / 591), cycle: 0
[+] AFL test case: id:000272,src:000258,time:44791,execs:165398,op:its,rep:16,+cov (272 / 591), cycle: 0
[+] AFL test case: id:000273,src:000258,time:44800,execs:165430,op:havoc,rep:4 (273 / 591), cycle: 0
[+] AFL test case: id:000274,src:000258,time:44858,execs:165670,op:havoc,rep:16 (274 / 591), cycle: 0
[+] AFL test case: id:000275,src:000258,time:44927,execs:165957,op:havoc,rep:2 (275 / 591), cycle: 0
[+] AFL test case: id:000276,src:000258,time:44934,execs:165987,op:havoc,rep:4 (276 / 591), cycle: 0
[+] AFL test case: id:000277,src:000258,time:45110,execs:166718,op:havoc,rep:4 (277 / 591), cycle: 0
[+] AFL test case: id:000278,src:000258,time:45873,execs:169877,op:havoc,rep:4 (278 / 591), cycle: 0
[+] AFL test case: id:000279,src:000258,time:46162,execs:171078,op:havoc,rep:8 (279 / 591), cycle: 0
[+] AFL test case: id:000280,src:000258,time:46912,execs:174190,op:havoc,rep:8 (280 / 591), cycle: 0
[+] AFL test case: id:000281,src:000258,time:47129,execs:175095,op:havoc,rep:4 (281 / 591), cycle: 0
[+] AFL test case: id:000282,src:000258,time:47892,execs:178290,op:havoc,rep:2 (282 / 591), cycle: 0
[+] AFL test case: id:000283,src:000258,time:49774,execs:186110,op:havoc,rep:4 (283 / 591), cycle: 0
[+] AFL test case: id:000284,src:000258+000010,time:50854,execs:190553,op:splice,rep:4 (284 / 591), cycle: 0
[+] AFL test case: id:000285,src:000258+000010,time:50864,execs:190562,op:splice,rep:16 (285 / 591), cycle: 0
[+] AFL test case: id:000286,src:000258+000010,time:50873,execs:190571,op:splice,rep:4 (286 / 591), cycle: 0
[+] AFL test case: id:000287,src:000258+000010,time:50900,execs:190587,op:splice,rep:8 (287 / 591), cycle: 0
[+] AFL test case: id:000288,src:000258+000010,time:50970,execs:190652,op:splice,rep:16 (288 / 591), cycle: 0
[+] AFL test case: id:000289,src:000258+000010,time:51010,execs:190684,op:splice,rep:8 (289 / 591), cycle: 0
[+] AFL test case: id:000290,src:000258+000010,time:51238,execs:190869,op:splice,rep:4 (290 / 591), cycle: 0
[+] AFL test case: id:000291,src:000258+000010,time:51380,execs:190983,op:splice,rep:16 (291 / 591), cycle: 0
[+] AFL test case: id:000292,src:000258+000010,time:51994,execs:191497,op:splice,rep:4 (292 / 591), cycle: 0
[+] AFL test case: id:000293,src:000258+000010,time:52035,execs:191521,op:splice,rep:16 (293 / 591), cycle: 0
[+] AFL test case: id:000294,src:000258+000010,time:53280,execs:192556,op:splice,rep:16 (294 / 591), cycle: 0
[+] AFL test case: id:000295,src:000272,time:55566,execs:196137,op:colorization,rep:2 (295 / 591), cycle: 0
[+] AFL test case: id:000296,src:000272,time:55578,execs:196182,op:colorization,rep:2 (296 / 591), cycle: 0
[+] AFL test case: id:000297,src:000272,time:55645,execs:196408,op:havoc,rep:4 (297 / 591), cycle: 0
[+] AFL test case: id:000298,src:000250,time:57888,execs:203210,op:colorization,rep:4 (298 / 591), cycle: 0
[+] AFL test case: id:000299,src:000254+000128,time:59888,execs:210568,op:splice,rep:4 (299 / 591), cycle: 0
[+] AFL test case: id:000300,src:000254+000076,time:60133,execs:211520,op:splice,rep:16,+cov (300 / 591), cycle: 0
[+] AFL test case: id:000301,src:000254+000076,time:60300,execs:211655,op:splice,rep:16 (301 / 591), cycle: 0
[+] AFL test case: id:000302,src:000254+000076,time:60578,execs:211898,op:splice,rep:16 (302 / 591), cycle: 0
[+] AFL test case: id:000303,src:000225+000281,time:62346,execs:216431,op:splice,rep:4 (303 / 591), cycle: 0
[+] AFL test case: id:000304,src:000225+000294,time:62403,execs:216632,op:splice,rep:8 (304 / 591), cycle: 0
[+] AFL test case: id:000305,src:000225+000294,time:62547,execs:216740,op:splice,rep:8 (305 / 591), cycle: 0
[+] AFL test case: id:000306,src:000225+000294,time:62744,execs:216875,op:splice,rep:8 (306 / 591), cycle: 0
[+] AFL test case: id:000307,src:000225+000294,time:63014,execs:217067,op:splice,rep:8 (307 / 591), cycle: 0
[+] AFL test case: id:000308,src:000225+000294,time:63062,execs:217102,op:splice,rep:8 (308 / 591), cycle: 0
[+] AFL test case: id:000309,src:000301,time:69372,execs:230946,op:havoc,rep:2 (309 / 591), cycle: 0
[+] AFL test case: id:000310,src:000301,time:69593,execs:231590,op:havoc,rep:8 (310 / 591), cycle: 0
[+] AFL test case: id:000311,src:000301,time:69744,execs:232028,op:havoc,rep:4 (311 / 591), cycle: 0
[+] AFL test case: id:000312,src:000301,time:70133,execs:233163,op:havoc,rep:4 (312 / 591), cycle: 0
[+] AFL test case: id:000313,src:000301,time:71057,execs:235858,op:havoc,rep:4 (313 / 591), cycle: 0
[+] AFL test case: id:000314,src:000301,time:71501,execs:237146,op:havoc,rep:4 (314 / 591), cycle: 0
[+] AFL test case: id:000315,src:000301,time:74169,execs:244906,op:havoc,rep:2 (315 / 591), cycle: 0
[+] AFL test case: id:000316,src:000301,time:74695,execs:246443,op:havoc,rep:16 (316 / 591), cycle: 0
[+] AFL test case: id:000317,src:000301+000010,time:75792,execs:249739,op:splice,rep:4 (317 / 591), cycle: 0
[+] AFL test case: id:000318,src:000301+000010,time:75865,execs:249753,op:splice,rep:8 (318 / 591), cycle: 0
[+] AFL test case: id:000319,src:000301+000010,time:75909,execs:249766,op:splice,rep:16 (319 / 591), cycle: 0
[+] AFL test case: id:000320,src:000301+000010,time:75977,execs:249790,op:splice,rep:8 (320 / 591), cycle: 0
[+] AFL test case: id:000321,src:000301+000010,time:76290,execs:249892,op:splice,rep:4 (321 / 591), cycle: 0
[+] AFL test case: id:000322,src:000301+000010,time:76931,execs:250094,op:splice,rep:2 (322 / 591), cycle: 0
[+] AFL test case: id:000323,src:000314,time:85801,execs:258852,op:havoc,rep:16 (323 / 591), cycle: 0
[+] AFL test case: id:000324,src:000314+000091,time:86899,execs:261519,op:splice,rep:8 (324 / 591), cycle: 0
[+] AFL test case: id:000325,src:000314+000319,time:87883,execs:263059,op:splice,rep:8 (325 / 591), cycle: 0
[+] AFL test case: id:000326,src:000323+000162,time:89913,execs:265925,op:splice,rep:16 (326 / 591), cycle: 0
[+] AFL test case: id:000327,src:000254,time:99927,execs:292881,op:havoc,rep:4,+cov (327 / 591), cycle: 0
[+] AFL test case: id:000328,src:000327,time:101799,execs:299127,op:havoc,rep:4 (328 / 591), cycle: 0
[+] AFL test case: id:000329,src:000327,time:101871,execs:299428,op:havoc,rep:2 (329 / 591), cycle: 0
[+] AFL test case: id:000330,src:000327,time:102126,execs:300483,op:havoc,rep:8,+cov (330 / 591), cycle: 0
[+] AFL test case: id:000331,src:000327,time:102457,execs:301858,op:havoc,rep:2,+cov (331 / 591), cycle: 0
[+] AFL test case: id:000332,src:000327,time:102583,execs:302373,op:havoc,rep:2,+cov (332 / 591), cycle: 0
[+] AFL test case: id:000333,src:000327,time:103677,execs:306928,op:havoc,rep:4,+cov (333 / 591), cycle: 0
[+] AFL test case: id:000334,src:000327,time:104717,execs:311242,op:havoc,rep:4,+cov (334 / 591), cycle: 0
[+] AFL test case: id:000335,src:000333,time:108063,execs:324570,op:colorization,rep:8,+cov (335 / 591), cycle: 0
[+] AFL test case: id:000336,src:000213,time:113312,execs:341622,op:havoc,rep:2 (336 / 591), cycle: 0
[+] AFL test case: id:000337,src:000327,time:121297,execs:366945,op:havoc,rep:2 (337 / 591), cycle: 0
[+] AFL test case: id:000338,src:000329,time:122107,execs:370210,op:havoc,rep:2 (338 / 591), cycle: 0
[+] AFL test case: id:000339,src:000338,time:123570,execs:375613,op:havoc,rep:2,+cov (339 / 591), cycle: 0
[+] AFL test case: id:000340,src:000337,time:125074,execs:379475,op:havoc,rep:4,+cov (340 / 591), cycle: 0
[+] AFL test case: id:000341,src:000337,time:125163,execs:379840,op:havoc,rep:2 (341 / 591), cycle: 0
[+] AFL test case: id:000342,src:000337,time:125171,execs:379874,op:havoc,rep:2 (342 / 591), cycle: 0
[+] AFL test case: id:000343,src:000337+000253,time:126783,execs:386123,op:splice,rep:2 (343 / 591), cycle: 0
[+] AFL test case: id:000344,src:000219,time:128254,execs:390144,op:havoc,rep:4 (344 / 591), cycle: 0
[+] AFL test case: id:000345,src:000339+000175,time:129606,execs:394120,op:splice,rep:8 (345 / 591), cycle: 0
[+] AFL test case: id:000346,src:000339+000033,time:130348,execs:396199,op:splice,rep:2,+cov (346 / 591), cycle: 0
[+] AFL test case: id:000347,src:000342+000055,time:131379,execs:400047,op:splice,rep:2 (347 / 591), cycle: 0
[+] AFL test case: id:000348,src:000346,time:132689,execs:403627,op:havoc,rep:4,+cov (348 / 591), cycle: 0
[+] AFL test case: id:000349,src:000346,time:133156,execs:405563,op:havoc,rep:4,+cov (349 / 591), cycle: 0
[+] AFL test case: id:000350,src:000349,time:136594,execs:418806,op:havoc,rep:4 (350 / 591), cycle: 0
[+] AFL test case: id:000351,src:000349+000011,time:137509,execs:421636,op:splice,rep:16 (351 / 591), cycle: 0
[+] AFL test case: id:000352,src:000349+000011,time:137536,execs:421647,op:splice,rep:2 (352 / 591), cycle: 0
[+] AFL test case: id:000353,src:000349+000011,time:137707,execs:421709,op:splice,rep:16 (353 / 591), cycle: 0
[+] AFL test case: id:000354,src:000349+000011,time:137905,execs:421779,op:splice,rep:8 (354 / 591), cycle: 0
[+] AFL test case: id:000355,src:000349+000011,time:137956,execs:421793,op:splice,rep:2 (355 / 591), cycle: 0
[+] AFL test case: id:000356,src:000349+000011,time:138019,execs:421814,op:splice,rep:16 (356 / 591), cycle: 0
[+] AFL test case: id:000357,src:000349+000011,time:138547,execs:422027,op:splice,rep:16 (357 / 591), cycle: 0
[+] AFL test case: id:000358,src:000349+000011,time:139008,execs:422213,op:splice,rep:16 (358 / 591), cycle: 0
[+] AFL test case: id:000359,src:000342+000158,time:147061,execs:430331,op:splice,rep:8 (359 / 591), cycle: 0
[+] AFL test case: id:000360,src:000339,time:148045,execs:433131,op:havoc,rep:8 (360 / 591), cycle: 0
[+] AFL test case: id:000361,src:000342,time:149966,execs:440834,op:havoc,rep:2 (361 / 591), cycle: 0
[+] AFL test case: id:000362,src:000342,time:150012,execs:441021,op:havoc,rep:16 (362 / 591), cycle: 0
[+] AFL test case: id:000363,src:000360,time:153407,execs:452870,op:its,rep:8 (363 / 591), cycle: 0
[+] AFL test case: id:000364,src:000360,time:153420,execs:452921,op:havoc,rep:4 (364 / 591), cycle: 0
[+] AFL test case: id:000365,src:000241+000285,time:175913,execs:525468,op:splice,rep:8 (365 / 591), cycle: 0
[+] AFL test case: id:000366,src:000342+000037,time:229829,execs:692394,op:splice,rep:8 (366 / 591), cycle: 0
[+] AFL test case: id:000367,src:000342+000037,time:229852,execs:692490,op:splice,rep:2,+cov (367 / 591), cycle: 0
[+] AFL test case: id:000368,src:000342,time:230259,execs:694103,op:havoc,rep:2 (368 / 591), cycle: 0
[+] AFL test case: id:000369,src:000247+000315,time:255005,execs:771856,op:splice,rep:16 (369 / 591), cycle: 0
[+] AFL test case: id:000370,src:000209+000123,time:260367,execs:791206,op:splice,rep:16 (370 / 591), cycle: 0
[+] AFL test case: id:000371,src:000227,time:266830,execs:811132,op:havoc,rep:4 (371 / 591), cycle: 0
[+] AFL test case: id:000372,src:000272,time:304173,execs:925308,op:havoc,rep:2 (372 / 591), cycle: 0
[+] AFL test case: id:000373,src:000367,time:340615,execs:1035951,op:havoc,rep:2,+cov (373 / 591), cycle: 0
[+] AFL test case: id:000374,src:000339+000279,time:345162,execs:1051204,op:splice,rep:4 (374 / 591), cycle: 0
[+] AFL test case: id:000375,src:000362+000166,time:364456,execs:1108982,op:splice,rep:16 (375 / 591), cycle: 0
[+] AFL test case: id:000376,src:000272,time:370268,execs:1125807,op:havoc,rep:4 (376 / 591), cycle: 0
[+] AFL test case: id:000377,src:000362+000314,time:414234,execs:1264800,op:splice,rep:8 (377 / 591), cycle: 0
[+] AFL test case: id:000378,src:000272+000247,time:434472,execs:1322517,op:splice,rep:4 (378 / 591), cycle: 0
[+] AFL test case: id:000379,src:000241+000099,time:462626,execs:1413718,op:splice,rep:2 (379 / 591), cycle: 0
[+] AFL test case: id:000380,src:000208+000314,time:484396,execs:1475534,op:splice,rep:4 (380 / 591), cycle: 0
[+] AFL test case: id:000381,src:000225+000305,time:533917,execs:1635211,op:splice,rep:8 (381 / 591), cycle: 0
[+] AFL test case: id:000382,src:000362,time:601682,execs:1844428,op:havoc,rep:2 (382 / 591), cycle: 0
[+] AFL test case: id:000383,src:000367+000005,time:638101,execs:1956368,op:splice,rep:4 (383 / 591), cycle: 0
[+] AFL test case: id:000384,src:000268+000107,time:652511,execs:2000153,op:splice,rep:16 (384 / 591), cycle: 0
[+] AFL test case: id:000385,src:000362,time:660322,execs:2022886,op:havoc,rep:4 (385 / 591), cycle: 0
[+] AFL test case: id:000386,src:000335+000198,time:677711,execs:2069645,op:splice,rep:4 (386 / 591), cycle: 0
[+] AFL test case: id:000387,src:000346,time:680053,execs:2075950,op:havoc,rep:2 (387 / 591), cycle: 0
[+] AFL test case: id:000388,src:000346+000033,time:715736,execs:2190070,op:splice,rep:2,+cov (388 / 591), cycle: 0
[+] AFL test case: id:000389,src:000388,time:717093,execs:2194098,op:colorization,rep:4 (389 / 591), cycle: 0
[+] AFL test case: id:000390,src:000388,time:717120,execs:2194206,op:colorization,rep:4 (390 / 591), cycle: 0
[+] AFL test case: id:000391,src:000388,time:717737,execs:2196605,op:havoc,rep:2 (391 / 591), cycle: 0
[+] AFL test case: id:000392,src:000388,time:718180,execs:2198400,op:havoc,rep:2 (392 / 591), cycle: 0
[+] AFL test case: id:000393,src:000388,time:718708,execs:2200539,op:havoc,rep:2 (393 / 591), cycle: 0
[+] AFL test case: id:000394,src:000388,time:719299,execs:2202920,op:havoc,rep:16 (394 / 591), cycle: 0
[+] AFL test case: id:000395,src:000388,time:719413,execs:2203385,op:havoc,rep:4 (395 / 591), cycle: 0
[+] AFL test case: id:000396,src:000388,time:720197,execs:2206574,op:havoc,rep:4 (396 / 591), cycle: 0
[+] AFL test case: id:000397,src:000388,time:721351,execs:2211262,op:havoc,rep:4 (397 / 591), cycle: 0
[+] AFL test case: id:000398,src:000334+000046,time:737487,execs:2257724,op:splice,rep:2 (398 / 591), cycle: 0
[+] AFL test case: id:000399,src:000390,time:848860,execs:2612535,op:havoc,rep:2 (399 / 591), cycle: 0
[+] AFL test case: id:000400,src:000390,time:848869,execs:2612568,op:havoc,rep:4 (400 / 591), cycle: 0
[+] AFL test case: id:000401,src:000390,time:849018,execs:2613182,op:havoc,rep:2 (401 / 591), cycle: 0
[+] AFL test case: id:000402,src:000390,time:849684,execs:2615913,op:havoc,rep:2 (402 / 591), cycle: 0
[+] AFL test case: id:000403,src:000390,time:850659,execs:2619884,op:havoc,rep:2 (403 / 591), cycle: 0
[+] AFL test case: id:000404,src:000390,time:852085,execs:2625591,op:havoc,rep:4 (404 / 591), cycle: 0
[+] AFL test case: id:000405,src:000403,time:857889,execs:2646970,op:havoc,rep:8 (405 / 591), cycle: 0
[+] AFL test case: id:000406,src:000218,time:864188,execs:2665895,op:havoc,rep:4 (406 / 591), cycle: 0
[+] AFL test case: id:000407,src:000403,time:867400,execs:2674000,op:havoc,rep:2 (407 / 591), cycle: 0
[+] AFL test case: id:000408,src:000232,time:882131,execs:2719274,op:havoc,rep:4 (408 / 591), cycle: 0
[+] AFL test case: id:000409,src:000403,time:886608,execs:2733805,op:havoc,rep:2 (409 / 591), cycle: 0
[+] AFL test case: id:000410,src:000403,time:886971,execs:2735270,op:havoc,rep:2 (410 / 591), cycle: 0
[+] AFL test case: id:000411,src:000218,time:943570,execs:2912586,op:havoc,rep:2 (411 / 591), cycle: 0
[+] AFL test case: id:000412,src:000403,time:954998,execs:2952258,op:havoc,rep:4 (412 / 591), cycle: 0
[+] AFL test case: id:000413,src:000346+000409,time:975443,execs:3014294,op:splice,rep:8 (413 / 591), cycle: 0
[+] AFL test case: id:000414,src:000346+000409,time:975502,execs:3014512,op:splice,rep:8 (414 / 591), cycle: 0
[+] AFL test case: id:000415,src:000346+000409,time:975597,execs:3014863,op:splice,rep:2 (415 / 591), cycle: 0
[+] AFL test case: id:000416,src:000346+000409,time:975676,execs:3015144,op:splice,rep:16 (416 / 591), cycle: 0
[+] AFL test case: id:000417,src:000187+000394,time:990366,execs:3060765,op:splice,rep:2 (417 / 591), cycle: 0
[+] AFL test case: id:000418,src:000227,time:1029355,execs:3180524,op:havoc,rep:4 (418 / 591), cycle: 0
[+] AFL test case: id:000419,src:000362,time:1035941,execs:3200324,op:havoc,rep:2 (419 / 591), cycle: 0
[+] AFL test case: id:000420,src:000362+000400,time:1046635,execs:3233243,op:splice,rep:16 (420 / 591), cycle: 0
[+] AFL test case: id:000421,src:000335+000293,time:1062508,execs:3281997,op:splice,rep:4 (421 / 591), cycle: 0
[+] AFL test case: id:000422,src:000247+000289,time:1158392,execs:3577988,op:splice,rep:8 (422 / 591), cycle: 0
[+] AFL test case: id:000423,src:000403+000069,time:1188486,execs:3670420,op:splice,rep:4 (423 / 591), cycle: 0
[+] AFL test case: id:000424,src:000213+000035,time:1223251,execs:3781842,op:splice,rep:2 (424 / 591), cycle: 0
[+] AFL test case: id:000425,src:000403+000415,time:1272670,execs:3934810,op:splice,rep:4 (425 / 591), cycle: 0
[+] AFL test case: id:000426,src:000367+000419,time:1275067,execs:3943766,op:splice,rep:2 (426 / 591), cycle: 0
[+] AFL test case: id:000427,src:000367+000419,time:1275133,execs:3943996,op:splice,rep:8 (427 / 591), cycle: 0
[+] AFL test case: id:000428,src:000263,time:1288299,execs:3982060,op:havoc,rep:16 (428 / 591), cycle: 0
[+] AFL test case: id:000429,src:000339+000415,time:1300602,execs:4020488,op:splice,rep:16 (429 / 591), cycle: 0
[+] AFL test case: id:000430,src:000339+000415,time:1300633,execs:4020593,op:splice,rep:16 (430 / 591), cycle: 0
[+] AFL test case: id:000431,src:000339+000415,time:1300771,execs:4021052,op:splice,rep:8 (431 / 591), cycle: 0
[+] AFL test case: id:000432,src:000339+000415,time:1300915,execs:4021536,op:splice,rep:16 (432 / 591), cycle: 0
[+] AFL test case: id:000433,src:000339+000432,time:1302041,execs:4025389,op:splice,rep:8 (433 / 591), cycle: 0
[+] AFL test case: id:000434,src:000263,time:1311266,execs:4051937,op:havoc,rep:2 (434 / 591), cycle: 0
[+] AFL test case: id:000435,src:000362,time:1459571,execs:4497389,op:havoc,rep:2 (435 / 591), cycle: 0
[+] AFL test case: id:000436,src:000263+000435,time:1516710,execs:4679797,op:splice,rep:8 (436 / 591), cycle: 0
[+] AFL test case: id:000437,src:000263+000435,time:1516727,execs:4679853,op:splice,rep:8 (437 / 591), cycle: 0
[+] AFL test case: id:000438,src:000263+000435,time:1516754,execs:4679941,op:splice,rep:16 (438 / 591), cycle: 0
[+] AFL test case: id:000439,src:000432,time:1581612,execs:4862060,op:havoc,rep:4 (439 / 591), cycle: 0
[+] AFL test case: id:000440,src:000432,time:1581698,execs:4862308,op:havoc,rep:8 (440 / 591), cycle: 0
[+] AFL test case: id:000441,src:000432,time:1582959,execs:4865299,op:havoc,rep:16 (441 / 591), cycle: 0
[+] AFL test case: id:000442,src:000432,time:1583277,execs:4866145,op:havoc,rep:16 (442 / 591), cycle: 0
[+] AFL test case: id:000443,src:000432,time:1583292,execs:4866188,op:havoc,rep:4 (443 / 591), cycle: 0
[+] AFL test case: id:000444,src:000432,time:1585108,execs:4871086,op:havoc,rep:16 (444 / 591), cycle: 0
[+] AFL test case: id:000445,src:000432,time:1588953,execs:4881453,op:havoc,rep:2 (445 / 591), cycle: 0
[+] AFL test case: id:000446,src:000432,time:1590400,execs:4885633,op:havoc,rep:8 (446 / 591), cycle: 0
[+] AFL test case: id:000447,src:000432+000076,time:1593897,execs:4895148,op:splice,rep:2 (447 / 591), cycle: 0
[+] AFL test case: id:000448,src:000263+000444,time:1602809,execs:4918312,op:splice,rep:4 (448 / 591), cycle: 0
[+] AFL test case: id:000449,src:000348,time:1671769,execs:5131027,op:havoc,rep:2 (449 / 591), cycle: 0
[+] AFL test case: id:000450,src:000449,time:1674079,execs:5139835,op:havoc,rep:4 (450 / 591), cycle: 0
[+] AFL test case: id:000451,src:000449+000404,time:1705092,execs:5237317,op:splice,rep:16 (451 / 591), cycle: 0
[+] AFL test case: id:000452,src:000449+000404,time:1705219,execs:5237817,op:splice,rep:16 (452 / 591), cycle: 0
[+] AFL test case: id:000453,src:000449,time:1803600,execs:5542524,op:havoc,rep:8 (453 / 591), cycle: 0
[+] AFL test case: id:000454,src:000346+000422,time:1863200,execs:5706901,op:splice,rep:4 (454 / 591), cycle: 0
[+] AFL test case: id:000455,src:000383,time:1910701,execs:5843367,op:havoc,rep:4 (455 / 591), cycle: 0
[+] AFL test case: id:000456,src:000449+000451,time:1945766,execs:5945396,op:splice,rep:16 (456 / 591), cycle: 0
[+] AFL test case: id:000457,src:000449+000451,time:1945769,execs:5945405,op:splice,rep:4 (457 / 591), cycle: 0
[+] AFL test case: id:000458,src:000449+000451,time:1945885,execs:5945768,op:splice,rep:16 (458 / 591), cycle: 0
[+] AFL test case: id:000459,src:000449+000438,time:1958953,execs:5984539,op:splice,rep:8 (459 / 591), cycle: 0
[+] AFL test case: id:000460,src:000449+000438,time:1959051,execs:5984832,op:splice,rep:4 (460 / 591), cycle: 0
[+] AFL test case: id:000461,src:000449+000024,time:1963455,execs:5997355,op:splice,rep:16 (461 / 591), cycle: 0
[+] AFL test case: id:000462,src:000457,time:1971690,execs:6027075,op:havoc,rep:16 (462 / 591), cycle: 0
[+] AFL test case: id:000463,src:000345+000437,time:1991991,execs:6092494,op:splice,rep:4 (463 / 591), cycle: 0
[+] AFL test case: id:000464,src:000449+000448,time:2083306,execs:6366436,op:splice,rep:4 (464 / 591), cycle: 0
[+] AFL test case: id:000465,src:000449+000448,time:2083361,execs:6366568,op:splice,rep:8 (465 / 591), cycle: 0
[+] AFL test case: id:000466,src:000449+000448,time:2083381,execs:6366620,op:splice,rep:16 (466 / 591), cycle: 0
[+] AFL test case: id:000467,src:000403+000282,time:2127258,execs:6498290,op:splice,rep:4 (467 / 591), cycle: 0
[+] AFL test case: id:000468,src:000241+000091,time:2253378,execs:6896766,op:splice,rep:16 (468 / 591), cycle: 0
[+] AFL test case: id:000469,src:000449+000466,time:2278786,execs:6971229,op:splice,rep:16 (469 / 591), cycle: 0
[+] AFL test case: id:000470,src:000367+000467,time:2337325,execs:7157823,op:splice,rep:4 (470 / 591), cycle: 0
[+] AFL test case: id:000471,src:000209+000467,time:2353131,execs:7207561,op:splice,rep:4 (471 / 591), cycle: 0
[+] AFL test case: id:000472,src:000449,time:2414704,execs:7398614,op:havoc,rep:2 (472 / 591), cycle: 0
[+] AFL test case: id:000473,src:000346+000468,time:2431403,execs:7453700,op:splice,rep:8 (473 / 591), cycle: 0
[+] AFL test case: id:000474,src:000346+000468,time:2431420,execs:7453753,op:splice,rep:8 (474 / 591), cycle: 0
[+] AFL test case: id:000475,src:000346+000468,time:2431480,execs:7453949,op:splice,rep:16 (475 / 591), cycle: 0
[+] AFL test case: id:000476,src:000346+000468,time:2431578,execs:7454271,op:splice,rep:16 (476 / 591), cycle: 0
[+] AFL test case: id:000477,src:000263+000469,time:2451534,execs:7514319,op:splice,rep:16 (477 / 591), cycle: 0
[+] AFL test case: id:000478,src:000263+000469,time:2451548,execs:7514359,op:splice,rep:16 (478 / 591), cycle: 0
[+] AFL test case: id:000479,src:000263+000469,time:2451574,execs:7514428,op:splice,rep:8 (479 / 591), cycle: 0
[+] AFL test case: id:000480,src:000449+000472,time:2598738,execs:7957403,op:splice,rep:16 (480 / 591), cycle: 0
[+] AFL test case: id:000481,src:000327+000428,time:2652887,execs:8121121,op:splice,rep:16 (481 / 591), cycle: 0
[+] AFL test case: id:000482,src:000327+000428,time:2652905,execs:8121177,op:splice,rep:16 (482 / 591), cycle: 0
[+] AFL test case: id:000483,src:000449+000473,time:2658310,execs:8138807,op:splice,rep:16 (483 / 591), cycle: 0
[+] AFL test case: id:000484,src:000449+000480,time:2726012,execs:8355101,op:splice,rep:16 (484 / 591), cycle: 0
[+] AFL test case: id:000485,src:000403,time:3018855,execs:9268073,op:havoc,rep:16 (485 / 591), cycle: 0
[+] AFL test case: id:000486,time:0,execs:10207250,orig:flv-31_1.flv (486 / 591), cycle: 0
[+] AFL test case: id:000487,src:000486+000063,time:3348854,execs:10210370,op:splice,rep:2 (487 / 591), cycle: 0
[+] AFL test case: id:000488,src:000463+000170,time:3523595,execs:10754126,op:splice,rep:4 (488 / 591), cycle: 0
[+] AFL test case: id:000489,src:000247+000477,time:3570976,execs:10904775,op:splice,rep:2 (489 / 591), cycle: 0
[+] AFL test case: id:000490,src:000335,time:3624313,execs:11074657,op:havoc,rep:4 (490 / 591), cycle: 0
[+] AFL test case: id:000491,time:0,execs:12136561,orig:flv-32_1.flv (491 / 591), cycle: 0
[+] AFL test case: id:000492,src:000449,time:4106115,execs:12449061,op:havoc,rep:4 (492 / 591), cycle: 0
[+] AFL test case: id:000493,src:000350+000475,time:4118548,execs:12487985,op:splice,rep:16 (493 / 591), cycle: 0
[+] AFL test case: id:000494,src:000455,time:4123629,execs:12504420,op:havoc,rep:4 (494 / 591), cycle: 0
[+] AFL test case: id:000495,src:000488,time:4227633,execs:12816748,op:havoc,rep:4 (495 / 591), cycle: 0
[+] AFL test case: id:000496,src:000494,time:4232680,execs:12834344,op:havoc,rep:4 (496 / 591), cycle: 0
[+] AFL test case: id:000497,src:000494,time:4232890,execs:12835162,op:havoc,rep:4 (497 / 591), cycle: 0
[+] AFL test case: id:000498,src:000494,time:4233565,execs:12837804,op:havoc,rep:2 (498 / 591), cycle: 0
[+] AFL test case: id:000499,src:000494,time:4234832,execs:12842716,op:havoc,rep:8 (499 / 591), cycle: 0
[+] AFL test case: id:000500,src:000406,time:4391266,execs:13339966,op:havoc,rep:2 (500 / 591), cycle: 0
[+] AFL test case: id:000501,src:000499,time:4491261,execs:13651324,op:havoc,rep:4 (501 / 591), cycle: 0
[+] AFL test case: id:000502,src:000499,time:4491483,execs:13652194,op:havoc,rep:4 (502 / 591), cycle: 0
[+] AFL test case: id:000503,src:000449+000266,time:4503993,execs:13687970,op:splice,rep:16 (503 / 591), cycle: 0
[+] AFL test case: id:000504,src:000493,time:4675349,execs:14226899,op:havoc,rep:16 (504 / 591), cycle: 0
[+] AFL test case: id:000505,src:000449+000489,time:5093813,execs:15568076,op:splice,rep:8 (505 / 591), cycle: 0
[+] AFL test case: id:000506,time:0,execs:16899749,orig:flv-33_2.flv (506 / 591), cycle: 0
[+] AFL test case: id:000507,time:0,execs:16899757,orig:flv-33_1.flv (507 / 591), cycle: 0
[+] AFL test case: id:000508,time:0,execs:16899765,orig:flv-33_3.flv (508 / 591), cycle: 0
[+] AFL test case: id:000509,src:000346+000161,time:5710373,execs:17470311,op:splice,rep:16 (509 / 591), cycle: 0
[+] AFL test case: id:000510,src:000449,time:5734655,execs:17550494,op:havoc,rep:2 (510 / 591), cycle: 0
[+] AFL test case: id:000511,src:000500,time:5937440,execs:18178150,op:havoc,rep:8 (511 / 591), cycle: 0
[+] AFL test case: id:000512,src:000500,time:5937497,execs:18178376,op:havoc,rep:2 (512 / 591), cycle: 0
[+] AFL test case: id:000513,src:000471,time:5946864,execs:18208630,op:havoc,rep:16 (513 / 591), cycle: 0
[+] AFL test case: id:000514,src:000241+000509,time:6109353,execs:18738482,op:splice,rep:2 (514 / 591), cycle: 0
[+] AFL test case: id:000515,src:000241+000509,time:6109393,execs:18738603,op:splice,rep:8 (515 / 591), cycle: 0
[+] AFL test case: id:000516,src:000449+000515,time:6234724,execs:19144043,op:splice,rep:8 (516 / 591), cycle: 0
[+] AFL test case: id:000517,src:000449+000515,time:6234784,execs:19144240,op:splice,rep:16 (517 / 591), cycle: 0
[+] AFL test case: id:000518,src:000449+000515,time:6234907,execs:19144651,op:splice,rep:16 (518 / 591), cycle: 0
[+] AFL test case: id:000519,src:000467,time:6273025,execs:19267550,op:havoc,rep:16 (519 / 591), cycle: 0
[+] AFL test case: id:000520,src:000362+000275,time:6422380,execs:19747305,op:splice,rep:8 (520 / 591), cycle: 0
[+] AFL test case: id:000521,src:000346,time:6593190,execs:20282393,op:havoc,rep:2 (521 / 591), cycle: 0
[+] AFL test case: id:000522,src:000395,time:6662989,execs:20521869,op:havoc,rep:4 (522 / 591), cycle: 0
[+] AFL test case: id:000523,src:000403+000455,time:7110445,execs:21960642,op:splice,rep:4 (523 / 591), cycle: 0
[+] AFL test case: id:000524,src:000440+000076,time:7206543,execs:22266201,op:splice,rep:16 (524 / 591), cycle: 0
[+] AFL test case: id:000525,src:000440+000076,time:7206751,execs:22266342,op:splice,rep:16 (525 / 591), cycle: 0
[+] AFL test case: id:000526,src:000440+000076,time:7207007,execs:22266518,op:splice,rep:4 (526 / 591), cycle: 0
[+] AFL test case: id:000527,src:000440+000076,time:7207215,execs:22266659,op:splice,rep:16 (527 / 591), cycle: 0
[+] AFL test case: id:000528,src:000263+000527,time:7525183,execs:23265347,op:splice,rep:16 (528 / 591), cycle: 0
[+] AFL test case: id:000529,src:000346+000528,time:7645529,execs:23644882,op:splice,rep:8 (529 / 591), cycle: 0
[+] AFL test case: id:000530,src:000449+000528,time:7801413,execs:24129607,op:splice,rep:8 (530 / 591), cycle: 0
[+] AFL test case: id:000531,src:000449+000528,time:7801444,execs:24129623,op:splice,rep:16 (531 / 591), cycle: 0
[+] AFL test case: id:000532,src:000350+000509,time:7996626,execs:24735832,op:splice,rep:8 (532 / 591), cycle: 0
[+] AFL test case: id:000533,src:000498,time:8343797,execs:25826769,op:havoc,rep:4 (533 / 591), cycle: 0
[+] AFL test case: id:000534,src:000263+000233,time:8937800,execs:27594640,op:splice,rep:2 (534 / 591), cycle: 0
[+] AFL test case: id:000535,time:0,execs:29304950,orig:flv-34_1.flv (535 / 591), cycle: 0
[+] AFL test case: id:000536,src:000503,time:10085418,execs:31166651,op:havoc,rep:4 (536 / 591), cycle: 0
[+] AFL test case: id:000537,src:000346+000529,time:10291110,execs:31798062,op:splice,rep:4 (537 / 591), cycle: 0
[+] AFL test case: id:000538,src:000296,time:10508040,execs:32464053,op:havoc,rep:4 (538 / 591), cycle: 0
[+] AFL test case: id:000539,src:000449+000444,time:10634950,execs:32856583,op:splice,rep:8 (539 / 591), cycle: 0
[+] AFL test case: id:000540,src:000335+000529,time:11010396,execs:34036371,op:splice,rep:2 (540 / 591), cycle: 0
[+] AFL test case: id:000541,src:000449+000304,time:11169723,execs:34510336,op:splice,rep:8 (541 / 591), cycle: 0
[+] AFL test case: id:000542,src:000503+000526,time:11689653,execs:36124952,op:splice,rep:8 (542 / 591), cycle: 0
[+] AFL test case: id:000543,src:000534,time:12127308,execs:37493520,op:havoc,rep:4 (543 / 591), cycle: 0
[+] AFL test case: id:000544,src:000449,time:13079021,execs:40348490,op:havoc,rep:8 (544 / 591), cycle: 0
[+] AFL test case: id:000545,time:0,execs:42411272,orig:flv-35_1.flv (545 / 591), cycle: 0
[+] AFL test case: id:000546,time:0,execs:42411280,orig:flv-35_5.flv (546 / 591), cycle: 0
[+] AFL test case: id:000547,time:0,execs:42411288,orig:flv-35_4.flv (547 / 591), cycle: 0
[+] AFL test case: id:000548,time:0,execs:42411296,orig:flv-35_3.flv (548 / 591), cycle: 0
[+] AFL test case: id:000549,time:0,execs:42411304,orig:flv-35_2.flv (549 / 591), cycle: 0
[+] AFL test case: id:000550,src:000410,time:13957371,execs:43080127,op:havoc,rep:2 (550 / 591), cycle: 0
[+] AFL test case: id:000551,src:000502,time:14123346,execs:43610010,op:havoc,rep:2 (551 / 591), cycle: 0
[+] AFL test case: id:000552,src:000502,time:14123756,execs:43611632,op:havoc,rep:4 (552 / 591), cycle: 0
[+] AFL test case: id:000553,src:000502,time:14124104,execs:43613002,op:havoc,rep:2 (553 / 591), cycle: 0
[+] AFL test case: id:000554,src:000502,time:14124376,execs:43614078,op:havoc,rep:8 (554 / 591), cycle: 0
[+] AFL test case: id:000555,src:000342+000553,time:14411507,execs:44521374,op:splice,rep:4 (555 / 591), cycle: 0
[+] AFL test case: id:000556,time:0,execs:46833162,orig:flv-36_1.flv (556 / 591), cycle: 0
[+] AFL test case: id:000557,time:0,execs:46833170,orig:flv-36_3.flv (557 / 591), cycle: 0
[+] AFL test case: id:000558,time:0,execs:46833178,orig:flv-36_2.flv (558 / 591), cycle: 0
[+] AFL test case: id:000559,src:000554,time:15783558,execs:48853806,op:colorization,rep:2 (559 / 591), cycle: 0
[+] AFL test case: id:000560,src:000559,time:15955545,execs:49381272,op:havoc,rep:2 (560 / 591), cycle: 0
[+] AFL test case: id:000561,src:000439,time:16475831,execs:51047222,op:havoc,rep:16 (561 / 591), cycle: 0
[+] AFL test case: id:000562,src:000465+000537,time:16776164,execs:51974695,op:splice,rep:2 (562 / 591), cycle: 0
[+] AFL test case: id:000563,src:000465+000537,time:16776205,execs:51974718,op:splice,rep:8 (563 / 591), cycle: 0
[+] AFL test case: id:000564,time:0,execs:54444192,orig:flv-37_3.flv (564 / 591), cycle: 0
[+] AFL test case: id:000565,time:0,execs:54444200,orig:flv-37_1.flv (565 / 591), cycle: 0
[+] AFL test case: id:000566,time:0,execs:54444208,orig:flv-37_2.flv (566 / 591), cycle: 0
[+] AFL test case: id:000567,time:0,execs:54444216,orig:flv-37_4.flv (567 / 591), cycle: 0
[+] AFL test case: id:000568,src:000538,time:17568098,execs:54465736,op:havoc,rep:4 (568 / 591), cycle: 0
[+] AFL test case: id:000569,src:000401,time:18183963,execs:56419203,op:colorization,rep:16 (569 / 591), cycle: 0
[+] AFL test case: id:000570,time:0,execs:62428839,orig:flv-38_1.flv (570 / 591), cycle: 0
[+] AFL test case: id:000571,src:000403+000513,time:21175027,execs:63149488,op:splice,rep:4 (571 / 591), cycle: 0
[+] AFL test case: id:000572,time:0,execs:66092483,orig:flv-39_1.flv (572 / 591), cycle: 0
[+] AFL test case: id:000573,time:0,execs:71316053,orig:flv-40_1.flv (573 / 591), cycle: 0
[+] AFL test case: id:000574,time:0,execs:71316061,orig:flv-40_3.flv (574 / 591), cycle: 0
[+] AFL test case: id:000575,time:0,execs:71316069,orig:flv-40_4.flv (575 / 591), cycle: 0
[+] AFL test case: id:000576,time:0,execs:71316077,orig:flv-40_2.flv (576 / 591), cycle: 0
[+] AFL test case: id:000577,time:0,execs:74427990,orig:flv-41_5.flv (577 / 591), cycle: 0
[+] AFL test case: id:000578,time:0,execs:74427998,orig:flv-41_4.flv (578 / 591), cycle: 0
[+] AFL test case: id:000579,time:0,execs:74428006,orig:flv-41_1.flv (579 / 591), cycle: 0
[+] AFL test case: id:000580,time:0,execs:74428014,orig:flv-41_2.flv (580 / 591), cycle: 0
[+] AFL test case: id:000581,time:0,execs:74428022,orig:flv-41_3.flv (581 / 591), cycle: 0
[+] AFL test case: id:000582,src:000219,time:35107552,execs:75806820,op:havoc,rep:4 (582 / 591), cycle: 0
[+] AFL test case: id:000583,src:000496+000560,time:35355894,execs:76558202,op:splice,rep:2 (583 / 591), cycle: 0
[+] AFL test case: id:000584,src:000582,time:35603878,execs:77342700,op:havoc,rep:2 (584 / 591), cycle: 0
[+] AFL test case: id:000585,time:0,execs:96203378,orig:flv-42_1.flv (585 / 591), cycle: 0
[+] AFL test case: id:000586,time:0,execs:96203386,orig:flv-42_3.flv (586 / 591), cycle: 0
[+] AFL test case: id:000587,time:0,execs:96203394,orig:flv-42_4.flv (587 / 591), cycle: 0
[+] AFL test case: id:000588,time:0,execs:96203402,orig:flv-42_2.flv (588 / 591), cycle: 0
[+] AFL test case: id:000589,time:0,execs:98992814,orig:flv-43_1.flv (589 / 591), cycle: 0
[+] AFL test case: id:000590,src:000374,time:85909116,execs:104658111,op:havoc,rep:8 (590 / 591), cycle: 0
    lines......: 8.9% (623 of 6997 lines)
    functions..: 14.6% (59 of 403 functions)

    Coverage diff id:0... id:590...
diff id:0... -> id:590...
New src file: /unibench/flvmeta-1.2.1/src/flvmeta.c
  New 'function' coverage: main()
  New 'function' coverage: parse_command_line()
  New 'line' coverage: 144
  New 'line' coverage: 147
  New 'line' coverage: 149
  New 'line' coverage: 174
  New 'line' coverage: 305
  New 'line' coverage: 318
  New 'line' coverage: 321
  New 'line' coverage: 322
  New 'line' coverage: 331
  New 'line' coverage: 336
  New 'line' coverage: 339
  New 'line' coverage: 340
  New 'line' coverage: 344
  New 'line' coverage: 345
  New 'line' coverage: 348
  New 'line' coverage: 351
  New 'line' coverage: 356
  New 'line' coverage: 357
  New 'line' coverage: 358
  New 'line' coverage: 359
  New 'line' coverage: 360
  New 'line' coverage: 361
  New 'line' coverage: 362
  New 'line' coverage: 363
  New 'line' coverage: 364
  New 'line' coverage: 365
  New 'line' coverage: 366
  New 'line' coverage: 367
  New 'line' coverage: 368
  New 'line' coverage: 369
  New 'line' coverage: 370
  New 'line' coverage: 371
  New 'line' coverage: 375
  New 'line' coverage: 378
  New 'line' coverage: 382
  New 'line' coverage: 384
  New 'line' coverage: 385
  New 'line' coverage: 394
  New 'line' coverage: 396
  New 'line' coverage: 397
  New 'line' coverage: 406
New src file: /unibench/flvmeta-1.2.1/src/flv.c
  New 'function' coverage: flv_close()
  New 'function' coverage: flv_open()
  New 'function' coverage: flv_parse()
  New 'function' coverage: flv_read_audio_tag()
  New 'function' coverage: flv_read_header()
  New 'function' coverage: flv_read_metadata()
  New 'function' coverage: flv_read_prev_tag_size()
  New 'function' coverage: flv_read_tag()
  New 'function' coverage: flv_read_video_tag()
  New 'line' coverage: 103
  New 'line' coverage: 104
  New 'line' coverage: 105
  New 'line' coverage: 106
  New 'line' coverage: 111
  New 'line' coverage: 117
  New 'line' coverage: 123
  New 'line' coverage: 124
  New 'line' coverage: 125
  New 'line' coverage: 128
  New 'line' coverage: 129
  New 'line' coverage: 131
  New 'line' coverage: 132
  New 'line' coverage: 133
  New 'line' coverage: 134
  New 'line' coverage: 135
  New 'line' coverage: 136
  New 'line' coverage: 139
  New 'line' coverage: 140
  New 'line' coverage: 141
  New 'line' coverage: 142
  New 'line' coverage: 143
  New 'line' coverage: 151
  New 'line' coverage: 152
  New 'line' coverage: 153
  New 'line' coverage: 154
  New 'line' coverage: 155
  New 'line' coverage: 159
  New 'line' coverage: 160
  New 'line' coverage: 163
  New 'line' coverage: 164
  New 'line' coverage: 167
  New 'line' coverage: 168
  New 'line' coverage: 175
  New 'line' coverage: 176
  New 'line' coverage: 177
  New 'line' coverage: 182
  New 'line' coverage: 185
  New 'line' coverage: 186
  New 'line' coverage: 187
  New 'line' coverage: 188
  New 'line' coverage: 189
  New 'line' coverage: 193
  New 'line' coverage: 194
  New 'line' coverage: 197
  New 'line' coverage: 198
  New 'line' coverage: 201
  New 'line' coverage: 202
  New 'line' coverage: 209
  New 'line' coverage: 210
  New 'line' coverage: 211
  New 'line' coverage: 216
  New 'line' coverage: 219
  New 'line' coverage: 224
  New 'line' coverage: 225
  New 'line' coverage: 226
  New 'line' coverage: 227
  New 'line' coverage: 231
  New 'line' coverage: 232
  New 'line' coverage: 236
  New 'line' coverage: 237
  New 'line' coverage: 238
  New 'line' coverage: 239
  New 'line' coverage: 240
  New 'line' coverage: 242
  New 'line' coverage: 243
  New 'line' coverage: 247
  New 'line' coverage: 248
  New 'line' coverage: 249
  New 'line' coverage: 252
  New 'line' coverage: 253
  New 'line' coverage: 255
  New 'line' coverage: 256
  New 'line' coverage: 257
  New 'line' coverage: 260
  New 'line' coverage: 264
  New 'line' coverage: 265
  New 'line' coverage: 266
  New 'line' coverage: 267
  New 'line' coverage: 268
  New 'line' coverage: 270
  New 'line' coverage: 271
  New 'line' coverage: 274
  New 'line' coverage: 275
  New 'line' coverage: 276
  New 'line' coverage: 279
  New 'line' coverage: 280
  New 'line' coverage: 283
  New 'line' coverage: 284
  New 'line' coverage: 285
  New 'line' coverage: 286
  New 'line' coverage: 290
  New 'line' coverage: 32
  New 'line' coverage: 33
  New 'line' coverage: 334
  New 'line' coverage: 335
  New 'line' coverage: 336
  New 'line' coverage: 337
  New 'line' coverage: 339
  New 'line' coverage: 34
  New 'line' coverage: 341
  New 'line' coverage: 37
  New 'line' coverage: 38
  New 'line' coverage: 42
  New 'line' coverage: 427
  New 'line' coverage: 43
  New 'line' coverage: 436
  New 'line' coverage: 44
  New 'line' coverage: 440
  New 'line' coverage: 441
  New 'line' coverage: 445
  New 'line' coverage: 446
  New 'line' coverage: 447
  New 'line' coverage: 448
  New 'line' coverage: 45
  New 'line' coverage: 451
  New 'line' coverage: 459
  New 'line' coverage: 46
  New 'line' coverage: 460
  New 'line' coverage: 468
  New 'line' coverage: 469
  New 'line' coverage: 470
  New 'line' coverage: 471
  New 'line' coverage: 472
  New 'line' coverage: 474
  New 'line' coverage: 482
  New 'line' coverage: 483
  New 'line' coverage: 484
  New 'line' coverage: 485
  New 'line' coverage: 486
  New 'line' coverage: 488
  New 'line' coverage: 49
  New 'line' coverage: 496
  New 'line' coverage: 497
  New 'line' coverage: 498
  New 'line' coverage: 499
  New 'line' coverage: 50
  New 'line' coverage: 500
  New 'line' coverage: 501
  New 'line' coverage: 502
  New 'line' coverage: 503
  New 'line' coverage: 505
  New 'line' coverage: 506
  New 'line' coverage: 507
  New 'line' coverage: 508
  New 'line' coverage: 509
  New 'line' coverage: 51
  New 'line' coverage: 510
  New 'line' coverage: 511
  New 'line' coverage: 514
  New 'line' coverage: 515
  New 'line' coverage: 518
  New 'line' coverage: 52
  New 'line' coverage: 526
  New 'line' coverage: 527
  New 'line' coverage: 528
  New 'line' coverage: 529
  New 'line' coverage: 53
  New 'line' coverage: 531
  New 'line' coverage: 540
  New 'line' coverage: 548
  New 'line' coverage: 549
  New 'line' coverage: 57
  New 'line' coverage: 58
  New 'line' coverage: 59
  New 'line' coverage: 60
  New 'line' coverage: 61
  New 'line' coverage: 64
  New 'line' coverage: 65
  New 'line' coverage: 66
  New 'line' coverage: 67
  New 'line' coverage: 70
  New 'line' coverage: 71
  New 'line' coverage: 74
  New 'line' coverage: 76
  New 'line' coverage: 77
  New 'line' coverage: 78
  New 'line' coverage: 79
  New 'line' coverage: 83
  New 'line' coverage: 84
  New 'line' coverage: 85
  New 'line' coverage: 88
  New 'line' coverage: 89
  New 'line' coverage: 90
  New 'line' coverage: 93
  New 'line' coverage: 94
  New 'line' coverage: 95
New src file: /unibench/flvmeta-1.2.1/src/types.c
  New 'function' coverage: swap_number64()
  New 'line' coverage: 32
  New 'line' coverage: 34
  New 'line' coverage: 35
  New 'line' coverage: 36
  New 'line' coverage: 37
  New 'line' coverage: 38
  New 'line' coverage: 39
  New 'line' coverage: 40
  New 'line' coverage: 41
  New 'line' coverage: 42
  New 'line' coverage: 43
New src file: /unibench/flvmeta-1.2.1/src/dump_xml.c
  New 'function' coverage: dump_xml_amf_data()
  New 'function' coverage: dump_xml_setup_metadata_dump()
  New 'function' coverage: has_xml_markers()
  New 'function' coverage: xml_amf_data_dump()
  New 'function' coverage: xml_on_metadata_tag_only()
  New 'line' coverage: 100
  New 'line' coverage: 102
  New 'line' coverage: 106
  New 'line' coverage: 108
  New 'line' coverage: 110
  New 'line' coverage: 111
  New 'line' coverage: 113
  New 'line' coverage: 114
  New 'line' coverage: 116
  New 'line' coverage: 117
  New 'line' coverage: 118
  New 'line' coverage: 119
  New 'line' coverage: 120
  New 'line' coverage: 121
  New 'line' coverage: 122
  New 'line' coverage: 123
  New 'line' coverage: 125
  New 'line' coverage: 129
  New 'line' coverage: 131
  New 'line' coverage: 133
  New 'line' coverage: 134
  New 'line' coverage: 135
  New 'line' coverage: 136
  New 'line' coverage: 137
  New 'line' coverage: 138
  New 'line' coverage: 140
  New 'line' coverage: 144
  New 'line' coverage: 146
  New 'line' coverage: 148
  New 'line' coverage: 149
  New 'line' coverage: 150
  New 'line' coverage: 151
  New 'line' coverage: 152
  New 'line' coverage: 153
  New 'line' coverage: 159
  New 'line' coverage: 267
  New 'line' coverage: 268
  New 'line' coverage: 270
  New 'line' coverage: 271
  New 'line' coverage: 272
  New 'line' coverage: 273
  New 'line' coverage: 281
  New 'line' coverage: 285
  New 'line' coverage: 286
  New 'line' coverage: 287
  New 'line' coverage: 289
  New 'line' coverage: 29
  New 'line' coverage: 303
  New 'line' coverage: 304
  New 'line' coverage: 305
  New 'line' coverage: 306
  New 'line' coverage: 31
  New 'line' coverage: 32
  New 'line' coverage: 33
  New 'line' coverage: 36
  New 'line' coverage: 40
  New 'line' coverage: 41
  New 'line' coverage: 51
  New 'line' coverage: 55
  New 'line' coverage: 56
  New 'line' coverage: 59
  New 'line' coverage: 63
  New 'line' coverage: 65
  New 'line' coverage: 67
  New 'line' coverage: 68
  New 'line' coverage: 70
  New 'line' coverage: 71
  New 'line' coverage: 73
  New 'line' coverage: 74
  New 'line' coverage: 76
  New 'line' coverage: 77
  New 'line' coverage: 78
  New 'line' coverage: 81
  New 'line' coverage: 82
  New 'line' coverage: 83
  New 'line' coverage: 85
  New 'line' coverage: 89
  New 'line' coverage: 91
  New 'line' coverage: 93
  New 'line' coverage: 94
  New 'line' coverage: 95
  New 'line' coverage: 96
  New 'line' coverage: 97
  New 'line' coverage: 98
  New 'line' coverage: 99
New src file: /unibench/flvmeta-1.2.1/src/amf.c
  New 'function' coverage: amf_array_first()
  New 'function' coverage: amf_array_get()
  New 'function' coverage: amf_array_new()
  New 'function' coverage: amf_array_next()
  New 'function' coverage: amf_array_push()
  New 'function' coverage: amf_array_read()
  New 'function' coverage: amf_array_size()
  New 'function' coverage: amf_associative_array_new()
  New 'function' coverage: amf_associative_array_read()
  New 'function' coverage: amf_boolean_new()
  New 'function' coverage: amf_boolean_read()
  New 'function' coverage: amf_data_error()
  New 'function' coverage: amf_data_file_read()
  New 'function' coverage: amf_data_free()
  New 'function' coverage: amf_data_get_error_code()
  New 'function' coverage: amf_data_new()
  New 'function' coverage: amf_data_read()
  New 'function' coverage: amf_data_size()
  New 'function' coverage: amf_date_new()
  New 'function' coverage: amf_date_read()
  New 'function' coverage: amf_date_to_time_t()
  New 'function' coverage: amf_list_clear()
  New 'function' coverage: amf_list_first()
  New 'function' coverage: amf_list_init()
  New 'function' coverage: amf_list_push()
  New 'function' coverage: amf_number_new()
  New 'function' coverage: amf_number_read()
  New 'function' coverage: amf_object_add()
  New 'function' coverage: amf_object_first()
  New 'function' coverage: amf_object_get_data()
  New 'function' coverage: amf_object_get_name()
  New 'function' coverage: amf_object_new()
  New 'function' coverage: amf_object_next()
  New 'function' coverage: amf_object_read()
  New 'function' coverage: amf_object_size()
  New 'function' coverage: amf_str()
  New 'function' coverage: amf_string_get_bytes()
  New 'function' coverage: amf_string_get_size()
  New 'function' coverage: amf_string_new()
  New 'function' coverage: amf_string_read()
  New 'function' coverage: file_read()
  New 'line' coverage: 1022
  New 'line' coverage: 1023
  New 'line' coverage: 1036
  New 'line' coverage: 1037
  New 'line' coverage: 1038
  New 'line' coverage: 1039
  New 'line' coverage: 1040
  New 'line' coverage: 1056
  New 'line' coverage: 1057
  New 'line' coverage: 1060
  New 'line' coverage: 1061
  New 'line' coverage: 1062
  New 'line' coverage: 1063
  New 'line' coverage: 1064
  New 'line' coverage: 1071
  New 'line' coverage: 1072
  New 'line' coverage: 1073
  New 'line' coverage: 1074
  New 'line' coverage: 1076
  New 'line' coverage: 1080
  New 'line' coverage: 1081
  New 'line' coverage: 1082
  New 'line' coverage: 1083
  New 'line' coverage: 1085
  New 'line' coverage: 1088
  New 'line' coverage: 1089
  New 'line' coverage: 1092
  New 'line' coverage: 1093
  New 'line' coverage: 1100
  New 'line' coverage: 1101
  New 'line' coverage: 1108
  New 'line' coverage: 1109
  New 'line' coverage: 1116
  New 'line' coverage: 1117
  New 'line' coverage: 1137
  New 'line' coverage: 1138
  New 'line' coverage: 1139
  New 'line' coverage: 1140
  New 'line' coverage: 1141
  New 'line' coverage: 1143
  New 'line' coverage: 1154
  New 'line' coverage: 1155
  New 'line' coverage: 138
  New 'line' coverage: 139
  New 'line' coverage: 146
  New 'line' coverage: 148
  New 'line' coverage: 149
  New 'line' coverage: 150
  New 'line' coverage: 151
  New 'line' coverage: 152
  New 'line' coverage: 153
  New 'line' coverage: 155
  New 'line' coverage: 156
  New 'line' coverage: 206
  New 'line' coverage: 207
  New 'line' coverage: 208
  New 'line' coverage: 209
  New 'line' coverage: 210
  New 'line' coverage: 212
  New 'line' coverage: 232
  New 'line' coverage: 233
  New 'line' coverage: 242
  New 'line' coverage: 243
  New 'line' coverage: 252
  New 'line' coverage: 254
  New 'line' coverage: 255
  New 'line' coverage: 258
  New 'line' coverage: 263
  New 'line' coverage: 265
  New 'line' coverage: 266
  New 'line' coverage: 269
  New 'line' coverage: 27
  New 'line' coverage: 274
  New 'line' coverage: 278
  New 'line' coverage: 279
  New 'line' coverage: 28
  New 'line' coverage: 282
  New 'line' coverage: 283
  New 'line' coverage: 284
  New 'line' coverage: 287
  New 'line' coverage: 288
  New 'line' coverage: 29
  New 'line' coverage: 292
  New 'line' coverage: 293
  New 'line' coverage: 294
  New 'line' coverage: 295
  New 'line' coverage: 298
  New 'line' coverage: 299
  New 'line' coverage: 30
  New 'line' coverage: 304
  New 'line' coverage: 31
  New 'line' coverage: 310
  New 'line' coverage: 311
  New 'line' coverage: 316
  New 'line' coverage: 317
  New 'line' coverage: 318
  New 'line' coverage: 320
  New 'line' coverage: 321
  New 'line' coverage: 322
  New 'line' coverage: 325
  New 'line' coverage: 326
  New 'line' coverage: 327
  New 'line' coverage: 329
  New 'line' coverage: 33
  New 'line' coverage: 330
  New 'line' coverage: 331
  New 'line' coverage: 333
  New 'line' coverage: 334
  New 'line' coverage: 335
  New 'line' coverage: 336
  New 'line' coverage: 337
  New 'line' coverage: 340
  New 'line' coverage: 347
  New 'line' coverage: 349
  New 'line' coverage: 35
  New 'line' coverage: 351
  New 'line' coverage: 355
  New 'line' coverage: 36
  New 'line' coverage: 362
  New 'line' coverage: 363
  New 'line' coverage: 368
  New 'line' coverage: 369
  New 'line' coverage: 37
  New 'line' coverage: 370
  New 'line' coverage: 374
  New 'line' coverage: 375
  New 'line' coverage: 376
  New 'line' coverage: 378
  New 'line' coverage: 379
  New 'line' coverage: 38
  New 'line' coverage: 380
  New 'line' coverage: 383
  New 'line' coverage: 384
  New 'line' coverage: 386
  New 'line' coverage: 388
  New 'line' coverage: 389
  New 'line' coverage: 39
  New 'line' coverage: 390
  New 'line' coverage: 392
  New 'line' coverage: 393
  New 'line' coverage: 394
  New 'line' coverage: 395
  New 'line' coverage: 396
  New 'line' coverage: 399
  New 'line' coverage: 40
  New 'line' coverage: 406
  New 'line' coverage: 408
  New 'line' coverage: 41
  New 'line' coverage: 410
  New 'line' coverage: 414
  New 'line' coverage: 42
  New 'line' coverage: 421
  New 'line' coverage: 422
  New 'line' coverage: 426
  New 'line' coverage: 427
  New 'line' coverage: 428
  New 'line' coverage: 43
  New 'line' coverage: 431
  New 'line' coverage: 433
  New 'line' coverage: 434
  New 'line' coverage: 435
  New 'line' coverage: 436
  New 'line' coverage: 437
  New 'line' coverage: 438
  New 'line' coverage: 439
  New 'line' coverage: 442
  New 'line' coverage: 449
  New 'line' coverage: 453
  New 'line' coverage: 456
  New 'line' coverage: 457
  New 'line' coverage: 458
  New 'line' coverage: 46
  New 'line' coverage: 461
  New 'line' coverage: 466
  New 'line' coverage: 468
  New 'line' coverage: 469
  New 'line' coverage: 47
  New 'line' coverage: 472
  New 'line' coverage: 474
  New 'line' coverage: 476
  New 'line' coverage: 478
  New 'line' coverage: 48
  New 'line' coverage: 480
  New 'line' coverage: 482
  New 'line' coverage: 484
  New 'line' coverage: 487
  New 'line' coverage: 489
  New 'line' coverage: 491
  New 'line' coverage: 495
  New 'line' coverage: 497
  New 'line' coverage: 499
  New 'line' coverage: 50
  New 'line' coverage: 504
  New 'line' coverage: 505
  New 'line' coverage: 507
  New 'line' coverage: 508
  New 'line' coverage: 509
  New 'line' coverage: 51
  New 'line' coverage: 511
  New 'line' coverage: 512
  New 'line' coverage: 514
  New 'line' coverage: 515
  New 'line' coverage: 517
  New 'line' coverage: 518
  New 'line' coverage: 520
  New 'line' coverage: 521
  New 'line' coverage: 522
  New 'line' coverage: 523
  New 'line' coverage: 524
  New 'line' coverage: 526
  New 'line' coverage: 527
  New 'line' coverage: 530
  New 'line' coverage: 533
  New 'line' coverage: 534
  New 'line' coverage: 535
  New 'line' coverage: 536
  New 'line' coverage: 537
  New 'line' coverage: 538
  New 'line' coverage: 540
  New 'line' coverage: 541
  New 'line' coverage: 543
  New 'line' coverage: 544
  New 'line' coverage: 545
  New 'line' coverage: 546
  New 'line' coverage: 547
  New 'line' coverage: 549
  New 'line' coverage: 551
  New 'line' coverage: 552
  New 'line' coverage: 562
  New 'line' coverage: 717
  New 'line' coverage: 718
  New 'line' coverage: 759
  New 'line' coverage: 760
  New 'line' coverage: 761
  New 'line' coverage: 762
  New 'line' coverage: 763
  New 'line' coverage: 765
  New 'line' coverage: 766
  New 'line' coverage: 767
  New 'line' coverage: 768
  New 'line' coverage: 769
  New 'line' coverage: 773
  New 'line' coverage: 774
  New 'line' coverage: 780
  New 'line' coverage: 782
  New 'line' coverage: 861
  New 'line' coverage: 862
  New 'line' coverage: 863
  New 'line' coverage: 864
  New 'line' coverage: 866
  New 'line' coverage: 870
  New 'line' coverage: 871
  New 'line' coverage: 872
  New 'line' coverage: 873
  New 'line' coverage: 875
  New 'line' coverage: 889
  New 'line' coverage: 890
  New 'line' coverage: 891
  New 'line' coverage: 892
  New 'line' coverage: 894
  New 'line' coverage: 908
  New 'line' coverage: 909
  New 'line' coverage: 910
  New 'line' coverage: 911
  New 'line' coverage: 912
  New 'line' coverage: 915
  New 'line' coverage: 917
  New 'line' coverage: 918
  New 'line' coverage: 919
  New 'line' coverage: 920
  New 'line' coverage: 928
  New 'line' coverage: 931
  New 'line' coverage: 932
  New 'line' coverage: 935
  New 'line' coverage: 936
  New 'line' coverage: 939
  New 'line' coverage: 940
  New 'line' coverage: 944
  New 'line' coverage: 945
  New 'line' coverage: 946
  New 'line' coverage: 947
  New 'line' coverage: 949
  New 'line' coverage: 952
  New 'line' coverage: 953
  New 'line' coverage: 956
  New 'line' coverage: 957
  New 'line' coverage: 958
  New 'line' coverage: 959
  New 'line' coverage: 960
New src file: /unibench/flvmeta-1.2.1/src/dump.c
  New 'function' coverage: dump_metadata()
  New 'line' coverage: 139
  New 'line' coverage: 142
  New 'line' coverage: 143
  New 'line' coverage: 145
  New 'line' coverage: 153
  New 'line' coverage: 154
  New 'line' coverage: 160
  New 'line' coverage: 161
  New 'line' coverage: 162
  New 'line' coverage: 165

[+] Processed 591 / 591 test cases.

[+] Final zero coverage report: ./raw_data/AFL++_series/group_1/outputs_group1_2/flvmeta/flvmeta_FuzzGen/output/default/cov/zero-cov
[+] Final positive coverage report: ./raw_data/AFL++_series/group_1/outputs_group1_2/flvmeta/flvmeta_FuzzGen/output/default/cov/pos-cov
    lines......: 8.9% (623 of 6997 lines)
    functions..: 14.6% (59 of 403 functions)
[+] Final lcov web report: ./raw_data/AFL++_series/group_1/outputs_group1_2/flvmeta/flvmeta_FuzzGen/output/default/cov/web/index.html
