
*** Imported 343 new test cases from: ./raw_data/weizz/group_2/outputs_group1_1/jhead/jhead_weizz_1/queue

[+] AFL test case: id:000000,time:0,orig:24.jpg (0 / 343), cycle: 0
[+] AFL test case: id:000001,time:0,orig:goldenears.jpg (1 / 343), cycle: 0
[+] AFL test case: id:000002,time:0,orig:goldenears_gray.jpg (2 / 343), cycle: 0
[+] AFL test case: id:000003,src:000001,time:50,op:getdeps,pos:0,+cov (3 / 343), cycle: 0
[+] AFL test case: id:000004,src:000001,time:57,op:getdeps,pos:0,+cov (4 / 343), cycle: 0
[+] AFL test case: id:000005,src:000001,time:62,op:getdeps,pos:0 (5 / 343), cycle: 0
[+] AFL test case: id:000006,src:000001,time:66,op:getdeps,pos:0 (6 / 343), cycle: 0
[+] AFL test case: id:000007,src:000001,time:72,op:getdeps,pos:0,+cov (7 / 343), cycle: 0
[+] AFL test case: id:000008,src:000001,time:77,op:getdeps,pos:0 (8 / 343), cycle: 0
[+] AFL test case: id:000009,src:000001,time:83,op:getdeps,pos:0 (9 / 343), cycle: 0
[+] AFL test case: id:000010,src:000001,time:87,op:getdeps,pos:0,+cov (10 / 343), cycle: 0
[+] AFL test case: id:000011,src:000001,time:91,op:getdeps,pos:0 (11 / 343), cycle: 0
[+] AFL test case: id:000012,src:000001,time:96,op:getdeps,pos:0 (12 / 343), cycle: 0
[+] AFL test case: id:000013,src:000001,time:102,op:getdeps,pos:0 (13 / 343), cycle: 0
[+] AFL test case: id:000014,src:000001,time:107,op:getdeps,pos:0 (14 / 343), cycle: 0
[+] AFL test case: id:000015,src:000001,time:111,op:getdeps,pos:0 (15 / 343), cycle: 0
[+] AFL test case: id:000016,src:000001,time:123,op:getdeps,pos:0,+cov (16 / 343), cycle: 0
[+] AFL test case: id:000017,src:000001,time:133,op:getdeps,pos:0 (17 / 343), cycle: 0
[+] AFL test case: id:000018,src:000001,time:140,op:getdeps,pos:0 (18 / 343), cycle: 0
[+] AFL test case: id:000019,src:000001,time:146,op:getdeps,pos:0,+cov (19 / 343), cycle: 0
[+] AFL test case: id:000020,src:000001,time:170,op:getdeps,pos:0 (20 / 343), cycle: 0
[+] AFL test case: id:000021,src:000001,time:188,op:getdeps,pos:0,+cov (21 / 343), cycle: 0
[+] AFL test case: id:000022,src:000001,time:194,op:getdeps,pos:0,+cov (22 / 343), cycle: 0
[+] AFL test case: id:000023,src:000001,time:200,op:getdeps,pos:0,+cov (23 / 343), cycle: 0
[+] AFL test case: id:000024,src:000001,time:206,op:getdeps,pos:0 (24 / 343), cycle: 0
[+] AFL test case: id:000025,src:000001,time:214,op:getdeps,pos:0 (25 / 343), cycle: 0
[+] AFL test case: id:000026,src:000001,time:219,op:getdeps,pos:0 (26 / 343), cycle: 0
[+] AFL test case: id:000027,src:000001,time:228,op:getdeps,pos:0 (27 / 343), cycle: 0
[+] AFL test case: id:000028,src:000001,time:234,op:getdeps,pos:0,+cov (28 / 343), cycle: 0
[+] AFL test case: id:000029,src:000001,time:239,op:getdeps,pos:0,+cov (29 / 343), cycle: 0
[+] AFL test case: id:000030,src:000001,time:490,op:getdeps,pos:1,+cov (30 / 343), cycle: 0
[+] AFL test case: id:000031,src:000001,time:508,op:getdeps,pos:3,+cov (31 / 343), cycle: 0
[+] AFL test case: id:000032,src:000001,time:515,op:getdeps,pos:3,+cov (32 / 343), cycle: 0
[+] AFL test case: id:000033,src:000001,time:525,op:getdeps,pos:4 (33 / 343), cycle: 0
[+] AFL test case: id:000034,src:000001,time:533,op:getdeps,pos:5,+cov (34 / 343), cycle: 0
[+] AFL test case: id:000035,src:000001,time:633,op:getdeps,pos:21,+cov (35 / 343), cycle: 0
[+] AFL test case: id:000036,src:000001,time:637,op:getdeps,pos:21 (36 / 343), cycle: 0
[+] AFL test case: id:000037,src:000001,time:644,op:getdeps,pos:22,+cov (37 / 343), cycle: 0
[+] AFL test case: id:000038,src:000001,time:649,op:getdeps,pos:22 (38 / 343), cycle: 0
[+] AFL test case: id:000039,src:000001,time:654,op:getdeps,pos:22 (39 / 343), cycle: 0
[+] AFL test case: id:000040,src:000001,time:658,op:getdeps,pos:22 (40 / 343), cycle: 0
[+] AFL test case: id:000041,src:000001,time:662,op:getdeps,pos:23 (41 / 343), cycle: 0
[+] AFL test case: id:000042,src:000001,time:671,op:getdeps,pos:23 (42 / 343), cycle: 0
[+] AFL test case: id:000043,src:000001,time:679,op:getdeps,pos:24,+cov (43 / 343), cycle: 0
[+] AFL test case: id:000044,src:000001,time:1073,op:getdeps,pos:90,+cov (44 / 343), cycle: 0
[+] AFL test case: id:000045,src:000001,time:1081,op:getdeps,pos:91 (45 / 343), cycle: 0
[+] AFL test case: id:000046,src:000001,time:1087,op:getdeps,pos:91 (46 / 343), cycle: 0
[+] AFL test case: id:000047,src:000001,time:1492,op:getdeps,pos:159 (47 / 343), cycle: 0
[+] AFL test case: id:000048,src:000001,time:1500,op:getdeps,pos:159,+cov (48 / 343), cycle: 0
[+] AFL test case: id:000049,src:000001,time:1505,op:getdeps,pos:159,+cov (49 / 343), cycle: 0
[+] AFL test case: id:000050,src:000001,time:1620,op:getdeps,pos:178,+cov (50 / 343), cycle: 0
[+] AFL test case: id:000051,src:000001,time:1625,op:getdeps,pos:178,+cov (51 / 343), cycle: 0
[+] AFL test case: id:000052,src:000001,time:1808,op:getdeps,pos:209 (52 / 343), cycle: 0
[+] AFL test case: id:000053,src:000001,time:2174,op:getdeps,pos:270 (53 / 343), cycle: 0
[+] AFL test case: id:000054,src:000001,time:2528,op:getdeps,pos:328 (54 / 343), cycle: 0
[+] AFL test case: id:000055,src:000001,time:18912,op:cmp,rep:0,+cov (55 / 343), cycle: 0
[+] AFL test case: id:000056,src:000001,time:18921,op:cmp,rep:0 (56 / 343), cycle: 0
[+] AFL test case: id:000057,src:000001,time:18949,op:cmp,rep:0,+cov (57 / 343), cycle: 0
[+] AFL test case: id:000058,src:000001,time:19013,op:cmp,rep:0,+cov (58 / 343), cycle: 0
[+] AFL test case: id:000059,src:000001,time:19074,op:cmp,rep:0,+cov (59 / 343), cycle: 0
[+] AFL test case: id:000060,src:000001,time:19081,op:cmp,rep:0,+cov (60 / 343), cycle: 0
[+] AFL test case: id:000061,src:000001,time:19096,op:tags,rep:64 (61 / 343), cycle: 0
[+] AFL test case: id:000062,src:000001,time:19101,op:havoc,rep:128 (62 / 343), cycle: 0
[+] AFL test case: id:000063,src:000001,time:19107,op:tags,rep:128 (63 / 343), cycle: 0
[+] AFL test case: id:000064,src:000001,time:19120,op:havoc,rep:128 (64 / 343), cycle: 0
[+] AFL test case: id:000065,src:000001,time:19147,op:havoc,rep:16 (65 / 343), cycle: 0
[+] AFL test case: id:000066,src:000001,time:19163,op:tags,rep:2,+cov (66 / 343), cycle: 0
[+] AFL test case: id:000067,src:000001,time:19170,op:tags,rep:128 (67 / 343), cycle: 0
[+] AFL test case: id:000068,src:000001,time:19199,op:tags,rep:2,+cov (68 / 343), cycle: 0
[+] AFL test case: id:000069,src:000001,time:19240,op:tags,rep:64 (69 / 343), cycle: 0
[+] AFL test case: id:000070,src:000001,time:19294,op:havoc,rep:32 (70 / 343), cycle: 0
[+] AFL test case: id:000071,src:000001,time:19336,op:havoc,rep:128 (71 / 343), cycle: 0
[+] AFL test case: id:000072,src:000001,time:19343,op:havoc,rep:128 (72 / 343), cycle: 0
[+] AFL test case: id:000073,src:000001,time:19381,op:havoc,rep:64 (73 / 343), cycle: 0
[+] AFL test case: id:000074,src:000001,time:19389,op:havoc,rep:8 (74 / 343), cycle: 0
[+] AFL test case: id:000075,src:000001,time:19407,op:tags,rep:64 (75 / 343), cycle: 0
[+] AFL test case: id:000076,src:000001,time:19464,op:havoc,rep:128 (76 / 343), cycle: 0
[+] AFL test case: id:000077,src:000001,time:19488,op:tags,rep:32,+cov (77 / 343), cycle: 0
[+] AFL test case: id:000078,src:000001,time:19494,op:tags,rep:32,+cov (78 / 343), cycle: 0
[+] AFL test case: id:000079,src:000001,time:19513,op:tags,rep:32 (79 / 343), cycle: 0
[+] AFL test case: id:000080,src:000001,time:19538,op:havoc,rep:128 (80 / 343), cycle: 0
[+] AFL test case: id:000081,src:000001,time:19588,op:havoc,rep:128,+cov (81 / 343), cycle: 0
[+] AFL test case: id:000082,src:000001,time:19689,op:havoc,rep:64,+cov (82 / 343), cycle: 0
[+] AFL test case: id:000083,src:000001,time:19802,op:havoc,rep:128 (83 / 343), cycle: 0
[+] AFL test case: id:000084,src:000001,time:20073,op:havoc,rep:128 (84 / 343), cycle: 0
[+] AFL test case: id:000085,src:000001,time:20118,op:tags,rep:16 (85 / 343), cycle: 0
[+] AFL test case: id:000086,src:000001,time:20234,op:havoc,rep:64 (86 / 343), cycle: 0
[+] AFL test case: id:000087,src:000001,time:20246,op:tags,rep:32 (87 / 343), cycle: 0
[+] AFL test case: id:000088,src:000001,time:20344,op:havoc,rep:32 (88 / 343), cycle: 0
[+] AFL test case: id:000089,src:000001,time:20867,op:tags,rep:32,+cov (89 / 343), cycle: 0
[+] AFL test case: id:000090,src:000001,time:21157,op:tags,rep:64 (90 / 343), cycle: 0
[+] AFL test case: id:000091,src:000001,time:21344,op:havoc,rep:2 (91 / 343), cycle: 0
[+] AFL test case: id:000092,src:000001,time:21370,op:tags,rep:8 (92 / 343), cycle: 0
[+] AFL test case: id:000093,src:000001,time:22019,op:havoc,rep:64,+cov (93 / 343), cycle: 0
[+] AFL test case: id:000094,src:000001,time:22173,op:havoc,rep:32 (94 / 343), cycle: 0
[+] AFL test case: id:000095,src:000001,time:22348,op:tags,rep:128 (95 / 343), cycle: 0
[+] AFL test case: id:000096,src:000001,time:22367,op:tags,rep:64 (96 / 343), cycle: 0
[+] AFL test case: id:000097,src:000001,time:23286,op:havoc,rep:128,+cov (97 / 343), cycle: 0
[+] AFL test case: id:000098,src:000001,time:23568,op:havoc,rep:128 (98 / 343), cycle: 0
[+] AFL test case: id:000099,src:000001,time:23694,op:havoc,rep:128 (99 / 343), cycle: 0
[+] AFL test case: id:000100,src:000001,time:23807,op:tags,rep:128 (100 / 343), cycle: 0
[+] AFL test case: id:000101,src:000001,time:24243,op:tags,rep:64 (101 / 343), cycle: 0
[+] AFL test case: id:000102,src:000001,time:24616,op:havoc,rep:64 (102 / 343), cycle: 0
[+] AFL test case: id:000103,src:000001,time:25391,op:tags,rep:64,+cov (103 / 343), cycle: 0
[+] AFL test case: id:000104,src:000001,time:25513,op:tags,rep:128 (104 / 343), cycle: 0
[+] AFL test case: id:000105,src:000001,time:25600,op:tags,rep:32,+cov (105 / 343), cycle: 0
[+] AFL test case: id:000106,src:000001+000018,time:26346,op:splice,rep:8,+cov (106 / 343), cycle: 0
[+] AFL test case: id:000107,src:000001+000018,time:26430,op:splice,rep:32,+cov (107 / 343), cycle: 0
[+] AFL test case: id:000108,src:000001+000062,time:26753,op:splice,rep:128 (108 / 343), cycle: 0
[+] AFL test case: id:000109,src:000001+000085,time:26873,op:splice,rep:128,+cov (109 / 343), cycle: 0
[+] AFL test case: id:000110,src:000001+000096,time:26967,op:splice,rep:32 (110 / 343), cycle: 0
[+] AFL test case: id:000111,src:000001+000082,time:27021,op:splice,rep:128,+cov (111 / 343), cycle: 0
[+] AFL test case: id:000112,src:000011+000000,time:27687,op:splice,rep:64 (112 / 343), cycle: 0
[+] AFL test case: id:000113,src:000023+000037,time:28976,op:tags splice,rep:128 (113 / 343), cycle: 0
[+] AFL test case: id:000114,src:000023+000096,time:29256,op:splice,rep:64 (114 / 343), cycle: 0
[+] AFL test case: id:000115,src:000029,time:29433,op:havoc,rep:32 (115 / 343), cycle: 0
[+] AFL test case: id:000116,src:000029+000103,time:30098,op:splice,rep:32,+cov (116 / 343), cycle: 0
[+] AFL test case: id:000117,src:000032+000040,time:31555,op:splice,rep:128 (117 / 343), cycle: 0
[+] AFL test case: id:000118,src:000032+000040,time:31582,op:splice,rep:128 (118 / 343), cycle: 0
[+] AFL test case: id:000119,src:000032+000011,time:31922,op:tags splice,rep:32 (119 / 343), cycle: 0
[+] AFL test case: id:000120,src:000034,time:32527,op:havoc,rep:128 (120 / 343), cycle: 0
[+] AFL test case: id:000121,src:000044,time:33756,op:havoc,rep:64 (121 / 343), cycle: 0
[+] AFL test case: id:000122,src:000048+000013,time:34932,op:splice,rep:64 (122 / 343), cycle: 0
[+] AFL test case: id:000123,src:000050+000085,time:36202,op:splice,rep:128 (123 / 343), cycle: 0
[+] AFL test case: id:000124,src:000051+000063,time:37033,op:splice,rep:128 (124 / 343), cycle: 0
[+] AFL test case: id:000125,src:000054+000075,time:37763,op:splice,rep:64 (125 / 343), cycle: 0
[+] AFL test case: id:000126,src:000055+000057,time:38272,op:tags splice,rep:128 (126 / 343), cycle: 0
[+] AFL test case: id:000127,src:000057,time:38714,op:havoc,rep:128 (127 / 343), cycle: 0
[+] AFL test case: id:000128,src:000057+000028,time:39344,op:splice,rep:64 (128 / 343), cycle: 0
[+] AFL test case: id:000129,src:000058+000110,time:40304,op:splice,rep:4 (129 / 343), cycle: 0
[+] AFL test case: id:000130,src:000058+000080,time:40504,op:splice,rep:64 (130 / 343), cycle: 0
[+] AFL test case: id:000131,src:000066,time:42051,op:havoc,rep:32 (131 / 343), cycle: 0
[+] AFL test case: id:000132,src:000068+000112,time:42742,op:splice,rep:64,+cov (132 / 343), cycle: 0
[+] AFL test case: id:000133,src:000068+000112,time:42748,op:splice,rep:16 (133 / 343), cycle: 0
[+] AFL test case: id:000134,src:000068+000112,time:42763,op:splice,rep:32 (134 / 343), cycle: 0
[+] AFL test case: id:000135,src:000077,time:42981,op:havoc,rep:16 (135 / 343), cycle: 0
[+] AFL test case: id:000136,src:000077+000032,time:43232,op:splice,rep:16 (136 / 343), cycle: 0
[+] AFL test case: id:000137,src:000089+000132,time:44515,op:splice,rep:64 (137 / 343), cycle: 0
[+] AFL test case: id:000138,src:000097,time:45722,op:havoc,rep:32 (138 / 343), cycle: 0
[+] AFL test case: id:000139,src:000097,time:45737,op:havoc,rep:2 (139 / 343), cycle: 0
[+] AFL test case: id:000140,src:000097,time:45758,op:havoc,rep:16 (140 / 343), cycle: 0
[+] AFL test case: id:000141,src:000097,time:45870,op:havoc,rep:32,+cov (141 / 343), cycle: 0
[+] AFL test case: id:000142,src:000097,time:45977,op:havoc,rep:8 (142 / 343), cycle: 0
[+] AFL test case: id:000143,src:000097,time:46013,op:havoc,rep:32 (143 / 343), cycle: 0
[+] AFL test case: id:000144,src:000097,time:46084,op:havoc,rep:32 (144 / 343), cycle: 0
[+] AFL test case: id:000145,src:000097,time:46155,op:havoc,rep:64 (145 / 343), cycle: 0
[+] AFL test case: id:000146,src:000097,time:46213,op:havoc,rep:8 (146 / 343), cycle: 0
[+] AFL test case: id:000147,src:000097,time:46234,op:havoc,rep:16,+cov (147 / 343), cycle: 0
[+] AFL test case: id:000148,src:000097,time:46305,op:havoc,rep:32 (148 / 343), cycle: 0
[+] AFL test case: id:000149,src:000097,time:46933,op:havoc,rep:8,+cov (149 / 343), cycle: 0
[+] AFL test case: id:000150,src:000097,time:47153,op:havoc,rep:16 (150 / 343), cycle: 0
[+] AFL test case: id:000151,src:000097,time:48772,op:havoc,rep:32 (151 / 343), cycle: 0
[+] AFL test case: id:000152,src:000097,time:49695,op:havoc,rep:16 (152 / 343), cycle: 0
[+] AFL test case: id:000153,src:000097+000131,time:50159,op:splice,rep:32 (153 / 343), cycle: 0
[+] AFL test case: id:000154,src:000099+000070,time:50525,op:splice,rep:16 (154 / 343), cycle: 0
[+] AFL test case: id:000155,src:000099+000101,time:50572,op:splice,rep:128 (155 / 343), cycle: 0
[+] AFL test case: id:000156,src:000103,time:50946,op:havoc,rep:64 (156 / 343), cycle: 0
[+] AFL test case: id:000157,src:000103,time:51159,op:havoc,rep:16 (157 / 343), cycle: 0
[+] AFL test case: id:000158,src:000103,time:51513,op:havoc,rep:128 (158 / 343), cycle: 0
[+] AFL test case: id:000159,src:000103+000057,time:52691,op:splice,rep:32 (159 / 343), cycle: 0
[+] AFL test case: id:000160,src:000119,time:56612,op:havoc,rep:16 (160 / 343), cycle: 0
[+] AFL test case: id:000161,src:000119+000099,time:57191,op:splice,rep:16 (161 / 343), cycle: 0
[+] AFL test case: id:000162,src:000127,time:57515,op:havoc,rep:16 (162 / 343), cycle: 0
[+] AFL test case: id:000163,src:000130,time:58300,op:havoc,rep:32 (163 / 343), cycle: 0
[+] AFL test case: id:000164,src:000140+000059,time:59028,op:splice,rep:32 (164 / 343), cycle: 0
[+] AFL test case: id:000165,src:000147+000137,time:59958,op:splice,rep:8 (165 / 343), cycle: 0
[+] AFL test case: id:000166,src:000149+000002,time:60465,op:splice,rep:128 (166 / 343), cycle: 0
[+] AFL test case: id:000167,src:000153,time:60609,op:havoc,rep:16 (167 / 343), cycle: 0
[+] AFL test case: id:000168,src:000153,time:60644,op:havoc,rep:32 (168 / 343), cycle: 0
[+] AFL test case: id:000169,src:000153,time:60802,op:havoc,rep:16,+cov (169 / 343), cycle: 0
[+] AFL test case: id:000170,src:000153,time:61211,op:havoc,rep:4 (170 / 343), cycle: 0
[+] AFL test case: id:000171,src:000153,time:62390,op:havoc,rep:32 (171 / 343), cycle: 0
[+] AFL test case: id:000172,src:000153,time:63409,op:havoc,rep:16 (172 / 343), cycle: 0
[+] AFL test case: id:000173,src:000153,time:63592,op:havoc,rep:128 (173 / 343), cycle: 0
[+] AFL test case: id:000174,src:000159,time:64862,op:havoc,rep:16 (174 / 343), cycle: 0
[+] AFL test case: id:000175,src:000159,time:65051,op:havoc,rep:16 (175 / 343), cycle: 0
[+] AFL test case: id:000176,src:000163,time:66394,op:havoc,rep:32 (176 / 343), cycle: 0
[+] AFL test case: id:000177,src:000173+000099,time:69742,op:splice,rep:32 (177 / 343), cycle: 0
[+] AFL test case: id:000178,src:000174,time:70213,op:havoc,rep:8 (178 / 343), cycle: 0
[+] AFL test case: id:000179,src:000174+000085,time:70792,op:splice,rep:128 (179 / 343), cycle: 0
[+] AFL test case: id:000180,src:000176,time:71319,op:havoc,rep:8 (180 / 343), cycle: 0
[+] AFL test case: id:000181,src:000177,time:72465,op:havoc,rep:8 (181 / 343), cycle: 0
[+] AFL test case: id:000182,src:000180,time:73196,op:havoc,rep:8 (182 / 343), cycle: 0
[+] AFL test case: id:000183,src:000048+000069,time:84040,op:splice,rep:8 (183 / 343), cycle: 0
[+] AFL test case: id:000184,src:000048+000178,time:84183,op:splice,rep:32 (184 / 343), cycle: 0
[+] AFL test case: id:000185,src:000049,time:84709,op:tags,rep:32 (185 / 343), cycle: 0
[+] AFL test case: id:000186,src:000050+000009,time:85979,op:tags splice,rep:8 (186 / 343), cycle: 0
[+] AFL test case: id:000187,src:000065+000000,time:89948,op:splice,rep:32 (187 / 343), cycle: 0
[+] AFL test case: id:000188,src:000066,time:90076,op:havoc,rep:64 (188 / 343), cycle: 0
[+] AFL test case: id:000189,src:000140+000093,time:115170,op:splice,rep:64 (189 / 343), cycle: 0
[+] AFL test case: id:000190,src:000141+000188,time:115462,op:splice,rep:128 (190 / 343), cycle: 0
[+] AFL test case: id:000191,src:000149+000007,time:116146,op:splice,rep:8 (191 / 343), cycle: 0
[+] AFL test case: id:000192,src:000155,time:116594,op:havoc,rep:32 (192 / 343), cycle: 0
[+] AFL test case: id:000193,src:000155,time:116622,op:havoc,rep:128 (193 / 343), cycle: 0
[+] AFL test case: id:000194,src:000162,time:119408,op:havoc,rep:16 (194 / 343), cycle: 0
[+] AFL test case: id:000195,src:000051,time:159496,op:havoc,rep:4 (195 / 343), cycle: 0
[+] AFL test case: id:000196,src:000105+000126,time:172061,op:splice,rep:64 (196 / 343), cycle: 0
[+] AFL test case: id:000197,src:000140+000022,time:178307,op:tags splice,rep:4 (197 / 343), cycle: 0
[+] AFL test case: id:000198,src:000149+000005,time:180040,op:splice,rep:128 (198 / 343), cycle: 0
[+] AFL test case: id:000199,src:000152,time:180566,op:havoc,rep:8 (199 / 343), cycle: 0
[+] AFL test case: id:000200,src:000161+000197,time:183267,op:splice,rep:32 (200 / 343), cycle: 0
[+] AFL test case: id:000201,src:000190+000110,time:216383,op:splice,rep:128 (201 / 343), cycle: 0
[+] AFL test case: id:000202,src:000197+000189,time:219335,op:splice,rep:4 (202 / 343), cycle: 0
[+] AFL test case: id:000203,src:000048+000193,time:224210,op:splice,rep:2 (203 / 343), cycle: 0
[+] AFL test case: id:000204,src:000048+000193,time:224426,op:splice,rep:64 (204 / 343), cycle: 0
[+] AFL test case: id:000205,src:000106+000094,time:244353,op:splice,rep:2 (205 / 343), cycle: 0
[+] AFL test case: id:000206,src:000108,time:245828,op:havoc,rep:16 (206 / 343), cycle: 0
[+] AFL test case: id:000207,src:000121+000202,time:251932,op:splice,rep:32 (207 / 343), cycle: 0
[+] AFL test case: id:000208,src:000121+000202,time:251955,op:splice,rep:32 (208 / 343), cycle: 0
[+] AFL test case: id:000209,src:000121+000202,time:251991,op:splice,rep:32 (209 / 343), cycle: 0
[+] AFL test case: id:000210,src:000149+000179,time:256462,op:splice,rep:32 (210 / 343), cycle: 0
[+] AFL test case: id:000211,src:000149+000015,time:409573,op:splice,rep:32 (211 / 343), cycle: 0
[+] AFL test case: id:000212,src:000156+000035,time:410467,op:splice,rep:128 (212 / 343), cycle: 0
[+] AFL test case: id:000213,src:000182+000197,time:421331,op:splice,rep:32 (213 / 343), cycle: 0
[+] AFL test case: id:000214,src:000182+000204,time:421500,op:splice,rep:8 (214 / 343), cycle: 0
[+] AFL test case: id:000215,src:000207,time:429133,op:havoc,rep:64 (215 / 343), cycle: 0
[+] AFL test case: id:000216,src:000050,time:445150,op:tags,rep:4 (216 / 343), cycle: 0
[+] AFL test case: id:000217,src:000135+000110,time:478395,op:tags splice,rep:8 (217 / 343), cycle: 0
[+] AFL test case: id:000218,src:000152+000200,time:480041,op:splice,rep:32 (218 / 343), cycle: 0
[+] AFL test case: id:000219,src:000012+000218,time:490131,op:splice,rep:32 (219 / 343), cycle: 0
[+] AFL test case: id:000220,src:000030+000212,time:493856,op:splice,rep:2 (220 / 343), cycle: 0
[+] AFL test case: id:000221,src:000030+000212,time:493866,op:splice,rep:64 (221 / 343), cycle: 0
[+] AFL test case: id:000222,src:000185,time:540933,op:tags,rep:4 (222 / 343), cycle: 0
[+] AFL test case: id:000223,src:000185,time:541462,op:tags,rep:32 (223 / 343), cycle: 0
[+] AFL test case: id:000224,src:000215+000006,time:600036,op:tags splice,rep:64 (224 / 343), cycle: 0
[+] AFL test case: id:000225,src:000215+000006,time:600078,op:splice,rep:32 (225 / 343), cycle: 0
[+] AFL test case: id:000226,src:000215+000006,time:600292,op:splice,rep:32 (226 / 343), cycle: 0
[+] AFL test case: id:000227,src:000215+000006,time:600531,op:splice,rep:128 (227 / 343), cycle: 0
[+] AFL test case: id:000228,src:000215+000220,time:600771,op:splice,rep:128 (228 / 343), cycle: 0
[+] AFL test case: id:000229,src:000215+000220,time:600950,op:splice,rep:16 (229 / 343), cycle: 0
[+] AFL test case: id:000230,src:000215+000220,time:600974,op:splice,rep:64 (230 / 343), cycle: 0
[+] AFL test case: id:000231,src:000218,time:601497,op:havoc,rep:8 (231 / 343), cycle: 0
[+] AFL test case: id:000232,src:000218,time:601773,op:havoc,rep:4 (232 / 343), cycle: 0
[+] AFL test case: id:000233,src:000218,time:602446,op:havoc,rep:8 (233 / 343), cycle: 0
[+] AFL test case: id:000234,src:000218+000204,time:606362,op:splice,rep:4 (234 / 343), cycle: 0
[+] AFL test case: id:000235,src:000226,time:607541,op:havoc,rep:4 (235 / 343), cycle: 0
[+] AFL test case: id:000236,src:000226,time:607588,op:havoc,rep:32 (236 / 343), cycle: 0
[+] AFL test case: id:000237,src:000226+000112,time:611565,op:splice,rep:2 (237 / 343), cycle: 0
[+] AFL test case: id:000238,src:000227,time:616060,op:havoc,rep:2 (238 / 343), cycle: 0
[+] AFL test case: id:000239,src:000227+000180,time:618226,op:splice,rep:128 (239 / 343), cycle: 0
[+] AFL test case: id:000240,src:000233,time:618567,op:havoc,rep:16 (240 / 343), cycle: 0
[+] AFL test case: id:000241,src:000233,time:618703,op:havoc,rep:4 (241 / 343), cycle: 0
[+] AFL test case: id:000242,src:000233,time:618904,op:havoc,rep:4 (242 / 343), cycle: 0
[+] AFL test case: id:000243,src:000233+000049,time:623963,op:splice,rep:32 (243 / 343), cycle: 0
[+] AFL test case: id:000244,src:000238,time:626054,op:havoc,rep:32 (244 / 343), cycle: 0
[+] AFL test case: id:000245,src:000238,time:627400,op:havoc,rep:128 (245 / 343), cycle: 0
[+] AFL test case: id:000246,src:000238,time:627544,op:havoc,rep:32 (246 / 343), cycle: 0
[+] AFL test case: id:000247,src:000238,time:629773,op:havoc,rep:16 (247 / 343), cycle: 0
[+] AFL test case: id:000248,src:000238,time:631741,op:havoc,rep:128 (248 / 343), cycle: 0
[+] AFL test case: id:000249,src:000241,time:635021,op:havoc,rep:2 (249 / 343), cycle: 0
[+] AFL test case: id:000250,src:000241,time:635847,op:havoc,rep:16 (250 / 343), cycle: 0
[+] AFL test case: id:000251,src:000241+000249,time:639417,op:splice,rep:128 (251 / 343), cycle: 0
[+] AFL test case: id:000252,src:000244,time:643054,op:havoc,rep:128 (252 / 343), cycle: 0
[+] AFL test case: id:000253,src:000244,time:646481,op:havoc,rep:16 (253 / 343), cycle: 0
[+] AFL test case: id:000254,src:000245+000161,time:659873,op:splice,rep:16 (254 / 343), cycle: 0
[+] AFL test case: id:000255,src:000246,time:662244,op:havoc,rep:128 (255 / 343), cycle: 0
[+] AFL test case: id:000256,src:000246+000149,time:665290,op:splice,rep:32 (256 / 343), cycle: 0
[+] AFL test case: id:000257,src:000248+000255,time:672217,op:splice,rep:16 (257 / 343), cycle: 0
[+] AFL test case: id:000258,src:000002+000251,time:681045,op:splice,rep:4 (258 / 343), cycle: 0
[+] AFL test case: id:000259,src:000016+000235,time:681964,op:splice,rep:16 (259 / 343), cycle: 0
[+] AFL test case: id:000260,src:000021+000252,time:682920,op:splice,rep:8 (260 / 343), cycle: 0
[+] AFL test case: id:000261,src:000049+000223,time:686013,op:splice,rep:32 (261 / 343), cycle: 0
[+] AFL test case: id:000262,src:000049+000223,time:686035,op:splice,rep:8 (262 / 343), cycle: 0
[+] AFL test case: id:000263,src:000049+000223,time:686079,op:splice,rep:8 (263 / 343), cycle: 0
[+] AFL test case: id:000264,src:000050,time:686680,op:havoc,rep:8 (264 / 343), cycle: 0
[+] AFL test case: id:000265,src:000055+000150,time:688710,op:splice,rep:16 (265 / 343), cycle: 0
[+] AFL test case: id:000266,src:000109,time:689731,op:havoc,rep:16 (266 / 343), cycle: 0
[+] AFL test case: id:000267,src:000265,time:700849,op:havoc,rep:4 (267 / 343), cycle: 0
[+] AFL test case: id:000268,src:000265,time:700972,op:havoc,rep:4 (268 / 343), cycle: 0
[+] AFL test case: id:000269,src:000265+000211,time:703717,op:splice,rep:64 (269 / 343), cycle: 0
[+] AFL test case: id:000270,src:000267+000255,time:705620,op:splice,rep:2 (270 / 343), cycle: 0
[+] AFL test case: id:000271,src:000267+000255,time:705738,op:splice,rep:32 (271 / 343), cycle: 0
[+] AFL test case: id:000272,src:000029+000263,time:709509,op:splice,rep:4 (272 / 343), cycle: 0
[+] AFL test case: id:000273,src:000066,time:714161,op:havoc,rep:8,+cov (273 / 343), cycle: 0
[+] AFL test case: id:000274,src:000066+000260,time:714599,op:splice,rep:8 (274 / 343), cycle: 0
[+] AFL test case: id:000275,src:000273,time:717248,op:havoc,rep:8 (275 / 343), cycle: 0
[+] AFL test case: id:000276,src:000273,time:717634,op:havoc,rep:8 (276 / 343), cycle: 0
[+] AFL test case: id:000277,src:000273,time:718653,op:havoc,rep:8 (277 / 343), cycle: 0
[+] AFL test case: id:000278,src:000273+000275,time:722491,op:splice,rep:8 (278 / 343), cycle: 0
[+] AFL test case: id:000279,src:000273+000275,time:722524,op:splice,rep:16 (279 / 343), cycle: 0
[+] AFL test case: id:000280,src:000276+000278,time:734432,op:splice,rep:2 (280 / 343), cycle: 0
[+] AFL test case: id:000281,src:000279,time:735899,op:havoc,rep:16 (281 / 343), cycle: 0
[+] AFL test case: id:000282,src:000281+000264,time:743358,op:splice,rep:64 (282 / 343), cycle: 0
[+] AFL test case: id:000283,src:000066+000267,time:751545,op:splice,rep:128 (283 / 343), cycle: 0
[+] AFL test case: id:000284,src:000089,time:752884,op:havoc,rep:64 (284 / 343), cycle: 0
[+] AFL test case: id:000285,src:000141+000198,time:761668,op:splice,rep:2 (285 / 343), cycle: 0
[+] AFL test case: id:000286,src:000158+000217,time:763628,op:splice,rep:64 (286 / 343), cycle: 0
[+] AFL test case: id:000287,src:000159+000265,time:763985,op:splice,rep:4 (287 / 343), cycle: 0
[+] AFL test case: id:000288,src:000160+000259,time:764998,op:splice,rep:2 (288 / 343), cycle: 0
[+] AFL test case: id:000289,src:000164+000283,time:766874,op:splice,rep:32 (289 / 343), cycle: 0
[+] AFL test case: id:000290,src:000174+000271,time:769237,op:splice,rep:8 (290 / 343), cycle: 0
[+] AFL test case: id:000291,src:000177,time:769713,op:havoc,rep:4 (291 / 343), cycle: 0
[+] AFL test case: id:000292,src:000194,time:772976,op:havoc,rep:64 (292 / 343), cycle: 0
[+] AFL test case: id:000293,src:000198+000034,time:776961,op:splice,rep:16 (293 / 343), cycle: 0
[+] AFL test case: id:000294,src:000204+000291,time:777714,op:splice,rep:16 (294 / 343), cycle: 0
[+] AFL test case: id:000295,src:000221,time:779286,op:havoc,rep:16 (295 / 343), cycle: 0
[+] AFL test case: id:000296,src:000221,time:779653,op:havoc,rep:64 (296 / 343), cycle: 0
[+] AFL test case: id:000297,src:000237+000270,time:817874,op:splice,rep:32 (297 / 343), cycle: 0
[+] AFL test case: id:000298,src:000255,time:824464,op:havoc,rep:64 (298 / 343), cycle: 0
[+] AFL test case: id:000299,src:000263,time:834556,op:havoc,rep:16 (299 / 343), cycle: 0
[+] AFL test case: id:000300,src:000286+000090,time:890556,op:splice,rep:32 (300 / 343), cycle: 0
[+] AFL test case: id:000301,src:000288,time:894165,op:havoc,rep:64 (301 / 343), cycle: 0
[+] AFL test case: id:000302,src:000289,time:900816,op:havoc,rep:32 (302 / 343), cycle: 0
[+] AFL test case: id:000303,src:000300,time:905540,op:havoc,rep:4 (303 / 343), cycle: 0
[+] AFL test case: id:000304,src:000300,time:906058,op:havoc,rep:64 (304 / 343), cycle: 0
[+] AFL test case: id:000305,src:000300,time:906487,op:havoc,rep:8 (305 / 343), cycle: 0
[+] AFL test case: id:000306,src:000300,time:906583,op:havoc,rep:32 (306 / 343), cycle: 0
[+] AFL test case: id:000307,src:000089+000298,time:941105,op:splice,rep:8 (307 / 343), cycle: 0
[+] AFL test case: id:000308,src:000169,time:955233,op:havoc,rep:32 (308 / 343), cycle: 0
[+] AFL test case: id:000309,src:000182,time:961014,op:havoc,rep:4 (309 / 343), cycle: 0
[+] AFL test case: id:000310,src:000269+000206,time:998294,op:splice,rep:16 (310 / 343), cycle: 0
[+] AFL test case: id:000311,src:000284,time:1006493,op:havoc,rep:2 (311 / 343), cycle: 0
[+] AFL test case: id:000312,src:000284+000303,time:1008390,op:splice,rep:2 (312 / 343), cycle: 0
[+] AFL test case: id:000313,src:000011+000311,time:1030808,op:splice,rep:2 (313 / 343), cycle: 0
[+] AFL test case: id:000314,src:000103+000293,time:1042481,op:splice,rep:2 (314 / 343), cycle: 0
[+] AFL test case: id:000315,src:000311,time:1302163,op:havoc,rep:4 (315 / 343), cycle: 0
[+] AFL test case: id:000316,src:000051+000314,time:1314301,op:splice,rep:4 (316 / 343), cycle: 0
[+] AFL test case: id:000317,src:000164+000281,time:1356065,op:splice,rep:4 (317 / 343), cycle: 0
[+] AFL test case: id:000318,src:000295+000242,time:1407998,op:splice,rep:128 (318 / 343), cycle: 0
[+] AFL test case: id:000319,src:000116+000315,time:1463891,op:splice,rep:4 (319 / 343), cycle: 0
[+] AFL test case: id:000320,src:000318,time:2079174,op:havoc,rep:32 (320 / 343), cycle: 0
[+] AFL test case: id:000321,src:000298+000177,time:2384816,op:splice,rep:64 (321 / 343), cycle: 0
[+] AFL test case: id:000322,src:000309,time:2386604,op:havoc,rep:2 (322 / 343), cycle: 0
[+] AFL test case: id:000323,src:000317,time:2394123,op:havoc,rep:32 (323 / 343), cycle: 0
[+] AFL test case: id:000324,src:000321,time:2404384,op:havoc,rep:64 (324 / 343), cycle: 0
[+] AFL test case: id:000325,src:000316,time:2521490,op:havoc,rep:8 (325 / 343), cycle: 0
[+] AFL test case: id:000326,src:000268,time:2578437,op:tags,rep:4 (326 / 343), cycle: 0
[+] AFL test case: id:000327,src:000268,time:2578617,op:havoc,rep:32 (327 / 343), cycle: 0
[+] AFL test case: id:000328,src:000322,time:2731036,op:havoc,rep:16 (328 / 343), cycle: 0
[+] AFL test case: id:000329,src:000327,time:2905983,op:tags,rep:64 (329 / 343), cycle: 0
[+] AFL test case: id:000330,src:000260,time:3304163,op:havoc,rep:64 (330 / 343), cycle: 0
[+] AFL test case: id:000331,src:000281,time:3623506,op:havoc,rep:32 (331 / 343), cycle: 0
[+] AFL test case: id:000332,src:000331,time:4029404,op:havoc,rep:4 (332 / 343), cycle: 0
[+] AFL test case: id:000333,src:000332,time:5149516,op:havoc,rep:8 (333 / 343), cycle: 0
[+] AFL test case: id:000334,src:000333,time:5250287,op:havoc,rep:32 (334 / 343), cycle: 0
[+] AFL test case: id:000335,src:000275+000303,time:6052383,op:splice,rep:4 (335 / 343), cycle: 0
[+] AFL test case: id:000336,src:000323,time:6471899,op:havoc,rep:64 (336 / 343), cycle: 0
[+] AFL test case: id:000337,src:000336,time:6485751,op:havoc,rep:8 (337 / 343), cycle: 0
[+] AFL test case: id:000338,src:000337,time:6676887,op:havoc,rep:16 (338 / 343), cycle: 0
[+] AFL test case: id:000339,src:000325,time:9350818,op:havoc,rep:32 (339 / 343), cycle: 0
[+] AFL test case: id:000340,src:000029+000314,time:18832132,op:splice,rep:8,+cov (340 / 343), cycle: 0
[+] AFL test case: id:000341,src:000173+000295,time:25143587,op:splice,rep:8 (341 / 343), cycle: 0
[+] AFL test case: id:000342,src:000218+000329,time:70867793,op:splice,rep:8 (342 / 343), cycle: 0
    lines......: 20.0% (301 of 1502 lines)
    functions..: 34.0% (18 of 53 functions)

    Coverage diff id:0... id:342...
diff id:0... -> id:342...
New src file: /unibench/jhead-3.00/jhead.c
  New 'function' coverage: CheckFileSkip()
  New 'function' coverage: ErrFatal()
  New 'function' coverage: ErrNonfatal()
  New 'function' coverage: FileTimeAsString()
  New 'function' coverage: ProcessFile()
  New 'function' coverage: main()
  New 'line' coverage: 1079
  New 'line' coverage: 1102
  New 'line' coverage: 113
  New 'line' coverage: 115
  New 'line' coverage: 1157
  New 'line' coverage: 116
  New 'line' coverage: 1160
  New 'line' coverage: 1163
  New 'line' coverage: 1166
  New 'line' coverage: 1169
  New 'line' coverage: 117
  New 'line' coverage: 1174
  New 'line' coverage: 1209
  New 'line' coverage: 1237
  New 'line' coverage: 124
  New 'line' coverage: 1240
  New 'line' coverage: 1241
  New 'line' coverage: 126
  New 'line' coverage: 128
  New 'line' coverage: 129
  New 'line' coverage: 130
  New 'line' coverage: 131
  New 'line' coverage: 1442
  New 'line' coverage: 1446
  New 'line' coverage: 1448
  New 'line' coverage: 1449
  New 'line' coverage: 1450
  New 'line' coverage: 1685
  New 'line' coverage: 1689
  New 'line' coverage: 1696
  New 'line' coverage: 1703
  New 'line' coverage: 1711
  New 'line' coverage: 1718
  New 'line' coverage: 1719
  New 'line' coverage: 1720
  New 'line' coverage: 1730
  New 'line' coverage: 1733
  New 'line' coverage: 1738
  New 'line' coverage: 1741
  New 'line' coverage: 446
  New 'line' coverage: 451
  New 'line' coverage: 461
  New 'line' coverage: 468
  New 'line' coverage: 472
  New 'line' coverage: 476
  New 'line' coverage: 783
  New 'line' coverage: 786
  New 'line' coverage: 787
  New 'line' coverage: 788
  New 'line' coverage: 793
  New 'line' coverage: 798
  New 'line' coverage: 804
  New 'line' coverage: 805
  New 'line' coverage: 807
  New 'line' coverage: 811
  New 'line' coverage: 812
  New 'line' coverage: 813
  New 'line' coverage: 818
  New 'line' coverage: 819
  New 'line' coverage: 820
  New 'line' coverage: 822
  New 'line' coverage: 826
  New 'line' coverage: 836
  New 'line' coverage: 878
  New 'line' coverage: 892
  New 'line' coverage: 896
  New 'line' coverage: 898
  New 'line' coverage: 903
  New 'line' coverage: 932
  New 'line' coverage: 934
  New 'line' coverage: 937
  New 'line' coverage: 938
  New 'line' coverage: 943
  New 'line' coverage: 945
  New 'line' coverage: 946
  New 'line' coverage: 953
  New 'line' coverage: 963
  New 'line' coverage: 969
  New 'line' coverage: 975
  New 'line' coverage: 983
  New 'line' coverage: 990
  New 'line' coverage: 994
New src file: /unibench/jhead-3.00/jpgqguess.c
  New 'function' coverage: process_DHT()
  New 'function' coverage: process_DQT()
  New 'line' coverage: 100
  New 'line' coverage: 104
  New 'line' coverage: 106
  New 'line' coverage: 108
  New 'line' coverage: 109
  New 'line' coverage: 110
  New 'line' coverage: 112
  New 'line' coverage: 114
  New 'line' coverage: 115
  New 'line' coverage: 118
  New 'line' coverage: 119
  New 'line' coverage: 120
  New 'line' coverage: 122
  New 'line' coverage: 126
  New 'line' coverage: 136
  New 'line' coverage: 138
  New 'line' coverage: 139
  New 'line' coverage: 140
  New 'line' coverage: 141
  New 'line' coverage: 143
  New 'line' coverage: 144
  New 'line' coverage: 146
  New 'line' coverage: 148
  New 'line' coverage: 150
  New 'line' coverage: 154
  New 'line' coverage: 155
  New 'line' coverage: 160
  New 'line' coverage: 170
  New 'line' coverage: 176
  New 'line' coverage: 181
  New 'line' coverage: 183
  New 'line' coverage: 184
  New 'line' coverage: 187
  New 'line' coverage: 188
  New 'line' coverage: 190
  New 'line' coverage: 191
  New 'line' coverage: 194
  New 'line' coverage: 195
  New 'line' coverage: 196
  New 'line' coverage: 200
  New 'line' coverage: 205
  New 'line' coverage: 81
  New 'line' coverage: 92
  New 'line' coverage: 94
  New 'line' coverage: 95
  New 'line' coverage: 96
  New 'line' coverage: 99
New src file: /unibench/jhead-3.00/exif.c
  New 'function' coverage: ShowImageInfo()
  New 'line' coverage: 1291
  New 'line' coverage: 1293
  New 'line' coverage: 1295
  New 'line' coverage: 1299
  New 'line' coverage: 1304
  New 'line' coverage: 1308
  New 'line' coverage: 1311
  New 'line' coverage: 1313
  New 'line' coverage: 1318
  New 'line' coverage: 1322
  New 'line' coverage: 1354
  New 'line' coverage: 1362
  New 'line' coverage: 1367
  New 'line' coverage: 1371
  New 'line' coverage: 1382
  New 'line' coverage: 1385
  New 'line' coverage: 1393
  New 'line' coverage: 1397
  New 'line' coverage: 1403
  New 'line' coverage: 1413
  New 'line' coverage: 1437
  New 'line' coverage: 1451
  New 'line' coverage: 1481
  New 'line' coverage: 1490
  New 'line' coverage: 1508
  New 'line' coverage: 1512
  New 'line' coverage: 1513
  New 'line' coverage: 1518
  New 'line' coverage: 1519
  New 'line' coverage: 1522
  New 'line' coverage: 1525
  New 'line' coverage: 1531
  New 'line' coverage: 1536
  New 'line' coverage: 1539
  New 'line' coverage: 1540
  New 'line' coverage: 1541
  New 'line' coverage: 1542
  New 'line' coverage: 1543
  New 'line' coverage: 1545
  New 'line' coverage: 1559
New src file: /unibench/jhead-3.00/iptc.c
  New 'function' coverage: show_IPTC()
  New 'line' coverage: 181
  New 'line' coverage: 52
  New 'line' coverage: 54
  New 'line' coverage: 55
  New 'line' coverage: 56
  New 'line' coverage: 58
  New 'line' coverage: 59
  New 'line' coverage: 63
  New 'line' coverage: 66
  New 'line' coverage: 86
  New 'line' coverage: 89
New src file: /unibench/jhead-3.00/jpgfile.c
  New 'function' coverage: CheckSectionsAllocated()
  New 'function' coverage: DiscardData()
  New 'function' coverage: FindSection()
  New 'function' coverage: ReadJpegFile()
  New 'function' coverage: ReadJpegSections()
  New 'function' coverage: ResetJpgfile()
  New 'function' coverage: process_COM()
  New 'function' coverage: process_SOFn()
  New 'line' coverage: 101
  New 'line' coverage: 103
  New 'line' coverage: 106
  New 'line' coverage: 107
  New 'line' coverage: 108
  New 'line' coverage: 109
  New 'line' coverage: 113
  New 'line' coverage: 119
  New 'line' coverage: 124
  New 'line' coverage: 126
  New 'line' coverage: 130
  New 'line' coverage: 131
  New 'line' coverage: 140
  New 'line' coverage: 143
  New 'line' coverage: 144
  New 'line' coverage: 145
  New 'line' coverage: 146
  New 'line' coverage: 147
  New 'line' coverage: 150
  New 'line' coverage: 152
  New 'line' coverage: 153
  New 'line' coverage: 156
  New 'line' coverage: 159
  New 'line' coverage: 160
  New 'line' coverage: 161
  New 'line' coverage: 162
  New 'line' coverage: 165
  New 'line' coverage: 167
  New 'line' coverage: 168
  New 'line' coverage: 171
  New 'line' coverage: 173
  New 'line' coverage: 174
  New 'line' coverage: 177
  New 'line' coverage: 180
  New 'line' coverage: 181
  New 'line' coverage: 183
  New 'line' coverage: 184
  New 'line' coverage: 185
  New 'line' coverage: 187
  New 'line' coverage: 189
  New 'line' coverage: 193
  New 'line' coverage: 223
  New 'line' coverage: 224
  New 'line' coverage: 228
  New 'line' coverage: 229
  New 'line' coverage: 233
  New 'line' coverage: 234
  New 'line' coverage: 237
  New 'line' coverage: 239
  New 'line' coverage: 241
  New 'line' coverage: 251
  New 'line' coverage: 252
  New 'line' coverage: 254
  New 'line' coverage: 255
  New 'line' coverage: 259
  New 'line' coverage: 260
  New 'line' coverage: 261
  New 'line' coverage: 262
  New 'line' coverage: 263
  New 'line' coverage: 28
  New 'line' coverage: 280
  New 'line' coverage: 281
  New 'line' coverage: 285
  New 'line' coverage: 286
  New 'line' coverage: 289
  New 'line' coverage: 301
  New 'line' coverage: 302
  New 'line' coverage: 305
  New 'line' coverage: 306
  New 'line' coverage: 329
  New 'line' coverage: 330
  New 'line' coverage: 333
  New 'line' coverage: 345
  New 'line' coverage: 349
  New 'line' coverage: 350
  New 'line' coverage: 354
  New 'line' coverage: 355
  New 'line' coverage: 356
  New 'line' coverage: 361
  New 'line' coverage: 366
  New 'line' coverage: 368
  New 'line' coverage: 37
  New 'line' coverage: 375
  New 'line' coverage: 376
  New 'line' coverage: 377
  New 'line' coverage: 382
  New 'line' coverage: 386
  New 'line' coverage: 388
  New 'line' coverage: 389
  New 'line' coverage: 46
  New 'line' coverage: 48
  New 'line' coverage: 49
  New 'line' coverage: 51
  New 'line' coverage: 53
  New 'line' coverage: 54
  New 'line' coverage: 56
  New 'line' coverage: 60
  New 'line' coverage: 62
  New 'line' coverage: 633
  New 'line' coverage: 637
  New 'line' coverage: 638
  New 'line' coverage: 67
  New 'line' coverage: 68
  New 'line' coverage: 74
  New 'line' coverage: 757
  New 'line' coverage: 759
  New 'line' coverage: 760
  New 'line' coverage: 761
  New 'line' coverage: 764
  New 'line' coverage: 765
  New 'line' coverage: 766
  New 'line' coverage: 78
  New 'line' coverage: 79
  New 'line' coverage: 80
  New 'line' coverage: 81
  New 'line' coverage: 83
  New 'line' coverage: 84
  New 'line' coverage: 86
  New 'line' coverage: 89
  New 'line' coverage: 91
  New 'line' coverage: 95

[+] Processed 343 / 343 test cases.

[+] Final zero coverage report: ./raw_data/weizz/group_2/outputs_group1_1/jhead/jhead_weizz_1/cov/zero-cov
[+] Final positive coverage report: ./raw_data/weizz/group_2/outputs_group1_1/jhead/jhead_weizz_1/cov/pos-cov
    lines......: 20.0% (301 of 1502 lines)
    functions..: 34.0% (18 of 53 functions)
[+] Final lcov web report: ./raw_data/weizz/group_2/outputs_group1_1/jhead/jhead_weizz_1/cov/web/index.html
